<?xml version="1.0" encoding="UTF-8"?>
<testsuite xmlns:xsi="http://www.w3.org/2001/XMLSchema-instance" xsi:noNamespaceSchemaLocation="https://maven.apache.org/surefire/maven-surefire-plugin/xsd/surefire-test-report-3.0.xsd" version="3.0" name="com.witcher.bestiary.MonsterResourceIntegrationTest" time="2.652" tests="4" errors="4" skipped="0" failures="0">
  <properties>
    <property name="java.specification.version" value="21"/>
    <property name="sun.jnu.encoding" value="UTF-8"/>
    <property name="java.class.path" value="/Users/shane/repo/witcher-beastiary/witcher-bestiary/witcher-bestiary/target/test-classes:/Users/shane/repo/witcher-beastiary/witcher-bestiary/witcher-bestiary/target/classes:/Users/shane/.m2/repository/org/liquibase/liquibase-core/4.30.0/liquibase-core-4.30.0.jar:/Users/shane/.m2/repository/com/opencsv/opencsv/5.9/opencsv-5.9.jar:/Users/shane/.m2/repository/org/yaml/snakeyaml/2.3/snakeyaml-2.3.jar:/Users/shane/.m2/repository/javax/xml/bind/jaxb-api/2.3.1/jaxb-api-2.3.1.jar:/Users/shane/.m2/repository/org/apache/commons/commons-collections4/4.4/commons-collections4-4.4.jar:/Users/shane/.m2/repository/org/apache/commons/commons-text/1.12.0/commons-text-1.12.0.jar:/Users/shane/.m2/repository/org/apache/commons/commons-lang3/3.17.0/commons-lang3-3.17.0.jar:/Users/shane/.m2/repository/commons-io/commons-io/2.17.0/commons-io-2.17.0.jar:/Users/shane/.m2/repository/io/dropwizard/dropwizard-core/4.0.10/dropwizard-core-4.0.10.jar:/Users/shane/.m2/repository/io/dropwizard/dropwizard-util/4.0.10/dropwizard-util-4.0.10.jar:/Users/shane/.m2/repository/io/dropwizard/dropwizard-jackson/4.0.10/dropwizard-jackson-4.0.10.jar:/Users/shane/.m2/repository/com/google/guava/guava/33.3.1-jre/guava-33.3.1-jre.jar:/Users/shane/.m2/repository/com/google/guava/failureaccess/1.0.2/failureaccess-1.0.2.jar:/Users/shane/.m2/repository/com/google/guava/listenablefuture/9999.0-empty-to-avoid-conflict-with-guava/listenablefuture-9999.0-empty-to-avoid-conflict-with-guava.jar:/Users/shane/.m2/repository/com/google/j2objc/j2objc-annotations/3.0.0/j2objc-annotations-3.0.0.jar:/Users/shane/.m2/repository/com/github/ben-manes/caffeine/caffeine/3.1.8/caffeine-3.1.8.jar:/Users/shane/.m2/repository/com/fasterxml/jackson/datatype/jackson-datatype-guava/2.17.2/jackson-datatype-guava-2.17.2.jar:/Users/shane/.m2/repository/com/fasterxml/jackson/datatype/jackson-datatype-jsr310/2.17.2/jackson-datatype-jsr310-2.17.2.jar:/Users/shane/.m2/repository/com/fasterxml/jackson/datatype/jackson-datatype-jdk8/2.17.2/jackson-datatype-jdk8-2.17.2.jar:/Users/shane/.m2/repository/com/fasterxml/jackson/module/jackson-module-parameter-names/2.17.2/jackson-module-parameter-names-2.17.2.jar:/Users/shane/.m2/repository/com/fasterxml/jackson/module/jackson-module-blackbird/2.17.2/jackson-module-blackbird-2.17.2.jar:/Users/shane/.m2/repository/io/dropwizard/dropwizard-validation/4.0.10/dropwizard-validation-4.0.10.jar:/Users/shane/.m2/repository/org/glassfish/jakarta.el/4.0.2/jakarta.el-4.0.2.jar:/Users/shane/.m2/repository/io/dropwizard/dropwizard-configuration/4.0.10/dropwizard-configuration-4.0.10.jar:/Users/shane/.m2/repository/com/fasterxml/jackson/dataformat/jackson-dataformat-yaml/2.17.2/jackson-dataformat-yaml-2.17.2.jar:/Users/shane/.m2/repository/io/dropwizard/dropwizard-logging/4.0.10/dropwizard-logging-4.0.10.jar:/Users/shane/.m2/repository/io/dropwizard/metrics/metrics-logback/4.2.28/metrics-logback-4.2.28.jar:/Users/shane/.m2/repository/org/slf4j/jul-to-slf4j/2.0.16/jul-to-slf4j-2.0.16.jar:/Users/shane/.m2/repository/com/google/errorprone/error_prone_annotations/2.31.0/error_prone_annotations-2.31.0.jar:/Users/shane/.m2/repository/io/dropwizard/logback/logback-throttling-appender/1.4.2/logback-throttling-appender-1.4.2.jar:/Users/shane/.m2/repository/org/slf4j/log4j-over-slf4j/2.0.16/log4j-over-slf4j-2.0.16.jar:/Users/shane/.m2/repository/org/slf4j/jcl-over-slf4j/2.0.16/jcl-over-slf4j-2.0.16.jar:/Users/shane/.m2/repository/io/dropwizard/dropwizard-metrics/4.0.10/dropwizard-metrics-4.0.10.jar:/Users/shane/.m2/repository/io/dropwizard/dropwizard-jersey/4.0.10/dropwizard-jersey-4.0.10.jar:/Users/shane/.m2/repository/org/glassfish/jersey/ext/jersey-metainf-services/3.0.16/jersey-metainf-services-3.0.16.jar:/Users/shane/.m2/repository/org/glassfish/jersey/inject/jersey-hk2/3.0.16/jersey-hk2-3.0.16.jar:/Users/shane/.m2/repository/org/glassfish/hk2/hk2-locator/3.0.6/hk2-locator-3.0.6.jar:/Users/shane/.m2/repository/org/javassist/javassist/3.30.2-GA/javassist-3.30.2-GA.jar:/Users/shane/.m2/repository/io/dropwizard/metrics/metrics-jersey3/4.2.28/metrics-jersey3-4.2.28.jar:/Users/shane/.m2/repository/jakarta/annotation/jakarta.annotation-api/2.0.0/jakarta.annotation-api-2.0.0.jar:/Users/shane/.m2/repository/org/glassfish/hk2/hk2-api/3.0.6/hk2-api-3.0.6.jar:/Users/shane/.m2/repository/org/glassfish/hk2/hk2-utils/3.0.6/hk2-utils-3.0.6.jar:/Users/shane/.m2/repository/org/glassfish/hk2/external/aopalliance-repackaged/3.0.6/aopalliance-repackaged-3.0.6.jar:/Users/shane/.m2/repository/org/glassfish/jersey/containers/jersey-container-servlet/3.0.16/jersey-container-servlet-3.0.16.jar:/Users/shane/.m2/repository/org/eclipse/jetty/jetty-io/11.0.24/jetty-io-11.0.24.jar:/Users/shane/.m2/repository/io/dropwizard/dropwizard-servlets/4.0.10/dropwizard-servlets-4.0.10.jar:/Users/shane/.m2/repository/io/dropwizard/dropwizard-jetty/4.0.10/dropwizard-jetty-4.0.10.jar:/Users/shane/.m2/repository/org/eclipse/jetty/jetty-servlets/11.0.24/jetty-servlets-11.0.24.jar:/Users/shane/.m2/repository/org/eclipse/jetty/jetty-http/11.0.24/jetty-http-11.0.24.jar:/Users/shane/.m2/repository/io/dropwizard/dropwizard-lifecycle/4.0.10/dropwizard-lifecycle-4.0.10.jar:/Users/shane/.m2/repository/io/dropwizard/dropwizard-health/4.0.10/dropwizard-health-4.0.10.jar:/Users/shane/.m2/repository/io/dropwizard/metrics/metrics-core/4.2.28/metrics-core-4.2.28.jar:/Users/shane/.m2/repository/io/dropwizard/metrics/metrics-jetty11/4.2.28/metrics-jetty11-4.2.28.jar:/Users/shane/.m2/repository/io/dropwizard/metrics/metrics-annotation/4.2.28/metrics-annotation-4.2.28.jar:/Users/shane/.m2/repository/io/dropwizard/metrics/metrics-jvm/4.2.28/metrics-jvm-4.2.28.jar:/Users/shane/.m2/repository/io/dropwizard/metrics/metrics-jmx/4.2.28/metrics-jmx-4.2.28.jar:/Users/shane/.m2/repository/io/dropwizard/metrics/metrics-jakarta-servlets/4.2.28/metrics-jakarta-servlets-4.2.28.jar:/Users/shane/.m2/repository/io/dropwizard/metrics/metrics-json/4.2.28/metrics-json-4.2.28.jar:/Users/shane/.m2/repository/com/helger/profiler/1.1.1/profiler-1.1.1.jar:/Users/shane/.m2/repository/io/dropwizard/metrics/metrics-healthchecks/4.2.28/metrics-healthchecks-4.2.28.jar:/Users/shane/.m2/repository/io/dropwizard/dropwizard-request-logging/4.0.10/dropwizard-request-logging-4.0.10.jar:/Users/shane/.m2/repository/ch/qos/logback/logback-access/1.4.14/logback-access-1.4.14.jar:/Users/shane/.m2/repository/com/fasterxml/jackson/core/jackson-annotations/2.17.2/jackson-annotations-2.17.2.jar:/Users/shane/.m2/repository/com/fasterxml/jackson/core/jackson-databind/2.17.2/jackson-databind-2.17.2.jar:/Users/shane/.m2/repository/org/checkerframework/checker-qual/3.48.1/checker-qual-3.48.1.jar:/Users/shane/.m2/repository/jakarta/servlet/jakarta.servlet-api/5.0.0/jakarta.servlet-api-5.0.0.jar:/Users/shane/.m2/repository/jakarta/validation/jakarta.validation-api/3.0.2/jakarta.validation-api-3.0.2.jar:/Users/shane/.m2/repository/net/sourceforge/argparse4j/argparse4j/0.9.0/argparse4j-0.9.0.jar:/Users/shane/.m2/repository/org/eclipse/jetty/jetty-security/11.0.24/jetty-security-11.0.24.jar:/Users/shane/.m2/repository/org/eclipse/jetty/jetty-server/11.0.24/jetty-server-11.0.24.jar:/Users/shane/.m2/repository/org/eclipse/jetty/jetty-servlet/11.0.24/jetty-servlet-11.0.24.jar:/Users/shane/.m2/repository/org/eclipse/jetty/jetty-util/11.0.24/jetty-util-11.0.24.jar:/Users/shane/.m2/repository/org/eclipse/jetty/toolchain/setuid/jetty-setuid-java/1.0.4/jetty-setuid-java-1.0.4.jar:/Users/shane/.m2/repository/jakarta/inject/jakarta.inject-api/2.0.1.MR/jakarta.inject-api-2.0.1.MR.jar:/Users/shane/.m2/repository/org/glassfish/jersey/core/jersey-common/3.0.16/jersey-common-3.0.16.jar:/Users/shane/.m2/repository/org/glassfish/hk2/osgi-resource-locator/1.0.3/osgi-resource-locator-1.0.3.jar:/Users/shane/.m2/repository/org/glassfish/jersey/ext/jersey-bean-validation/3.0.16/jersey-bean-validation-3.0.16.jar:/Users/shane/.m2/repository/io/dropwizard/dropwizard-jdbi3/4.0.10/dropwizard-jdbi3-4.0.10.jar:/Users/shane/.m2/repository/io/dropwizard/dropwizard-db/4.0.10/dropwizard-db-4.0.10.jar:/Users/shane/.m2/repository/org/apache/tomcat/tomcat-jdbc/10.1.31/tomcat-jdbc-10.1.31.jar:/Users/shane/.m2/repository/org/apache/tomcat/tomcat-juli/10.1.31/tomcat-juli-10.1.31.jar:/Users/shane/.m2/repository/org/jdbi/jdbi3-core/3.46.0/jdbi3-core-3.46.0.jar:/Users/shane/.m2/repository/io/leangen/geantyref/geantyref/2.0.0/geantyref-2.0.0.jar:/Users/shane/.m2/repository/org/jdbi/jdbi3-sqlobject/3.46.0/jdbi3-sqlobject-3.46.0.jar:/Users/shane/.m2/repository/org/jdbi/jdbi3-guava/3.46.0/jdbi3-guava-3.46.0.jar:/Users/shane/.m2/repository/io/dropwizard/metrics/metrics-jdbi3/4.2.28/metrics-jdbi3-4.2.28.jar:/Users/shane/.m2/repository/org/hibernate/validator/hibernate-validator/8.0.1.Final/hibernate-validator-8.0.1.Final.jar:/Users/shane/.m2/repository/org/jboss/logging/jboss-logging/3.4.3.Final/jboss-logging-3.4.3.Final.jar:/Users/shane/.m2/repository/com/fasterxml/classmate/1.5.1/classmate-1.5.1.jar:/Users/shane/.m2/repository/jakarta/el/jakarta.el-api/5.0.1/jakarta.el-api-5.0.1.jar:/Users/shane/.m2/repository/org/postgresql/postgresql/42.6.0/postgresql-42.6.0.jar:/Users/shane/.m2/repository/com/fasterxml/jackson/dataformat/jackson-dataformat-xml/2.18.0/jackson-dataformat-xml-2.18.0.jar:/Users/shane/.m2/repository/com/fasterxml/jackson/core/jackson-core/2.18.0/jackson-core-2.18.0.jar:/Users/shane/.m2/repository/org/codehaus/woodstox/stax2-api/4.2.2/stax2-api-4.2.2.jar:/Users/shane/.m2/repository/com/fasterxml/woodstox/woodstox-core/7.0.0/woodstox-core-7.0.0.jar:/Users/shane/.m2/repository/org/junit/jupiter/junit-jupiter-engine/5.10.0/junit-jupiter-engine-5.10.0.jar:/Users/shane/.m2/repository/org/junit/platform/junit-platform-engine/1.10.0/junit-platform-engine-1.10.0.jar:/Users/shane/.m2/repository/org/apiguardian/apiguardian-api/1.1.2/apiguardian-api-1.1.2.jar:/Users/shane/.m2/repository/org/assertj/assertj-core/3.24.2/assertj-core-3.24.2.jar:/Users/shane/.m2/repository/net/bytebuddy/byte-buddy/1.12.21/byte-buddy-1.12.21.jar:/Users/shane/.m2/repository/org/junit/platform/junit-platform-launcher/1.10.0/junit-platform-launcher-1.10.0.jar:/Users/shane/.m2/repository/jakarta/ws/rs/jakarta.ws.rs-api/3.1.0/jakarta.ws.rs-api-3.1.0.jar:/Users/shane/.m2/repository/org/junit/jupiter/junit-jupiter-api/5.10.0/junit-jupiter-api-5.10.0.jar:/Users/shane/.m2/repository/org/opentest4j/opentest4j/1.3.0/opentest4j-1.3.0.jar:/Users/shane/.m2/repository/org/junit/platform/junit-platform-commons/1.10.0/junit-platform-commons-1.10.0.jar:/Users/shane/.m2/repository/org/mockito/mockito-core/5.6.0/mockito-core-5.6.0.jar:/Users/shane/.m2/repository/net/bytebuddy/byte-buddy-agent/1.14.8/byte-buddy-agent-1.14.8.jar:/Users/shane/.m2/repository/org/objenesis/objenesis/3.3/objenesis-3.3.jar:/Users/shane/.m2/repository/org/mockito/mockito-junit-jupiter/5.6.0/mockito-junit-jupiter-5.6.0.jar:/Users/shane/.m2/repository/io/dropwizard/dropwizard-testing/4.0.10/dropwizard-testing-4.0.10.jar:/Users/shane/.m2/repository/com/fasterxml/jackson/jakarta/rs/jackson-jakarta-rs-json-provider/2.17.2/jackson-jakarta-rs-json-provider-2.17.2.jar:/Users/shane/.m2/repository/com/fasterxml/jackson/jakarta/rs/jackson-jakarta-rs-base/2.17.2/jackson-jakarta-rs-base-2.17.2.jar:/Users/shane/.m2/repository/com/fasterxml/jackson/module/jackson-module-jakarta-xmlbind-annotations/2.17.2/jackson-module-jakarta-xmlbind-annotations-2.17.2.jar:/Users/shane/.m2/repository/org/glassfish/jersey/containers/jersey-container-servlet-core/3.0.16/jersey-container-servlet-core-3.0.16.jar:/Users/shane/.m2/repository/org/glassfish/jersey/connectors/jersey-apache5-connector/3.0.16/jersey-apache5-connector-3.0.16.jar:/Users/shane/.m2/repository/org/apache/httpcomponents/client5/httpclient5/5.4/httpclient5-5.4.jar:/Users/shane/.m2/repository/org/apache/httpcomponents/core5/httpcore5-h2/5.3/httpcore5-h2-5.3.jar:/Users/shane/.m2/repository/org/apache/httpcomponents/core5/httpcore5/5.3/httpcore5-5.3.jar:/Users/shane/.m2/repository/org/glassfish/jersey/core/jersey-client/3.0.16/jersey-client-3.0.16.jar:/Users/shane/.m2/repository/org/glassfish/jersey/core/jersey-server/3.0.16/jersey-server-3.0.16.jar:/Users/shane/.m2/repository/org/glassfish/jersey/test-framework/jersey-test-framework-core/3.0.16/jersey-test-framework-core-3.0.16.jar:/Users/shane/.m2/repository/org/glassfish/jersey/media/jersey-media-jaxb/3.0.16/jersey-media-jaxb-3.0.16.jar:/Users/shane/.m2/repository/org/junit/jupiter/junit-jupiter/5.11.0/junit-jupiter-5.11.0.jar:/Users/shane/.m2/repository/org/junit/jupiter/junit-jupiter-params/5.11.0/junit-jupiter-params-5.11.0.jar:/Users/shane/.m2/repository/org/hamcrest/hamcrest/3.0/hamcrest-3.0.jar:/Users/shane/.m2/repository/org/glassfish/jersey/test-framework/providers/jersey-test-framework-provider-inmemory/3.0.16/jersey-test-framework-provider-inmemory-3.0.16.jar:/Users/shane/.m2/repository/jakarta/activation/jakarta.activation-api/2.0.1/jakarta.activation-api-2.0.1.jar:/Users/shane/.m2/repository/jakarta/xml/bind/jakarta.xml.bind-api/3.0.1/jakarta.xml.bind-api-3.0.1.jar:/Users/shane/.m2/repository/com/sun/activation/jakarta.activation/2.0.1/jakarta.activation-2.0.1.jar:/Users/shane/.m2/repository/org/testcontainers/postgresql/1.20.3/postgresql-1.20.3.jar:/Users/shane/.m2/repository/org/testcontainers/jdbc/1.20.3/jdbc-1.20.3.jar:/Users/shane/.m2/repository/org/testcontainers/database-commons/1.20.3/database-commons-1.20.3.jar:/Users/shane/.m2/repository/com/redis/testcontainers-redis/2.2.2/testcontainers-redis-2.2.2.jar:/Users/shane/.m2/repository/org/testcontainers/testcontainers/1.19.5/testcontainers-1.19.5.jar:/Users/shane/.m2/repository/junit/junit/4.13.2/junit-4.13.2.jar:/Users/shane/.m2/repository/org/hamcrest/hamcrest-core/1.3/hamcrest-core-1.3.jar:/Users/shane/.m2/repository/org/apache/commons/commons-compress/1.24.0/commons-compress-1.24.0.jar:/Users/shane/.m2/repository/org/rnorth/duct-tape/duct-tape/1.0.8/duct-tape-1.0.8.jar:/Users/shane/.m2/repository/org/jetbrains/annotations/17.0.0/annotations-17.0.0.jar:/Users/shane/.m2/repository/com/github/docker-java/docker-java-api/3.3.4/docker-java-api-3.3.4.jar:/Users/shane/.m2/repository/com/github/docker-java/docker-java-transport-zerodep/3.3.4/docker-java-transport-zerodep-3.3.4.jar:/Users/shane/.m2/repository/com/github/docker-java/docker-java-transport/3.3.4/docker-java-transport-3.3.4.jar:/Users/shane/.m2/repository/net/java/dev/jna/jna/5.13.0/jna-5.13.0.jar:/Users/shane/.m2/repository/com/redis/testcontainers-redis-common/2.2.2/testcontainers-redis-common-2.2.2.jar:/Users/shane/.m2/repository/org/testcontainers/azure/1.20.3/azure-1.20.3.jar:/Users/shane/.m2/repository/org/slf4j/slf4j-api/2.0.16/slf4j-api-2.0.16.jar:/Users/shane/.m2/repository/ch/qos/logback/logback-classic/1.4.14/logback-classic-1.4.14.jar:/Users/shane/.m2/repository/ch/qos/logback/logback-core/1.4.14/logback-core-1.4.14.jar:"/>
    <property name="java.vm.vendor" value="Amazon.com Inc."/>
    <property name="sun.arch.data.model" value="64"/>
    <property name="java.vendor.url" value="https://aws.amazon.com/corretto/"/>
    <property name="user.timezone" value="America/Los_Angeles"/>
    <property name="os.name" value="Mac OS X"/>
    <property name="java.vm.specification.version" value="21"/>
    <property name="sun.java.launcher" value="SUN_STANDARD"/>
    <property name="user.country" value="US"/>
    <property name="sun.boot.library.path" value="/Users/shane/.sdkman/candidates/java/21.0.5-amzn/lib"/>
    <property name="sun.java.command" value="/Users/shane/repo/witcher-beastiary/witcher-bestiary/witcher-bestiary/target/surefire/surefirebooter-20241123104018787_3.jar /Users/shane/repo/witcher-beastiary/witcher-bestiary/witcher-bestiary/target/surefire 2024-11-23T10-40-18_748-jvmRun1 surefire-20241123104018787_1tmp surefire_0-20241123104018787_2tmp"/>
    <property name="jdk.debug" value="release"/>
    <property name="surefire.test.class.path" value="/Users/shane/repo/witcher-beastiary/witcher-bestiary/witcher-bestiary/target/test-classes:/Users/shane/repo/witcher-beastiary/witcher-bestiary/witcher-bestiary/target/classes:/Users/shane/.m2/repository/org/liquibase/liquibase-core/4.30.0/liquibase-core-4.30.0.jar:/Users/shane/.m2/repository/com/opencsv/opencsv/5.9/opencsv-5.9.jar:/Users/shane/.m2/repository/org/yaml/snakeyaml/2.3/snakeyaml-2.3.jar:/Users/shane/.m2/repository/javax/xml/bind/jaxb-api/2.3.1/jaxb-api-2.3.1.jar:/Users/shane/.m2/repository/org/apache/commons/commons-collections4/4.4/commons-collections4-4.4.jar:/Users/shane/.m2/repository/org/apache/commons/commons-text/1.12.0/commons-text-1.12.0.jar:/Users/shane/.m2/repository/org/apache/commons/commons-lang3/3.17.0/commons-lang3-3.17.0.jar:/Users/shane/.m2/repository/commons-io/commons-io/2.17.0/commons-io-2.17.0.jar:/Users/shane/.m2/repository/io/dropwizard/dropwizard-core/4.0.10/dropwizard-core-4.0.10.jar:/Users/shane/.m2/repository/io/dropwizard/dropwizard-util/4.0.10/dropwizard-util-4.0.10.jar:/Users/shane/.m2/repository/io/dropwizard/dropwizard-jackson/4.0.10/dropwizard-jackson-4.0.10.jar:/Users/shane/.m2/repository/com/google/guava/guava/33.3.1-jre/guava-33.3.1-jre.jar:/Users/shane/.m2/repository/com/google/guava/failureaccess/1.0.2/failureaccess-1.0.2.jar:/Users/shane/.m2/repository/com/google/guava/listenablefuture/9999.0-empty-to-avoid-conflict-with-guava/listenablefuture-9999.0-empty-to-avoid-conflict-with-guava.jar:/Users/shane/.m2/repository/com/google/j2objc/j2objc-annotations/3.0.0/j2objc-annotations-3.0.0.jar:/Users/shane/.m2/repository/com/github/ben-manes/caffeine/caffeine/3.1.8/caffeine-3.1.8.jar:/Users/shane/.m2/repository/com/fasterxml/jackson/datatype/jackson-datatype-guava/2.17.2/jackson-datatype-guava-2.17.2.jar:/Users/shane/.m2/repository/com/fasterxml/jackson/datatype/jackson-datatype-jsr310/2.17.2/jackson-datatype-jsr310-2.17.2.jar:/Users/shane/.m2/repository/com/fasterxml/jackson/datatype/jackson-datatype-jdk8/2.17.2/jackson-datatype-jdk8-2.17.2.jar:/Users/shane/.m2/repository/com/fasterxml/jackson/module/jackson-module-parameter-names/2.17.2/jackson-module-parameter-names-2.17.2.jar:/Users/shane/.m2/repository/com/fasterxml/jackson/module/jackson-module-blackbird/2.17.2/jackson-module-blackbird-2.17.2.jar:/Users/shane/.m2/repository/io/dropwizard/dropwizard-validation/4.0.10/dropwizard-validation-4.0.10.jar:/Users/shane/.m2/repository/org/glassfish/jakarta.el/4.0.2/jakarta.el-4.0.2.jar:/Users/shane/.m2/repository/io/dropwizard/dropwizard-configuration/4.0.10/dropwizard-configuration-4.0.10.jar:/Users/shane/.m2/repository/com/fasterxml/jackson/dataformat/jackson-dataformat-yaml/2.17.2/jackson-dataformat-yaml-2.17.2.jar:/Users/shane/.m2/repository/io/dropwizard/dropwizard-logging/4.0.10/dropwizard-logging-4.0.10.jar:/Users/shane/.m2/repository/io/dropwizard/metrics/metrics-logback/4.2.28/metrics-logback-4.2.28.jar:/Users/shane/.m2/repository/org/slf4j/jul-to-slf4j/2.0.16/jul-to-slf4j-2.0.16.jar:/Users/shane/.m2/repository/com/google/errorprone/error_prone_annotations/2.31.0/error_prone_annotations-2.31.0.jar:/Users/shane/.m2/repository/io/dropwizard/logback/logback-throttling-appender/1.4.2/logback-throttling-appender-1.4.2.jar:/Users/shane/.m2/repository/org/slf4j/log4j-over-slf4j/2.0.16/log4j-over-slf4j-2.0.16.jar:/Users/shane/.m2/repository/org/slf4j/jcl-over-slf4j/2.0.16/jcl-over-slf4j-2.0.16.jar:/Users/shane/.m2/repository/io/dropwizard/dropwizard-metrics/4.0.10/dropwizard-metrics-4.0.10.jar:/Users/shane/.m2/repository/io/dropwizard/dropwizard-jersey/4.0.10/dropwizard-jersey-4.0.10.jar:/Users/shane/.m2/repository/org/glassfish/jersey/ext/jersey-metainf-services/3.0.16/jersey-metainf-services-3.0.16.jar:/Users/shane/.m2/repository/org/glassfish/jersey/inject/jersey-hk2/3.0.16/jersey-hk2-3.0.16.jar:/Users/shane/.m2/repository/org/glassfish/hk2/hk2-locator/3.0.6/hk2-locator-3.0.6.jar:/Users/shane/.m2/repository/org/javassist/javassist/3.30.2-GA/javassist-3.30.2-GA.jar:/Users/shane/.m2/repository/io/dropwizard/metrics/metrics-jersey3/4.2.28/metrics-jersey3-4.2.28.jar:/Users/shane/.m2/repository/jakarta/annotation/jakarta.annotation-api/2.0.0/jakarta.annotation-api-2.0.0.jar:/Users/shane/.m2/repository/org/glassfish/hk2/hk2-api/3.0.6/hk2-api-3.0.6.jar:/Users/shane/.m2/repository/org/glassfish/hk2/hk2-utils/3.0.6/hk2-utils-3.0.6.jar:/Users/shane/.m2/repository/org/glassfish/hk2/external/aopalliance-repackaged/3.0.6/aopalliance-repackaged-3.0.6.jar:/Users/shane/.m2/repository/org/glassfish/jersey/containers/jersey-container-servlet/3.0.16/jersey-container-servlet-3.0.16.jar:/Users/shane/.m2/repository/org/eclipse/jetty/jetty-io/11.0.24/jetty-io-11.0.24.jar:/Users/shane/.m2/repository/io/dropwizard/dropwizard-servlets/4.0.10/dropwizard-servlets-4.0.10.jar:/Users/shane/.m2/repository/io/dropwizard/dropwizard-jetty/4.0.10/dropwizard-jetty-4.0.10.jar:/Users/shane/.m2/repository/org/eclipse/jetty/jetty-servlets/11.0.24/jetty-servlets-11.0.24.jar:/Users/shane/.m2/repository/org/eclipse/jetty/jetty-http/11.0.24/jetty-http-11.0.24.jar:/Users/shane/.m2/repository/io/dropwizard/dropwizard-lifecycle/4.0.10/dropwizard-lifecycle-4.0.10.jar:/Users/shane/.m2/repository/io/dropwizard/dropwizard-health/4.0.10/dropwizard-health-4.0.10.jar:/Users/shane/.m2/repository/io/dropwizard/metrics/metrics-core/4.2.28/metrics-core-4.2.28.jar:/Users/shane/.m2/repository/io/dropwizard/metrics/metrics-jetty11/4.2.28/metrics-jetty11-4.2.28.jar:/Users/shane/.m2/repository/io/dropwizard/metrics/metrics-annotation/4.2.28/metrics-annotation-4.2.28.jar:/Users/shane/.m2/repository/io/dropwizard/metrics/metrics-jvm/4.2.28/metrics-jvm-4.2.28.jar:/Users/shane/.m2/repository/io/dropwizard/metrics/metrics-jmx/4.2.28/metrics-jmx-4.2.28.jar:/Users/shane/.m2/repository/io/dropwizard/metrics/metrics-jakarta-servlets/4.2.28/metrics-jakarta-servlets-4.2.28.jar:/Users/shane/.m2/repository/io/dropwizard/metrics/metrics-json/4.2.28/metrics-json-4.2.28.jar:/Users/shane/.m2/repository/com/helger/profiler/1.1.1/profiler-1.1.1.jar:/Users/shane/.m2/repository/io/dropwizard/metrics/metrics-healthchecks/4.2.28/metrics-healthchecks-4.2.28.jar:/Users/shane/.m2/repository/io/dropwizard/dropwizard-request-logging/4.0.10/dropwizard-request-logging-4.0.10.jar:/Users/shane/.m2/repository/ch/qos/logback/logback-access/1.4.14/logback-access-1.4.14.jar:/Users/shane/.m2/repository/com/fasterxml/jackson/core/jackson-annotations/2.17.2/jackson-annotations-2.17.2.jar:/Users/shane/.m2/repository/com/fasterxml/jackson/core/jackson-databind/2.17.2/jackson-databind-2.17.2.jar:/Users/shane/.m2/repository/org/checkerframework/checker-qual/3.48.1/checker-qual-3.48.1.jar:/Users/shane/.m2/repository/jakarta/servlet/jakarta.servlet-api/5.0.0/jakarta.servlet-api-5.0.0.jar:/Users/shane/.m2/repository/jakarta/validation/jakarta.validation-api/3.0.2/jakarta.validation-api-3.0.2.jar:/Users/shane/.m2/repository/net/sourceforge/argparse4j/argparse4j/0.9.0/argparse4j-0.9.0.jar:/Users/shane/.m2/repository/org/eclipse/jetty/jetty-security/11.0.24/jetty-security-11.0.24.jar:/Users/shane/.m2/repository/org/eclipse/jetty/jetty-server/11.0.24/jetty-server-11.0.24.jar:/Users/shane/.m2/repository/org/eclipse/jetty/jetty-servlet/11.0.24/jetty-servlet-11.0.24.jar:/Users/shane/.m2/repository/org/eclipse/jetty/jetty-util/11.0.24/jetty-util-11.0.24.jar:/Users/shane/.m2/repository/org/eclipse/jetty/toolchain/setuid/jetty-setuid-java/1.0.4/jetty-setuid-java-1.0.4.jar:/Users/shane/.m2/repository/jakarta/inject/jakarta.inject-api/2.0.1.MR/jakarta.inject-api-2.0.1.MR.jar:/Users/shane/.m2/repository/org/glassfish/jersey/core/jersey-common/3.0.16/jersey-common-3.0.16.jar:/Users/shane/.m2/repository/org/glassfish/hk2/osgi-resource-locator/1.0.3/osgi-resource-locator-1.0.3.jar:/Users/shane/.m2/repository/org/glassfish/jersey/ext/jersey-bean-validation/3.0.16/jersey-bean-validation-3.0.16.jar:/Users/shane/.m2/repository/io/dropwizard/dropwizard-jdbi3/4.0.10/dropwizard-jdbi3-4.0.10.jar:/Users/shane/.m2/repository/io/dropwizard/dropwizard-db/4.0.10/dropwizard-db-4.0.10.jar:/Users/shane/.m2/repository/org/apache/tomcat/tomcat-jdbc/10.1.31/tomcat-jdbc-10.1.31.jar:/Users/shane/.m2/repository/org/apache/tomcat/tomcat-juli/10.1.31/tomcat-juli-10.1.31.jar:/Users/shane/.m2/repository/org/jdbi/jdbi3-core/3.46.0/jdbi3-core-3.46.0.jar:/Users/shane/.m2/repository/io/leangen/geantyref/geantyref/2.0.0/geantyref-2.0.0.jar:/Users/shane/.m2/repository/org/jdbi/jdbi3-sqlobject/3.46.0/jdbi3-sqlobject-3.46.0.jar:/Users/shane/.m2/repository/org/jdbi/jdbi3-guava/3.46.0/jdbi3-guava-3.46.0.jar:/Users/shane/.m2/repository/io/dropwizard/metrics/metrics-jdbi3/4.2.28/metrics-jdbi3-4.2.28.jar:/Users/shane/.m2/repository/org/hibernate/validator/hibernate-validator/8.0.1.Final/hibernate-validator-8.0.1.Final.jar:/Users/shane/.m2/repository/org/jboss/logging/jboss-logging/3.4.3.Final/jboss-logging-3.4.3.Final.jar:/Users/shane/.m2/repository/com/fasterxml/classmate/1.5.1/classmate-1.5.1.jar:/Users/shane/.m2/repository/jakarta/el/jakarta.el-api/5.0.1/jakarta.el-api-5.0.1.jar:/Users/shane/.m2/repository/org/postgresql/postgresql/42.6.0/postgresql-42.6.0.jar:/Users/shane/.m2/repository/com/fasterxml/jackson/dataformat/jackson-dataformat-xml/2.18.0/jackson-dataformat-xml-2.18.0.jar:/Users/shane/.m2/repository/com/fasterxml/jackson/core/jackson-core/2.18.0/jackson-core-2.18.0.jar:/Users/shane/.m2/repository/org/codehaus/woodstox/stax2-api/4.2.2/stax2-api-4.2.2.jar:/Users/shane/.m2/repository/com/fasterxml/woodstox/woodstox-core/7.0.0/woodstox-core-7.0.0.jar:/Users/shane/.m2/repository/org/junit/jupiter/junit-jupiter-engine/5.10.0/junit-jupiter-engine-5.10.0.jar:/Users/shane/.m2/repository/org/junit/platform/junit-platform-engine/1.10.0/junit-platform-engine-1.10.0.jar:/Users/shane/.m2/repository/org/apiguardian/apiguardian-api/1.1.2/apiguardian-api-1.1.2.jar:/Users/shane/.m2/repository/org/assertj/assertj-core/3.24.2/assertj-core-3.24.2.jar:/Users/shane/.m2/repository/net/bytebuddy/byte-buddy/1.12.21/byte-buddy-1.12.21.jar:/Users/shane/.m2/repository/org/junit/platform/junit-platform-launcher/1.10.0/junit-platform-launcher-1.10.0.jar:/Users/shane/.m2/repository/jakarta/ws/rs/jakarta.ws.rs-api/3.1.0/jakarta.ws.rs-api-3.1.0.jar:/Users/shane/.m2/repository/org/junit/jupiter/junit-jupiter-api/5.10.0/junit-jupiter-api-5.10.0.jar:/Users/shane/.m2/repository/org/opentest4j/opentest4j/1.3.0/opentest4j-1.3.0.jar:/Users/shane/.m2/repository/org/junit/platform/junit-platform-commons/1.10.0/junit-platform-commons-1.10.0.jar:/Users/shane/.m2/repository/org/mockito/mockito-core/5.6.0/mockito-core-5.6.0.jar:/Users/shane/.m2/repository/net/bytebuddy/byte-buddy-agent/1.14.8/byte-buddy-agent-1.14.8.jar:/Users/shane/.m2/repository/org/objenesis/objenesis/3.3/objenesis-3.3.jar:/Users/shane/.m2/repository/org/mockito/mockito-junit-jupiter/5.6.0/mockito-junit-jupiter-5.6.0.jar:/Users/shane/.m2/repository/io/dropwizard/dropwizard-testing/4.0.10/dropwizard-testing-4.0.10.jar:/Users/shane/.m2/repository/com/fasterxml/jackson/jakarta/rs/jackson-jakarta-rs-json-provider/2.17.2/jackson-jakarta-rs-json-provider-2.17.2.jar:/Users/shane/.m2/repository/com/fasterxml/jackson/jakarta/rs/jackson-jakarta-rs-base/2.17.2/jackson-jakarta-rs-base-2.17.2.jar:/Users/shane/.m2/repository/com/fasterxml/jackson/module/jackson-module-jakarta-xmlbind-annotations/2.17.2/jackson-module-jakarta-xmlbind-annotations-2.17.2.jar:/Users/shane/.m2/repository/org/glassfish/jersey/containers/jersey-container-servlet-core/3.0.16/jersey-container-servlet-core-3.0.16.jar:/Users/shane/.m2/repository/org/glassfish/jersey/connectors/jersey-apache5-connector/3.0.16/jersey-apache5-connector-3.0.16.jar:/Users/shane/.m2/repository/org/apache/httpcomponents/client5/httpclient5/5.4/httpclient5-5.4.jar:/Users/shane/.m2/repository/org/apache/httpcomponents/core5/httpcore5-h2/5.3/httpcore5-h2-5.3.jar:/Users/shane/.m2/repository/org/apache/httpcomponents/core5/httpcore5/5.3/httpcore5-5.3.jar:/Users/shane/.m2/repository/org/glassfish/jersey/core/jersey-client/3.0.16/jersey-client-3.0.16.jar:/Users/shane/.m2/repository/org/glassfish/jersey/core/jersey-server/3.0.16/jersey-server-3.0.16.jar:/Users/shane/.m2/repository/org/glassfish/jersey/test-framework/jersey-test-framework-core/3.0.16/jersey-test-framework-core-3.0.16.jar:/Users/shane/.m2/repository/org/glassfish/jersey/media/jersey-media-jaxb/3.0.16/jersey-media-jaxb-3.0.16.jar:/Users/shane/.m2/repository/org/junit/jupiter/junit-jupiter/5.11.0/junit-jupiter-5.11.0.jar:/Users/shane/.m2/repository/org/junit/jupiter/junit-jupiter-params/5.11.0/junit-jupiter-params-5.11.0.jar:/Users/shane/.m2/repository/org/hamcrest/hamcrest/3.0/hamcrest-3.0.jar:/Users/shane/.m2/repository/org/glassfish/jersey/test-framework/providers/jersey-test-framework-provider-inmemory/3.0.16/jersey-test-framework-provider-inmemory-3.0.16.jar:/Users/shane/.m2/repository/jakarta/activation/jakarta.activation-api/2.0.1/jakarta.activation-api-2.0.1.jar:/Users/shane/.m2/repository/jakarta/xml/bind/jakarta.xml.bind-api/3.0.1/jakarta.xml.bind-api-3.0.1.jar:/Users/shane/.m2/repository/com/sun/activation/jakarta.activation/2.0.1/jakarta.activation-2.0.1.jar:/Users/shane/.m2/repository/org/testcontainers/postgresql/1.20.3/postgresql-1.20.3.jar:/Users/shane/.m2/repository/org/testcontainers/jdbc/1.20.3/jdbc-1.20.3.jar:/Users/shane/.m2/repository/org/testcontainers/database-commons/1.20.3/database-commons-1.20.3.jar:/Users/shane/.m2/repository/com/redis/testcontainers-redis/2.2.2/testcontainers-redis-2.2.2.jar:/Users/shane/.m2/repository/org/testcontainers/testcontainers/1.19.5/testcontainers-1.19.5.jar:/Users/shane/.m2/repository/junit/junit/4.13.2/junit-4.13.2.jar:/Users/shane/.m2/repository/org/hamcrest/hamcrest-core/1.3/hamcrest-core-1.3.jar:/Users/shane/.m2/repository/org/apache/commons/commons-compress/1.24.0/commons-compress-1.24.0.jar:/Users/shane/.m2/repository/org/rnorth/duct-tape/duct-tape/1.0.8/duct-tape-1.0.8.jar:/Users/shane/.m2/repository/org/jetbrains/annotations/17.0.0/annotations-17.0.0.jar:/Users/shane/.m2/repository/com/github/docker-java/docker-java-api/3.3.4/docker-java-api-3.3.4.jar:/Users/shane/.m2/repository/com/github/docker-java/docker-java-transport-zerodep/3.3.4/docker-java-transport-zerodep-3.3.4.jar:/Users/shane/.m2/repository/com/github/docker-java/docker-java-transport/3.3.4/docker-java-transport-3.3.4.jar:/Users/shane/.m2/repository/net/java/dev/jna/jna/5.13.0/jna-5.13.0.jar:/Users/shane/.m2/repository/com/redis/testcontainers-redis-common/2.2.2/testcontainers-redis-common-2.2.2.jar:/Users/shane/.m2/repository/org/testcontainers/azure/1.20.3/azure-1.20.3.jar:/Users/shane/.m2/repository/org/slf4j/slf4j-api/2.0.16/slf4j-api-2.0.16.jar:/Users/shane/.m2/repository/ch/qos/logback/logback-classic/1.4.14/logback-classic-1.4.14.jar:/Users/shane/.m2/repository/ch/qos/logback/logback-core/1.4.14/logback-core-1.4.14.jar:"/>
    <property name="sun.cpu.endian" value="little"/>
    <property name="user.home" value="/Users/shane"/>
    <property name="user.language" value="en"/>
    <property name="java.specification.vendor" value="Oracle Corporation"/>
    <property name="java.version.date" value="2024-10-15"/>
    <property name="java.home" value="/Users/shane/.sdkman/candidates/java/21.0.5-amzn"/>
    <property name="file.separator" value="/"/>
    <property name="basedir" value="/Users/shane/repo/witcher-beastiary/witcher-bestiary/witcher-bestiary"/>
    <property name="java.vm.compressedOopsMode" value="Zero based"/>
    <property name="line.separator" value="&#10;"/>
    <property name="java.vm.specification.vendor" value="Oracle Corporation"/>
    <property name="java.specification.name" value="Java Platform API Specification"/>
    <property name="apple.awt.application.name" value="ForkedBooter"/>
    <property name="surefire.real.class.path" value="/Users/shane/repo/witcher-beastiary/witcher-bestiary/witcher-bestiary/target/surefire/surefirebooter-20241123104018787_3.jar"/>
    <property name="sun.management.compiler" value="HotSpot 64-Bit Tiered Compilers"/>
    <property name="java.runtime.version" value="21.0.5+11-LTS"/>
    <property name="user.name" value="shane"/>
    <property name="stdout.encoding" value="UTF-8"/>
    <property name="path.separator" value=":"/>
    <property name="os.version" value="15.1"/>
    <property name="java.runtime.name" value="OpenJDK Runtime Environment"/>
    <property name="file.encoding" value="UTF-8"/>
    <property name="java.vm.name" value="OpenJDK 64-Bit Server VM"/>
    <property name="java.vendor.version" value="Corretto-21.0.5.11.1"/>
    <property name="localRepository" value="/Users/shane/.m2/repository"/>
    <property name="java.vendor.url.bug" value="https://github.com/corretto/corretto-21/issues/"/>
    <property name="java.io.tmpdir" value="/var/folders/j5/0k6z25bx10j13546ttz4y1f40000gn/T/"/>
    <property name="java.version" value="21.0.5"/>
    <property name="user.dir" value="/Users/shane/repo/witcher-beastiary/witcher-bestiary/witcher-bestiary"/>
    <property name="os.arch" value="aarch64"/>
    <property name="java.vm.specification.name" value="Java Virtual Machine Specification"/>
    <property name="native.encoding" value="UTF-8"/>
    <property name="java.library.path" value="/Users/shane/Library/Java/Extensions:/Library/Java/Extensions:/Network/Library/Java/Extensions:/System/Library/Java/Extensions:/usr/lib/java:."/>
    <property name="java.vm.info" value="mixed mode, sharing"/>
    <property name="stderr.encoding" value="UTF-8"/>
    <property name="java.vendor" value="Amazon.com Inc."/>
    <property name="java.vm.version" value="21.0.5+11-LTS"/>
    <property name="sun.io.unicode.encoding" value="UnicodeBig"/>
    <property name="java.class.version" value="65.0"/>
  </properties>
  <testcase name="testAddMonster" classname="com.witcher.bestiary.MonsterResourceIntegrationTest" time="0.032">
    <error message="environment" type="java.lang.NullPointerException"><![CDATA[java.lang.NullPointerException: environment
	at java.base/java.util.Objects.requireNonNull(Objects.java:259)
	at io.dropwizard.testing.DropwizardTestSupport.getEnvironment(DropwizardTestSupport.java:349)
	at io.dropwizard.testing.DropwizardTestSupport.getObjectMapper(DropwizardTestSupport.java:353)
	at io.dropwizard.testing.junit5.DropwizardAppExtension.getObjectMapper(DropwizardAppExtension.java:233)
	at io.dropwizard.testing.junit5.DropwizardAppExtension.clientBuilder(DropwizardAppExtension.java:275)
	at io.dropwizard.testing.junit5.DropwizardAppExtension.client(DropwizardAppExtension.java:262)
	at com.witcher.bestiary.MonsterResourceIntegrationTest.testAddMonster(MonsterResourceIntegrationTest.java:89)
	at java.base/java.lang.reflect.Method.invoke(Method.java:580)
	at java.base/java.util.ArrayList.forEach(ArrayList.java:1596)
	at java.base/java.util.ArrayList.forEach(ArrayList.java:1596)
]]></error>
    <system-out><![CDATA[10:40:19.133 [main] DEBUG org.testcontainers.utility.TestcontainersConfiguration -- Testcontainers configuration overrides will be loaded from file:/Users/shane/.testcontainers.properties
10:40:19.137 [main] INFO org.testcontainers.images.PullPolicy -- Image pull policy will be performed by: DefaultPullPolicy()
10:40:19.138 [main] INFO org.testcontainers.utility.ImageNameSubstitutor -- Image name substitution will be performed by: DefaultImageNameSubstitutor (composite of 'ConfigurationFileImageNameSubstitutor' and 'PrefixingImageNameSubstitutor')
10:40:19.462 [main] INFO org.testcontainers.dockerclient.DockerClientProviderStrategy -- Loaded org.testcontainers.dockerclient.UnixSocketClientProviderStrategy from ~/.testcontainers.properties, will try it first
10:40:19.465 [main] DEBUG org.testcontainers.dockerclient.DockerClientProviderStrategy -- Trying out strategy: UnixSocketClientProviderStrategy
10:40:19.466 [main] DEBUG org.testcontainers.dockerclient.DockerClientProviderStrategy -- UnixSocketClientProviderStrategy: failed with exception InvalidConfigurationException (Could not find unix domain socket). Root cause NoSuchFileException (/var/run/docker.sock)
10:40:19.466 [main] DEBUG org.testcontainers.dockerclient.DockerClientProviderStrategy -- Trying out strategy: DockerDesktopClientProviderStrategy
10:40:19.467 [main] DEBUG org.testcontainers.dockerclient.DockerDesktopClientProviderStrategy -- '/Users/shane/.docker/desktop' does not exist.
10:40:19.530 [main] DEBUG org.testcontainers.shaded.com.github.dockerjava.core.command.AbstrDockerCmd -- Cmd: 
10:40:19.540 [main] DEBUG com.github.dockerjava.zerodep.shaded.org.apache.hc.client5.http.impl.classic.InternalHttpClient -- ex-00000001: preparing request execution
10:40:19.541 [main] DEBUG com.github.dockerjava.zerodep.shaded.org.apache.hc.client5.http.protocol.RequestAddCookies -- Cookie spec selected: strict
10:40:19.543 [main] DEBUG com.github.dockerjava.zerodep.shaded.org.apache.hc.client5.http.protocol.RequestAuthCache -- Auth cache not set in the context
10:40:19.543 [main] DEBUG com.github.dockerjava.zerodep.shaded.org.apache.hc.client5.http.impl.classic.ProtocolExec -- ex-00000001: target auth state: UNCHALLENGED
10:40:19.543 [main] DEBUG com.github.dockerjava.zerodep.shaded.org.apache.hc.client5.http.impl.classic.ProtocolExec -- ex-00000001: proxy auth state: UNCHALLENGED
10:40:19.543 [main] DEBUG com.github.dockerjava.zerodep.shaded.org.apache.hc.client5.http.impl.classic.ConnectExec -- ex-00000001: acquiring connection with route {}->unix://localhost:2375
10:40:19.543 [main] DEBUG com.github.dockerjava.zerodep.shaded.org.apache.hc.client5.http.impl.classic.InternalHttpClient -- ex-00000001: acquiring endpoint (3 MINUTES)
10:40:19.544 [main] DEBUG com.github.dockerjava.zerodep.shaded.org.apache.hc.client5.http.impl.io.PoolingHttpClientConnectionManager -- ex-00000001: endpoint lease request (3 MINUTES) [route: {}->unix://localhost:2375][total available: 0; route allocated: 0 of 2147483647; total allocated: 0 of 2147483647]
10:40:19.545 [main] DEBUG com.github.dockerjava.zerodep.shaded.org.apache.hc.client5.http.impl.io.PoolingHttpClientConnectionManager -- ex-00000001: endpoint leased [route: {}->unix://localhost:2375][total available: 0; route allocated: 1 of 2147483647; total allocated: 1 of 2147483647]
10:40:19.549 [main] DEBUG com.github.dockerjava.zerodep.shaded.org.apache.hc.client5.http.impl.io.PoolingHttpClientConnectionManager -- ex-00000001: acquired ep-00000000
10:40:19.549 [main] DEBUG com.github.dockerjava.zerodep.shaded.org.apache.hc.client5.http.impl.classic.InternalHttpClient -- ex-00000001: acquired endpoint ep-00000000
10:40:19.549 [main] DEBUG com.github.dockerjava.zerodep.shaded.org.apache.hc.client5.http.impl.classic.ConnectExec -- ex-00000001: opening connection {}->unix://localhost:2375
10:40:19.550 [main] DEBUG com.github.dockerjava.zerodep.shaded.org.apache.hc.client5.http.impl.classic.InternalHttpClient -- ep-00000000: connecting endpoint (3 MINUTES)
10:40:19.550 [main] DEBUG com.github.dockerjava.zerodep.shaded.org.apache.hc.client5.http.impl.io.PoolingHttpClientConnectionManager -- ep-00000000: connecting endpoint to unix://localhost:2375 (3 MINUTES)
10:40:19.555 [main] DEBUG com.github.dockerjava.zerodep.shaded.org.apache.hc.client5.http.impl.io.DefaultHttpClientConnectionOperator -- http-outgoing-0: connecting to localhost/127.0.0.1:2375
10:40:19.556 [main] DEBUG com.github.dockerjava.zerodep.shaded.org.apache.hc.client5.http.impl.io.DefaultHttpClientConnectionOperator -- http-outgoing-0: connection established /Users/shane/.docker/run/docker.sock<->/Users/shane/.docker/run/docker.sock
10:40:19.556 [main] DEBUG com.github.dockerjava.zerodep.shaded.org.apache.hc.client5.http.impl.io.PoolingHttpClientConnectionManager -- ep-00000000: connected http-outgoing-0
10:40:19.556 [main] DEBUG com.github.dockerjava.zerodep.shaded.org.apache.hc.client5.http.impl.classic.InternalHttpClient -- ep-00000000: endpoint connected
10:40:19.556 [main] DEBUG com.github.dockerjava.zerodep.shaded.org.apache.hc.client5.http.impl.classic.MainClientExec -- ex-00000001: executing GET /v1.32/info HTTP/1.1
10:40:19.557 [main] DEBUG com.github.dockerjava.zerodep.shaded.org.apache.hc.client5.http.impl.classic.InternalHttpClient -- ep-00000000: start execution ex-00000001
10:40:19.557 [main] DEBUG com.github.dockerjava.zerodep.shaded.org.apache.hc.client5.http.impl.io.PoolingHttpClientConnectionManager -- ep-00000000: executing exchange ex-00000001 over http-outgoing-0
10:40:19.557 [main] DEBUG com.github.dockerjava.zerodep.shaded.org.apache.hc.client5.http.headers -- http-outgoing-0 >> GET /v1.32/info HTTP/1.1
10:40:19.557 [main] DEBUG com.github.dockerjava.zerodep.shaded.org.apache.hc.client5.http.headers -- http-outgoing-0 >> x-tc-sid: f19e918b-ee3a-49e9-843b-bb73ce2bb29f
10:40:19.557 [main] DEBUG com.github.dockerjava.zerodep.shaded.org.apache.hc.client5.http.headers -- http-outgoing-0 >> User-Agent: tc-java/1.19.5
10:40:19.557 [main] DEBUG com.github.dockerjava.zerodep.shaded.org.apache.hc.client5.http.headers -- http-outgoing-0 >> Accept-Encoding: gzip, x-gzip, deflate
10:40:19.557 [main] DEBUG com.github.dockerjava.zerodep.shaded.org.apache.hc.client5.http.headers -- http-outgoing-0 >> Host: localhost:2375
10:40:19.557 [main] DEBUG com.github.dockerjava.zerodep.shaded.org.apache.hc.client5.http.headers -- http-outgoing-0 >> Connection: keep-alive
10:40:19.557 [main] DEBUG com.github.dockerjava.zerodep.shaded.org.apache.hc.client5.http.wire -- http-outgoing-0 >> "GET /v1.32/info HTTP/1.1[\r][\n]"
10:40:19.557 [main] DEBUG com.github.dockerjava.zerodep.shaded.org.apache.hc.client5.http.wire -- http-outgoing-0 >> "x-tc-sid: f19e918b-ee3a-49e9-843b-bb73ce2bb29f[\r][\n]"
10:40:19.557 [main] DEBUG com.github.dockerjava.zerodep.shaded.org.apache.hc.client5.http.wire -- http-outgoing-0 >> "User-Agent: tc-java/1.19.5[\r][\n]"
10:40:19.557 [main] DEBUG com.github.dockerjava.zerodep.shaded.org.apache.hc.client5.http.wire -- http-outgoing-0 >> "Accept-Encoding: gzip, x-gzip, deflate[\r][\n]"
10:40:19.557 [main] DEBUG com.github.dockerjava.zerodep.shaded.org.apache.hc.client5.http.wire -- http-outgoing-0 >> "Host: localhost:2375[\r][\n]"
10:40:19.557 [main] DEBUG com.github.dockerjava.zerodep.shaded.org.apache.hc.client5.http.wire -- http-outgoing-0 >> "Connection: keep-alive[\r][\n]"
10:40:19.558 [main] DEBUG com.github.dockerjava.zerodep.shaded.org.apache.hc.client5.http.wire -- http-outgoing-0 >> "[\r][\n]"
10:40:19.567 [main] DEBUG com.github.dockerjava.zerodep.shaded.org.apache.hc.client5.http.wire -- http-outgoing-0 << "HTTP/1.1 200 OK[\r][\n]"
10:40:19.567 [main] DEBUG com.github.dockerjava.zerodep.shaded.org.apache.hc.client5.http.wire -- http-outgoing-0 << "Api-Version: 1.47[\r][\n]"
10:40:19.568 [main] DEBUG com.github.dockerjava.zerodep.shaded.org.apache.hc.client5.http.wire -- http-outgoing-0 << "Content-Type: application/json[\r][\n]"
10:40:19.568 [main] DEBUG com.github.dockerjava.zerodep.shaded.org.apache.hc.client5.http.wire -- http-outgoing-0 << "Date: Sat, 23 Nov 2024 18:40:19 GMT[\r][\n]"
10:40:19.568 [main] DEBUG com.github.dockerjava.zerodep.shaded.org.apache.hc.client5.http.wire -- http-outgoing-0 << "Docker-Experimental: false[\r][\n]"
10:40:19.568 [main] DEBUG com.github.dockerjava.zerodep.shaded.org.apache.hc.client5.http.wire -- http-outgoing-0 << "Ostype: linux[\r][\n]"
10:40:19.568 [main] DEBUG com.github.dockerjava.zerodep.shaded.org.apache.hc.client5.http.wire -- http-outgoing-0 << "Server: Docker/27.2.0 (linux)[\r][\n]"
10:40:19.568 [main] DEBUG com.github.dockerjava.zerodep.shaded.org.apache.hc.client5.http.wire -- http-outgoing-0 << "Transfer-Encoding: chunked[\r][\n]"
10:40:19.568 [main] DEBUG com.github.dockerjava.zerodep.shaded.org.apache.hc.client5.http.wire -- http-outgoing-0 << "[\r][\n]"
10:40:19.569 [main] DEBUG com.github.dockerjava.zerodep.shaded.org.apache.hc.client5.http.headers -- http-outgoing-0 << HTTP/1.1 200 OK
10:40:19.569 [main] DEBUG com.github.dockerjava.zerodep.shaded.org.apache.hc.client5.http.headers -- http-outgoing-0 << Api-Version: 1.47
10:40:19.569 [main] DEBUG com.github.dockerjava.zerodep.shaded.org.apache.hc.client5.http.headers -- http-outgoing-0 << Content-Type: application/json
10:40:19.569 [main] DEBUG com.github.dockerjava.zerodep.shaded.org.apache.hc.client5.http.headers -- http-outgoing-0 << Date: Sat, 23 Nov 2024 18:40:19 GMT
10:40:19.569 [main] DEBUG com.github.dockerjava.zerodep.shaded.org.apache.hc.client5.http.headers -- http-outgoing-0 << Docker-Experimental: false
10:40:19.569 [main] DEBUG com.github.dockerjava.zerodep.shaded.org.apache.hc.client5.http.headers -- http-outgoing-0 << Ostype: linux
10:40:19.569 [main] DEBUG com.github.dockerjava.zerodep.shaded.org.apache.hc.client5.http.headers -- http-outgoing-0 << Server: Docker/27.2.0 (linux)
10:40:19.569 [main] DEBUG com.github.dockerjava.zerodep.shaded.org.apache.hc.client5.http.headers -- http-outgoing-0 << Transfer-Encoding: chunked
10:40:19.570 [main] DEBUG com.github.dockerjava.zerodep.shaded.org.apache.hc.client5.http.impl.classic.MainClientExec -- ex-00000001: connection can be kept alive for 3 MINUTES
10:40:19.572 [main] DEBUG com.github.dockerjava.zerodep.shaded.org.apache.hc.client5.http.wire -- http-outgoing-0 << "a09[\r][\n]"
10:40:19.572 [main] DEBUG com.github.dockerjava.zerodep.shaded.org.apache.hc.client5.http.wire -- http-outgoing-0 << "{"ID":"b01eaa04-2eb7-443d-a9b0-ea160d2bdd39","Containers":7,"ContainersRunning":0,"ContainersPaused":0,"ContainersStopped":7,"Images":67,"Driver":"overlay2","DriverStatus":[["Backing Filesystem","extfs"],["Supports d_type","true"],["Using metacopy","false"],["Native Overlay Diff","true"],["userxattr","false"]],"Plugins":{"Volume":["local"],"Network":["bridge","host","ipvlan","macvlan","null","overlay"],"Authorization":null,"Log":["awslogs","fluentd","gcplogs","gelf","journald","json-file","local","splunk","syslog"]},"MemoryLimit":true,"SwapLimit":true,"CpuCfsPeriod":true,"CpuCfsQuota":true,"CPUShares":true,"CPUSet":true,"PidsLimit":true,"IPv4Forwarding":true,"BridgeNfIptables":true,"BridgeNfIp6tables":true,"Debug":false,"NFd":53,"OomKillDisable":false,"NGoroutines":80,"SystemTime":"2024-11-23T18:40:19.560196971Z","LoggingDriver":"json-file","CgroupDriver":"cgroupfs","CgroupVersion":"2","NEventsListener":16,"KernelVersion":"6.10.4-linuxkit","OperatingSystem":"Docker Desktop","OSVersion":"","OSType":"linux","Architecture":"aarch64","IndexServerAddress":"https://index.docker.io/v1/","RegistryConfig":{"AllowNondistributableArtifactsCIDRs":null,"AllowNondistributableArtifactsHostnames":null,"InsecureRegistryCIDRs":["127.0.0.0/8"],"IndexConfigs":{"docker.io":{"Name":"docker.io","Mirrors":[],"Secure":true,"Official":true},"hubproxy.docker.internal:5555":{"Name":"hubproxy.docker.internal:5555","Mirrors":[],"Secure":false,"Official":false}},"Mirrors":null},"NCPU":4,"MemTotal":4111876096,"GenericResources":null,"DockerRootDir":"/var/lib/docker","HttpProxy":"http.docker.internal:3128","HttpsProxy":"http.docker.internal:3128","NoProxy":"hubproxy.docker.internal","Name":"docker-desktop","Labels":["com.docker.desktop.address=unix:///Users/shane/Library/Containers/com.docker.docker/Data/docker-cli.sock"],"ExperimentalBuild":false,"ServerVersion":"27.2.0","Runtimes":{"io.containerd.runc.v2":{"path":"runc"},"runc":{"path":"runc"}},"DefaultRuntime":"runc","Swarm":{"NodeID":"","NodeAddr":"","LocalNodeState":"inactive","ControlAvailable":false,"Error":"","RemoteManagers":null},"LiveRestoreEnabled":false,"Isolation":"","InitBinary":"docker-init","ContainerdCommit":{"ID":"8fc6bcff51318944179630522a095cc9dbf9f353","Expected":"8fc6bcff51318944179630522a095cc9dbf9f353"},"RuncCommit":{"ID":"v1.1.13-0-g58aa920","Expected":"v1.1.13-0-g58aa920"},"InitCommit":{"ID":"de40ad0","Expected":"de40ad0"},"SecurityOptions":["name=seccomp,profile=unconfined","name=cgroupns"],"CDISpecDirs":[],"Warnings":["WARNING: daemon is not using the default seccomp profile"]}[\r][\n]"
10:40:19.572 [main] DEBUG com.github.dockerjava.zerodep.shaded.org.apache.hc.client5.http.wire -- http-outgoing-0 << "0[\r][\n]"
10:40:19.572 [main] DEBUG com.github.dockerjava.zerodep.shaded.org.apache.hc.client5.http.wire -- http-outgoing-0 << "[\r][\n]"
10:40:19.596 [main] DEBUG com.github.dockerjava.zerodep.shaded.org.apache.hc.client5.http.impl.classic.InternalHttpClient -- ep-00000000: releasing valid endpoint
10:40:19.596 [main] DEBUG com.github.dockerjava.zerodep.shaded.org.apache.hc.client5.http.impl.io.PoolingHttpClientConnectionManager -- ep-00000000: releasing endpoint
10:40:19.596 [main] DEBUG com.github.dockerjava.zerodep.shaded.org.apache.hc.client5.http.impl.io.PoolingHttpClientConnectionManager -- ep-00000000: connection http-outgoing-0 can be kept alive for 3 MINUTES
10:40:19.596 [main] DEBUG com.github.dockerjava.zerodep.shaded.org.apache.hc.client5.http.impl.io.PoolingHttpClientConnectionManager -- ep-00000000: connection released [route: {}->unix://localhost:2375][total available: 1; route allocated: 1 of 2147483647; total allocated: 1 of 2147483647]
10:40:19.597 [main] INFO org.testcontainers.dockerclient.DockerClientProviderStrategy -- Found Docker environment with Docker accessed via Unix socket (/Users/shane/.docker/run/docker.sock)
10:40:19.597 [main] DEBUG org.testcontainers.dockerclient.DockerClientProviderStrategy -- Transport type: 'httpclient5', Docker host: 'unix:///Users/shane/.docker/run/docker.sock'
10:40:19.597 [main] DEBUG org.testcontainers.dockerclient.DockerClientProviderStrategy -- Checking Docker OS type for Docker accessed via Unix socket (/Users/shane/.docker/run/docker.sock)
10:40:19.597 [main] INFO org.testcontainers.DockerClientFactory -- Docker host IP address is localhost
10:40:19.597 [main] DEBUG org.testcontainers.DockerClientFactory -- Docker info: {CDISpecDirs=[], NGoroutines=80, Name=docker-desktop, Swarm={NodeID=, NodeAddr=, LocalNodeState=inactive, ControlAvailable=false, Error=, RemoteManagers=null}, RuncCommit={ID=v1.1.13-0-g58aa920, Expected=v1.1.13-0-g58aa920}, OSVersion=, Runtimes={io.containerd.runc.v2={path=runc}, runc={path=runc}}, ID=b01eaa04-2eb7-443d-a9b0-ea160d2bdd39, DriverStatus=[[Backing Filesystem, extfs], [Supports d_type, true], [Using metacopy, false], [Native Overlay Diff, true], [userxattr, false]], BridgeNfIptables=true, LiveRestoreEnabled=false, SystemTime=2024-11-23T18:40:19.560196971Z, NoProxy=hubproxy.docker.internal, Architecture=aarch64, NEventsListener=16, HttpsProxy=http.docker.internal:3128, Images=67, ContainersRunning=0, Labels=[com.docker.desktop.address=unix:///Users/shane/Library/Containers/com.docker.docker/Data/docker-cli.sock], InitCommit={ID=de40ad0, Expected=de40ad0}, NFd=53, KernelVersion=6.10.4-linuxkit, LoggingDriver=json-file, OSType=linux, SecurityOptions=[name=seccomp,profile=unconfined, name=cgroupns], ContainerdCommit={ID=8fc6bcff51318944179630522a095cc9dbf9f353, Expected=8fc6bcff51318944179630522a095cc9dbf9f353}, GenericResources=null, OperatingSystem=Docker Desktop, RegistryConfig={AllowNondistributableArtifactsCIDRs=null, AllowNondistributableArtifactsHostnames=null, InsecureRegistryCIDRs=[127.0.0.0/8], IndexConfigs={docker.io={Name=docker.io, Mirrors=[], Secure=true, Official=true}, hubproxy.docker.internal:5555={Name=hubproxy.docker.internal:5555, Mirrors=[], Secure=false, Official=false}}, Mirrors=null}, ServerVersion=27.2.0, OomKillDisable=false, CpuCfsQuota=true, Containers=7, Driver=overlay2, IPv4Forwarding=true, ExperimentalBuild=false, DockerRootDir=/var/lib/docker, CPUSet=true, CpuCfsPeriod=true, DefaultRuntime=runc, CPUShares=true, Debug=false, NCPU=4, Plugins={Volume=[local], Network=[bridge, host, ipvlan, macvlan, null, overlay], Authorization=null, Log=[awslogs, fluentd, gcplogs, gelf, journald, json-file, local, splunk, syslog]}, SwapLimit=true, CgroupDriver=cgroupfs, ContainersPaused=0, MemTotal=4111876096, IndexServerAddress=https://index.docker.io/v1/, MemoryLimit=true, HttpProxy=http.docker.internal:3128, InitBinary=docker-init, CgroupVersion=2, PidsLimit=true, Isolation=, BridgeNfIp6tables=true, Warnings=[WARNING: daemon is not using the default seccomp profile], ContainersStopped=7}
10:40:19.599 [main] DEBUG org.testcontainers.shaded.com.github.dockerjava.core.command.AbstrDockerCmd -- Cmd: 
10:40:19.599 [main] DEBUG com.github.dockerjava.zerodep.shaded.org.apache.hc.client5.http.impl.classic.InternalHttpClient -- ex-00000002: preparing request execution
10:40:19.599 [main] DEBUG com.github.dockerjava.zerodep.shaded.org.apache.hc.client5.http.protocol.RequestAddCookies -- Cookie spec selected: strict
10:40:19.599 [main] DEBUG com.github.dockerjava.zerodep.shaded.org.apache.hc.client5.http.protocol.RequestAuthCache -- Auth cache not set in the context
10:40:19.599 [main] DEBUG com.github.dockerjava.zerodep.shaded.org.apache.hc.client5.http.impl.classic.ProtocolExec -- ex-00000002: target auth state: UNCHALLENGED
10:40:19.599 [main] DEBUG com.github.dockerjava.zerodep.shaded.org.apache.hc.client5.http.impl.classic.ProtocolExec -- ex-00000002: proxy auth state: UNCHALLENGED
10:40:19.599 [main] DEBUG com.github.dockerjava.zerodep.shaded.org.apache.hc.client5.http.impl.classic.ConnectExec -- ex-00000002: acquiring connection with route {}->unix://localhost:2375
10:40:19.600 [main] DEBUG com.github.dockerjava.zerodep.shaded.org.apache.hc.client5.http.impl.classic.InternalHttpClient -- ex-00000002: acquiring endpoint (3 MINUTES)
10:40:19.600 [main] DEBUG com.github.dockerjava.zerodep.shaded.org.apache.hc.client5.http.impl.io.PoolingHttpClientConnectionManager -- ex-00000002: endpoint lease request (3 MINUTES) [route: {}->unix://localhost:2375][total available: 1; route allocated: 1 of 2147483647; total allocated: 1 of 2147483647]
10:40:19.600 [main] DEBUG com.github.dockerjava.zerodep.shaded.org.apache.hc.client5.http.impl.io.PoolingHttpClientConnectionManager -- ex-00000002: endpoint leased [route: {}->unix://localhost:2375][total available: 0; route allocated: 1 of 2147483647; total allocated: 1 of 2147483647]
10:40:19.600 [main] DEBUG com.github.dockerjava.zerodep.shaded.org.apache.hc.client5.http.impl.io.PoolingHttpClientConnectionManager -- ex-00000002: acquired ep-00000001
10:40:19.600 [main] DEBUG com.github.dockerjava.zerodep.shaded.org.apache.hc.client5.http.impl.classic.InternalHttpClient -- ex-00000002: acquired endpoint ep-00000001
10:40:19.600 [main] DEBUG com.github.dockerjava.zerodep.shaded.org.apache.hc.client5.http.impl.classic.MainClientExec -- ex-00000002: executing GET /v1.32/version HTTP/1.1
10:40:19.600 [main] DEBUG com.github.dockerjava.zerodep.shaded.org.apache.hc.client5.http.impl.classic.InternalHttpClient -- ep-00000001: start execution ex-00000002
10:40:19.600 [main] DEBUG com.github.dockerjava.zerodep.shaded.org.apache.hc.client5.http.impl.io.PoolingHttpClientConnectionManager -- ep-00000001: executing exchange ex-00000002 over http-outgoing-0
10:40:19.600 [main] DEBUG com.github.dockerjava.zerodep.shaded.org.apache.hc.client5.http.headers -- http-outgoing-0 >> GET /v1.32/version HTTP/1.1
10:40:19.600 [main] DEBUG com.github.dockerjava.zerodep.shaded.org.apache.hc.client5.http.headers -- http-outgoing-0 >> accept: application/json
10:40:19.600 [main] DEBUG com.github.dockerjava.zerodep.shaded.org.apache.hc.client5.http.headers -- http-outgoing-0 >> x-tc-sid: f19e918b-ee3a-49e9-843b-bb73ce2bb29f
10:40:19.600 [main] DEBUG com.github.dockerjava.zerodep.shaded.org.apache.hc.client5.http.headers -- http-outgoing-0 >> User-Agent: tc-java/1.19.5
10:40:19.600 [main] DEBUG com.github.dockerjava.zerodep.shaded.org.apache.hc.client5.http.headers -- http-outgoing-0 >> Accept-Encoding: gzip, x-gzip, deflate
10:40:19.600 [main] DEBUG com.github.dockerjava.zerodep.shaded.org.apache.hc.client5.http.headers -- http-outgoing-0 >> Host: localhost:2375
10:40:19.600 [main] DEBUG com.github.dockerjava.zerodep.shaded.org.apache.hc.client5.http.headers -- http-outgoing-0 >> Connection: keep-alive
10:40:19.600 [main] DEBUG com.github.dockerjava.zerodep.shaded.org.apache.hc.client5.http.wire -- http-outgoing-0 >> "GET /v1.32/version HTTP/1.1[\r][\n]"
10:40:19.600 [main] DEBUG com.github.dockerjava.zerodep.shaded.org.apache.hc.client5.http.wire -- http-outgoing-0 >> "accept: application/json[\r][\n]"
10:40:19.600 [main] DEBUG com.github.dockerjava.zerodep.shaded.org.apache.hc.client5.http.wire -- http-outgoing-0 >> "x-tc-sid: f19e918b-ee3a-49e9-843b-bb73ce2bb29f[\r][\n]"
10:40:19.600 [main] DEBUG com.github.dockerjava.zerodep.shaded.org.apache.hc.client5.http.wire -- http-outgoing-0 >> "User-Agent: tc-java/1.19.5[\r][\n]"
10:40:19.600 [main] DEBUG com.github.dockerjava.zerodep.shaded.org.apache.hc.client5.http.wire -- http-outgoing-0 >> "Accept-Encoding: gzip, x-gzip, deflate[\r][\n]"
10:40:19.600 [main] DEBUG com.github.dockerjava.zerodep.shaded.org.apache.hc.client5.http.wire -- http-outgoing-0 >> "Host: localhost:2375[\r][\n]"
10:40:19.600 [main] DEBUG com.github.dockerjava.zerodep.shaded.org.apache.hc.client5.http.wire -- http-outgoing-0 >> "Connection: keep-alive[\r][\n]"
10:40:19.601 [main] DEBUG com.github.dockerjava.zerodep.shaded.org.apache.hc.client5.http.wire -- http-outgoing-0 >> "[\r][\n]"
10:40:19.608 [main] DEBUG com.github.dockerjava.zerodep.shaded.org.apache.hc.client5.http.wire -- http-outgoing-0 << "HTTP/1.1 200 OK[\r][\n]"
10:40:19.608 [main] DEBUG com.github.dockerjava.zerodep.shaded.org.apache.hc.client5.http.wire -- http-outgoing-0 << "Api-Version: 1.47[\r][\n]"
10:40:19.608 [main] DEBUG com.github.dockerjava.zerodep.shaded.org.apache.hc.client5.http.wire -- http-outgoing-0 << "Content-Type: application/json[\r][\n]"
10:40:19.608 [main] DEBUG com.github.dockerjava.zerodep.shaded.org.apache.hc.client5.http.wire -- http-outgoing-0 << "Date: Sat, 23 Nov 2024 18:40:19 GMT[\r][\n]"
10:40:19.608 [main] DEBUG com.github.dockerjava.zerodep.shaded.org.apache.hc.client5.http.wire -- http-outgoing-0 << "Docker-Experimental: false[\r][\n]"
10:40:19.608 [main] DEBUG com.github.dockerjava.zerodep.shaded.org.apache.hc.client5.http.wire -- http-outgoing-0 << "Ostype: linux[\r][\n]"
10:40:19.608 [main] DEBUG com.github.dockerjava.zerodep.shaded.org.apache.hc.client5.http.wire -- http-outgoing-0 << "Server: Docker/27.2.0 (linux)[\r][\n]"
10:40:19.608 [main] DEBUG com.github.dockerjava.zerodep.shaded.org.apache.hc.client5.http.wire -- http-outgoing-0 << "Transfer-Encoding: chunked[\r][\n]"
10:40:19.608 [main] DEBUG com.github.dockerjava.zerodep.shaded.org.apache.hc.client5.http.wire -- http-outgoing-0 << "[\r][\n]"
10:40:19.608 [main] DEBUG com.github.dockerjava.zerodep.shaded.org.apache.hc.client5.http.headers -- http-outgoing-0 << HTTP/1.1 200 OK
10:40:19.608 [main] DEBUG com.github.dockerjava.zerodep.shaded.org.apache.hc.client5.http.headers -- http-outgoing-0 << Api-Version: 1.47
10:40:19.608 [main] DEBUG com.github.dockerjava.zerodep.shaded.org.apache.hc.client5.http.headers -- http-outgoing-0 << Content-Type: application/json
10:40:19.608 [main] DEBUG com.github.dockerjava.zerodep.shaded.org.apache.hc.client5.http.headers -- http-outgoing-0 << Date: Sat, 23 Nov 2024 18:40:19 GMT
10:40:19.608 [main] DEBUG com.github.dockerjava.zerodep.shaded.org.apache.hc.client5.http.headers -- http-outgoing-0 << Docker-Experimental: false
10:40:19.608 [main] DEBUG com.github.dockerjava.zerodep.shaded.org.apache.hc.client5.http.headers -- http-outgoing-0 << Ostype: linux
10:40:19.608 [main] DEBUG com.github.dockerjava.zerodep.shaded.org.apache.hc.client5.http.headers -- http-outgoing-0 << Server: Docker/27.2.0 (linux)
10:40:19.608 [main] DEBUG com.github.dockerjava.zerodep.shaded.org.apache.hc.client5.http.headers -- http-outgoing-0 << Transfer-Encoding: chunked
10:40:19.609 [main] DEBUG com.github.dockerjava.zerodep.shaded.org.apache.hc.client5.http.impl.classic.MainClientExec -- ex-00000002: connection can be kept alive for 3 MINUTES
10:40:19.609 [main] DEBUG com.github.dockerjava.zerodep.shaded.org.apache.hc.client5.http.wire -- http-outgoing-0 << "33b[\r][\n]"
10:40:19.609 [main] DEBUG com.github.dockerjava.zerodep.shaded.org.apache.hc.client5.http.wire -- http-outgoing-0 << "{"Platform":{"Name":"Docker Desktop 4.34.2 (167172)"},"Components":[{"Name":"Engine","Version":"27.2.0","Details":{"ApiVersion":"1.47","Arch":"arm64","BuildTime":"2024-08-27T14:15:41.000000000+00:00","Experimental":"false","GitCommit":"3ab5c7d","GoVersion":"go1.21.13","KernelVersion":"6.10.4-linuxkit","MinAPIVersion":"1.24","Os":"linux"}},{"Name":"containerd","Version":"1.7.20","Details":{"GitCommit":"8fc6bcff51318944179630522a095cc9dbf9f353"}},{"Name":"runc","Version":"1.1.13","Details":{"GitCommit":"v1.1.13-0-g58aa920"}},{"Name":"docker-init","Version":"0.19.0","Details":{"GitCommit":"de40ad0"}}],"Version":"27.2.0","ApiVersion":"1.47","MinAPIVersion":"1.24","GitCommit":"3ab5c7d","GoVersion":"go1.21.13","Os":"linux","Arch":"arm64","KernelVersion":"6.10.4-linuxkit","BuildTime":"2024-08-27T14:15:41.000000000+00:00"}[\n]"
10:40:19.609 [main] DEBUG com.github.dockerjava.zerodep.shaded.org.apache.hc.client5.http.wire -- http-outgoing-0 << "[\r][\n]"
10:40:19.609 [main] DEBUG com.github.dockerjava.zerodep.shaded.org.apache.hc.client5.http.wire -- http-outgoing-0 << "0[\r][\n]"
10:40:19.609 [main] DEBUG com.github.dockerjava.zerodep.shaded.org.apache.hc.client5.http.wire -- http-outgoing-0 << "[\r][\n]"
10:40:19.612 [main] DEBUG com.github.dockerjava.zerodep.shaded.org.apache.hc.client5.http.impl.classic.InternalHttpClient -- ep-00000001: releasing valid endpoint
10:40:19.612 [main] DEBUG com.github.dockerjava.zerodep.shaded.org.apache.hc.client5.http.impl.io.PoolingHttpClientConnectionManager -- ep-00000001: releasing endpoint
10:40:19.612 [main] DEBUG com.github.dockerjava.zerodep.shaded.org.apache.hc.client5.http.impl.io.PoolingHttpClientConnectionManager -- ep-00000001: connection http-outgoing-0 can be kept alive for 3 MINUTES
10:40:19.612 [main] DEBUG com.github.dockerjava.zerodep.shaded.org.apache.hc.client5.http.impl.io.PoolingHttpClientConnectionManager -- ep-00000001: connection released [route: {}->unix://localhost:2375][total available: 1; route allocated: 1 of 2147483647; total allocated: 1 of 2147483647]
10:40:19.612 [main] DEBUG org.testcontainers.DockerClientFactory -- Docker version: {Components=[{Name=Engine, Version=27.2.0, Details={ApiVersion=1.47, Arch=arm64, BuildTime=2024-08-27T14:15:41.000000000+00:00, Experimental=false, GitCommit=3ab5c7d, GoVersion=go1.21.13, KernelVersion=6.10.4-linuxkit, MinAPIVersion=1.24, Os=linux}}, {Name=containerd, Version=1.7.20, Details={GitCommit=8fc6bcff51318944179630522a095cc9dbf9f353}}, {Name=runc, Version=1.1.13, Details={GitCommit=v1.1.13-0-g58aa920}}, {Name=docker-init, Version=0.19.0, Details={GitCommit=de40ad0}}], KernelVersion=6.10.4-linuxkit, ApiVersion=1.47, Platform={Name=Docker Desktop 4.34.2 (167172)}, GitCommit=3ab5c7d, Os=linux, Version=27.2.0, MinAPIVersion=1.24, Arch=arm64, GoVersion=go1.21.13, BuildTime=2024-08-27T14:15:41.000000000+00:00}
10:40:19.612 [main] INFO org.testcontainers.DockerClientFactory -- Connected to docker: 
  Server Version: 27.2.0
  API Version: 1.47
  Operating System: Docker Desktop
  Total Memory: 3921 MB
10:40:19.617 [main] DEBUG org.testcontainers.utility.RyukResourceReaper -- Ryuk is enabled
10:40:19.618 [main] DEBUG org.testcontainers.utility.PrefixingImageNameSubstitutor -- No prefix is configured
10:40:19.618 [main] DEBUG org.testcontainers.utility.ImageNameSubstitutor -- Did not find a substitute image for testcontainers/ryuk:0.6.0 (using image substitutor: DefaultImageNameSubstitutor (composite of 'ConfigurationFileImageNameSubstitutor' and 'PrefixingImageNameSubstitutor'))
10:40:19.619 [main] DEBUG org.testcontainers.shaded.com.github.dockerjava.core.command.AbstrDockerCmd -- Cmd: ListImagesCmdImpl[filters=org.testcontainers.shaded.com.github.dockerjava.core.util.FiltersBuilder@0,imageNameFilter=<null>,showAll=false]
10:40:19.620 [main] DEBUG com.github.dockerjava.zerodep.shaded.org.apache.hc.client5.http.impl.classic.InternalHttpClient -- ex-00000003: preparing request execution
10:40:19.621 [main] DEBUG com.github.dockerjava.zerodep.shaded.org.apache.hc.client5.http.protocol.RequestAddCookies -- Cookie spec selected: strict
10:40:19.621 [main] DEBUG com.github.dockerjava.zerodep.shaded.org.apache.hc.client5.http.protocol.RequestAuthCache -- Auth cache not set in the context
10:40:19.621 [main] DEBUG com.github.dockerjava.zerodep.shaded.org.apache.hc.client5.http.impl.classic.ProtocolExec -- ex-00000003: target auth state: UNCHALLENGED
10:40:19.621 [main] DEBUG com.github.dockerjava.zerodep.shaded.org.apache.hc.client5.http.impl.classic.ProtocolExec -- ex-00000003: proxy auth state: UNCHALLENGED
10:40:19.621 [main] DEBUG com.github.dockerjava.zerodep.shaded.org.apache.hc.client5.http.impl.classic.ConnectExec -- ex-00000003: acquiring connection with route {}->unix://localhost:2375
10:40:19.621 [main] DEBUG com.github.dockerjava.zerodep.shaded.org.apache.hc.client5.http.impl.classic.InternalHttpClient -- ex-00000003: acquiring endpoint (3 MINUTES)
10:40:19.621 [main] DEBUG com.github.dockerjava.zerodep.shaded.org.apache.hc.client5.http.impl.io.PoolingHttpClientConnectionManager -- ex-00000003: endpoint lease request (3 MINUTES) [route: {}->unix://localhost:2375][total available: 1; route allocated: 1 of 2147483647; total allocated: 1 of 2147483647]
10:40:19.621 [main] DEBUG com.github.dockerjava.zerodep.shaded.org.apache.hc.client5.http.impl.io.PoolingHttpClientConnectionManager -- ex-00000003: endpoint leased [route: {}->unix://localhost:2375][total available: 0; route allocated: 1 of 2147483647; total allocated: 1 of 2147483647]
10:40:19.621 [main] DEBUG com.github.dockerjava.zerodep.shaded.org.apache.hc.client5.http.impl.io.PoolingHttpClientConnectionManager -- ex-00000003: acquired ep-00000002
10:40:19.621 [main] DEBUG com.github.dockerjava.zerodep.shaded.org.apache.hc.client5.http.impl.classic.InternalHttpClient -- ex-00000003: acquired endpoint ep-00000002
10:40:19.621 [main] DEBUG com.github.dockerjava.zerodep.shaded.org.apache.hc.client5.http.impl.classic.MainClientExec -- ex-00000003: executing GET /v1.32/images/json HTTP/1.1
10:40:19.621 [main] DEBUG com.github.dockerjava.zerodep.shaded.org.apache.hc.client5.http.impl.classic.InternalHttpClient -- ep-00000002: start execution ex-00000003
10:40:19.621 [main] DEBUG com.github.dockerjava.zerodep.shaded.org.apache.hc.client5.http.impl.io.PoolingHttpClientConnectionManager -- ep-00000002: executing exchange ex-00000003 over http-outgoing-0
10:40:19.621 [main] DEBUG com.github.dockerjava.zerodep.shaded.org.apache.hc.client5.http.headers -- http-outgoing-0 >> GET /v1.32/images/json HTTP/1.1
10:40:19.621 [main] DEBUG com.github.dockerjava.zerodep.shaded.org.apache.hc.client5.http.headers -- http-outgoing-0 >> accept: application/json
10:40:19.621 [main] DEBUG com.github.dockerjava.zerodep.shaded.org.apache.hc.client5.http.headers -- http-outgoing-0 >> x-tc-sid: f19e918b-ee3a-49e9-843b-bb73ce2bb29f
10:40:19.621 [main] DEBUG com.github.dockerjava.zerodep.shaded.org.apache.hc.client5.http.headers -- http-outgoing-0 >> User-Agent: tc-java/1.19.5
10:40:19.621 [main] DEBUG com.github.dockerjava.zerodep.shaded.org.apache.hc.client5.http.headers -- http-outgoing-0 >> Accept-Encoding: gzip, x-gzip, deflate
10:40:19.621 [main] DEBUG com.github.dockerjava.zerodep.shaded.org.apache.hc.client5.http.headers -- http-outgoing-0 >> Host: localhost:2375
10:40:19.621 [main] DEBUG com.github.dockerjava.zerodep.shaded.org.apache.hc.client5.http.headers -- http-outgoing-0 >> Connection: keep-alive
10:40:19.621 [main] DEBUG com.github.dockerjava.zerodep.shaded.org.apache.hc.client5.http.wire -- http-outgoing-0 >> "GET /v1.32/images/json HTTP/1.1[\r][\n]"
10:40:19.621 [main] DEBUG com.github.dockerjava.zerodep.shaded.org.apache.hc.client5.http.wire -- http-outgoing-0 >> "accept: application/json[\r][\n]"
10:40:19.621 [main] DEBUG com.github.dockerjava.zerodep.shaded.org.apache.hc.client5.http.wire -- http-outgoing-0 >> "x-tc-sid: f19e918b-ee3a-49e9-843b-bb73ce2bb29f[\r][\n]"
10:40:19.621 [main] DEBUG com.github.dockerjava.zerodep.shaded.org.apache.hc.client5.http.wire -- http-outgoing-0 >> "User-Agent: tc-java/1.19.5[\r][\n]"
10:40:19.621 [main] DEBUG com.github.dockerjava.zerodep.shaded.org.apache.hc.client5.http.wire -- http-outgoing-0 >> "Accept-Encoding: gzip, x-gzip, deflate[\r][\n]"
10:40:19.621 [main] DEBUG com.github.dockerjava.zerodep.shaded.org.apache.hc.client5.http.wire -- http-outgoing-0 >> "Host: localhost:2375[\r][\n]"
10:40:19.621 [main] DEBUG com.github.dockerjava.zerodep.shaded.org.apache.hc.client5.http.wire -- http-outgoing-0 >> "Connection: keep-alive[\r][\n]"
10:40:19.621 [main] DEBUG com.github.dockerjava.zerodep.shaded.org.apache.hc.client5.http.wire -- http-outgoing-0 >> "[\r][\n]"
10:40:19.633 [main] DEBUG com.github.dockerjava.zerodep.shaded.org.apache.hc.client5.http.wire -- http-outgoing-0 << "HTTP/1.1 200 OK[\r][\n]"
10:40:19.633 [main] DEBUG com.github.dockerjava.zerodep.shaded.org.apache.hc.client5.http.wire -- http-outgoing-0 << "Api-Version: 1.47[\r][\n]"
10:40:19.633 [main] DEBUG com.github.dockerjava.zerodep.shaded.org.apache.hc.client5.http.wire -- http-outgoing-0 << "Content-Type: application/json[\r][\n]"
10:40:19.633 [main] DEBUG com.github.dockerjava.zerodep.shaded.org.apache.hc.client5.http.wire -- http-outgoing-0 << "Date: Sat, 23 Nov 2024 18:40:19 GMT[\r][\n]"
10:40:19.633 [main] DEBUG com.github.dockerjava.zerodep.shaded.org.apache.hc.client5.http.wire -- http-outgoing-0 << "Docker-Experimental: false[\r][\n]"
10:40:19.633 [main] DEBUG com.github.dockerjava.zerodep.shaded.org.apache.hc.client5.http.wire -- http-outgoing-0 << "Ostype: linux[\r][\n]"
10:40:19.633 [main] DEBUG com.github.dockerjava.zerodep.shaded.org.apache.hc.client5.http.wire -- http-outgoing-0 << "Server: Docker/27.2.0 (linux)[\r][\n]"
10:40:19.633 [main] DEBUG com.github.dockerjava.zerodep.shaded.org.apache.hc.client5.http.wire -- http-outgoing-0 << "Transfer-Encoding: chunked[\r][\n]"
10:40:19.633 [main] DEBUG com.github.dockerjava.zerodep.shaded.org.apache.hc.client5.http.wire -- http-outgoing-0 << "[\r][\n]"
10:40:19.633 [main] DEBUG com.github.dockerjava.zerodep.shaded.org.apache.hc.client5.http.headers -- http-outgoing-0 << HTTP/1.1 200 OK
10:40:19.633 [main] DEBUG com.github.dockerjava.zerodep.shaded.org.apache.hc.client5.http.headers -- http-outgoing-0 << Api-Version: 1.47
10:40:19.633 [main] DEBUG com.github.dockerjava.zerodep.shaded.org.apache.hc.client5.http.headers -- http-outgoing-0 << Content-Type: application/json
10:40:19.634 [main] DEBUG com.github.dockerjava.zerodep.shaded.org.apache.hc.client5.http.headers -- http-outgoing-0 << Date: Sat, 23 Nov 2024 18:40:19 GMT
10:40:19.634 [main] DEBUG com.github.dockerjava.zerodep.shaded.org.apache.hc.client5.http.headers -- http-outgoing-0 << Docker-Experimental: false
10:40:19.634 [main] DEBUG com.github.dockerjava.zerodep.shaded.org.apache.hc.client5.http.headers -- http-outgoing-0 << Ostype: linux
10:40:19.634 [main] DEBUG com.github.dockerjava.zerodep.shaded.org.apache.hc.client5.http.headers -- http-outgoing-0 << Server: Docker/27.2.0 (linux)
10:40:19.634 [main] DEBUG com.github.dockerjava.zerodep.shaded.org.apache.hc.client5.http.headers -- http-outgoing-0 << Transfer-Encoding: chunked
10:40:19.634 [main] DEBUG com.github.dockerjava.zerodep.shaded.org.apache.hc.client5.http.impl.classic.MainClientExec -- ex-00000003: connection can be kept alive for 3 MINUTES
10:40:19.634 [main] DEBUG com.github.dockerjava.zerodep.shaded.org.apache.hc.client5.http.wire -- http-outgoing-0 << "938c[\r][\n]"
10:40:19.634 [main] DEBUG com.github.dockerjava.zerodep.shaded.org.apache.hc.client5.http.wire -- http-outgoing-0 << "[{"Containers":-1,"Created":1732304268,"Id":"sha256:707e05b1796c7a22013832ef73417115ae72f0dcc01474f37058ff73f07bb5ad","Labels":{"com.visualstudio.yammer.image.build.buildnumber":"20241103.1","com.visualstudio.yammer.image.build.builduri":"vstfs:///Build/Build/6846867","com.visualstudio.yammer.image.build.definitionname":"Build Docker Base Images","com.visualstudio.yammer.image.build.repository.name":"DockerBaseImages","com.visualstudio.yammer.image.build.repository.uri":"https://yammer.visualstudio.com/DockerBaseImages/_git/DockerBaseImages","com.visualstudio.yammer.image.build.sourcebranchname":"master","com.visualstudio.yammer.image.build.sourceversion":"abcd90b4746b725840c344d847a202f42301ae8b","com.visualstudio.yammer.image.system.teamfoundationcollectionuri":"https://yammer.visualstudio.com/","com.visualstudio.yammer.image.system.teamproject":"DockerBaseImages"},"ParentId":"","RepoDigests":["yamlab.azurecr.io/nudge/c5devlab15@sha256:fd4da4f4ffb21e3d5a87cc6670f58f13895beb15a5af13eaddc810e0d0dd84d3"],"RepoTags":["yamlab.azurecr.io/nudge/c5devlab15:20241122113746"],"SharedSize":-1,"Size":488856775,"VirtualSize":488856775},{"Containers":-1,"Created":1732256135,"Id":"sha256:684155bac127920c9dea58060380257ea36fcf4aca3626e28e021a370859d169","Labels":{"com.visualstudio.yammer.image.build.buildnumber":"20241117.1","com.visualstudio.yammer.image.build.builduri":"vstfs:///Build/Build/6898809","com.visualstudio.yammer.image.build.definitionname":"Build Docker Base Images","com.visualstudio.yammer.image.build.repository.name":"DockerBaseImages","com.visualstudio.yammer.image.build.repository.uri":"https://yammer.visualstudio.com/DockerBaseImages/_git/DockerBaseImages","com.visualstudio.yammer.image.build.sourcebranchname":"master","com.visualstudio.yammer.image.build.sourceversion":"faaee5d64ae634a812b5f034ece537ad346ba6a9","com.visualstudio.yammer.image.system.teamfoundationcollectionuri":"https://yammer.visualstudio.com/","com.visualstudio.yammer.image.system.teamproject":"DockerBaseImages"},"ParentId":"","RepoDigests":["yamlab.azurecr.io/grouper/c5devlab15@sha256:cc2f05c712a74f9b7da5c80357ee875b476d094d6e0ee9a6db4649aaede72ce1"],"RepoTags":["yamlab.azurecr.io/grouper/c5devlab15:20241121221525"],"SharedSize":-1,"Size":487781781,"VirtualSize":487781781},{"Containers":-1,"Created":1732255292,"Id":"sha256:d9cb26e6d46e7aa5d9de7c07ff55451e8c008d0058d86f6e8811e9f45eec3c32","Labels":{"com.visualstudio.yammer.image.build.buildnumber":"20241103.1","com.visualstudio.yammer.image.build.builduri":"vstfs:///Build/Build/6846867","com.visualstudio.yammer.image.build.definitionname":"Build Docker Base Images","com.visualstudio.yammer.image.build.repository.name":"DockerBaseImages","com.visualstudio.yammer.image.build.repository.uri":"https://yammer.visualstudio.com/DockerBaseImages/_git/DockerBaseImages","com.visualstudio.yammer.image.build.sourcebranchname":"master","com.visualstudio.yammer.image.build.sourceversion":"abcd90b4746b725840c344d847a202f42301ae8b","com.visualstudio.yammer.image.system.teamfoundationcollectionuri":"https://yammer.visualstudio.com/","com.visualstudio.yammer.image.system.teamproject":"DockerBaseImages"},"ParentId":"","RepoDigests":["yamlab.azurecr.io/nudge/c5devlab15@sha256:8f8c50c6e4e3b4d2ea4e28908ff355420edc3032eb1862b6ce2c517a6553eae9"],"RepoTags":["yamlab.azurecr.io/nudge/c5devlab15:20241121220131","yamlab.azurecr.io/nudge/c5devlab15:20241121220953"],"SharedSize":-1,"Size":488856775,"VirtualSize":488856775},{"Containers":-1,"Created":1732252807,"Id":"sha256:c2340e7b200ff2516aded051a380517f1c09664115291ff409ad0b10fbfe6855","Labels":{"com.visualstudio.yammer.image.build.buildnumber":"20241103.1","com.visualstudio.yammer.image.build.builduri":"vstfs:///Build/Build/6846867","com.visualstudio.yammer.image.build.definitionname":"Build Docker Base Images","com.visualstudio.yammer.image.build.repository.name":"DockerBaseImages","com.visualstudio.yammer.image.build.repository.uri":"https://yammer.visualstudio.com/DockerBaseImages/_git/DockerBaseImages","com.visualstudio.yammer.image.build.sourcebranchname":"master","com.visualstudio.yammer.image.build.sourceversion":"abcd90b4746b725840c344d847a202f42301ae8b","com.visualstudio.yammer.image.system.teamfoundationcollectionuri":"https://yammer.visualstudio.com/","com.visualstudio.yammer.image.system.teamproject":"DockerBaseImages"},"ParentId":"","RepoDigests":["yamlab.azurecr.io/nudge/c5devlab15@sha256:84dc1ccb0a44816eb6b59fd6f6deccb2d10d61b43f976d9fc2cbbb162c62abfd"],"RepoTags":["yamlab.azurecr.io/nudge/c5devlab15:20241121211953"],"SharedSize":-1,"Size":488856975,"VirtualSize":488856975},{"Containers":-1,"Created":1731611211,"Id":"sha256:12d0393194fae27f18bd47235cd2e5891f6d52652d2adc86b185cf802a336823","Labels":null,"ParentId":"","RepoDigests":["postgres@sha256:e7d3e4fdcdb4187649d50217c3a8fed20bee215cd19233004c9fb0eaeae5ecf0"],"RepoTags":["postgres:14"],"SharedSize":-1,"Size":444022455,"VirtualSize":444022455},{"Containers":-1,"Created":1724744173,"Id":"sha256:86e5e564559e43abc447fd5657885829f730a85da25fed3f29ed3a155936743b","Labels":{"org.testcontainers.ryuk":"true"},"ParentId":"","RepoDigests":["testcontainers/ryuk@sha256:448beed1b3fd18e9411dd4b6a26a04f3aa0fccf229502c9665ebe8d628c7d2c5"],"RepoTags":["testcontainers/ryuk:0.9.0"],"SharedSize":-1,"Size":15581991,"VirtualSize":15581991},{"Containers":-1,"Created":1719301894,"Id":"sha256:eba47ac783fc0b0f176fef693616a20845a53131071993ecabc9559035491a9f","Labels":{"maintainer":"Johan Andersson \u003cGrokzen@gmail.com\u003e"},"ParentId":"","RepoDigests":["grokzen/redis-cluster@sha256:5d2c9eb210e7a914c41b32ca97d153c90cd648d22d67ce65b3c821f6c0eff3d1"],"RepoTags":["grokzen/redis-cluster:6.2.11"],"SharedSize":-1,"Size":651341270,"VirtualSize":651341270},{"Containers":-1,"Created":1716784890,"Id":"sha256:fdab74df9ebdf1f234e79e813b009dd8097f575e7e3b3ffc4fa91fd5cf20c981","Labels":{"com.docker.compose.project":"ml_practice","com.docker.compose.service":"jupyter","com.docker.compose.version":"2.27.0"},"ParentId":"","RepoDigests":null,"RepoTags":["ml_practice-jupyter:latest"],"SharedSize":-1,"Size":1167530969,"VirtualSize":1167530969},{"Containers":-1,"Created":1716784875,"Id":"sha256:308e67bfd82115254f60d40853dcdb985de5f2912a01dd450b9d48aec212c397","Labels":{"com.docker.compose.project":"ml_practice","com.docker.compose.service":"base","com.docker.compose.version":"2.27.0"},"ParentId":"","RepoDigests":null,"RepoTags":["base:latest"],"SharedSize":-1,"Size":1563321036,"VirtualSize":1563321036},{"Containers":-1,"Created":1716704860,"Id":"sha256:03fdb8eb026e8cad5e7cf8b68e0d1b38d800cf6be3d9dbbcf95b7ff38378d931","Labels":{"com.docker.compose.project":"ml_practice","com.docker.compose.service":"base","com.docker.compose.version":"2.27.0"},"ParentId":"","RepoDigests":["\u003cnone\u003e@\u003cnone\u003e"],"RepoTags":["\u003cnone\u003e:\u003cnone\u003e"],"SharedSize":-1,"Size":1563320885,"VirtualSize":1563320885},{"Containers":-1,"Created":1716704860,"Id":"sha256:7d1e80763030db7163f3b87b8678fc0b26ba07530f4b3d45e8d1fb15a2602390","Labels":null,"ParentId":"","RepoDigests":["\u003cnone\u003e@\u003cnone\u003e"],"RepoTags":["\u003cnone\u003e:\u003cnone\u003e"],"SharedSize":-1,"Size":1563320885,"VirtualSize":1563320885},{"Containers":-1,"Created":1713657947,"Id":"sha256:40ba6bd923d63f2ffea40771a43c6269f77b148bf54da22b526bc4774c862db6","Labels":{"com.docker.compose.project":"workfeed-dev","com.docker.compose.service":"workfeed","com.docker.compose.version":"2.24.6"},"ParentId":"","RepoDigests":null,"RepoTags":["workfeed:dev-universal"],"SharedSize":-1,"Size":1327683314,"VirtualSize":1327683314},{"Containers":-1,"Created":1713406574,"Id":"sha256:e8ea3956b229ac5f2fcc76fb5d0f75c53bcc1771a019ac5075ccbfec269cd64b","Labels":{"com.docker.compose.project":"workfeed-dev","com.docker.compose.service":"workfeed","com.docker.compose.version":"2.24.6"},"ParentId":"","RepoDigests":["\u003cnone\u003e@\u003cnone\u003e"],"RepoTags":["\u003cnone\u003e:\u003cnone\u003e"],"SharedSize":-1,"Size":1327638154,"VirtualSize":1327638154},{"Containers":-1,"Created":1712353925,"Id":"sha256:5d2fefeb31b86fb36b67e5a920329724ed9519c1ffeca7fa3cc86b26b876237c","Labels":null,"ParentId":"","RepoDigests"
10:40:19.638 [main] DEBUG com.github.dockerjava.zerodep.shaded.org.apache.hc.client5.http.wire -- http-outgoing-0 << "":["mcr.microsoft.com/mirror/docker/library/memcached@sha256:0d201d2fd4541f7f4d217feb676e98bae2fa1862968dc88557e9317ac9b3b258","mcr.microsoft.com/mirror/docker/library/memcached@sha256:82625260027aa4d419f83100abf7e9dc83d1b841af276c0dc808cd911a1dbda0"],"RepoTags":["mcr.microsoft.com/mirror/docker/library/memcached:1.6"],"SharedSize":-1,"Size":107423489,"VirtualSize":107423489},{"Containers":-1,"Created":1709907598,"Id":"sha256:5386c8414cad3cdf9dd6bd8e4dc6c5c2e6675d05022787ba1444db9cc969df5a","Labels":{"org.testcontainers.ryuk":"true"},"ParentId":"","RepoDigests":["testcontainers/ryuk@sha256:bcbee39cd601396958ba1bd06ea14ad64ce0ea709de29a427d741d1f5262080a"],"RepoTags":["testcontainers/ryuk:0.7.0"],"SharedSize":-1,"Size":15363762,"VirtualSize":15363762},{"Containers":-1,"Created":1708476373,"Id":"sha256:4efec5a8a1b15d73fd6f2173f56b5ea72d49cdb23f9719f5226a02402178bd67","Labels":null,"ParentId":"","RepoDigests":["mcr.microsoft.com/mirror/docker/library/postgres@sha256:2ac982de480c673a93d7c7139ffd223854b9abbb06e9215a87c1f88853f33f22","mcr.microsoft.com/mirror/docker/library/postgres@sha256:e0c94e74a256a9e129ef7f6ae17fe5b6e803c56d06ff6ed1057d4158e8b39ad3"],"RepoTags":["mcr.microsoft.com/mirror/docker/library/postgres:12"],"SharedSize":-1,"Size":439974830,"VirtualSize":439974830},{"Containers":-1,"Created":1707154935,"Id":"sha256:562ab430d5f3027d13297ed2a71ffc84712bc0eab5c2afed4c6b59d7acaf5919","Labels":{"com.docker.compose.project":"workfeed-dev","com.docker.compose.service":"workfeed","com.docker.compose.version":"2.24.3"},"ParentId":"","RepoDigests":["\u003cnone\u003e@\u003cnone\u003e"],"RepoTags":["\u003cnone\u003e:\u003cnone\u003e"],"SharedSize":-1,"Size":1296115886,"VirtualSize":1296115886},{"Containers":-1,"Created":1707017393,"Id":"sha256:416106a0aa433b0ffd1bd6b32fc3c7541c087a56bf4253860f9b4cd2cdda207b","Labels":{"base.docker-init.version":"1d77edd","base.version":"69a0ff0","com.azure.dev.image.build.sourceversion":"69a0ff008cf22f9ee6ce04631345ce97fcb01687","com.azure.dev.image.system.teamfoundationcollectionuri":"yammer","com.visualstudio.yammer.image.system.teamfoundationcollectionuri":"yammer"},"ParentId":"","RepoDigests":["yamlab.azurecr.io/workfeed-web/c2englab76@sha256:d6cf9039fe75c92710fcd36274ce7c2a766405101c02cafd0f0dc4632844d220"],"RepoTags":["yamlab.azurecr.io/workfeed-web/c2englab76:20240203192950"],"SharedSize":-1,"Size":804153547,"VirtualSize":804153547},{"Containers":-1,"Created":1706918800,"Id":"sha256:ad23dc85acc71dacbf4394ae4d911c91e365b8466de96aec238e67042b4f46a5","Labels":{"base.docker-init.version":"1d77edd","base.version":"69a0ff0","com.azure.dev.image.build.sourceversion":"69a0ff008cf22f9ee6ce04631345ce97fcb01687","com.azure.dev.image.system.teamfoundationcollectionuri":"yammer","com.visualstudio.yammer.image.system.teamfoundationcollectionuri":"yammer"},"ParentId":"","RepoDigests":["yamlab.azurecr.io/workfeed-web/c2englab76@sha256:5b95e9f56ecc97b440c59cfec59094677475be39e8122dc8be3fc7ab38316778"],"RepoTags":["yamlab.azurecr.io/workfeed-web/c2englab76:20240202160000"],"SharedSize":-1,"Size":804151950,"VirtualSize":804151950},{"Containers":-1,"Created":1706836699,"Id":"sha256:7ee5ea6f479c148cd6ca73986c79ffbb7996e9b0f628a540b2231d9de3a46691","Labels":{"com.docker.compose.project":"workfeed-dev","com.docker.compose.service":"workfeed","com.docker.compose.version":"2.24.3"},"ParentId":"","RepoDigests":["\u003cnone\u003e@\u003cnone\u003e"],"RepoTags":["\u003cnone\u003e:\u003cnone\u003e"],"SharedSize":-1,"Size":1318585736,"VirtualSize":1318585736},{"Containers":-1,"Created":1706746770,"Id":"sha256:ecc468a651c59e77b04a8da18bab8fb50ba464fd25300d315c2b2ea73e1093ee","Labels":{"com.docker.compose.project":"workfeed-dev","com.docker.compose.service":"workfeed","com.docker.compose.version":"2.23.3"},"ParentId":"","RepoDigests":["\u003cnone\u003e@\u003cnone\u003e"],"RepoTags":["\u003cnone\u003e:\u003cnone\u003e"],"SharedSize":-1,"Size":1318585944,"VirtualSize":1318585944},{"Containers":-1,"Created":1706033878,"Id":"sha256:b3318ddfe38c666ec91133b644ceac031a220b4a0676941bf09920acd2e052d6","Labels":{"base.docker-init.version":"c2f7fea","base.version":"db529c0","com.azure.dev.image.build.sourceversion":"db529c07a2dcb3a85c97e1172d3009337b26af4b","com.azure.dev.image.system.teamfoundationcollectionuri":"yammer","com.visualstudio.yammer.image.system.teamfoundationcollectionuri":"yammer"},"ParentId":"","RepoDigests":["yamlab.azurecr.io/grouper/c2englab76@sha256:72b2c3af00fcfe01244674dbd40a6ee4ed8ba7bd801587c86a0fe1a47161efa6"],"RepoTags":["yamlab.azurecr.io/grouper/c2englab76:20240123101746"],"SharedSize":-1,"Size":429974707,"VirtualSize":429974707},{"Containers":-1,"Created":1704851650,"Id":"sha256:5b0ba1beb649bc3746892143c3d8b0bb3a93c0048ab87b0ba2dab632fd9ef110","Labels":null,"ParentId":"","RepoDigests":["mcr.microsoft.com/mirror/docker/library/memcached@sha256:482b94566745f9cf2e524e5a07b6dc948a835fa1f0b35d9ee4aa923133446406"],"RepoTags":null,"SharedSize":-1,"Size":125837929,"VirtualSize":125837929},{"Containers":-1,"Created":1704851650,"Id":"sha256:6c8d699449910b7ac3ddf91d5426959cc2ba738af46ead998d420e59a9c436ac","Labels":null,"ParentId":"","RepoDigests":["mcr.microsoft.com/mirror/docker/library/memcached@sha256:03931e8d8cddcfad7746ce5c02b2500b1364b7cd54a70bc8659e38489de568ec","mcr.microsoft.com/mirror/docker/library/memcached@sha256:6cfed7d42766c5152fd6755779bfce9f3c1ed3e78f12bde568af4ec9eec6533e"],"RepoTags":null,"SharedSize":-1,"Size":125895951,"VirtualSize":125895951},{"Containers":-1,"Created":1704483892,"Id":"sha256:3cced1cca077b135a26c89e85a2558548db5cad08b9304e604754a1173dec70c","Labels":{"base.docker-init.version":"c2f7fea","base.version":"9cb4adb","com.azure.dev.image.build.sourceversion":"9cb4adb4325121d2887c2cf75de4d5dc483d572b","com.azure.dev.image.system.teamfoundationcollectionuri":"yammer","com.visualstudio.yammer.image.system.teamfoundationcollectionuri":"yammer"},"ParentId":"","RepoDigests":["yamlab.azurecr.io/grouper/c2englab76@sha256:995b5e96398d7cea36b2ee9269c87f459bb01ea48105fa9569e501f18abffa15"],"RepoTags":["yamlab.azurecr.io/grouper/c2englab76:20240105114449"],"SharedSize":-1,"Size":421521327,"VirtualSize":421521327},{"Containers":-1,"Created":1704405160,"Id":"sha256:d1747f0a9e884d4e2cd81b1be82de9e86fc9879f0765fb437fa3ba5ccfb72173","Labels":null,"ParentId":"","RepoDigests":["mcr.microsoft.com/mirror/docker/library/postgres@sha256:08a22c27675249c82cac5a12f3ba4cbb374bd2d64f2fe7921faa537a782ef124"],"RepoTags":null,"SharedSize":-1,"Size":434921467,"VirtualSize":434921467},{"Containers":-1,"Created":1704405160,"Id":"sha256:f9e893d5c5bd896a5696582ca9325c849bafc2d584bb145db7badce3437fdc77","Labels":null,"ParentId":"","RepoDigests":["mcr.microsoft.com/mirror/docker/library/postgres@sha256:5be64d3d8b7e95ba58227f7529894c339c0804a95b3b6760e6df7d17ae215ae1","mcr.microsoft.com/mirror/docker/library/postgres@sha256:840ab410fe06322c9041f75319d79a69765321957ff6981598374eafacb88592"],"RepoTags":null,"SharedSize":-1,"Size":434850125,"VirtualSize":434850125},{"Containers":-1,"Created":1703169619,"Id":"sha256:00b74ac764e1bd0e8eefa5ca9ad4ff60b1e7a8099181b2446d7bb6695eac6fbf","Labels":{"org.testcontainers.ryuk":"true"},"ParentId":"","RepoDigests":["testcontainers/ryuk@sha256:739f19eb83b1710f22ff452d7bec9cdd3f53d0ba5ff4096c6516a85de88eba0c"],"RepoTags":["testcontainers/ryuk:0.6.0"],"SharedSize":-1,"Size":15036068,"VirtualSize":15036068},{"Containers":-1,"Created":1702589586,"Id":"sha256:5b0046802f208494df490a3eb0d5f1b8acb2dbb5b593d144978828b06be4667c","Labels":{"com.docker.compose.project":"workfeed-dev","com.docker.compose.service":"workfeed","com.docker.compose.version":"2.23.3"},"ParentId":"","RepoDigests":["\u003cnone\u003e@\u003cnone\u003e"],"RepoTags":["\u003cnone\u003e:\u003cnone\u003e"],"SharedSize":-1,"Size":1280999753,"VirtualSize":1280999753},{"Containers":-1,"Created":1702524037,"Id":"sha256:f9d6d9ee112368525369d7e4ebdd0b5f9252f40f84d77887a1a7dcf8a379df59","Labels":{"com.docker.compose.project":"workfeed-dev","com.docker.compose.s"
10:40:19.641 [main] DEBUG com.github.dockerjava.zerodep.shaded.org.apache.hc.client5.http.wire -- http-outgoing-0 << "ervice":"workfeed","com.docker.compose.version":"2.23.3"},"ParentId":"","RepoDigests":["\u003cnone\u003e@\u003cnone\u003e"],"RepoTags":["\u003cnone\u003e:\u003cnone\u003e"],"SharedSize":-1,"Size":1280999844,"VirtualSize":1280999844},{"Containers":-1,"Created":1702436630,"Id":"sha256:cbb2eaf6aed4c636c469e5ace55b7bfa07370d4bc1feb53a70f5996ad8005efc","Labels":{"base.docker-init.version":"c2f7fea","base.version":"9cb4adb","com.azure.dev.image.build.sourceversion":"9cb4adb4325121d2887c2cf75de4d5dc483d572b","com.azure.dev.image.system.teamfoundationcollectionuri":"yammer","com.visualstudio.yammer.image.system.teamfoundationcollectionuri":"yammer"},"ParentId":"","RepoDigests":["yamlab.azurecr.io/grouper/c2englab76@sha256:731636339adba2890ff77e1b3dc1cc8d72672e192e5376b7e968032423400300"],"RepoTags":["yamlab.azurecr.io/grouper/c2englab76:20231212190347"],"SharedSize":-1,"Size":421340074,"VirtualSize":421340074},{"Containers":-1,"Created":1702435719,"Id":"sha256:4b25a8d810f904205d656fea38c0dd3c9080a61224a59fe474c510c0ec06b0ce","Labels":{"base.docker-init.version":"c2f7fea","base.version":"9cb4adb","com.azure.dev.image.build.sourceversion":"9cb4adb4325121d2887c2cf75de4d5dc483d572b","com.azure.dev.image.system.teamfoundationcollectionuri":"yammer","com.visualstudio.yammer.image.system.teamfoundationcollectionuri":"yammer"},"ParentId":"","RepoDigests":["yamlab.azurecr.io/grouper/c2englab76@sha256:3d4a24d32e24ccd6423203126a9750fdc232ee188bb181df8d159cda6d22cb39"],"RepoTags":["yamlab.azurecr.io/grouper/c2englab76:20231212184834","yamlab.azurecr.io/grouper/c2englab76:20231212185235"],"SharedSize":-1,"Size":421340027,"VirtualSize":421340027},{"Containers":-1,"Created":1701988793,"Id":"sha256:38c749c1860bd5d7399eaeb94c3268585b98ad9785d638e15eb49e21e7801c41","Labels":null,"ParentId":"","RepoDigests":["mcr.microsoft.com/mirror/docker/library/postgres@sha256:ebea7de2ac0b96e84d328586c400122d3f7b8cc89f47df040f83844662af9363"],"RepoTags":null,"SharedSize":-1,"Size":434535557,"VirtualSize":434535557},{"Containers":-1,"Created":1701713327,"Id":"sha256:cf26c17403ed5a4db96ddd8b41aeb2fd45483f897882a57972c994c95a44c5dd","Labels":null,"ParentId":"","RepoDigests":["mcr.microsoft.com/mirror/docker/library/memcached@sha256:c0aa354cc777aa9bdbaf3789db81b1b1802be11940498801dbe1562999d5671e"],"RepoTags":null,"SharedSize":-1,"Size":133523352,"VirtualSize":133523352},{"Containers":-1,"Created":1700695461,"Id":"sha256:616a3b78f9ce85c0195d0881e688b9d6417866416e76f4aeccd5bf4792caf25b","Labels":{"com.docker.compose.project":"workfeed-dev","com.docker.compose.service":"workfeed","com.docker.compose.version":"2.23.0"},"ParentId":"","RepoDigests":["\u003cnone\u003e@\u003cnone\u003e"],"RepoTags":["\u003cnone\u003e:\u003cnone\u003e"],"SharedSize":-1,"Size":1273377863,"VirtualSize":1273377863},{"Containers":-1,"Created":1700584572,"Id":"sha256:1be2fdcbe0d94a24307dbfef1a7cb8a1ce7d072257d122d73c2dda993531f523","Labels":{"com.docker.compose.project":"workfeed-dev","com.docker.compose.service":"workfeed","com.docker.compose.version":"2.23.0"},"ParentId":"","RepoDigests":["\u003cnone\u003e@\u003cnone\u003e"],"RepoTags":["\u003cnone\u003e:\u003cnone\u003e"],"SharedSize":-1,"Size":1273377864,"VirtualSize":1273377864},{"Containers":-1,"Created":1700458960,"Id":"sha256:38cd20cee0e0af778ca1da87070d935b0c694f342de4bd0b237c02293327abdb","Labels":{"base.docker-init.version":"c2f7fea","base.version":"9cb4adb","com.azure.dev.image.build.sourceversion":"9cb4adb4325121d2887c2cf75de4d5dc483d572b","com.azure.dev.image.system.teamfoundationcollectionuri":"yammer","com.visualstudio.yammer.image.system.teamfoundationcollectionuri":"yammer"},"ParentId":"","RepoDigests":["yamlab.azurecr.io/grouper/c2englab76@sha256:add32213a92e6d4eb32e2dce8cbd5c30df1900de2c8fc50f791398050e44a851"],"RepoTags":["yamlab.azurecr.io/grouper/c2englab76:20231119214237","yamlab.azurecr.io/grouper/c2englab76:20231120092140","yamlab.azurecr.io/grouper/c2englab76:20231120183814"],"SharedSize":-1,"Size":421959204,"VirtualSize":421959204},{"Containers":-1,"Created":1700300658,"Id":"sha256:48ee87a2500f6ccfa5ae45d39dec31431797fcd7e1a151506fc248a8cf5cd1ba","Labels":{"base.docker-init.version":"c2f7fea","base.version":"9cb4adb","com.azure.dev.image.build.sourceversion":"9cb4adb4325121d2887c2cf75de4d5dc483d572b","com.azure.dev.image.system.teamfoundationcollectionuri":"yammer","com.visualstudio.yammer.image.system.teamfoundationcollectionuri":"yammer"},"ParentId":"","RepoDigests":["yamlab.azurecr.io/grouper/c2englab76@sha256:760c13b050c1081c58c9c78adc82aa739045b20bde0b9bf7a28e536ae6d37c1d"],"RepoTags":["yamlab.azurecr.io/grouper/c2englab76:20231118014416"],"SharedSize":-1,"Size":421934989,"VirtualSize":421934989},{"Containers":-1,"Created":1700294926,"Id":"sha256:d61c9b244feca8f638b19953ac874fddddff84c60642e577a28330add51d8ec3","Labels":{"base.docker-init.version":"c2f7fea","base.version":"9cb4adb","com.azure.dev.image.build.sourceversion":"9cb4adb4325121d2887c2cf75de4d5dc483d572b","com.azure.dev.image.system.teamfoundationcollectionuri":"yammer","com.visualstudio.yammer.image.system.teamfoundationcollectionuri":"yammer"},"ParentId":"","RepoDigests":["yamlab.azurecr.io/grouper/c2englab76@sha256:4055b8a7bd3e77af19ea0756b4e409d9e910449efe70b10a05e0cb3eebfa80e6"],"RepoTags":["yamlab.azurecr.io/grouper/c2englab76:20231118000844"],"SharedSize":-1,"Size":421956294,"VirtualSize":421956294},{"Containers":-1,"Created":1700161789,"Id":"sha256:30cc166bec8d84c3be8ce980bf914463ae8834d24b861fd7b121180baa8fb854","Labels":{"com.docker.compose.project":"workfeed-dev","com.docker.compose.service":"workfeed","com.docker.compose.version":"2.23.0"},"ParentId":"","RepoDigests":["\u003cnone\u003e@\u003cnone\u003e"],"RepoTags":["\u003cnone\u003e:\u003cnone\u003e"],"SharedSize":-1,"Size":1294223502,"VirtualSize":1294223502},{"Containers":-1,"Created":1700105725,"Id":"sha256:090207b377d3aed8d4e90ecb9baaf22159728bc6406cf073e4a673c169c9ebc8","Labels":{"base.docker-init.version":"c2f7fea","base.version":"9cb4adb","com.azure.dev.image.build.sourceversion":"9cb4adb4325121d2887c2cf75de4d5dc483d572b","com.azure.dev.image.system.teamfoundationcollectionuri":"yammer","com.visualstudio.yammer.image.system.teamfoundationcollectionuri":"yammer"},"ParentId":"","RepoDigests":["yamlab.azurecr.io/grouper/c2englab76@sha256:4cbf488167f0186e62db493b52083baec91f4d1acf9186ede103259df41a1f11"],"RepoTags":["yamlab.azurecr.io/grouper/c2englab76:20231115193523"],"SharedSize":-1,"Size":421956239,"VirtualSize":421956239},{"Containers":-1,"Created":1700087467,"Id":"sha256:a74671ad504eef3c4dc9fba51d5b9ae7f8d28a74075c635286d736ca25c55362","Labels":{"base.docker-init.version":"c2f7fea","base.version":"9cb4adb","com.azure.dev.image.build.sourceversion":"9cb4adb4325121d2887c2cf75de4d5dc483d572b","com.azure.dev.image.system.teamfoundationcollectionuri":"yammer","com.visualstudio.yammer.image.system.teamfoundationcollectionuri":"yammer"},"ParentId":"","RepoDigests":["yamlab.azurecr.io/grouper/c2englab76@sha256:ffa463413d81d0e1d8205a5bd9705f9f556c4a755256f6bc545afc705f3fdaae"],"RepoTags":["yamlab.azurecr.io/grouper/c2englab76:20231115143103"],"SharedSize":-1,"Size":421955993,"VirtualSize":421955993},{"Containers":-1,"Created":1700082359,"Id":"sha256:f245d95e00d5ae046e2b390477736e2d4868bff7d8c3887bb26061a236ea9cec","Labels":{"base.docker-init.version":"c2f7fea","base.version":"9cb4adb","com.azure.dev.image.build.sourceversion":"9cb4adb4325121d2887c2cf75de4d5dc483d572b","com.azure.dev.image.system.teamfoundationcollectionuri":"yammer","com.visualstudio.yammer.image.system.teamfoundationcollectionuri":"yammer"},"ParentId":"","RepoDigests":["yamlab.azurecr.io/grouper/c2englab76@sha256:4308e83fd7b4f23e1595ee88087311e68e6b8511df55be4a260754010f64635c"],"RepoTags":["yamlab.azurecr.io/grouper/c2englab76:20231115130556"],"SharedSize":-1,"Size":421955616,"VirtualSize":421955616},{"Containers":-1,"Created":1700081626,"Id":"sha256:e37f48dd3f57c56ecb39c02a29eff0d267d7d276b1dfef212fc9307a4ca7a27a","Labels":{"base.docker-init.vers"
10:40:19.642 [main] DEBUG com.github.dockerjava.zerodep.shaded.org.apache.hc.client5.http.wire -- http-outgoing-0 << "ion":"c2f7fea","base.version":"9cb4adb","com.azure.dev.image.build.sourceversion":"9cb4adb4325121d2887c2cf75de4d5dc483d572b","com.azure.dev.image.system.teamfoundationcollectionuri":"yammer","com.visualstudio.yammer.image.system.teamfoundationcollectionuri":"yammer"},"ParentId":"","RepoDigests":["yamlab.azurecr.io/grouper/c2englab76@sha256:d2d014f6edbacbb9f1c440e2fe15794b0a11410685b178e128c052f807e47dee"],"RepoTags":["yamlab.azurecr.io/grouper/c2englab76:20231115125344"],"SharedSize":-1,"Size":421934619,"VirtualSize":421934619},{"Containers":-1,"Created":1700066105,"Id":"sha256:272032056a6083ed209a85ce8d424b652a2c9557d04b4e1b3bd56e68f350a1e0","Labels":{"base.docker-init.version":"c2f7fea","base.version":"9cb4adb","com.azure.dev.image.build.sourceversion":"9cb4adb4325121d2887c2cf75de4d5dc483d572b","com.azure.dev.image.system.teamfoundationcollectionuri":"yammer","com.visualstudio.yammer.image.system.teamfoundationcollectionuri":"yammer"},"ParentId":"","RepoDigests":["yamlab.azurecr.io/grouper/c2englab76@sha256:c352ec28a19394325f2006dd6afbb1b6449ea93e030ab476affacaced9941db6"],"RepoTags":["yamlab.azurecr.io/grouper/c2englab76:20231115083503","yamlab.azurecr.io/grouper/c2englab76:20231115083858"],"SharedSize":-1,"Size":421934477,"VirtualSize":421934477},{"Containers":-1,"Created":1700003569,"Id":"sha256:b6d2169ff0a61cb74908c986eef4e109f5e4f96ef0ce25804218fd5d9200d1e4","Labels":{"base.docker-init.version":"c2f7fea","base.version":"9cb4adb","com.azure.dev.image.build.sourceversion":"9cb4adb4325121d2887c2cf75de4d5dc483d572b","com.azure.dev.image.system.teamfoundationcollectionuri":"yammer","com.visualstudio.yammer.image.system.teamfoundationcollectionuri":"yammer"},"ParentId":"","RepoDigests":["yamlab.azurecr.io/grouper/c2englab76@sha256:b3dd17cfd5ffb8ba67bd1b1bb344e194f27e2088b264dac23c796175e77eb2ab"],"RepoTags":["yamlab.azurecr.io/grouper/c2englab76:20231114151247"],"SharedSize":-1,"Size":421934100,"VirtualSize":421934100},{"Containers":-1,"Created":1700003077,"Id":"sha256:0e1547e083c69e82bd8b797f47bb437ba9d4bb426a416a506e48c70466a0ba67","Labels":{"base.docker-init.version":"c2f7fea","base.version":"9cb4adb","com.azure.dev.image.build.sourceversion":"9cb4adb4325121d2887c2cf75de4d5dc483d572b","com.azure.dev.image.system.teamfoundationcollectionuri":"yammer","com.visualstudio.yammer.image.system.teamfoundationcollectionuri":"yammer"},"ParentId":"","RepoDigests":["yamlab.azurecr.io/grouper/c2englab76@sha256:221da8879eb8554f4be9a5936d8b3d7a37bab917be337df1a3b4c37989ad0390"],"RepoTags":["yamlab.azurecr.io/grouper/c2englab76:20231114150435"],"SharedSize":-1,"Size":421933968,"VirtualSize":421933968},{"Containers":-1,"Created":1700002556,"Id":"sha256:a5af326adcd8cb5dfd3f7f9e94c89ed561ac3e26a3cda0a3f133250434cfc316","Labels":{"base.docker-init.version":"c2f7fea","base.version":"9cb4adb","com.azure.dev.image.build.sourceversion":"9cb4adb4325121d2887c2cf75de4d5dc483d572b","com.azure.dev.image.system.teamfoundationcollectionuri":"yammer","com.visualstudio.yammer.image.system.teamfoundationcollectionuri":"yammer"},"ParentId":"","RepoDigests":["yamlab.azurecr.io/grouper/c2englab76@sha256:02f1187d835b523b731e93c9cd54b5bacea42505a90ee39a8ec33ca7a8067206"],"RepoTags":["yamlab.azurecr.io/grouper/c2englab76:20231114145553"],"SharedSize":-1,"Size":421934720,"VirtualSize":421934720},{"Containers":-1,"Created":1700001937,"Id":"sha256:6f6700613b7edadd2e3e70f745e04be8b530fd51feee1bced8860780fac54658","Labels":{"base.docker-init.version":"c2f7fea","base.version":"9cb4adb","com.azure.dev.image.build.sourceversion":"9cb4adb4325121d2887c2cf75de4d5dc483d572b","com.azure.dev.image.system.teamfoundationcollectionuri":"yammer","com.visualstudio.yammer.image.system.teamfoundationcollectionuri":"yammer"},"ParentId":"","RepoDigests":["yamlab.azurecr.io/grouper/c2englab76@sha256:588368b1abb34b06ac212e407359e212674b1815c339b8ec3405ab5eaa00749f"],"RepoTags":["yamlab.azurecr.io/grouper/c2englab76:20231114144535"],"SharedSize":-1,"Size":421956051,"VirtualSize":421956051},{"Containers":-1,"Created":1699940971,"Id":"sha256:30aeec02e4e33e4c4a3b4cca4609c63c7c6248cb4b2df9d78d0cb434fa615a85","Labels":{"base.docker-init.version":"c2f7fea","base.version":"9cb4adb","com.azure.dev.image.build.sourceversion":"9cb4adb4325121d2887c2cf75de4d5dc483d572b","com.azure.dev.image.system.teamfoundationcollectionuri":"yammer","com.visualstudio.yammer.image.system.teamfoundationcollectionuri":"yammer"},"ParentId":"","RepoDigests":["yamlab.azurecr.io/grouper/c2englab76@sha256:c7d7625e6e7db202935a953946c27828dccb508ae6cf2f986287c5468612d52b"],"RepoTags":["yamlab.azurecr.io/grouper/c2englab76:20231113214928"],"SharedSize":-1,"Size":421955364,"VirtualSize":421955364},{"Containers":-1,"Created":1699926171,"Id":"sha256:d2dbddc6f059e19330a36ae84482f90334184ad3b679376a80ac6a94c9666a10","Labels":{"base.docker-init.version":"c2f7fea","base.version":"9cb4adb","com.azure.dev.image.build.sourceversion":"9cb4adb4325121d2887c2cf75de4d5dc483d572b","com.azure.dev.image.system.teamfoundationcollectionuri":"yammer","com.visualstudio.yammer.image.system.teamfoundationcollectionuri":"yammer"},"ParentId":"","RepoDigests":["yamlab.azurecr.io/grouper/c2englab76@sha256:d913b86c8ce3c21b0a36df8c1254d0d4d78b6acae177374dd3ab60fd3b76a1e4"],"RepoTags":["yamlab.azurecr.io/grouper/c2englab76:20231113174249"],"SharedSize":-1,"Size":421932487,"VirtualSize":421932487},{"Containers":-1,"Created":1699924257,"Id":"sha256:f881b4f76e0a6ce3728e8d1b8a501788006636ed32d3e669698c890ace8f6a23","Labels":{"base.docker-init.version":"c2f7fea","base.version":"9cb4adb","com.azure.dev.image.build.sourceversion":"9cb4adb4325121d2887c2cf75de4d5dc483d572b","com.azure.dev.image.system.teamfoundationcollectionuri":"yammer","com.visualstudio.yammer.image.system.teamfoundationcollectionuri":"yammer"},"ParentId":"","RepoDigests":["yamlab.azurecr.io/grouper/c2englab76@sha256:6d9ea9818fd3aee1ab4c298d53cd86599554dc996b1ac86e3b6da8518ac44005"],"RepoTags":["yamlab.azurecr.io/grouper/c2englab76:20231113171055"],"SharedSize":-1,"Size":421952409,"VirtualSize":421952409},{"Containers":-1,"Created":1699847699,"Id":"sha256:751b8432795bd168723d15e9f1feb2c2aebdceb0e5e947b2266091a21d78cfd8","Labels":{"base.docker-init.version":"c2f7fea","base.version":"9cb4adb","com.azure.dev.image.build.sourceversion":"9cb4adb4325121d2887c2cf75de4d5dc483d572b","com.azure.dev.image.system.teamfoundationcollectionuri":"yammer","com.visualstudio.yammer.image.system.teamfoundationcollectionuri":"yammer"},"ParentId":"","RepoDigests":["yamlab.azurecr.io/grouper/c2englab76@sha256:4f5ee10499de3620c1756c6feda9658662e2169aea37fe2f9cc157a37c07f287"],"RepoTags":["yamlab.azurecr.io/grouper/c2englab76:20231112195457"],"SharedSize":-1,"Size":421943266,"VirtualSize":421943266},{"Containers":-1,"Created":1699846182,"Id":"sha256:a8a288b06c76f272cbb219e37288629b0be304fcd37a6a196ef23e7ecc719968","Labels":{"base.docker-init.version":"c2f7fea","base.version":"9cb4adb","com.azure.dev.image.build.sourceversion":"9cb4adb4325121d2887c2cf75de4d5dc483d572b","com.azure.dev.image.system.teamfoundationcollectionuri":"yammer","com.visualstudio.yammer.image.system.teamfoundationcollectionuri":"yammer"},"ParentId":"","RepoDigests":["yamlab.azurecr.io/grouper/c2englab76@sha256:cce7a4de7d794e4d9bc3cbdf2aeabe361b7c8bf519079a60975b3fea3c734724"],"RepoTags":["yamlab.azurecr.io/grouper/c2englab76:20231112192940"],"SharedSize":-1,"Size":421941722,"VirtualSize":421941722},{"Containers":-1,"Created":1699845617,"Id":"sha256:7984bcc68d0b416a8819ab9d90a016d0769f55b312ff912f102645e3986ddae8","Labels":{"base.docker-init.version":"c2f7fea","base.version":"9cb4adb","com.azure.dev.image.build.sourceversion":"9cb4adb4325121d2887c2cf75de4d5dc483d572b","com.azure.dev.image.system.teamfoundationcollectionuri":"yammer","com.visualstudio.yammer.image.system.teamfoundationcollectionuri":"yammer"},"ParentId":"","RepoDigests":["yamlab.azurecr.io/grouper/c2englab76@sha256:5ac01f4b01c0fbbdc706d87148d14b4fd7cc668701a6cfea758cfca9563cbb6e"],"RepoTags":["yamlab.azur"
10:40:19.644 [main] DEBUG com.github.dockerjava.zerodep.shaded.org.apache.hc.client5.http.wire -- http-outgoing-0 << "ecr.io/grouper/c2englab76:20231112192008"],"SharedSize":-1,"Size":421822546,"VirtualSize":421822546},{"Containers":-1,"Created":1699557369,"Id":"sha256:9c2bea28dc6413c7e3a640963383e087d5e172199d5d57cfa0eb897a81ea9aff","Labels":null,"ParentId":"","RepoDigests":["mcr.microsoft.com/mirror/docker/library/postgres@sha256:09325cf697f8060f681be3111a1d6706e1ba3d91c7bcf2f038a76182cdeab92b"],"RepoTags":null,"SharedSize":-1,"Size":434535531,"VirtualSize":434535531},{"Containers":-1,"Created":1699557369,"Id":"sha256:349db9297e68532e24a72ad44a39377f6f7f7cdeffa3bc736138166639c35ee8","Labels":null,"ParentId":"","RepoDigests":["mcr.microsoft.com/mirror/docker/library/postgres@sha256:0b9a847fbd48f9c87686b83348d7a84c20ad3eec3581c16cbd62f6d9f956359e"],"RepoTags":null,"SharedSize":-1,"Size":434535543,"VirtualSize":434535543},{"Containers":-1,"Created":1697439252,"Id":"sha256:6bf8f94ac8224ebb954db60c9a14597a63a9db0a681e8e63db23c88e1986a028","Labels":null,"ParentId":"","RepoDigests":["mcr.microsoft.com/mirror/docker/library/memcached@sha256:3b23689883ca1cc81cfac20e73488d5a2a3ca2b0077cbec0bf1454d9637e2d83"],"RepoTags":null,"SharedSize":-1,"Size":125891015,"VirtualSize":125891015},{"Containers":-1,"Created":1697439252,"Id":"sha256:f05ec0c73b4afc866c99864d86b1c66deb5d8bda84bf2cc78e1e763e0ed6a263","Labels":null,"ParentId":"","RepoDigests":["mcr.microsoft.com/mirror/docker/library/memcached@sha256:6b97f5b9c427338e8f74a3b8b5645d53a7845a52969db2e0b29920d645c02ef3"],"RepoTags":null,"SharedSize":-1,"Size":125891015,"VirtualSize":125891015},{"Containers":-1,"Created":1696126478,"Id":"sha256:ab7e635a2b24371197ce359a53d98027a9d2d36d6937979cffe63f7eba4a2b52","Labels":{"devcontainer.metadata":"{\"customizations\":{\"vscode\":{\"extensions\":[\"augustocdias.tasks-shell-input\",\"vscjava.vscode-java-pack\",\"redhat.vscode-xml\",\"shengchen.vscode-checkstyle\",\"GitHub.copilot\"],\"settings\":{\"remote.containers.workspaceMountConsistency\":\"delegated\",\"files.eol\":\"\\n\"}}},\"mounts\":[\"source=yamdevcontainers_home,target=/home/vscode,type=volume\",\"source=/var/run/docker.sock,target=/var/run/docker.sock,type=bind\"],\"containerEnv\":{\"HOST_USER\":\"${env:USERNAME}${env:USER}\",\"AZURE_CONFIG_DIR\":\"/home/${env:USERNAME}${env:USER}/.azure\",\"HOST_TYPE\":\"vscode\",\"IN_DEVCONTAINER\":\"true\"},\"overrideCommand\":false}"},"ParentId":"","RepoDigests":null,"RepoTags":["vsc-graph-svc-7768b7d19f0958925710a90ead81b9099df8b40b89272f91c403675eecf4b20a:latest"],"SharedSize":-1,"Size":2730498236,"VirtualSize":2730498236},{"Containers":-1,"Created":1696126478,"Id":"sha256:af4c4297ffd122a271c5de07e17b7355453ba46a35ae4ee54bc9813c28c6306d","Labels":null,"ParentId":"","RepoDigests":["yammershared.azurecr.io/yamdevcontainer-java-17@sha256:96ba29e957025527400c34bc27f84f81fb8dc3a9d6c05fce5f34973a53c8dafe"],"RepoTags":["yammershared.azurecr.io/yamdevcontainer-java-17:latest"],"SharedSize":-1,"Size":2730498236,"VirtualSize":2730498236},{"Containers":-1,"Created":1684336517,"Id":"sha256:8be3fdcaa3e89af39fed008cb8812a360bc4aae7098c708363ad773b4ea83315","Labels":{"org.testcontainers.ryuk":"true"},"ParentId":"","RepoDigests":["testcontainers/ryuk@sha256:533abc56c07b52a26c955d1e7ae428d810582ab01c156384ae79960eb5fa0775"],"RepoTags":["testcontainers/ryuk:0.5.1"],"SharedSize":-1,"Size":12171500,"VirtualSize":12171500},{"Containers":-1,"Created":1662811774,"Id":"sha256:62d71c486891b1f30bf91c38e0c9d9cc074d9cd070624b66e78ef0577a0e3bf9","Labels":{"org.opencontainers.image.created":"2022-09-10T12:09:30Z","org.opencontainers.image.description":"toxiproxy","org.opencontainers.image.licenses":"MIT","org.opencontainers.image.revision":"30ea6dd47f0e853dd4bdd490b003b939aaa3ed9c","org.opencontainers.image.source":"https://github.com/Shopify/toxiproxy","org.opencontainers.image.title":"toxiproxy","org.opencontainers.image.url":"https://github.com/Shopify/toxiproxy","org.opencontainers.image.version":"2.5.0"},"ParentId":"","RepoDigests":["yammershared.azurecr.io/shopify/toxiproxy@sha256:927c797a2115a193ae3a527e5a36782b938419904ac6706ca0efa029ebea58cb"],"RepoTags":["yammershared.azurecr.io/shopify/toxiproxy:2.5.0"],"SharedSize":-1,"Size":17170432,"VirtualSize":17170432},{"Containers":-1,"Created":1608726294,"Id":"sha256:e2d000c231995a9d5c446fca4bdac8fd318e4c39efcbdd7ff2a60b51eba69f6c","Labels":null,"ParentId":"","RepoDigests":["testcontainers/ryuk@sha256:58345bdf4fd056f7c5b772319c444d6a8dbbbad112d60b9e8023637cda6a6e30"],"RepoTags":["testcontainers/ryuk:0.3.1"],"SharedSize":-1,"Size":11483795,"VirtualSize":11483795},{"Containers":-1,"Created":1552045593,"Id":"sha256:ef6dfd9f945a2b90bc7decf8723fa49a2b0f0be38e5c104b51bf22185b3cdf8e","Labels":null,"ParentId":"","RepoDigests":["redis@sha256:f8c22abc77f3f9cc1c2516062e4a2a71375859d7922da3faf9e4160e6ba4c3c2"],"RepoTags":["redis:5.0.3-alpine"],"SharedSize":-1,"Size":50755772,"VirtualSize":50755772},{"Containers":-1,"Created":1531300368,"Id":"sha256:458fb0aa0ea91f08d0a5bc3c722d4f36d1d4595f53363073bbaae913108dde6c","Labels":null,"ParentId":"","RepoDigests":["postgres@sha256:b8c86a81ee24b9e433a97109ab570c6f7ceed2c4a34aca4cb20ead344adc7a0c"],"RepoTags":["postgres:9.6.9-alpine"],"SharedSize":-1,"Size":37544856,"VirtualSize":37544856},{"Containers":-1,"Created":1473800015,"Id":"sha256:0e11e86800df9de40d87aecdff75123f6d303e2a4667ca4f735663f88f8e2097","Labels":{},"ParentId":"","RepoDigests":["yammershared.azurecr.io/pshaw/feedie@sha256:41ab006786791b36d7350ad9653b56e7ff49ee7631202b44b588b87a1f62e618"],"RepoTags":["yammershared.azurecr.io/pshaw/feedie:latest"],"SharedSize":-1,"Size":626553274,"VirtualSize":626553274}][\n]"
10:40:19.645 [main] DEBUG com.github.dockerjava.zerodep.shaded.org.apache.hc.client5.http.wire -- http-outgoing-0 << "[\r][\n]"
10:40:19.645 [main] DEBUG com.github.dockerjava.zerodep.shaded.org.apache.hc.client5.http.wire -- http-outgoing-0 << "0[\r][\n]"
10:40:19.645 [main] DEBUG com.github.dockerjava.zerodep.shaded.org.apache.hc.client5.http.wire -- http-outgoing-0 << "[\r][\n]"
10:40:19.645 [main] DEBUG com.github.dockerjava.zerodep.shaded.org.apache.hc.client5.http.impl.classic.InternalHttpClient -- ep-00000002: releasing valid endpoint
10:40:19.645 [main] DEBUG com.github.dockerjava.zerodep.shaded.org.apache.hc.client5.http.impl.io.PoolingHttpClientConnectionManager -- ep-00000002: releasing endpoint
10:40:19.645 [main] DEBUG com.github.dockerjava.zerodep.shaded.org.apache.hc.client5.http.impl.io.PoolingHttpClientConnectionManager -- ep-00000002: connection http-outgoing-0 can be kept alive for 3 MINUTES
10:40:19.645 [main] DEBUG com.github.dockerjava.zerodep.shaded.org.apache.hc.client5.http.impl.io.PoolingHttpClientConnectionManager -- ep-00000002: connection released [route: {}->unix://localhost:2375][total available: 1; route allocated: 1 of 2147483647; total allocated: 1 of 2147483647]
10:40:19.647 [main] DEBUG org.testcontainers.images.LocalImagesCache -- repoTags is null, skipping image: Image(created=1704851650, id=sha256:5b0ba1beb649bc3746892143c3d8b0bb3a93c0048ab87b0ba2dab632fd9ef110, parentId=, repoTags=null, repoDigests=[mcr.microsoft.com/mirror/docker/library/memcached@sha256:482b94566745f9cf2e524e5a07b6dc948a835fa1f0b35d9ee4aa923133446406], size=125837929, virtualSize=125837929, sharedSize=-1, labels=null, containers=-1)
10:40:19.647 [main] DEBUG org.testcontainers.images.LocalImagesCache -- repoTags is null, skipping image: Image(created=1704851650, id=sha256:6c8d699449910b7ac3ddf91d5426959cc2ba738af46ead998d420e59a9c436ac, parentId=, repoTags=null, repoDigests=[mcr.microsoft.com/mirror/docker/library/memcached@sha256:03931e8d8cddcfad7746ce5c02b2500b1364b7cd54a70bc8659e38489de568ec, mcr.microsoft.com/mirror/docker/library/memcached@sha256:6cfed7d42766c5152fd6755779bfce9f3c1ed3e78f12bde568af4ec9eec6533e], size=125895951, virtualSize=125895951, sharedSize=-1, labels=null, containers=-1)
10:40:19.647 [main] DEBUG org.testcontainers.images.LocalImagesCache -- repoTags is null, skipping image: Image(created=1704405160, id=sha256:d1747f0a9e884d4e2cd81b1be82de9e86fc9879f0765fb437fa3ba5ccfb72173, parentId=, repoTags=null, repoDigests=[mcr.microsoft.com/mirror/docker/library/postgres@sha256:08a22c27675249c82cac5a12f3ba4cbb374bd2d64f2fe7921faa537a782ef124], size=434921467, virtualSize=434921467, sharedSize=-1, labels=null, containers=-1)
10:40:19.647 [main] DEBUG org.testcontainers.images.LocalImagesCache -- repoTags is null, skipping image: Image(created=1704405160, id=sha256:f9e893d5c5bd896a5696582ca9325c849bafc2d584bb145db7badce3437fdc77, parentId=, repoTags=null, repoDigests=[mcr.microsoft.com/mirror/docker/library/postgres@sha256:5be64d3d8b7e95ba58227f7529894c339c0804a95b3b6760e6df7d17ae215ae1, mcr.microsoft.com/mirror/docker/library/postgres@sha256:840ab410fe06322c9041f75319d79a69765321957ff6981598374eafacb88592], size=434850125, virtualSize=434850125, sharedSize=-1, labels=null, containers=-1)
10:40:19.647 [main] DEBUG org.testcontainers.images.LocalImagesCache -- repoTags is null, skipping image: Image(created=1701988793, id=sha256:38c749c1860bd5d7399eaeb94c3268585b98ad9785d638e15eb49e21e7801c41, parentId=, repoTags=null, repoDigests=[mcr.microsoft.com/mirror/docker/library/postgres@sha256:ebea7de2ac0b96e84d328586c400122d3f7b8cc89f47df040f83844662af9363], size=434535557, virtualSize=434535557, sharedSize=-1, labels=null, containers=-1)
10:40:19.647 [main] DEBUG org.testcontainers.images.LocalImagesCache -- repoTags is null, skipping image: Image(created=1701713327, id=sha256:cf26c17403ed5a4db96ddd8b41aeb2fd45483f897882a57972c994c95a44c5dd, parentId=, repoTags=null, repoDigests=[mcr.microsoft.com/mirror/docker/library/memcached@sha256:c0aa354cc777aa9bdbaf3789db81b1b1802be11940498801dbe1562999d5671e], size=133523352, virtualSize=133523352, sharedSize=-1, labels=null, containers=-1)
10:40:19.647 [main] DEBUG org.testcontainers.images.LocalImagesCache -- repoTags is null, skipping image: Image(created=1699557369, id=sha256:9c2bea28dc6413c7e3a640963383e087d5e172199d5d57cfa0eb897a81ea9aff, parentId=, repoTags=null, repoDigests=[mcr.microsoft.com/mirror/docker/library/postgres@sha256:09325cf697f8060f681be3111a1d6706e1ba3d91c7bcf2f038a76182cdeab92b], size=434535531, virtualSize=434535531, sharedSize=-1, labels=null, containers=-1)
10:40:19.647 [main] DEBUG org.testcontainers.images.LocalImagesCache -- repoTags is null, skipping image: Image(created=1699557369, id=sha256:349db9297e68532e24a72ad44a39377f6f7f7cdeffa3bc736138166639c35ee8, parentId=, repoTags=null, repoDigests=[mcr.microsoft.com/mirror/docker/library/postgres@sha256:0b9a847fbd48f9c87686b83348d7a84c20ad3eec3581c16cbd62f6d9f956359e], size=434535543, virtualSize=434535543, sharedSize=-1, labels=null, containers=-1)
10:40:19.647 [main] DEBUG org.testcontainers.images.LocalImagesCache -- repoTags is null, skipping image: Image(created=1697439252, id=sha256:6bf8f94ac8224ebb954db60c9a14597a63a9db0a681e8e63db23c88e1986a028, parentId=, repoTags=null, repoDigests=[mcr.microsoft.com/mirror/docker/library/memcached@sha256:3b23689883ca1cc81cfac20e73488d5a2a3ca2b0077cbec0bf1454d9637e2d83], size=125891015, virtualSize=125891015, sharedSize=-1, labels=null, containers=-1)
10:40:19.647 [main] DEBUG org.testcontainers.images.LocalImagesCache -- repoTags is null, skipping image: Image(created=1697439252, id=sha256:f05ec0c73b4afc866c99864d86b1c66deb5d8bda84bf2cc78e1e763e0ed6a263, parentId=, repoTags=null, repoDigests=[mcr.microsoft.com/mirror/docker/library/memcached@sha256:6b97f5b9c427338e8f74a3b8b5645d53a7845a52969db2e0b29920d645c02ef3], size=125891015, virtualSize=125891015, sharedSize=-1, labels=null, containers=-1)
10:40:19.647 [main] DEBUG org.testcontainers.images.AbstractImagePullPolicy -- Using locally available and not pulling image: testcontainers/ryuk:0.6.0
10:40:19.648 [main] DEBUG tc.testcontainers/ryuk:0.6.0 -- Starting container: testcontainers/ryuk:0.6.0
10:40:19.648 [main] DEBUG tc.testcontainers/ryuk:0.6.0 -- Trying to start container: testcontainers/ryuk:0.6.0 (attempt 1/1)
10:40:19.648 [main] DEBUG tc.testcontainers/ryuk:0.6.0 -- Starting container: testcontainers/ryuk:0.6.0
10:40:19.648 [main] INFO tc.testcontainers/ryuk:0.6.0 -- Creating container for image: testcontainers/ryuk:0.6.0
10:40:19.650 [main] DEBUG org.testcontainers.utility.RegistryAuthLocator -- Looking up auth config for image: testcontainers/ryuk:0.6.0 at registry: https://index.docker.io/v1/
10:40:19.650 [main] DEBUG org.testcontainers.utility.RegistryAuthLocator -- RegistryAuthLocator has configFile: /Users/shane/.docker/config.json (exists) configEnv: DOCKER_AUTH_CONFIG (does not exist) and commandPathPrefix: 
10:40:19.650 [main] DEBUG org.testcontainers.utility.RegistryAuthLocator -- RegistryAuthLocator reading from configFile: /Users/shane/.docker/config.json
10:40:19.651 [main] DEBUG org.testcontainers.utility.RegistryAuthLocator -- registryName [https://index.docker.io/v1/] for dockerImageName [testcontainers/ryuk:0.6.0]
10:40:19.651 [main] DEBUG org.testcontainers.utility.RegistryAuthLocator -- Executing docker credential provider: docker-credential-desktop to locate auth config for: https://index.docker.io/v1/
10:40:19.654 [main] DEBUG org.testcontainers.shaded.org.zeroturnaround.exec.ProcessExecutor -- Executing [docker-credential-desktop, get].
10:40:19.665 [main] DEBUG org.testcontainers.shaded.org.zeroturnaround.exec.ProcessExecutor -- Started Process[pid=4886, exitValue="not exited"]
10:40:19.724 [WaitForProcess-Process[pid=4886, exitValue="not exited"]] DEBUG org.testcontainers.shaded.org.zeroturnaround.exec.WaitForProcess -- Process[pid=4886, exitValue=1] stopped with exit code 1
10:40:19.725 [main] DEBUG org.testcontainers.shaded.org.zeroturnaround.exec.ProcessExecutor -- Executing [docker-credential-desktop, get].
10:40:19.732 [main] DEBUG org.testcontainers.shaded.org.zeroturnaround.exec.ProcessExecutor -- Started Process[pid=4888, exitValue="not exited"]
10:40:19.802 [WaitForProcess-Process[pid=4888, exitValue="not exited"]] DEBUG org.testcontainers.shaded.org.zeroturnaround.exec.WaitForProcess -- Process[pid=4888, exitValue=1] stopped with exit code 1
10:40:19.802 [main] DEBUG org.testcontainers.utility.RegistryAuthLocator -- Got credentials not found error message from docker credential helper - credentials not found in native keychain
10:40:19.802 [main] INFO org.testcontainers.utility.RegistryAuthLocator -- Credential helper/store (docker-credential-desktop) does not have credentials for https://index.docker.io/v1/
10:40:19.803 [main] DEBUG org.testcontainers.utility.RegistryAuthLocator -- No matching Auth Configs - falling back to defaultAuthConfig [null]
10:40:19.803 [main] DEBUG org.testcontainers.dockerclient.AuthDelegatingDockerClientConfig -- Effective auth config [null]
10:40:19.808 [main] DEBUG org.testcontainers.shaded.com.github.dockerjava.core.command.AbstrDockerCmd -- Cmd: org.testcontainers.shaded.com.github.dockerjava.core.command.CreateContainerCmdImpl@36bf84e[aliases=<null>,argsEscaped=<null>,attachStderr=<null>,attachStdin=<null>,attachStdout=<null>,authConfig=<null>,cmd={},domainName=<null>,entrypoint=<null>,env={},exposedPorts=ExposedPorts(exposedPorts=[8080/tcp]),healthcheck=<null>,hostConfig=HostConfig(binds=[/var/run/docker.sock:/var/run/docker.sock:rw], blkioWeight=null, blkioWeightDevice=null, blkioDeviceReadBps=null, blkioDeviceWriteBps=null, blkioDeviceReadIOps=null, blkioDeviceWriteIOps=null, memorySwappiness=null, nanoCPUs=null, capAdd=null, capDrop=null, containerIDFile=null, cpuPeriod=null, cpuRealtimePeriod=null, cpuRealtimeRuntime=null, cpuShares=null, cpuQuota=null, cpusetCpus=null, cpusetMems=null, devices=null, deviceCgroupRules=null, deviceRequests=null, diskQuota=null, dns=null, dnsOptions=null, dnsSearch=null, extraHosts=[], groupAdd=null, ipcMode=null, cgroup=null, links=[], logConfig=LogConfig(type=null, config=null), lxcConf=null, memory=null, memorySwap=null, memoryReservation=null, kernelMemory=null, networkMode=null, oomKillDisable=null, init=null, autoRemove=true, oomScoreAdj=null, portBindings={8080/tcp=[Lcom.github.dockerjava.api.model.Ports$Binding;@22a0d4ea}, privileged=true, publishAllPorts=null, readonlyRootfs=null, restartPolicy=null, ulimits=null, cpuCount=null, cpuPercent=null, ioMaximumIOps=null, ioMaximumBandwidth=null, volumesFrom=[], mounts=null, pidMode=null, isolation=null, securityOpts=null, storageOpt=null, cgroupParent=null, volumeDriver=null, shmSize=null, pidsLimit=null, runtime=null, tmpFs=null, utSMode=null, usernsMode=null, sysctls=null, consoleSize=null, cgroupnsMode=null),hostName=<null>,image=testcontainers/ryuk:0.6.0,ipv4Address=<null>,ipv6Address=<null>,labels={org.testcontainers=true, org.testcontainers.lang=java, org.testcontainers.version=1.19.5},macAddress=<null>,name=testcontainers-ryuk-f19e918b-ee3a-49e9-843b-bb73ce2bb29f,networkDisabled=<null>,networkingConfig=<null>,onBuild=<null>,platform=<null>,portSpecs=<null>,shell=<null>,stdInOnce=<null>,stdinOpen=<null>,stopSignal=<null>,stopTimeout=<null>,tty=<null>,user=<null>,volumes=Volumes(volumes=[]),workingDir=<null>]
10:40:19.842 [main] DEBUG com.github.dockerjava.zerodep.shaded.org.apache.hc.client5.http.impl.classic.InternalHttpClient -- ex-00000004: preparing request execution
10:40:19.843 [main] DEBUG com.github.dockerjava.zerodep.shaded.org.apache.hc.client5.http.protocol.RequestAddCookies -- Cookie spec selected: strict
10:40:19.843 [main] DEBUG com.github.dockerjava.zerodep.shaded.org.apache.hc.client5.http.protocol.RequestAuthCache -- Auth cache not set in the context
10:40:19.843 [main] DEBUG com.github.dockerjava.zerodep.shaded.org.apache.hc.client5.http.impl.classic.ProtocolExec -- ex-00000004: target auth state: UNCHALLENGED
10:40:19.843 [main] DEBUG com.github.dockerjava.zerodep.shaded.org.apache.hc.client5.http.impl.classic.ProtocolExec -- ex-00000004: proxy auth state: UNCHALLENGED
10:40:19.843 [main] DEBUG com.github.dockerjava.zerodep.shaded.org.apache.hc.client5.http.impl.classic.ConnectExec -- ex-00000004: acquiring connection with route {}->unix://localhost:2375
10:40:19.843 [main] DEBUG com.github.dockerjava.zerodep.shaded.org.apache.hc.client5.http.impl.classic.InternalHttpClient -- ex-00000004: acquiring endpoint (3 MINUTES)
10:40:19.843 [main] DEBUG com.github.dockerjava.zerodep.shaded.org.apache.hc.client5.http.impl.io.PoolingHttpClientConnectionManager -- ex-00000004: endpoint lease request (3 MINUTES) [route: {}->unix://localhost:2375][total available: 1; route allocated: 1 of 2147483647; total allocated: 1 of 2147483647]
10:40:19.843 [main] DEBUG com.github.dockerjava.zerodep.shaded.org.apache.hc.client5.http.impl.io.PoolingHttpClientConnectionManager -- ex-00000004: endpoint leased [route: {}->unix://localhost:2375][total available: 0; route allocated: 1 of 2147483647; total allocated: 1 of 2147483647]
10:40:19.843 [main] DEBUG com.github.dockerjava.zerodep.shaded.org.apache.hc.client5.http.impl.io.PoolingHttpClientConnectionManager -- ex-00000004: acquired ep-00000003
10:40:19.843 [main] DEBUG com.github.dockerjava.zerodep.shaded.org.apache.hc.client5.http.impl.classic.InternalHttpClient -- ex-00000004: acquired endpoint ep-00000003
10:40:19.843 [main] DEBUG com.github.dockerjava.zerodep.shaded.org.apache.hc.client5.http.impl.classic.MainClientExec -- ex-00000004: executing POST /v1.32/containers/create?name=testcontainers-ryuk-f19e918b-ee3a-49e9-843b-bb73ce2bb29f HTTP/1.1
10:40:19.843 [main] DEBUG com.github.dockerjava.zerodep.shaded.org.apache.hc.client5.http.impl.classic.InternalHttpClient -- ep-00000003: start execution ex-00000004
10:40:19.843 [main] DEBUG com.github.dockerjava.zerodep.shaded.org.apache.hc.client5.http.impl.io.PoolingHttpClientConnectionManager -- ep-00000003: executing exchange ex-00000004 over http-outgoing-0
10:40:19.843 [main] DEBUG com.github.dockerjava.zerodep.shaded.org.apache.hc.client5.http.headers -- http-outgoing-0 >> POST /v1.32/containers/create?name=testcontainers-ryuk-f19e918b-ee3a-49e9-843b-bb73ce2bb29f HTTP/1.1
10:40:19.843 [main] DEBUG com.github.dockerjava.zerodep.shaded.org.apache.hc.client5.http.headers -- http-outgoing-0 >> accept: application/json
10:40:19.843 [main] DEBUG com.github.dockerjava.zerodep.shaded.org.apache.hc.client5.http.headers -- http-outgoing-0 >> content-type: application/json
10:40:19.843 [main] DEBUG com.github.dockerjava.zerodep.shaded.org.apache.hc.client5.http.headers -- http-outgoing-0 >> x-tc-sid: f19e918b-ee3a-49e9-843b-bb73ce2bb29f
10:40:19.843 [main] DEBUG com.github.dockerjava.zerodep.shaded.org.apache.hc.client5.http.headers -- http-outgoing-0 >> User-Agent: tc-java/1.19.5
10:40:19.843 [main] DEBUG com.github.dockerjava.zerodep.shaded.org.apache.hc.client5.http.headers -- http-outgoing-0 >> Accept-Encoding: gzip, x-gzip, deflate
10:40:19.843 [main] DEBUG com.github.dockerjava.zerodep.shaded.org.apache.hc.client5.http.headers -- http-outgoing-0 >> Content-Length: 1954
10:40:19.843 [main] DEBUG com.github.dockerjava.zerodep.shaded.org.apache.hc.client5.http.headers -- http-outgoing-0 >> Host: localhost:2375
10:40:19.843 [main] DEBUG com.github.dockerjava.zerodep.shaded.org.apache.hc.client5.http.headers -- http-outgoing-0 >> Connection: keep-alive
10:40:19.843 [main] DEBUG com.github.dockerjava.zerodep.shaded.org.apache.hc.client5.http.wire -- http-outgoing-0 >> "POST /v1.32/containers/create?name=testcontainers-ryuk-f19e918b-ee3a-49e9-843b-bb73ce2bb29f HTTP/1.1[\r][\n]"
10:40:19.843 [main] DEBUG com.github.dockerjava.zerodep.shaded.org.apache.hc.client5.http.wire -- http-outgoing-0 >> "accept: application/json[\r][\n]"
10:40:19.843 [main] DEBUG com.github.dockerjava.zerodep.shaded.org.apache.hc.client5.http.wire -- http-outgoing-0 >> "content-type: application/json[\r][\n]"
10:40:19.843 [main] DEBUG com.github.dockerjava.zerodep.shaded.org.apache.hc.client5.http.wire -- http-outgoing-0 >> "x-tc-sid: f19e918b-ee3a-49e9-843b-bb73ce2bb29f[\r][\n]"
10:40:19.843 [main] DEBUG com.github.dockerjava.zerodep.shaded.org.apache.hc.client5.http.wire -- http-outgoing-0 >> "User-Agent: tc-java/1.19.5[\r][\n]"
10:40:19.844 [main] DEBUG com.github.dockerjava.zerodep.shaded.org.apache.hc.client5.http.wire -- http-outgoing-0 >> "Accept-Encoding: gzip, x-gzip, deflate[\r][\n]"
10:40:19.844 [main] DEBUG com.github.dockerjava.zerodep.shaded.org.apache.hc.client5.http.wire -- http-outgoing-0 >> "Content-Length: 1954[\r][\n]"
10:40:19.844 [main] DEBUG com.github.dockerjava.zerodep.shaded.org.apache.hc.client5.http.wire -- http-outgoing-0 >> "Host: localhost:2375[\r][\n]"
10:40:19.844 [main] DEBUG com.github.dockerjava.zerodep.shaded.org.apache.hc.client5.http.wire -- http-outgoing-0 >> "Connection: keep-alive[\r][\n]"
10:40:19.844 [main] DEBUG com.github.dockerjava.zerodep.shaded.org.apache.hc.client5.http.wire -- http-outgoing-0 >> "[\r][\n]"
10:40:19.844 [main] DEBUG com.github.dockerjava.zerodep.shaded.org.apache.hc.client5.http.wire -- http-outgoing-0 >> "{"Hostname":null,"Domainname":null,"User":null,"AttachStdin":null,"AttachStdout":null,"AttachStderr":null,"PortSpecs":null,"Tty":null,"OpenStdin":null,"StdinOnce":null,"Env":[],"Cmd":[],"Healthcheck":null,"ArgsEscaped":null,"Entrypoint":null,"Image":"testcontainers/ryuk:0.6.0","Volumes":{},"WorkingDir":null,"MacAddress":null,"OnBuild":null,"NetworkDisabled":null,"ExposedPorts":{"8080/tcp":{}},"StopSignal":null,"StopTimeout":null,"HostConfig":{"Binds":["/var/run/docker.sock:/var/run/docker.sock:rw"],"BlkioWeight":null,"BlkioWeightDevice":null,"BlkioDeviceReadBps":null,"BlkioDeviceWriteBps":null,"BlkioDeviceReadIOps":null,"BlkioDeviceWriteIOps":null,"MemorySwappiness":null,"NanoCpus":null,"CapAdd":null,"CapDrop":null,"ContainerIDFile":null,"CpuPeriod":null,"CpuRealtimePeriod":null,"CpuRealtimeRuntime":null,"CpuShares":null,"CpuQuota":null,"CpusetCpus":null,"CpusetMems":null,"Devices":null,"DeviceCgroupRules":null,"DeviceRequests":null,"DiskQuota":null,"Dns":null,"DnsOptions":null,"DnsSearch":null,"ExtraHosts":[],"GroupAdd":null,"IpcMode":null,"Cgroup":null,"Links":[],"LogConfig":null,"LxcConf":null,"Memory":null,"MemorySwap":null,"MemoryReservation":null,"KernelMemory":null,"NetworkMode":null,"OomKillDisable":null,"Init":null,"AutoRemove":true,"OomScoreAdj":null,"PortBindings":{"8080/tcp":[{"HostIp":"","HostPort":""}]},"Privileged":true,"PublishAllPorts":null,"ReadonlyRootfs":null,"RestartPolicy":null,"Ulimits":null,"CpuCount":null,"CpuPercent":null,"IOMaximumIOps":null,"IOMaximumBandwidth":null,"VolumesFrom":[],"Mounts":null,"PidMode":null,"Isolation":null,"SecurityOpt":null,"StorageOpt":null,"CgroupParent":null,"VolumeDriver":null,"ShmSize":null,"PidsLimit":null,"Runtime":null,"Tmpfs":null,"UTSMode":null,"UsernsMode":null,"Sysctls":null,"ConsoleSize":null,"CgroupnsMode":null},"Labels":{"org.testcontainers":"true","org.testcontainers.lang":"java","org.testcontainers.version":"1.19.5"},"Shell":null,"NetworkingConfig":null}"
10:40:19.864 [main] DEBUG com.github.dockerjava.zerodep.shaded.org.apache.hc.client5.http.wire -- http-outgoing-0 << "HTTP/1.1 201 Created[\r][\n]"
10:40:19.864 [main] DEBUG com.github.dockerjava.zerodep.shaded.org.apache.hc.client5.http.wire -- http-outgoing-0 << "Api-Version: 1.47[\r][\n]"
10:40:19.864 [main] DEBUG com.github.dockerjava.zerodep.shaded.org.apache.hc.client5.http.wire -- http-outgoing-0 << "Content-Type: application/json[\r][\n]"
10:40:19.864 [main] DEBUG com.github.dockerjava.zerodep.shaded.org.apache.hc.client5.http.wire -- http-outgoing-0 << "Date: Sat, 23 Nov 2024 18:40:19 GMT[\r][\n]"
10:40:19.864 [main] DEBUG com.github.dockerjava.zerodep.shaded.org.apache.hc.client5.http.wire -- http-outgoing-0 << "Docker-Experimental: false[\r][\n]"
10:40:19.864 [main] DEBUG com.github.dockerjava.zerodep.shaded.org.apache.hc.client5.http.wire -- http-outgoing-0 << "Ostype: linux[\r][\n]"
10:40:19.864 [main] DEBUG com.github.dockerjava.zerodep.shaded.org.apache.hc.client5.http.wire -- http-outgoing-0 << "Server: Docker/27.2.0 (linux)[\r][\n]"
10:40:19.864 [main] DEBUG com.github.dockerjava.zerodep.shaded.org.apache.hc.client5.http.wire -- http-outgoing-0 << "Transfer-Encoding: chunked[\r][\n]"
10:40:19.864 [main] DEBUG com.github.dockerjava.zerodep.shaded.org.apache.hc.client5.http.wire -- http-outgoing-0 << "[\r][\n]"
10:40:19.865 [main] DEBUG com.github.dockerjava.zerodep.shaded.org.apache.hc.client5.http.headers -- http-outgoing-0 << HTTP/1.1 201 Created
10:40:19.865 [main] DEBUG com.github.dockerjava.zerodep.shaded.org.apache.hc.client5.http.headers -- http-outgoing-0 << Api-Version: 1.47
10:40:19.865 [main] DEBUG com.github.dockerjava.zerodep.shaded.org.apache.hc.client5.http.headers -- http-outgoing-0 << Content-Type: application/json
10:40:19.865 [main] DEBUG com.github.dockerjava.zerodep.shaded.org.apache.hc.client5.http.headers -- http-outgoing-0 << Date: Sat, 23 Nov 2024 18:40:19 GMT
10:40:19.865 [main] DEBUG com.github.dockerjava.zerodep.shaded.org.apache.hc.client5.http.headers -- http-outgoing-0 << Docker-Experimental: false
10:40:19.865 [main] DEBUG com.github.dockerjava.zerodep.shaded.org.apache.hc.client5.http.headers -- http-outgoing-0 << Ostype: linux
10:40:19.865 [main] DEBUG com.github.dockerjava.zerodep.shaded.org.apache.hc.client5.http.headers -- http-outgoing-0 << Server: Docker/27.2.0 (linux)
10:40:19.865 [main] DEBUG com.github.dockerjava.zerodep.shaded.org.apache.hc.client5.http.headers -- http-outgoing-0 << Transfer-Encoding: chunked
10:40:19.865 [main] DEBUG com.github.dockerjava.zerodep.shaded.org.apache.hc.client5.http.impl.classic.MainClientExec -- ex-00000004: connection can be kept alive for 3 MINUTES
10:40:19.865 [main] DEBUG com.github.dockerjava.zerodep.shaded.org.apache.hc.client5.http.wire -- http-outgoing-0 << "58[\r][\n]"
10:40:19.865 [main] DEBUG com.github.dockerjava.zerodep.shaded.org.apache.hc.client5.http.wire -- http-outgoing-0 << "{"Id":"f76dd5eecb75fc0a83077b1dd1ef45a956b601937677ef15885b2a997798f0d6","Warnings":[]}[\n]"
10:40:19.865 [main] DEBUG com.github.dockerjava.zerodep.shaded.org.apache.hc.client5.http.wire -- http-outgoing-0 << "[\r][\n]"
10:40:19.865 [main] DEBUG com.github.dockerjava.zerodep.shaded.org.apache.hc.client5.http.wire -- http-outgoing-0 << "0[\r][\n]"
10:40:19.865 [main] DEBUG com.github.dockerjava.zerodep.shaded.org.apache.hc.client5.http.wire -- http-outgoing-0 << "[\r][\n]"
10:40:19.866 [main] DEBUG com.github.dockerjava.zerodep.shaded.org.apache.hc.client5.http.impl.classic.InternalHttpClient -- ep-00000003: releasing valid endpoint
10:40:19.867 [main] DEBUG com.github.dockerjava.zerodep.shaded.org.apache.hc.client5.http.impl.io.PoolingHttpClientConnectionManager -- ep-00000003: releasing endpoint
10:40:19.867 [main] DEBUG com.github.dockerjava.zerodep.shaded.org.apache.hc.client5.http.impl.io.PoolingHttpClientConnectionManager -- ep-00000003: connection http-outgoing-0 can be kept alive for 3 MINUTES
10:40:19.867 [main] DEBUG com.github.dockerjava.zerodep.shaded.org.apache.hc.client5.http.impl.io.PoolingHttpClientConnectionManager -- ep-00000003: connection released [route: {}->unix://localhost:2375][total available: 1; route allocated: 1 of 2147483647; total allocated: 1 of 2147483647]
10:40:19.868 [main] INFO tc.testcontainers/ryuk:0.6.0 -- Container testcontainers/ryuk:0.6.0 is starting: f76dd5eecb75fc0a83077b1dd1ef45a956b601937677ef15885b2a997798f0d6
10:40:19.868 [main] DEBUG org.testcontainers.shaded.com.github.dockerjava.core.command.AbstrDockerCmd -- Cmd: f76dd5eecb75fc0a83077b1dd1ef45a956b601937677ef15885b2a997798f0d6
10:40:19.869 [main] DEBUG com.github.dockerjava.zerodep.shaded.org.apache.hc.client5.http.impl.classic.InternalHttpClient -- ex-00000005: preparing request execution
10:40:19.869 [main] DEBUG com.github.dockerjava.zerodep.shaded.org.apache.hc.client5.http.protocol.RequestAddCookies -- Cookie spec selected: strict
10:40:19.869 [main] DEBUG com.github.dockerjava.zerodep.shaded.org.apache.hc.client5.http.protocol.RequestAuthCache -- Auth cache not set in the context
10:40:19.869 [main] DEBUG com.github.dockerjava.zerodep.shaded.org.apache.hc.client5.http.impl.classic.ProtocolExec -- ex-00000005: target auth state: UNCHALLENGED
10:40:19.869 [main] DEBUG com.github.dockerjava.zerodep.shaded.org.apache.hc.client5.http.impl.classic.ProtocolExec -- ex-00000005: proxy auth state: UNCHALLENGED
10:40:19.869 [main] DEBUG com.github.dockerjava.zerodep.shaded.org.apache.hc.client5.http.impl.classic.ConnectExec -- ex-00000005: acquiring connection with route {}->unix://localhost:2375
10:40:19.869 [main] DEBUG com.github.dockerjava.zerodep.shaded.org.apache.hc.client5.http.impl.classic.InternalHttpClient -- ex-00000005: acquiring endpoint (3 MINUTES)
10:40:19.869 [main] DEBUG com.github.dockerjava.zerodep.shaded.org.apache.hc.client5.http.impl.io.PoolingHttpClientConnectionManager -- ex-00000005: endpoint lease request (3 MINUTES) [route: {}->unix://localhost:2375][total available: 1; route allocated: 1 of 2147483647; total allocated: 1 of 2147483647]
10:40:19.869 [main] DEBUG com.github.dockerjava.zerodep.shaded.org.apache.hc.client5.http.impl.io.PoolingHttpClientConnectionManager -- ex-00000005: endpoint leased [route: {}->unix://localhost:2375][total available: 0; route allocated: 1 of 2147483647; total allocated: 1 of 2147483647]
10:40:19.869 [main] DEBUG com.github.dockerjava.zerodep.shaded.org.apache.hc.client5.http.impl.io.PoolingHttpClientConnectionManager -- ex-00000005: acquired ep-00000004
10:40:19.869 [main] DEBUG com.github.dockerjava.zerodep.shaded.org.apache.hc.client5.http.impl.classic.InternalHttpClient -- ex-00000005: acquired endpoint ep-00000004
10:40:19.869 [main] DEBUG com.github.dockerjava.zerodep.shaded.org.apache.hc.client5.http.impl.classic.MainClientExec -- ex-00000005: executing POST /v1.32/containers/f76dd5eecb75fc0a83077b1dd1ef45a956b601937677ef15885b2a997798f0d6/start HTTP/1.1
10:40:19.869 [main] DEBUG com.github.dockerjava.zerodep.shaded.org.apache.hc.client5.http.impl.classic.InternalHttpClient -- ep-00000004: start execution ex-00000005
10:40:19.869 [main] DEBUG com.github.dockerjava.zerodep.shaded.org.apache.hc.client5.http.impl.io.PoolingHttpClientConnectionManager -- ep-00000004: executing exchange ex-00000005 over http-outgoing-0
10:40:19.869 [main] DEBUG com.github.dockerjava.zerodep.shaded.org.apache.hc.client5.http.headers -- http-outgoing-0 >> POST /v1.32/containers/f76dd5eecb75fc0a83077b1dd1ef45a956b601937677ef15885b2a997798f0d6/start HTTP/1.1
10:40:19.869 [main] DEBUG com.github.dockerjava.zerodep.shaded.org.apache.hc.client5.http.headers -- http-outgoing-0 >> accept: application/json
10:40:19.869 [main] DEBUG com.github.dockerjava.zerodep.shaded.org.apache.hc.client5.http.headers -- http-outgoing-0 >> content-type: application/json
10:40:19.869 [main] DEBUG com.github.dockerjava.zerodep.shaded.org.apache.hc.client5.http.headers -- http-outgoing-0 >> x-tc-sid: f19e918b-ee3a-49e9-843b-bb73ce2bb29f
10:40:19.869 [main] DEBUG com.github.dockerjava.zerodep.shaded.org.apache.hc.client5.http.headers -- http-outgoing-0 >> User-Agent: tc-java/1.19.5
10:40:19.869 [main] DEBUG com.github.dockerjava.zerodep.shaded.org.apache.hc.client5.http.headers -- http-outgoing-0 >> Accept-Encoding: gzip, x-gzip, deflate
10:40:19.869 [main] DEBUG com.github.dockerjava.zerodep.shaded.org.apache.hc.client5.http.headers -- http-outgoing-0 >> Host: localhost:2375
10:40:19.870 [main] DEBUG com.github.dockerjava.zerodep.shaded.org.apache.hc.client5.http.headers -- http-outgoing-0 >> Connection: keep-alive
10:40:19.870 [main] DEBUG com.github.dockerjava.zerodep.shaded.org.apache.hc.client5.http.wire -- http-outgoing-0 >> "POST /v1.32/containers/f76dd5eecb75fc0a83077b1dd1ef45a956b601937677ef15885b2a997798f0d6/start HTTP/1.1[\r][\n]"
10:40:19.870 [main] DEBUG com.github.dockerjava.zerodep.shaded.org.apache.hc.client5.http.wire -- http-outgoing-0 >> "accept: application/json[\r][\n]"
10:40:19.870 [main] DEBUG com.github.dockerjava.zerodep.shaded.org.apache.hc.client5.http.wire -- http-outgoing-0 >> "content-type: application/json[\r][\n]"
10:40:19.870 [main] DEBUG com.github.dockerjava.zerodep.shaded.org.apache.hc.client5.http.wire -- http-outgoing-0 >> "x-tc-sid: f19e918b-ee3a-49e9-843b-bb73ce2bb29f[\r][\n]"
10:40:19.870 [main] DEBUG com.github.dockerjava.zerodep.shaded.org.apache.hc.client5.http.wire -- http-outgoing-0 >> "User-Agent: tc-java/1.19.5[\r][\n]"
10:40:19.870 [main] DEBUG com.github.dockerjava.zerodep.shaded.org.apache.hc.client5.http.wire -- http-outgoing-0 >> "Accept-Encoding: gzip, x-gzip, deflate[\r][\n]"
10:40:19.870 [main] DEBUG com.github.dockerjava.zerodep.shaded.org.apache.hc.client5.http.wire -- http-outgoing-0 >> "Host: localhost:2375[\r][\n]"
10:40:19.870 [main] DEBUG com.github.dockerjava.zerodep.shaded.org.apache.hc.client5.http.wire -- http-outgoing-0 >> "Connection: keep-alive[\r][\n]"
10:40:19.870 [main] DEBUG com.github.dockerjava.zerodep.shaded.org.apache.hc.client5.http.wire -- http-outgoing-0 >> "[\r][\n]"
10:40:19.952 [main] DEBUG com.github.dockerjava.zerodep.shaded.org.apache.hc.client5.http.wire -- http-outgoing-0 << "HTTP/1.1 204 No Content[\r][\n]"
10:40:19.952 [main] DEBUG com.github.dockerjava.zerodep.shaded.org.apache.hc.client5.http.wire -- http-outgoing-0 << "Api-Version: 1.47[\r][\n]"
10:40:19.952 [main] DEBUG com.github.dockerjava.zerodep.shaded.org.apache.hc.client5.http.wire -- http-outgoing-0 << "Date: Sat, 23 Nov 2024 18:40:19 GMT[\r][\n]"
10:40:19.952 [main] DEBUG com.github.dockerjava.zerodep.shaded.org.apache.hc.client5.http.wire -- http-outgoing-0 << "Docker-Experimental: false[\r][\n]"
10:40:19.952 [main] DEBUG com.github.dockerjava.zerodep.shaded.org.apache.hc.client5.http.wire -- http-outgoing-0 << "Ostype: linux[\r][\n]"
10:40:19.952 [main] DEBUG com.github.dockerjava.zerodep.shaded.org.apache.hc.client5.http.wire -- http-outgoing-0 << "Server: Docker/27.2.0 (linux)[\r][\n]"
10:40:19.952 [main] DEBUG com.github.dockerjava.zerodep.shaded.org.apache.hc.client5.http.wire -- http-outgoing-0 << "[\r][\n]"
10:40:19.952 [main] DEBUG com.github.dockerjava.zerodep.shaded.org.apache.hc.client5.http.headers -- http-outgoing-0 << HTTP/1.1 204 No Content
10:40:19.953 [main] DEBUG com.github.dockerjava.zerodep.shaded.org.apache.hc.client5.http.headers -- http-outgoing-0 << Api-Version: 1.47
10:40:19.953 [main] DEBUG com.github.dockerjava.zerodep.shaded.org.apache.hc.client5.http.headers -- http-outgoing-0 << Date: Sat, 23 Nov 2024 18:40:19 GMT
10:40:19.953 [main] DEBUG com.github.dockerjava.zerodep.shaded.org.apache.hc.client5.http.headers -- http-outgoing-0 << Docker-Experimental: false
10:40:19.953 [main] DEBUG com.github.dockerjava.zerodep.shaded.org.apache.hc.client5.http.headers -- http-outgoing-0 << Ostype: linux
10:40:19.953 [main] DEBUG com.github.dockerjava.zerodep.shaded.org.apache.hc.client5.http.headers -- http-outgoing-0 << Server: Docker/27.2.0 (linux)
10:40:19.953 [main] DEBUG com.github.dockerjava.zerodep.shaded.org.apache.hc.client5.http.impl.classic.MainClientExec -- ex-00000005: connection can be kept alive for 3 MINUTES
10:40:19.953 [main] DEBUG com.github.dockerjava.zerodep.shaded.org.apache.hc.client5.http.impl.classic.InternalHttpClient -- ep-00000004: releasing valid endpoint
10:40:19.953 [main] DEBUG com.github.dockerjava.zerodep.shaded.org.apache.hc.client5.http.impl.io.PoolingHttpClientConnectionManager -- ep-00000004: releasing endpoint
10:40:19.953 [main] DEBUG com.github.dockerjava.zerodep.shaded.org.apache.hc.client5.http.impl.io.PoolingHttpClientConnectionManager -- ep-00000004: connection http-outgoing-0 can be kept alive for 3 MINUTES
10:40:19.953 [main] DEBUG com.github.dockerjava.zerodep.shaded.org.apache.hc.client5.http.impl.io.PoolingHttpClientConnectionManager -- ep-00000004: connection released [route: {}->unix://localhost:2375][total available: 1; route allocated: 1 of 2147483647; total allocated: 1 of 2147483647]
10:40:19.956 [main] DEBUG org.testcontainers.shaded.com.github.dockerjava.core.command.AbstrDockerCmd -- Cmd: f76dd5eecb75fc0a83077b1dd1ef45a956b601937677ef15885b2a997798f0d6,false
10:40:19.957 [main] DEBUG org.testcontainers.shaded.com.github.dockerjava.core.exec.InspectContainerCmdExec -- GET: DefaultWebTarget{path=[/containers/f76dd5eecb75fc0a83077b1dd1ef45a956b601937677ef15885b2a997798f0d6/json], queryParams={}}
10:40:19.957 [main] DEBUG com.github.dockerjava.zerodep.shaded.org.apache.hc.client5.http.impl.classic.InternalHttpClient -- ex-00000006: preparing request execution
10:40:19.957 [main] DEBUG com.github.dockerjava.zerodep.shaded.org.apache.hc.client5.http.protocol.RequestAddCookies -- Cookie spec selected: strict
10:40:19.957 [main] DEBUG com.github.dockerjava.zerodep.shaded.org.apache.hc.client5.http.protocol.RequestAuthCache -- Auth cache not set in the context
10:40:19.957 [main] DEBUG com.github.dockerjava.zerodep.shaded.org.apache.hc.client5.http.impl.classic.ProtocolExec -- ex-00000006: target auth state: UNCHALLENGED
10:40:19.957 [main] DEBUG com.github.dockerjava.zerodep.shaded.org.apache.hc.client5.http.impl.classic.ProtocolExec -- ex-00000006: proxy auth state: UNCHALLENGED
10:40:19.957 [main] DEBUG com.github.dockerjava.zerodep.shaded.org.apache.hc.client5.http.impl.classic.ConnectExec -- ex-00000006: acquiring connection with route {}->unix://localhost:2375
10:40:19.957 [main] DEBUG com.github.dockerjava.zerodep.shaded.org.apache.hc.client5.http.impl.classic.InternalHttpClient -- ex-00000006: acquiring endpoint (3 MINUTES)
10:40:19.957 [main] DEBUG com.github.dockerjava.zerodep.shaded.org.apache.hc.client5.http.impl.io.PoolingHttpClientConnectionManager -- ex-00000006: endpoint lease request (3 MINUTES) [route: {}->unix://localhost:2375][total available: 1; route allocated: 1 of 2147483647; total allocated: 1 of 2147483647]
10:40:19.957 [main] DEBUG com.github.dockerjava.zerodep.shaded.org.apache.hc.client5.http.impl.io.PoolingHttpClientConnectionManager -- ex-00000006: endpoint leased [route: {}->unix://localhost:2375][total available: 0; route allocated: 1 of 2147483647; total allocated: 1 of 2147483647]
10:40:19.957 [main] DEBUG com.github.dockerjava.zerodep.shaded.org.apache.hc.client5.http.impl.io.PoolingHttpClientConnectionManager -- ex-00000006: acquired ep-00000005
10:40:19.957 [main] DEBUG com.github.dockerjava.zerodep.shaded.org.apache.hc.client5.http.impl.classic.InternalHttpClient -- ex-00000006: acquired endpoint ep-00000005
10:40:19.957 [main] DEBUG com.github.dockerjava.zerodep.shaded.org.apache.hc.client5.http.impl.classic.MainClientExec -- ex-00000006: executing GET /v1.32/containers/f76dd5eecb75fc0a83077b1dd1ef45a956b601937677ef15885b2a997798f0d6/json HTTP/1.1
10:40:19.957 [main] DEBUG com.github.dockerjava.zerodep.shaded.org.apache.hc.client5.http.impl.classic.InternalHttpClient -- ep-00000005: start execution ex-00000006
10:40:19.958 [main] DEBUG com.github.dockerjava.zerodep.shaded.org.apache.hc.client5.http.impl.io.PoolingHttpClientConnectionManager -- ep-00000005: executing exchange ex-00000006 over http-outgoing-0
10:40:19.958 [main] DEBUG com.github.dockerjava.zerodep.shaded.org.apache.hc.client5.http.headers -- http-outgoing-0 >> GET /v1.32/containers/f76dd5eecb75fc0a83077b1dd1ef45a956b601937677ef15885b2a997798f0d6/json HTTP/1.1
10:40:19.958 [main] DEBUG com.github.dockerjava.zerodep.shaded.org.apache.hc.client5.http.headers -- http-outgoing-0 >> accept: application/json
10:40:19.958 [main] DEBUG com.github.dockerjava.zerodep.shaded.org.apache.hc.client5.http.headers -- http-outgoing-0 >> x-tc-sid: f19e918b-ee3a-49e9-843b-bb73ce2bb29f
10:40:19.958 [main] DEBUG com.github.dockerjava.zerodep.shaded.org.apache.hc.client5.http.headers -- http-outgoing-0 >> User-Agent: tc-java/1.19.5
10:40:19.958 [main] DEBUG com.github.dockerjava.zerodep.shaded.org.apache.hc.client5.http.headers -- http-outgoing-0 >> Accept-Encoding: gzip, x-gzip, deflate
10:40:19.958 [main] DEBUG com.github.dockerjava.zerodep.shaded.org.apache.hc.client5.http.headers -- http-outgoing-0 >> Host: localhost:2375
10:40:19.958 [main] DEBUG com.github.dockerjava.zerodep.shaded.org.apache.hc.client5.http.headers -- http-outgoing-0 >> Connection: keep-alive
10:40:19.958 [main] DEBUG com.github.dockerjava.zerodep.shaded.org.apache.hc.client5.http.wire -- http-outgoing-0 >> "GET /v1.32/containers/f76dd5eecb75fc0a83077b1dd1ef45a956b601937677ef15885b2a997798f0d6/json HTTP/1.1[\r][\n]"
10:40:19.958 [main] DEBUG com.github.dockerjava.zerodep.shaded.org.apache.hc.client5.http.wire -- http-outgoing-0 >> "accept: application/json[\r][\n]"
10:40:19.958 [main] DEBUG com.github.dockerjava.zerodep.shaded.org.apache.hc.client5.http.wire -- http-outgoing-0 >> "x-tc-sid: f19e918b-ee3a-49e9-843b-bb73ce2bb29f[\r][\n]"
10:40:19.958 [main] DEBUG com.github.dockerjava.zerodep.shaded.org.apache.hc.client5.http.wire -- http-outgoing-0 >> "User-Agent: tc-java/1.19.5[\r][\n]"
10:40:19.958 [main] DEBUG com.github.dockerjava.zerodep.shaded.org.apache.hc.client5.http.wire -- http-outgoing-0 >> "Accept-Encoding: gzip, x-gzip, deflate[\r][\n]"
10:40:19.958 [main] DEBUG com.github.dockerjava.zerodep.shaded.org.apache.hc.client5.http.wire -- http-outgoing-0 >> "Host: localhost:2375[\r][\n]"
10:40:19.958 [main] DEBUG com.github.dockerjava.zerodep.shaded.org.apache.hc.client5.http.wire -- http-outgoing-0 >> "Connection: keep-alive[\r][\n]"
10:40:19.958 [main] DEBUG com.github.dockerjava.zerodep.shaded.org.apache.hc.client5.http.wire -- http-outgoing-0 >> "[\r][\n]"
10:40:19.959 [main] DEBUG com.github.dockerjava.zerodep.shaded.org.apache.hc.client5.http.wire -- http-outgoing-0 << "HTTP/1.1 200 OK[\r][\n]"
10:40:19.959 [main] DEBUG com.github.dockerjava.zerodep.shaded.org.apache.hc.client5.http.wire -- http-outgoing-0 << "Api-Version: 1.47[\r][\n]"
10:40:19.959 [main] DEBUG com.github.dockerjava.zerodep.shaded.org.apache.hc.client5.http.wire -- http-outgoing-0 << "Content-Type: application/json[\r][\n]"
10:40:19.959 [main] DEBUG com.github.dockerjava.zerodep.shaded.org.apache.hc.client5.http.wire -- http-outgoing-0 << "Date: Sat, 23 Nov 2024 18:40:19 GMT[\r][\n]"
10:40:19.959 [main] DEBUG com.github.dockerjava.zerodep.shaded.org.apache.hc.client5.http.wire -- http-outgoing-0 << "Docker-Experimental: false[\r][\n]"
10:40:19.959 [main] DEBUG com.github.dockerjava.zerodep.shaded.org.apache.hc.client5.http.wire -- http-outgoing-0 << "Ostype: linux[\r][\n]"
10:40:19.959 [main] DEBUG com.github.dockerjava.zerodep.shaded.org.apache.hc.client5.http.wire -- http-outgoing-0 << "Server: Docker/27.2.0 (linux)[\r][\n]"
10:40:19.959 [main] DEBUG com.github.dockerjava.zerodep.shaded.org.apache.hc.client5.http.wire -- http-outgoing-0 << "Transfer-Encoding: chunked[\r][\n]"
10:40:19.959 [main] DEBUG com.github.dockerjava.zerodep.shaded.org.apache.hc.client5.http.wire -- http-outgoing-0 << "[\r][\n]"
10:40:19.959 [main] DEBUG com.github.dockerjava.zerodep.shaded.org.apache.hc.client5.http.headers -- http-outgoing-0 << HTTP/1.1 200 OK
10:40:19.959 [main] DEBUG com.github.dockerjava.zerodep.shaded.org.apache.hc.client5.http.headers -- http-outgoing-0 << Api-Version: 1.47
10:40:19.959 [main] DEBUG com.github.dockerjava.zerodep.shaded.org.apache.hc.client5.http.headers -- http-outgoing-0 << Content-Type: application/json
10:40:19.959 [main] DEBUG com.github.dockerjava.zerodep.shaded.org.apache.hc.client5.http.headers -- http-outgoing-0 << Date: Sat, 23 Nov 2024 18:40:19 GMT
10:40:19.959 [main] DEBUG com.github.dockerjava.zerodep.shaded.org.apache.hc.client5.http.headers -- http-outgoing-0 << Docker-Experimental: false
10:40:19.959 [main] DEBUG com.github.dockerjava.zerodep.shaded.org.apache.hc.client5.http.headers -- http-outgoing-0 << Ostype: linux
10:40:19.959 [main] DEBUG com.github.dockerjava.zerodep.shaded.org.apache.hc.client5.http.headers -- http-outgoing-0 << Server: Docker/27.2.0 (linux)
10:40:19.959 [main] DEBUG com.github.dockerjava.zerodep.shaded.org.apache.hc.client5.http.headers -- http-outgoing-0 << Transfer-Encoding: chunked
10:40:19.959 [main] DEBUG com.github.dockerjava.zerodep.shaded.org.apache.hc.client5.http.impl.classic.MainClientExec -- ex-00000006: connection can be kept alive for 3 MINUTES
10:40:19.959 [main] DEBUG com.github.dockerjava.zerodep.shaded.org.apache.hc.client5.http.wire -- http-outgoing-0 << "1378[\r][\n]"
10:40:19.960 [main] DEBUG com.github.dockerjava.zerodep.shaded.org.apache.hc.client5.http.wire -- http-outgoing-0 << "{"Id":"f76dd5eecb75fc0a83077b1dd1ef45a956b601937677ef15885b2a997798f0d6","Created":"2024-11-23T18:40:19.850499346Z","Path":"/bin/ryuk","Args":[],"State":{"Status":"running","Running":true,"Paused":false,"Restarting":false,"OOMKilled":false,"Dead":false,"Pid":2326,"ExitCode":0,"Error":"","StartedAt":"2024-11-23T18:40:19.885165638Z","FinishedAt":"0001-01-01T00:00:00Z"},"Image":"sha256:00b74ac764e1bd0e8eefa5ca9ad4ff60b1e7a8099181b2446d7bb6695eac6fbf","ResolvConfPath":"/var/lib/docker/containers/f76dd5eecb75fc0a83077b1dd1ef45a956b601937677ef15885b2a997798f0d6/resolv.conf","HostnamePath":"/var/lib/docker/containers/f76dd5eecb75fc0a83077b1dd1ef45a956b601937677ef15885b2a997798f0d6/hostname","HostsPath":"/var/lib/docker/containers/f76dd5eecb75fc0a83077b1dd1ef45a956b601937677ef15885b2a997798f0d6/hosts","LogPath":"/var/lib/docker/containers/f76dd5eecb75fc0a83077b1dd1ef45a956b601937677ef15885b2a997798f0d6/f76dd5eecb75fc0a83077b1dd1ef45a956b601937677ef15885b2a997798f0d6-json.log","Name":"/testcontainers-ryuk-f19e918b-ee3a-49e9-843b-bb73ce2bb29f","RestartCount":0,"Driver":"overlay2","Platform":"linux","MountLabel":"","ProcessLabel":"","AppArmorProfile":"","ExecIDs":null,"HostConfig":{"Binds":["/var/run/docker.sock:/var/run/docker.sock:rw"],"ContainerIDFile":"","LogConfig":{"Type":"json-file","Config":{}},"NetworkMode":"bridge","PortBindings":{"8080/tcp":[{"HostIp":"0.0.0.0","HostPort":"0"}]},"RestartPolicy":{"Name":"no","MaximumRetryCount":0},"AutoRemove":true,"VolumeDriver":"","VolumesFrom":[],"ConsoleSize":[0,0],"CapAdd":null,"CapDrop":null,"CgroupnsMode":"private","Dns":null,"DnsOptions":null,"DnsSearch":null,"ExtraHosts":[],"GroupAdd":null,"IpcMode":"shareable","Cgroup":"","Links":null,"OomScoreAdj":0,"PidMode":"","Privileged":true,"PublishAllPorts":false,"ReadonlyRootfs":false,"SecurityOpt":["label=disable"],"UTSMode":"","UsernsMode":"","ShmSize":67108864,"Runtime":"runc","Isolation":"","CpuShares":0,"Memory":0,"NanoCpus":0,"CgroupParent":"","BlkioWeight":0,"BlkioWeightDevice":null,"BlkioDeviceReadBps":null,"BlkioDeviceWriteBps":null,"BlkioDeviceReadIOps":null,"BlkioDeviceWriteIOps":null,"CpuPeriod":0,"CpuQuota":0,"CpuRealtimePeriod":0,"CpuRealtimeRuntime":0,"CpusetCpus":"","CpusetMems":"","Devices":null,"DeviceCgroupRules":null,"DeviceRequests":null,"MemoryReservation":0,"MemorySwap":0,"MemorySwappiness":null,"OomKillDisable":null,"PidsLimit":null,"Ulimits":null,"CpuCount":0,"CpuPercent":0,"IOMaximumIOps":0,"IOMaximumBandwidth":0,"MaskedPaths":null,"ReadonlyPaths":null},"GraphDriver":{"Data":{"LowerDir":"/var/lib/docker/overlay2/f5891fa3b1aec05bb25b311779948d3fe83f2b4414c208476430ecf17b4649c3-init/diff:/var/lib/docker/overlay2/4e3c7b24041f012a7901ea64aee35be40ac12db6efa7e701bfd82446e4f79f6d/diff:/var/lib/docker/overlay2/aaef9645db2b71c24fcb4c01af26303cb31a2efdd815a8f60aba73ec8a7769e5/diff:/var/lib/docker/overlay2/4761cc3054cd6b21768fcf1290259a80faa88e8649fe2a92e65ea7d17f3fd42a/diff","MergedDir":"/var/lib/docker/overlay2/f5891fa3b1aec05bb25b311779948d3fe83f2b4414c208476430ecf17b4649c3/merged","UpperDir":"/var/lib/docker/overlay2/f5891fa3b1aec05bb25b311779948d3fe83f2b4414c208476430ecf17b4649c3/diff","WorkDir":"/var/lib/docker/overlay2/f5891fa3b1aec05bb25b311779948d3fe83f2b4414c208476430ecf17b4649c3/work"},"Name":"overlay2"},"Mounts":[{"Type":"bind","Source":"/var/run/docker.sock","Destination":"/var/run/docker.sock","Mode":"rw","RW":true,"Propagation":"rprivate"}],"Config":{"Hostname":"f76dd5eecb75","Domainname":"","User":"","AttachStdin":false,"AttachStdout":false,"AttachStderr":false,"ExposedPorts":{"8080/tcp":{}},"Tty":false,"OpenStdin":false,"StdinOnce":false,"Env":["PATH=/usr/local/sbin:/usr/local/bin:/usr/sbin:/usr/bin:/sbin:/bin"],"Cmd":["/bin/ryuk"],"Image":"testcontainers/ryuk:0.6.0","Volumes":null,"WorkingDir":"","Entrypoint":null,"OnBuild":null,"Labels":{"org.testcontainers":"true","org.testcontainers.lang":"java","org.testcontainers.ryuk":"true","org.testcontainers.version":"1.19.5"}},"NetworkSettings":{"Bridge":"","SandboxID":"4ca5ea8b5575d4f6bd839892a694816ec1a462cf81e95c17acf1c3e224ef60c4","SandboxKey":"/var/run/docker/netns/4ca5ea8b5575","Ports":{"8080/tcp":[{"HostIp":"0.0.0.0","HostPort":"50149"}]},"HairpinMode":false,"LinkLocalIPv6Address":"","LinkLocalIPv6PrefixLen":0,"SecondaryIPAddresses":null,"SecondaryIPv6Addresses":null,"EndpointID":"3a73322b9c0deff596c2b0f11d03fe864008393493f5d7fa11938e0d06a73676","Gateway":"172.17.0.1","GlobalIPv6Address":"","GlobalIPv6PrefixLen":0,"IPAddress":"172.17.0.2","IPPrefixLen":16,"IPv6Gateway":"","MacAddress":"02:42:ac:11:00:02","Networks":{"bridge":{"IPAMConfig":null,"Links":null,"Aliases":null,"MacAddress":"02:42:ac:11:00:02","DriverOpts":null,"NetworkID":"ddedae1ce0c60ac58c2fa8ee43085e48f22ce2e5e8c96b010b3a283fd3000a29","EndpointID":"3a73322b9c0deff596c2b0f11d03fe864008393493f5d7fa11938e0d06a73676","Gateway":"172.17.0.1","IPAddress":"172.17.0.2","IPPrefixLen":16,"IPv6Gateway":"","GlobalIPv6Address":"","GlobalIPv6PrefixLen":0,"DNSNames":null}}}}[\n]"
10:40:19.960 [main] DEBUG com.github.dockerjava.zerodep.shaded.org.apache.hc.client5.http.wire -- http-outgoing-0 << "[\r][\n]"
10:40:19.960 [main] DEBUG com.github.dockerjava.zerodep.shaded.org.apache.hc.client5.http.wire -- http-outgoing-0 << "0[\r][\n]"
10:40:19.960 [main] DEBUG com.github.dockerjava.zerodep.shaded.org.apache.hc.client5.http.wire -- http-outgoing-0 << "[\r][\n]"
10:40:19.995 [main] DEBUG com.github.dockerjava.zerodep.shaded.org.apache.hc.client5.http.impl.classic.InternalHttpClient -- ep-00000005: releasing valid endpoint
10:40:19.996 [main] DEBUG com.github.dockerjava.zerodep.shaded.org.apache.hc.client5.http.impl.io.PoolingHttpClientConnectionManager -- ep-00000005: releasing endpoint
10:40:19.996 [main] DEBUG com.github.dockerjava.zerodep.shaded.org.apache.hc.client5.http.impl.io.PoolingHttpClientConnectionManager -- ep-00000005: connection http-outgoing-0 can be kept alive for 3 MINUTES
10:40:19.996 [main] DEBUG com.github.dockerjava.zerodep.shaded.org.apache.hc.client5.http.impl.io.PoolingHttpClientConnectionManager -- ep-00000005: connection released [route: {}->unix://localhost:2375][total available: 1; route allocated: 1 of 2147483647; total allocated: 1 of 2147483647]
10:40:19.997 [main] DEBUG org.testcontainers.shaded.com.github.dockerjava.core.command.AbstrDockerCmd -- Cmd: sha256:00b74ac764e1bd0e8eefa5ca9ad4ff60b1e7a8099181b2446d7bb6695eac6fbf
10:40:19.998 [main] DEBUG com.github.dockerjava.zerodep.shaded.org.apache.hc.client5.http.impl.classic.InternalHttpClient -- ex-00000007: preparing request execution
10:40:19.998 [main] DEBUG com.github.dockerjava.zerodep.shaded.org.apache.hc.client5.http.protocol.RequestAddCookies -- Cookie spec selected: strict
10:40:19.998 [main] DEBUG com.github.dockerjava.zerodep.shaded.org.apache.hc.client5.http.protocol.RequestAuthCache -- Auth cache not set in the context
10:40:19.998 [main] DEBUG com.github.dockerjava.zerodep.shaded.org.apache.hc.client5.http.impl.classic.ProtocolExec -- ex-00000007: target auth state: UNCHALLENGED
10:40:19.998 [main] DEBUG com.github.dockerjava.zerodep.shaded.org.apache.hc.client5.http.impl.classic.ProtocolExec -- ex-00000007: proxy auth state: UNCHALLENGED
10:40:19.998 [main] DEBUG com.github.dockerjava.zerodep.shaded.org.apache.hc.client5.http.impl.classic.ConnectExec -- ex-00000007: acquiring connection with route {}->unix://localhost:2375
10:40:19.998 [main] DEBUG com.github.dockerjava.zerodep.shaded.org.apache.hc.client5.http.impl.classic.InternalHttpClient -- ex-00000007: acquiring endpoint (3 MINUTES)
10:40:19.998 [main] DEBUG com.github.dockerjava.zerodep.shaded.org.apache.hc.client5.http.impl.io.PoolingHttpClientConnectionManager -- ex-00000007: endpoint lease request (3 MINUTES) [route: {}->unix://localhost:2375][total available: 1; route allocated: 1 of 2147483647; total allocated: 1 of 2147483647]
10:40:19.998 [main] DEBUG com.github.dockerjava.zerodep.shaded.org.apache.hc.client5.http.impl.io.PoolingHttpClientConnectionManager -- ex-00000007: endpoint leased [route: {}->unix://localhost:2375][total available: 0; route allocated: 1 of 2147483647; total allocated: 1 of 2147483647]
10:40:19.998 [main] DEBUG com.github.dockerjava.zerodep.shaded.org.apache.hc.client5.http.impl.io.PoolingHttpClientConnectionManager -- ex-00000007: acquired ep-00000006
10:40:19.998 [main] DEBUG com.github.dockerjava.zerodep.shaded.org.apache.hc.client5.http.impl.classic.InternalHttpClient -- ex-00000007: acquired endpoint ep-00000006
10:40:19.998 [main] DEBUG com.github.dockerjava.zerodep.shaded.org.apache.hc.client5.http.impl.classic.MainClientExec -- ex-00000007: executing GET /v1.32/images/sha256:00b74ac764e1bd0e8eefa5ca9ad4ff60b1e7a8099181b2446d7bb6695eac6fbf/json HTTP/1.1
10:40:19.999 [main] DEBUG com.github.dockerjava.zerodep.shaded.org.apache.hc.client5.http.impl.classic.InternalHttpClient -- ep-00000006: start execution ex-00000007
10:40:19.999 [main] DEBUG com.github.dockerjava.zerodep.shaded.org.apache.hc.client5.http.impl.io.PoolingHttpClientConnectionManager -- ep-00000006: executing exchange ex-00000007 over http-outgoing-0
10:40:19.999 [main] DEBUG com.github.dockerjava.zerodep.shaded.org.apache.hc.client5.http.headers -- http-outgoing-0 >> GET /v1.32/images/sha256:00b74ac764e1bd0e8eefa5ca9ad4ff60b1e7a8099181b2446d7bb6695eac6fbf/json HTTP/1.1
10:40:19.999 [main] DEBUG com.github.dockerjava.zerodep.shaded.org.apache.hc.client5.http.headers -- http-outgoing-0 >> accept: application/json
10:40:19.999 [main] DEBUG com.github.dockerjava.zerodep.shaded.org.apache.hc.client5.http.headers -- http-outgoing-0 >> x-tc-sid: f19e918b-ee3a-49e9-843b-bb73ce2bb29f
10:40:19.999 [main] DEBUG com.github.dockerjava.zerodep.shaded.org.apache.hc.client5.http.headers -- http-outgoing-0 >> User-Agent: tc-java/1.19.5
10:40:19.999 [main] DEBUG com.github.dockerjava.zerodep.shaded.org.apache.hc.client5.http.headers -- http-outgoing-0 >> Accept-Encoding: gzip, x-gzip, deflate
10:40:19.999 [main] DEBUG com.github.dockerjava.zerodep.shaded.org.apache.hc.client5.http.headers -- http-outgoing-0 >> Host: localhost:2375
10:40:19.999 [main] DEBUG com.github.dockerjava.zerodep.shaded.org.apache.hc.client5.http.headers -- http-outgoing-0 >> Connection: keep-alive
10:40:19.999 [main] DEBUG com.github.dockerjava.zerodep.shaded.org.apache.hc.client5.http.wire -- http-outgoing-0 >> "GET /v1.32/images/sha256:00b74ac764e1bd0e8eefa5ca9ad4ff60b1e7a8099181b2446d7bb6695eac6fbf/json HTTP/1.1[\r][\n]"
10:40:19.999 [main] DEBUG com.github.dockerjava.zerodep.shaded.org.apache.hc.client5.http.wire -- http-outgoing-0 >> "accept: application/json[\r][\n]"
10:40:19.999 [main] DEBUG com.github.dockerjava.zerodep.shaded.org.apache.hc.client5.http.wire -- http-outgoing-0 >> "x-tc-sid: f19e918b-ee3a-49e9-843b-bb73ce2bb29f[\r][\n]"
10:40:19.999 [main] DEBUG com.github.dockerjava.zerodep.shaded.org.apache.hc.client5.http.wire -- http-outgoing-0 >> "User-Agent: tc-java/1.19.5[\r][\n]"
10:40:19.999 [main] DEBUG com.github.dockerjava.zerodep.shaded.org.apache.hc.client5.http.wire -- http-outgoing-0 >> "Accept-Encoding: gzip, x-gzip, deflate[\r][\n]"
10:40:19.999 [main] DEBUG com.github.dockerjava.zerodep.shaded.org.apache.hc.client5.http.wire -- http-outgoing-0 >> "Host: localhost:2375[\r][\n]"
10:40:19.999 [main] DEBUG com.github.dockerjava.zerodep.shaded.org.apache.hc.client5.http.wire -- http-outgoing-0 >> "Connection: keep-alive[\r][\n]"
10:40:19.999 [main] DEBUG com.github.dockerjava.zerodep.shaded.org.apache.hc.client5.http.wire -- http-outgoing-0 >> "[\r][\n]"
10:40:20.000 [main] DEBUG com.github.dockerjava.zerodep.shaded.org.apache.hc.client5.http.wire -- http-outgoing-0 << "HTTP/1.1 200 OK[\r][\n]"
10:40:20.000 [main] DEBUG com.github.dockerjava.zerodep.shaded.org.apache.hc.client5.http.wire -- http-outgoing-0 << "Api-Version: 1.47[\r][\n]"
10:40:20.000 [main] DEBUG com.github.dockerjava.zerodep.shaded.org.apache.hc.client5.http.wire -- http-outgoing-0 << "Content-Type: application/json[\r][\n]"
10:40:20.000 [main] DEBUG com.github.dockerjava.zerodep.shaded.org.apache.hc.client5.http.wire -- http-outgoing-0 << "Date: Sat, 23 Nov 2024 18:40:19 GMT[\r][\n]"
10:40:20.000 [main] DEBUG com.github.dockerjava.zerodep.shaded.org.apache.hc.client5.http.wire -- http-outgoing-0 << "Docker-Experimental: false[\r][\n]"
10:40:20.000 [main] DEBUG com.github.dockerjava.zerodep.shaded.org.apache.hc.client5.http.wire -- http-outgoing-0 << "Ostype: linux[\r][\n]"
10:40:20.000 [main] DEBUG com.github.dockerjava.zerodep.shaded.org.apache.hc.client5.http.wire -- http-outgoing-0 << "Server: Docker/27.2.0 (linux)[\r][\n]"
10:40:20.000 [main] DEBUG com.github.dockerjava.zerodep.shaded.org.apache.hc.client5.http.wire -- http-outgoing-0 << "Transfer-Encoding: chunked[\r][\n]"
10:40:20.000 [main] DEBUG com.github.dockerjava.zerodep.shaded.org.apache.hc.client5.http.wire -- http-outgoing-0 << "[\r][\n]"
10:40:20.000 [main] DEBUG com.github.dockerjava.zerodep.shaded.org.apache.hc.client5.http.headers -- http-outgoing-0 << HTTP/1.1 200 OK
10:40:20.001 [main] DEBUG com.github.dockerjava.zerodep.shaded.org.apache.hc.client5.http.headers -- http-outgoing-0 << Api-Version: 1.47
10:40:20.001 [main] DEBUG com.github.dockerjava.zerodep.shaded.org.apache.hc.client5.http.headers -- http-outgoing-0 << Content-Type: application/json
10:40:20.001 [main] DEBUG com.github.dockerjava.zerodep.shaded.org.apache.hc.client5.http.headers -- http-outgoing-0 << Date: Sat, 23 Nov 2024 18:40:19 GMT
10:40:20.001 [main] DEBUG com.github.dockerjava.zerodep.shaded.org.apache.hc.client5.http.headers -- http-outgoing-0 << Docker-Experimental: false
10:40:20.001 [main] DEBUG com.github.dockerjava.zerodep.shaded.org.apache.hc.client5.http.headers -- http-outgoing-0 << Ostype: linux
10:40:20.001 [main] DEBUG com.github.dockerjava.zerodep.shaded.org.apache.hc.client5.http.headers -- http-outgoing-0 << Server: Docker/27.2.0 (linux)
10:40:20.001 [main] DEBUG com.github.dockerjava.zerodep.shaded.org.apache.hc.client5.http.headers -- http-outgoing-0 << Transfer-Encoding: chunked
10:40:20.001 [main] DEBUG com.github.dockerjava.zerodep.shaded.org.apache.hc.client5.http.impl.classic.MainClientExec -- ex-00000007: connection can be kept alive for 3 MINUTES
10:40:20.001 [main] DEBUG com.github.dockerjava.zerodep.shaded.org.apache.hc.client5.http.wire -- http-outgoing-0 << "7c2[\r][\n]"
10:40:20.001 [main] DEBUG com.github.dockerjava.zerodep.shaded.org.apache.hc.client5.http.wire -- http-outgoing-0 << "{"Id":"sha256:00b74ac764e1bd0e8eefa5ca9ad4ff60b1e7a8099181b2446d7bb6695eac6fbf","RepoTags":["testcontainers/ryuk:0.6.0"],"RepoDigests":["testcontainers/ryuk@sha256:739f19eb83b1710f22ff452d7bec9cdd3f53d0ba5ff4096c6516a85de88eba0c"],"Parent":"","Comment":"buildkit.dockerfile.v0","Created":"2023-12-21T14:40:19.615086677Z","ContainerConfig":{"Hostname":"","Domainname":"","User":"","AttachStdin":false,"AttachStdout":false,"AttachStderr":false,"Tty":false,"OpenStdin":false,"StdinOnce":false,"Env":null,"Cmd":null,"Image":"","Volumes":null,"WorkingDir":"","Entrypoint":null,"OnBuild":null,"Labels":null},"DockerVersion":"","Author":"","Config":{"Hostname":"","Domainname":"","User":"","AttachStdin":false,"AttachStdout":false,"AttachStderr":false,"Tty":false,"OpenStdin":false,"StdinOnce":false,"Env":["PATH=/usr/local/sbin:/usr/local/bin:/usr/sbin:/usr/bin:/sbin:/bin"],"Cmd":["/bin/ryuk"],"ArgsEscaped":true,"Image":"","Volumes":null,"WorkingDir":"","Entrypoint":null,"OnBuild":null,"Labels":{"org.testcontainers.ryuk":"true"}},"Architecture":"arm64","Os":"linux","Size":15036068,"VirtualSize":15036068,"GraphDriver":{"Data":{"LowerDir":"/var/lib/docker/overlay2/aaef9645db2b71c24fcb4c01af26303cb31a2efdd815a8f60aba73ec8a7769e5/diff:/var/lib/docker/overlay2/4761cc3054cd6b21768fcf1290259a80faa88e8649fe2a92e65ea7d17f3fd42a/diff","MergedDir":"/var/lib/docker/overlay2/4e3c7b24041f012a7901ea64aee35be40ac12db6efa7e701bfd82446e4f79f6d/merged","UpperDir":"/var/lib/docker/overlay2/4e3c7b24041f012a7901ea64aee35be40ac12db6efa7e701bfd82446e4f79f6d/diff","WorkDir":"/var/lib/docker/overlay2/4e3c7b24041f012a7901ea64aee35be40ac12db6efa7e701bfd82446e4f79f6d/work"},"Name":"overlay2"},"RootFS":{"Type":"layers","Layers":["sha256:3ce819cc49704a39ce4614b73a325ad6efff50e1754005a2a8f17834071027dc","sha256:15ea2ddf622b306783278269acbac1e8e526a997e1ee47c773ec9e33dfc6ea7d","sha256:50f1fa6a30d506fde0ebe49249e4dd81ff493efa8cf48c0f717082e2b2e59d4e"]},"Metadata":{"LastTagTime":"0001-01-01T00:00:00Z"}}[\n]"
10:40:20.001 [main] DEBUG com.github.dockerjava.zerodep.shaded.org.apache.hc.client5.http.wire -- http-outgoing-0 << "[\r][\n]"
10:40:20.001 [main] DEBUG com.github.dockerjava.zerodep.shaded.org.apache.hc.client5.http.wire -- http-outgoing-0 << "0[\r][\n]"
10:40:20.001 [main] DEBUG com.github.dockerjava.zerodep.shaded.org.apache.hc.client5.http.wire -- http-outgoing-0 << "[\r][\n]"
10:40:20.003 [main] DEBUG com.github.dockerjava.zerodep.shaded.org.apache.hc.client5.http.impl.classic.InternalHttpClient -- ep-00000006: releasing valid endpoint
10:40:20.003 [main] DEBUG com.github.dockerjava.zerodep.shaded.org.apache.hc.client5.http.impl.io.PoolingHttpClientConnectionManager -- ep-00000006: releasing endpoint
10:40:20.003 [main] DEBUG com.github.dockerjava.zerodep.shaded.org.apache.hc.client5.http.impl.io.PoolingHttpClientConnectionManager -- ep-00000006: connection http-outgoing-0 can be kept alive for 3 MINUTES
10:40:20.003 [main] DEBUG com.github.dockerjava.zerodep.shaded.org.apache.hc.client5.http.impl.io.PoolingHttpClientConnectionManager -- ep-00000006: connection released [route: {}->unix://localhost:2375][total available: 1; route allocated: 1 of 2147483647; total allocated: 1 of 2147483647]
10:40:20.003 [main] DEBUG org.testcontainers.shaded.com.github.dockerjava.core.command.AbstrDockerCmd -- Cmd: 
10:40:20.004 [main] DEBUG com.github.dockerjava.zerodep.shaded.org.apache.hc.client5.http.impl.classic.InternalHttpClient -- ex-00000008: preparing request execution
10:40:20.004 [main] DEBUG com.github.dockerjava.zerodep.shaded.org.apache.hc.client5.http.protocol.RequestAddCookies -- Cookie spec selected: strict
10:40:20.004 [main] DEBUG com.github.dockerjava.zerodep.shaded.org.apache.hc.client5.http.protocol.RequestAuthCache -- Auth cache not set in the context
10:40:20.004 [main] DEBUG com.github.dockerjava.zerodep.shaded.org.apache.hc.client5.http.impl.classic.ProtocolExec -- ex-00000008: target auth state: UNCHALLENGED
10:40:20.004 [main] DEBUG com.github.dockerjava.zerodep.shaded.org.apache.hc.client5.http.impl.classic.ProtocolExec -- ex-00000008: proxy auth state: UNCHALLENGED
10:40:20.004 [main] DEBUG com.github.dockerjava.zerodep.shaded.org.apache.hc.client5.http.impl.classic.ConnectExec -- ex-00000008: acquiring connection with route {}->unix://localhost:2375
10:40:20.004 [main] DEBUG com.github.dockerjava.zerodep.shaded.org.apache.hc.client5.http.impl.classic.InternalHttpClient -- ex-00000008: acquiring endpoint (3 MINUTES)
10:40:20.004 [main] DEBUG com.github.dockerjava.zerodep.shaded.org.apache.hc.client5.http.impl.io.PoolingHttpClientConnectionManager -- ex-00000008: endpoint lease request (3 MINUTES) [route: {}->unix://localhost:2375][total available: 1; route allocated: 1 of 2147483647; total allocated: 1 of 2147483647]
10:40:20.004 [main] DEBUG com.github.dockerjava.zerodep.shaded.org.apache.hc.client5.http.impl.io.PoolingHttpClientConnectionManager -- ex-00000008: endpoint leased [route: {}->unix://localhost:2375][total available: 0; route allocated: 1 of 2147483647; total allocated: 1 of 2147483647]
10:40:20.004 [main] DEBUG com.github.dockerjava.zerodep.shaded.org.apache.hc.client5.http.impl.io.PoolingHttpClientConnectionManager -- ex-00000008: acquired ep-00000007
10:40:20.004 [main] DEBUG com.github.dockerjava.zerodep.shaded.org.apache.hc.client5.http.impl.classic.InternalHttpClient -- ex-00000008: acquired endpoint ep-00000007
10:40:20.004 [main] DEBUG com.github.dockerjava.zerodep.shaded.org.apache.hc.client5.http.impl.classic.MainClientExec -- ex-00000008: executing GET /v1.32/version HTTP/1.1
10:40:20.004 [main] DEBUG com.github.dockerjava.zerodep.shaded.org.apache.hc.client5.http.impl.classic.InternalHttpClient -- ep-00000007: start execution ex-00000008
10:40:20.004 [main] DEBUG com.github.dockerjava.zerodep.shaded.org.apache.hc.client5.http.impl.io.PoolingHttpClientConnectionManager -- ep-00000007: executing exchange ex-00000008 over http-outgoing-0
10:40:20.004 [main] DEBUG com.github.dockerjava.zerodep.shaded.org.apache.hc.client5.http.headers -- http-outgoing-0 >> GET /v1.32/version HTTP/1.1
10:40:20.004 [main] DEBUG com.github.dockerjava.zerodep.shaded.org.apache.hc.client5.http.headers -- http-outgoing-0 >> accept: application/json
10:40:20.004 [main] DEBUG com.github.dockerjava.zerodep.shaded.org.apache.hc.client5.http.headers -- http-outgoing-0 >> x-tc-sid: f19e918b-ee3a-49e9-843b-bb73ce2bb29f
10:40:20.004 [main] DEBUG com.github.dockerjava.zerodep.shaded.org.apache.hc.client5.http.headers -- http-outgoing-0 >> User-Agent: tc-java/1.19.5
10:40:20.004 [main] DEBUG com.github.dockerjava.zerodep.shaded.org.apache.hc.client5.http.headers -- http-outgoing-0 >> Accept-Encoding: gzip, x-gzip, deflate
10:40:20.004 [main] DEBUG com.github.dockerjava.zerodep.shaded.org.apache.hc.client5.http.headers -- http-outgoing-0 >> Host: localhost:2375
10:40:20.004 [main] DEBUG com.github.dockerjava.zerodep.shaded.org.apache.hc.client5.http.headers -- http-outgoing-0 >> Connection: keep-alive
10:40:20.004 [main] DEBUG com.github.dockerjava.zerodep.shaded.org.apache.hc.client5.http.wire -- http-outgoing-0 >> "GET /v1.32/version HTTP/1.1[\r][\n]"
10:40:20.004 [main] DEBUG com.github.dockerjava.zerodep.shaded.org.apache.hc.client5.http.wire -- http-outgoing-0 >> "accept: application/json[\r][\n]"
10:40:20.004 [main] DEBUG com.github.dockerjava.zerodep.shaded.org.apache.hc.client5.http.wire -- http-outgoing-0 >> "x-tc-sid: f19e918b-ee3a-49e9-843b-bb73ce2bb29f[\r][\n]"
10:40:20.004 [main] DEBUG com.github.dockerjava.zerodep.shaded.org.apache.hc.client5.http.wire -- http-outgoing-0 >> "User-Agent: tc-java/1.19.5[\r][\n]"
10:40:20.004 [main] DEBUG com.github.dockerjava.zerodep.shaded.org.apache.hc.client5.http.wire -- http-outgoing-0 >> "Accept-Encoding: gzip, x-gzip, deflate[\r][\n]"
10:40:20.004 [main] DEBUG com.github.dockerjava.zerodep.shaded.org.apache.hc.client5.http.wire -- http-outgoing-0 >> "Host: localhost:2375[\r][\n]"
10:40:20.004 [main] DEBUG com.github.dockerjava.zerodep.shaded.org.apache.hc.client5.http.wire -- http-outgoing-0 >> "Connection: keep-alive[\r][\n]"
10:40:20.004 [main] DEBUG com.github.dockerjava.zerodep.shaded.org.apache.hc.client5.http.wire -- http-outgoing-0 >> "[\r][\n]"
10:40:20.012 [main] DEBUG com.github.dockerjava.zerodep.shaded.org.apache.hc.client5.http.wire -- http-outgoing-0 << "HTTP/1.1 200 OK[\r][\n]"
10:40:20.012 [main] DEBUG com.github.dockerjava.zerodep.shaded.org.apache.hc.client5.http.wire -- http-outgoing-0 << "Api-Version: 1.47[\r][\n]"
10:40:20.012 [main] DEBUG com.github.dockerjava.zerodep.shaded.org.apache.hc.client5.http.wire -- http-outgoing-0 << "Content-Type: application/json[\r][\n]"
10:40:20.012 [main] DEBUG com.github.dockerjava.zerodep.shaded.org.apache.hc.client5.http.wire -- http-outgoing-0 << "Date: Sat, 23 Nov 2024 18:40:20 GMT[\r][\n]"
10:40:20.012 [main] DEBUG com.github.dockerjava.zerodep.shaded.org.apache.hc.client5.http.wire -- http-outgoing-0 << "Docker-Experimental: false[\r][\n]"
10:40:20.012 [main] DEBUG com.github.dockerjava.zerodep.shaded.org.apache.hc.client5.http.wire -- http-outgoing-0 << "Ostype: linux[\r][\n]"
10:40:20.012 [main] DEBUG com.github.dockerjava.zerodep.shaded.org.apache.hc.client5.http.wire -- http-outgoing-0 << "Server: Docker/27.2.0 (linux)[\r][\n]"
10:40:20.012 [main] DEBUG com.github.dockerjava.zerodep.shaded.org.apache.hc.client5.http.wire -- http-outgoing-0 << "Transfer-Encoding: chunked[\r][\n]"
10:40:20.012 [main] DEBUG com.github.dockerjava.zerodep.shaded.org.apache.hc.client5.http.wire -- http-outgoing-0 << "[\r][\n]"
10:40:20.013 [main] DEBUG com.github.dockerjava.zerodep.shaded.org.apache.hc.client5.http.headers -- http-outgoing-0 << HTTP/1.1 200 OK
10:40:20.013 [main] DEBUG com.github.dockerjava.zerodep.shaded.org.apache.hc.client5.http.headers -- http-outgoing-0 << Api-Version: 1.47
10:40:20.013 [main] DEBUG com.github.dockerjava.zerodep.shaded.org.apache.hc.client5.http.headers -- http-outgoing-0 << Content-Type: application/json
10:40:20.013 [main] DEBUG com.github.dockerjava.zerodep.shaded.org.apache.hc.client5.http.headers -- http-outgoing-0 << Date: Sat, 23 Nov 2024 18:40:20 GMT
10:40:20.013 [main] DEBUG com.github.dockerjava.zerodep.shaded.org.apache.hc.client5.http.headers -- http-outgoing-0 << Docker-Experimental: false
10:40:20.013 [main] DEBUG com.github.dockerjava.zerodep.shaded.org.apache.hc.client5.http.headers -- http-outgoing-0 << Ostype: linux
10:40:20.013 [main] DEBUG com.github.dockerjava.zerodep.shaded.org.apache.hc.client5.http.headers -- http-outgoing-0 << Server: Docker/27.2.0 (linux)
10:40:20.013 [main] DEBUG com.github.dockerjava.zerodep.shaded.org.apache.hc.client5.http.headers -- http-outgoing-0 << Transfer-Encoding: chunked
10:40:20.014 [main] DEBUG com.github.dockerjava.zerodep.shaded.org.apache.hc.client5.http.impl.classic.MainClientExec -- ex-00000008: connection can be kept alive for 3 MINUTES
10:40:20.014 [main] DEBUG com.github.dockerjava.zerodep.shaded.org.apache.hc.client5.http.wire -- http-outgoing-0 << "33b[\r][\n]"
10:40:20.014 [main] DEBUG com.github.dockerjava.zerodep.shaded.org.apache.hc.client5.http.wire -- http-outgoing-0 << "{"Platform":{"Name":"Docker Desktop 4.34.2 (167172)"},"Components":[{"Name":"Engine","Version":"27.2.0","Details":{"ApiVersion":"1.47","Arch":"arm64","BuildTime":"2024-08-27T14:15:41.000000000+00:00","Experimental":"false","GitCommit":"3ab5c7d","GoVersion":"go1.21.13","KernelVersion":"6.10.4-linuxkit","MinAPIVersion":"1.24","Os":"linux"}},{"Name":"containerd","Version":"1.7.20","Details":{"GitCommit":"8fc6bcff51318944179630522a095cc9dbf9f353"}},{"Name":"runc","Version":"1.1.13","Details":{"GitCommit":"v1.1.13-0-g58aa920"}},{"Name":"docker-init","Version":"0.19.0","Details":{"GitCommit":"de40ad0"}}],"Version":"27.2.0","ApiVersion":"1.47","MinAPIVersion":"1.24","GitCommit":"3ab5c7d","GoVersion":"go1.21.13","Os":"linux","Arch":"arm64","KernelVersion":"6.10.4-linuxkit","BuildTime":"2024-08-27T14:15:41.000000000+00:00"}[\n]"
10:40:20.014 [main] DEBUG com.github.dockerjava.zerodep.shaded.org.apache.hc.client5.http.wire -- http-outgoing-0 << "[\r][\n]"
10:40:20.014 [main] DEBUG com.github.dockerjava.zerodep.shaded.org.apache.hc.client5.http.wire -- http-outgoing-0 << "0[\r][\n]"
10:40:20.014 [main] DEBUG com.github.dockerjava.zerodep.shaded.org.apache.hc.client5.http.wire -- http-outgoing-0 << "[\r][\n]"
10:40:20.015 [main] DEBUG com.github.dockerjava.zerodep.shaded.org.apache.hc.client5.http.impl.classic.InternalHttpClient -- ep-00000007: releasing valid endpoint
10:40:20.015 [main] DEBUG com.github.dockerjava.zerodep.shaded.org.apache.hc.client5.http.impl.io.PoolingHttpClientConnectionManager -- ep-00000007: releasing endpoint
10:40:20.015 [main] DEBUG com.github.dockerjava.zerodep.shaded.org.apache.hc.client5.http.impl.io.PoolingHttpClientConnectionManager -- ep-00000007: connection http-outgoing-0 can be kept alive for 3 MINUTES
10:40:20.015 [main] DEBUG com.github.dockerjava.zerodep.shaded.org.apache.hc.client5.http.impl.io.PoolingHttpClientConnectionManager -- ep-00000007: connection released [route: {}->unix://localhost:2375][total available: 1; route allocated: 1 of 2147483647; total allocated: 1 of 2147483647]
10:40:20.019 [docker-java-stream--1862757574] DEBUG com.github.dockerjava.zerodep.shaded.org.apache.hc.client5.http.impl.classic.InternalHttpClient -- ex-00000009: preparing request execution
10:40:20.019 [docker-java-stream--1862757574] DEBUG com.github.dockerjava.zerodep.shaded.org.apache.hc.client5.http.protocol.RequestAddCookies -- Cookie spec selected: strict
10:40:20.019 [docker-java-stream--1862757574] DEBUG com.github.dockerjava.zerodep.shaded.org.apache.hc.client5.http.protocol.RequestAuthCache -- Auth cache not set in the context
10:40:20.019 [docker-java-stream--1862757574] DEBUG com.github.dockerjava.zerodep.shaded.org.apache.hc.client5.http.impl.classic.ProtocolExec -- ex-00000009: target auth state: UNCHALLENGED
10:40:20.019 [docker-java-stream--1862757574] DEBUG com.github.dockerjava.zerodep.shaded.org.apache.hc.client5.http.impl.classic.ProtocolExec -- ex-00000009: proxy auth state: UNCHALLENGED
10:40:20.019 [docker-java-stream--1862757574] DEBUG com.github.dockerjava.zerodep.shaded.org.apache.hc.client5.http.impl.classic.ConnectExec -- ex-00000009: acquiring connection with route {}->unix://localhost:2375
10:40:20.019 [docker-java-stream--1862757574] DEBUG com.github.dockerjava.zerodep.shaded.org.apache.hc.client5.http.impl.classic.InternalHttpClient -- ex-00000009: acquiring endpoint (3 MINUTES)
10:40:20.019 [docker-java-stream--1862757574] DEBUG com.github.dockerjava.zerodep.shaded.org.apache.hc.client5.http.impl.io.PoolingHttpClientConnectionManager -- ex-00000009: endpoint lease request (3 MINUTES) [route: {}->unix://localhost:2375][total available: 1; route allocated: 1 of 2147483647; total allocated: 1 of 2147483647]
10:40:20.019 [docker-java-stream--1862757574] DEBUG com.github.dockerjava.zerodep.shaded.org.apache.hc.client5.http.impl.io.PoolingHttpClientConnectionManager -- ex-00000009: endpoint leased [route: {}->unix://localhost:2375][total available: 0; route allocated: 1 of 2147483647; total allocated: 1 of 2147483647]
10:40:20.019 [docker-java-stream--1862757574] DEBUG com.github.dockerjava.zerodep.shaded.org.apache.hc.client5.http.impl.io.PoolingHttpClientConnectionManager -- ex-00000009: acquired ep-00000008
10:40:20.019 [docker-java-stream--1862757574] DEBUG com.github.dockerjava.zerodep.shaded.org.apache.hc.client5.http.impl.classic.InternalHttpClient -- ex-00000009: acquired endpoint ep-00000008
10:40:20.019 [docker-java-stream--1862757574] DEBUG com.github.dockerjava.zerodep.shaded.org.apache.hc.client5.http.impl.classic.MainClientExec -- ex-00000009: executing GET /v1.32/containers/f76dd5eecb75fc0a83077b1dd1ef45a956b601937677ef15885b2a997798f0d6/logs?stdout=true&stderr=true&follow=true&since=0 HTTP/1.1
10:40:20.019 [docker-java-stream--1862757574] DEBUG com.github.dockerjava.zerodep.shaded.org.apache.hc.client5.http.impl.classic.InternalHttpClient -- ep-00000008: start execution ex-00000009
10:40:20.019 [docker-java-stream--1862757574] DEBUG com.github.dockerjava.zerodep.shaded.org.apache.hc.client5.http.impl.io.PoolingHttpClientConnectionManager -- ep-00000008: executing exchange ex-00000009 over http-outgoing-0
10:40:20.020 [docker-java-stream--1862757574] DEBUG com.github.dockerjava.zerodep.shaded.org.apache.hc.client5.http.headers -- http-outgoing-0 >> GET /v1.32/containers/f76dd5eecb75fc0a83077b1dd1ef45a956b601937677ef15885b2a997798f0d6/logs?stdout=true&stderr=true&follow=true&since=0 HTTP/1.1
10:40:20.020 [docker-java-stream--1862757574] DEBUG com.github.dockerjava.zerodep.shaded.org.apache.hc.client5.http.headers -- http-outgoing-0 >> x-tc-sid: f19e918b-ee3a-49e9-843b-bb73ce2bb29f
10:40:20.020 [docker-java-stream--1862757574] DEBUG com.github.dockerjava.zerodep.shaded.org.apache.hc.client5.http.headers -- http-outgoing-0 >> User-Agent: tc-java/1.19.5
10:40:20.020 [docker-java-stream--1862757574] DEBUG com.github.dockerjava.zerodep.shaded.org.apache.hc.client5.http.headers -- http-outgoing-0 >> Accept-Encoding: gzip, x-gzip, deflate
10:40:20.020 [docker-java-stream--1862757574] DEBUG com.github.dockerjava.zerodep.shaded.org.apache.hc.client5.http.headers -- http-outgoing-0 >> Host: localhost:2375
10:40:20.020 [docker-java-stream--1862757574] DEBUG com.github.dockerjava.zerodep.shaded.org.apache.hc.client5.http.headers -- http-outgoing-0 >> Connection: keep-alive
10:40:20.020 [docker-java-stream--1862757574] DEBUG com.github.dockerjava.zerodep.shaded.org.apache.hc.client5.http.wire -- http-outgoing-0 >> "GET /v1.32/containers/f76dd5eecb75fc0a83077b1dd1ef45a956b601937677ef15885b2a997798f0d6/logs?stdout=true&stderr=true&follow=true&since=0 HTTP/1.1[\r][\n]"
10:40:20.020 [docker-java-stream--1862757574] DEBUG com.github.dockerjava.zerodep.shaded.org.apache.hc.client5.http.wire -- http-outgoing-0 >> "x-tc-sid: f19e918b-ee3a-49e9-843b-bb73ce2bb29f[\r][\n]"
10:40:20.020 [docker-java-stream--1862757574] DEBUG com.github.dockerjava.zerodep.shaded.org.apache.hc.client5.http.wire -- http-outgoing-0 >> "User-Agent: tc-java/1.19.5[\r][\n]"
10:40:20.020 [docker-java-stream--1862757574] DEBUG com.github.dockerjava.zerodep.shaded.org.apache.hc.client5.http.wire -- http-outgoing-0 >> "Accept-Encoding: gzip, x-gzip, deflate[\r][\n]"
10:40:20.020 [docker-java-stream--1862757574] DEBUG com.github.dockerjava.zerodep.shaded.org.apache.hc.client5.http.wire -- http-outgoing-0 >> "Host: localhost:2375[\r][\n]"
10:40:20.020 [docker-java-stream--1862757574] DEBUG com.github.dockerjava.zerodep.shaded.org.apache.hc.client5.http.wire -- http-outgoing-0 >> "Connection: keep-alive[\r][\n]"
10:40:20.020 [docker-java-stream--1862757574] DEBUG com.github.dockerjava.zerodep.shaded.org.apache.hc.client5.http.wire -- http-outgoing-0 >> "[\r][\n]"
10:40:20.021 [docker-java-stream--1862757574] DEBUG com.github.dockerjava.zerodep.shaded.org.apache.hc.client5.http.wire -- http-outgoing-0 << "HTTP/1.1 200 OK[\r][\n]"
10:40:20.021 [docker-java-stream--1862757574] DEBUG com.github.dockerjava.zerodep.shaded.org.apache.hc.client5.http.wire -- http-outgoing-0 << "Api-Version: 1.47[\r][\n]"
10:40:20.021 [docker-java-stream--1862757574] DEBUG com.github.dockerjava.zerodep.shaded.org.apache.hc.client5.http.wire -- http-outgoing-0 << "Content-Type: application/vnd.docker.raw-stream[\r][\n]"
10:40:20.021 [docker-java-stream--1862757574] DEBUG com.github.dockerjava.zerodep.shaded.org.apache.hc.client5.http.wire -- http-outgoing-0 << "Date: Sat, 23 Nov 2024 18:40:20 GMT[\r][\n]"
10:40:20.021 [docker-java-stream--1862757574] DEBUG com.github.dockerjava.zerodep.shaded.org.apache.hc.client5.http.wire -- http-outgoing-0 << "Docker-Experimental: false[\r][\n]"
10:40:20.021 [docker-java-stream--1862757574] DEBUG com.github.dockerjava.zerodep.shaded.org.apache.hc.client5.http.wire -- http-outgoing-0 << "Ostype: linux[\r][\n]"
10:40:20.021 [docker-java-stream--1862757574] DEBUG com.github.dockerjava.zerodep.shaded.org.apache.hc.client5.http.wire -- http-outgoing-0 << "Server: Docker/27.2.0 (linux)[\r][\n]"
10:40:20.021 [docker-java-stream--1862757574] DEBUG com.github.dockerjava.zerodep.shaded.org.apache.hc.client5.http.wire -- http-outgoing-0 << "Transfer-Encoding: chunked[\r][\n]"
10:40:20.021 [docker-java-stream--1862757574] DEBUG com.github.dockerjava.zerodep.shaded.org.apache.hc.client5.http.wire -- http-outgoing-0 << "[\r][\n]"
10:40:20.021 [docker-java-stream--1862757574] DEBUG com.github.dockerjava.zerodep.shaded.org.apache.hc.client5.http.headers -- http-outgoing-0 << HTTP/1.1 200 OK
10:40:20.021 [docker-java-stream--1862757574] DEBUG com.github.dockerjava.zerodep.shaded.org.apache.hc.client5.http.headers -- http-outgoing-0 << Api-Version: 1.47
10:40:20.021 [docker-java-stream--1862757574] DEBUG com.github.dockerjava.zerodep.shaded.org.apache.hc.client5.http.headers -- http-outgoing-0 << Content-Type: application/vnd.docker.raw-stream
10:40:20.021 [docker-java-stream--1862757574] DEBUG com.github.dockerjava.zerodep.shaded.org.apache.hc.client5.http.headers -- http-outgoing-0 << Date: Sat, 23 Nov 2024 18:40:20 GMT
10:40:20.021 [docker-java-stream--1862757574] DEBUG com.github.dockerjava.zerodep.shaded.org.apache.hc.client5.http.headers -- http-outgoing-0 << Docker-Experimental: false
10:40:20.021 [docker-java-stream--1862757574] DEBUG com.github.dockerjava.zerodep.shaded.org.apache.hc.client5.http.headers -- http-outgoing-0 << Ostype: linux
10:40:20.021 [docker-java-stream--1862757574] DEBUG com.github.dockerjava.zerodep.shaded.org.apache.hc.client5.http.headers -- http-outgoing-0 << Server: Docker/27.2.0 (linux)
10:40:20.021 [docker-java-stream--1862757574] DEBUG com.github.dockerjava.zerodep.shaded.org.apache.hc.client5.http.headers -- http-outgoing-0 << Transfer-Encoding: chunked
10:40:20.021 [docker-java-stream--1862757574] DEBUG com.github.dockerjava.zerodep.shaded.org.apache.hc.client5.http.impl.classic.MainClientExec -- ex-00000009: connection can be kept alive for 3 MINUTES
10:40:20.021 [docker-java-stream--1862757574] DEBUG com.github.dockerjava.zerodep.shaded.org.apache.hc.client5.http.wire -- http-outgoing-0 << "c0[\r][\n]"
10:40:20.021 [docker-java-stream--1862757574] DEBUG com.github.dockerjava.zerodep.shaded.org.apache.hc.client5.http.wire -- http-outgoing-0 << "[0x2][0x0][0x0][0x0][0x0][0x0][0x0]&2024/11/23 18:40:19 Pinging Docker...[\n]"
10:40:20.021 [docker-java-stream--1862757574] DEBUG com.github.dockerjava.zerodep.shaded.org.apache.hc.client5.http.wire -- http-outgoing-0 << "[0x2][0x0][0x0][0x0][0x0][0x0][0x0]02024/11/23 18:40:19 Docker daemon is available![\n]"
10:40:20.021 [docker-java-stream--1862757574] DEBUG com.github.dockerjava.zerodep.shaded.org.apache.hc.client5.http.wire -- http-outgoing-0 << "[0x2][0x0][0x0][0x0][0x0][0x0][0x0]-2024/11/23 18:40:19 Starting on port 8080...[\n]"
10:40:20.021 [docker-java-stream--1862757574] DEBUG com.github.dockerjava.zerodep.shaded.org.apache.hc.client5.http.wire -- http-outgoing-0 << "[0x2][0x0][0x0][0x0][0x0][0x0][0x0][0x1d]2024/11/23 18:40:19 Started![\n]"
10:40:20.021 [docker-java-stream--1862757574] DEBUG com.github.dockerjava.zerodep.shaded.org.apache.hc.client5.http.wire -- http-outgoing-0 << "[\r][\n]"
10:40:20.022 [main] DEBUG org.testcontainers.containers.output.WaitingConsumer -- STDERR: 2024/11/23 18:40:19 Pinging Docker...
10:40:20.022 [main] DEBUG org.testcontainers.containers.output.WaitingConsumer -- STDERR: 2024/11/23 18:40:19 Started!
10:40:20.024 [main] DEBUG com.github.dockerjava.zerodep.shaded.org.apache.hc.client5.http.impl.classic.InternalHttpClient -- ep-00000008: cancel
10:40:20.024 [docker-java-stream--1862757574] DEBUG com.github.dockerjava.zerodep.shaded.org.apache.hc.client5.http.wire -- http-outgoing-0 << "[read] I/O error: null"
10:40:20.024 [docker-java-stream--1862757574] DEBUG com.github.dockerjava.zerodep.shaded.org.apache.hc.client5.http.wire -- http-outgoing-0 << "[read] I/O error: null"
10:40:20.024 [main] DEBUG com.github.dockerjava.zerodep.shaded.org.apache.hc.client5.http.impl.io.DefaultManagedHttpClientConnection -- http-outgoing-0: close connection IMMEDIATE
10:40:20.024 [main] DEBUG com.github.dockerjava.zerodep.shaded.org.apache.hc.client5.http.impl.classic.InternalHttpClient -- ep-00000008: endpoint closed
10:40:20.024 [main] DEBUG com.github.dockerjava.zerodep.shaded.org.apache.hc.client5.http.impl.classic.InternalHttpClient -- ep-00000008: discarding endpoint
10:40:20.024 [main] DEBUG com.github.dockerjava.zerodep.shaded.org.apache.hc.client5.http.impl.io.PoolingHttpClientConnectionManager -- ep-00000008: releasing endpoint
10:40:20.024 [main] DEBUG com.github.dockerjava.zerodep.shaded.org.apache.hc.client5.http.impl.io.PoolingHttpClientConnectionManager -- ep-00000008: connection is not kept alive
10:40:20.024 [main] DEBUG com.github.dockerjava.zerodep.shaded.org.apache.hc.client5.http.impl.io.PoolingHttpClientConnectionManager -- ep-00000008: connection released [route: {}->unix://localhost:2375][total available: 0; route allocated: 0 of 2147483647; total allocated: 0 of 2147483647]
10:40:20.024 [main] INFO tc.testcontainers/ryuk:0.6.0 -- Container testcontainers/ryuk:0.6.0 started in PT0.376144S
10:40:20.024 [docker-java-stream--1862757574] DEBUG com.github.dockerjava.zerodep.ApacheDockerHttpClientImpl$ApacheResponse -- Failed to close the response
java.nio.channels.ClosedChannelException: null
	at java.base/sun.nio.ch.SocketChannelImpl.ensureOpenAndConnected(SocketChannelImpl.java:222)
	at java.base/sun.nio.ch.SocketChannelImpl.blockingRead(SocketChannelImpl.java:1306)
	at java.base/sun.nio.ch.SocketInputStream.read(SocketInputStream.java:70)
	at com.github.dockerjava.zerodep.shaded.org.apache.hc.client5.http.impl.io.LoggingInputStream.read(LoggingInputStream.java:81)
	at com.github.dockerjava.zerodep.shaded.org.apache.hc.core5.http.impl.io.SessionInputBufferImpl.fillBuffer(SessionInputBufferImpl.java:149)
	at com.github.dockerjava.zerodep.shaded.org.apache.hc.core5.http.impl.io.SessionInputBufferImpl.readLine(SessionInputBufferImpl.java:280)
	at com.github.dockerjava.zerodep.shaded.org.apache.hc.core5.http.impl.io.ChunkedInputStream.getChunkSize(ChunkedInputStream.java:261)
	at com.github.dockerjava.zerodep.shaded.org.apache.hc.core5.http.impl.io.ChunkedInputStream.nextChunk(ChunkedInputStream.java:222)
	at com.github.dockerjava.zerodep.shaded.org.apache.hc.core5.http.impl.io.ChunkedInputStream.read(ChunkedInputStream.java:147)
	at com.github.dockerjava.zerodep.shaded.org.apache.hc.core5.http.impl.io.ChunkedInputStream.close(ChunkedInputStream.java:314)
	at com.github.dockerjava.zerodep.shaded.org.apache.hc.core5.io.Closer.close(Closer.java:48)
	at com.github.dockerjava.zerodep.shaded.org.apache.hc.core5.http.impl.io.IncomingHttpEntity.close(IncomingHttpEntity.java:111)
	at com.github.dockerjava.zerodep.shaded.org.apache.hc.core5.http.io.entity.HttpEntityWrapper.close(HttpEntityWrapper.java:120)
	at com.github.dockerjava.zerodep.shaded.org.apache.hc.core5.io.Closer.close(Closer.java:48)
	at com.github.dockerjava.zerodep.shaded.org.apache.hc.core5.http.message.BasicClassicHttpResponse.close(BasicClassicHttpResponse.java:93)
	at com.github.dockerjava.zerodep.shaded.org.apache.hc.client5.http.impl.classic.CloseableHttpResponse.close(CloseableHttpResponse.java:200)
	at com.github.dockerjava.zerodep.ApacheDockerHttpClientImpl$ApacheResponse.close(ApacheDockerHttpClientImpl.java:256)
	at org.testcontainers.shaded.com.github.dockerjava.core.DefaultInvocationBuilder.lambda$executeAndStream$1(DefaultInvocationBuilder.java:277)
	at java.base/java.lang.Thread.run(Thread.java:1583)
10:40:20.028 [testcontainers-ryuk] DEBUG org.testcontainers.utility.ResourceReaper -- Sending 'label=org.testcontainers%3Dtrue&label=org.testcontainers.lang%3Djava&label=org.testcontainers.version%3D1.19.5&label=org.testcontainers.sessionId%3Df19e918b-ee3a-49e9-843b-bb73ce2bb29f' to Ryuk
10:40:20.029 [testcontainers-ryuk] DEBUG org.testcontainers.utility.RyukResourceReaper -- Received 'ACK' from Ryuk
10:40:20.029 [main] INFO org.testcontainers.utility.RyukResourceReaper -- Ryuk started - will monitor and terminate Testcontainers containers on JVM exit
10:40:20.029 [main] DEBUG org.testcontainers.DockerClientFactory -- Checks are enabled
10:40:20.029 [main] INFO org.testcontainers.DockerClientFactory -- Checking the system...
10:40:20.030 [main] INFO org.testcontainers.DockerClientFactory -- ✔︎ Docker server version should be at least 1.6.0
10:40:20.030 [main] DEBUG org.testcontainers.utility.PrefixingImageNameSubstitutor -- No prefix is configured
10:40:20.030 [main] DEBUG org.testcontainers.utility.ImageNameSubstitutor -- Did not find a substitute image for postgres:14 (using image substitutor: DefaultImageNameSubstitutor (composite of 'ConfigurationFileImageNameSubstitutor' and 'PrefixingImageNameSubstitutor'))
10:40:20.030 [main] DEBUG org.testcontainers.images.AbstractImagePullPolicy -- Using locally available and not pulling image: postgres:14
10:40:20.030 [main] DEBUG tc.postgres:14 -- Starting container: postgres:14
10:40:20.030 [main] DEBUG tc.postgres:14 -- Trying to start container: postgres:14 (attempt 1/1)
10:40:20.030 [main] DEBUG tc.postgres:14 -- Starting container: postgres:14
10:40:20.030 [main] INFO tc.postgres:14 -- Creating container for image: postgres:14
10:40:20.030 [main] DEBUG org.testcontainers.utility.RegistryAuthLocator -- Looking up auth config for image: postgres:14 at registry: https://index.docker.io/v1/
10:40:20.030 [main] DEBUG org.testcontainers.utility.RegistryAuthLocator -- No matching Auth Configs - falling back to defaultAuthConfig [null]
10:40:20.030 [main] DEBUG org.testcontainers.dockerclient.AuthDelegatingDockerClientConfig -- Effective auth config [null]
10:40:20.030 [main] DEBUG org.testcontainers.shaded.com.github.dockerjava.core.command.AbstrDockerCmd -- Cmd: org.testcontainers.shaded.com.github.dockerjava.core.command.CreateContainerCmdImpl@1305c126[aliases=<null>,argsEscaped=<null>,attachStderr=<null>,attachStdin=<null>,attachStdout=<null>,authConfig=<null>,cmd={postgres,-c,fsync=off},domainName=<null>,entrypoint=<null>,env={POSTGRES_USER=postgres,POSTGRES_PASSWORD=password,POSTGRES_DB=test_bestiary},exposedPorts=ExposedPorts(exposedPorts=[5432/tcp]),healthcheck=<null>,hostConfig=HostConfig(binds=[], blkioWeight=null, blkioWeightDevice=null, blkioDeviceReadBps=null, blkioDeviceWriteBps=null, blkioDeviceReadIOps=null, blkioDeviceWriteIOps=null, memorySwappiness=null, nanoCPUs=null, capAdd=null, capDrop=null, containerIDFile=null, cpuPeriod=null, cpuRealtimePeriod=null, cpuRealtimeRuntime=null, cpuShares=null, cpuQuota=null, cpusetCpus=null, cpusetMems=null, devices=null, deviceCgroupRules=null, deviceRequests=null, diskQuota=null, dns=null, dnsOptions=null, dnsSearch=null, extraHosts=[], groupAdd=null, ipcMode=null, cgroup=null, links=[], logConfig=LogConfig(type=null, config=null), lxcConf=null, memory=null, memorySwap=null, memoryReservation=null, kernelMemory=null, networkMode=null, oomKillDisable=null, init=null, autoRemove=null, oomScoreAdj=null, portBindings={5432/tcp=[Lcom.github.dockerjava.api.model.Ports$Binding;@23f3da8b}, privileged=null, publishAllPorts=null, readonlyRootfs=null, restartPolicy=null, ulimits=null, cpuCount=null, cpuPercent=null, ioMaximumIOps=null, ioMaximumBandwidth=null, volumesFrom=[], mounts=null, pidMode=null, isolation=null, securityOpts=null, storageOpt=null, cgroupParent=null, volumeDriver=null, shmSize=null, pidsLimit=null, runtime=null, tmpFs=null, utSMode=null, usernsMode=null, sysctls=null, consoleSize=null, cgroupnsMode=null),hostName=<null>,image=postgres:14,ipv4Address=<null>,ipv6Address=<null>,labels={org.testcontainers=true, org.testcontainers.lang=java, org.testcontainers.version=1.19.5, org.testcontainers.sessionId=f19e918b-ee3a-49e9-843b-bb73ce2bb29f},macAddress=<null>,name=<null>,networkDisabled=<null>,networkingConfig=<null>,onBuild=<null>,platform=<null>,portSpecs=<null>,shell=<null>,stdInOnce=<null>,stdinOpen=<null>,stopSignal=<null>,stopTimeout=<null>,tty=<null>,user=<null>,volumes=Volumes(volumes=[]),workingDir=<null>]
10:40:20.032 [main] DEBUG com.github.dockerjava.zerodep.shaded.org.apache.hc.client5.http.impl.classic.InternalHttpClient -- ex-0000000A: preparing request execution
10:40:20.032 [main] DEBUG com.github.dockerjava.zerodep.shaded.org.apache.hc.client5.http.protocol.RequestAddCookies -- Cookie spec selected: strict
10:40:20.032 [main] DEBUG com.github.dockerjava.zerodep.shaded.org.apache.hc.client5.http.protocol.RequestAuthCache -- Auth cache not set in the context
10:40:20.032 [main] DEBUG com.github.dockerjava.zerodep.shaded.org.apache.hc.client5.http.impl.classic.ProtocolExec -- ex-0000000A: target auth state: UNCHALLENGED
10:40:20.032 [main] DEBUG com.github.dockerjava.zerodep.shaded.org.apache.hc.client5.http.impl.classic.ProtocolExec -- ex-0000000A: proxy auth state: UNCHALLENGED
10:40:20.032 [main] DEBUG com.github.dockerjava.zerodep.shaded.org.apache.hc.client5.http.impl.classic.ConnectExec -- ex-0000000A: acquiring connection with route {}->unix://localhost:2375
10:40:20.032 [main] DEBUG com.github.dockerjava.zerodep.shaded.org.apache.hc.client5.http.impl.classic.InternalHttpClient -- ex-0000000A: acquiring endpoint (3 MINUTES)
10:40:20.032 [main] DEBUG com.github.dockerjava.zerodep.shaded.org.apache.hc.client5.http.impl.io.PoolingHttpClientConnectionManager -- ex-0000000A: endpoint lease request (3 MINUTES) [route: {}->unix://localhost:2375][total available: 0; route allocated: 0 of 2147483647; total allocated: 0 of 2147483647]
10:40:20.032 [main] DEBUG com.github.dockerjava.zerodep.shaded.org.apache.hc.client5.http.impl.io.PoolingHttpClientConnectionManager -- ex-0000000A: endpoint leased [route: {}->unix://localhost:2375][total available: 0; route allocated: 1 of 2147483647; total allocated: 1 of 2147483647]
10:40:20.032 [main] DEBUG com.github.dockerjava.zerodep.shaded.org.apache.hc.client5.http.impl.io.PoolingHttpClientConnectionManager -- ex-0000000A: acquired ep-00000009
10:40:20.032 [main] DEBUG com.github.dockerjava.zerodep.shaded.org.apache.hc.client5.http.impl.classic.InternalHttpClient -- ex-0000000A: acquired endpoint ep-00000009
10:40:20.032 [main] DEBUG com.github.dockerjava.zerodep.shaded.org.apache.hc.client5.http.impl.classic.ConnectExec -- ex-0000000A: opening connection {}->unix://localhost:2375
10:40:20.032 [main] DEBUG com.github.dockerjava.zerodep.shaded.org.apache.hc.client5.http.impl.classic.InternalHttpClient -- ep-00000009: connecting endpoint (3 MINUTES)
10:40:20.032 [main] DEBUG com.github.dockerjava.zerodep.shaded.org.apache.hc.client5.http.impl.io.PoolingHttpClientConnectionManager -- ep-00000009: connecting endpoint to unix://localhost:2375 (3 MINUTES)
10:40:20.033 [main] DEBUG com.github.dockerjava.zerodep.shaded.org.apache.hc.client5.http.impl.io.DefaultHttpClientConnectionOperator -- http-outgoing-1: connecting to localhost/127.0.0.1:2375
10:40:20.033 [main] DEBUG com.github.dockerjava.zerodep.shaded.org.apache.hc.client5.http.impl.io.DefaultHttpClientConnectionOperator -- http-outgoing-1: connection established /Users/shane/.docker/run/docker.sock<->/Users/shane/.docker/run/docker.sock
10:40:20.033 [main] DEBUG com.github.dockerjava.zerodep.shaded.org.apache.hc.client5.http.impl.io.PoolingHttpClientConnectionManager -- ep-00000009: connected http-outgoing-1
10:40:20.033 [main] DEBUG com.github.dockerjava.zerodep.shaded.org.apache.hc.client5.http.impl.classic.InternalHttpClient -- ep-00000009: endpoint connected
10:40:20.033 [main] DEBUG com.github.dockerjava.zerodep.shaded.org.apache.hc.client5.http.impl.classic.MainClientExec -- ex-0000000A: executing POST /v1.32/containers/create HTTP/1.1
10:40:20.033 [main] DEBUG com.github.dockerjava.zerodep.shaded.org.apache.hc.client5.http.impl.classic.InternalHttpClient -- ep-00000009: start execution ex-0000000A
10:40:20.033 [main] DEBUG com.github.dockerjava.zerodep.shaded.org.apache.hc.client5.http.impl.io.PoolingHttpClientConnectionManager -- ep-00000009: executing exchange ex-0000000A over http-outgoing-1
10:40:20.033 [main] DEBUG com.github.dockerjava.zerodep.shaded.org.apache.hc.client5.http.headers -- http-outgoing-1 >> POST /v1.32/containers/create HTTP/1.1
10:40:20.033 [main] DEBUG com.github.dockerjava.zerodep.shaded.org.apache.hc.client5.http.headers -- http-outgoing-1 >> accept: application/json
10:40:20.033 [main] DEBUG com.github.dockerjava.zerodep.shaded.org.apache.hc.client5.http.headers -- http-outgoing-1 >> content-type: application/json
10:40:20.033 [main] DEBUG com.github.dockerjava.zerodep.shaded.org.apache.hc.client5.http.headers -- http-outgoing-1 >> x-tc-sid: f19e918b-ee3a-49e9-843b-bb73ce2bb29f
10:40:20.033 [main] DEBUG com.github.dockerjava.zerodep.shaded.org.apache.hc.client5.http.headers -- http-outgoing-1 >> User-Agent: tc-java/1.19.5
10:40:20.033 [main] DEBUG com.github.dockerjava.zerodep.shaded.org.apache.hc.client5.http.headers -- http-outgoing-1 >> Accept-Encoding: gzip, x-gzip, deflate
10:40:20.033 [main] DEBUG com.github.dockerjava.zerodep.shaded.org.apache.hc.client5.http.headers -- http-outgoing-1 >> Content-Length: 2072
10:40:20.033 [main] DEBUG com.github.dockerjava.zerodep.shaded.org.apache.hc.client5.http.headers -- http-outgoing-1 >> Host: localhost:2375
10:40:20.033 [main] DEBUG com.github.dockerjava.zerodep.shaded.org.apache.hc.client5.http.headers -- http-outgoing-1 >> Connection: keep-alive
10:40:20.033 [main] DEBUG com.github.dockerjava.zerodep.shaded.org.apache.hc.client5.http.wire -- http-outgoing-1 >> "POST /v1.32/containers/create HTTP/1.1[\r][\n]"
10:40:20.033 [main] DEBUG com.github.dockerjava.zerodep.shaded.org.apache.hc.client5.http.wire -- http-outgoing-1 >> "accept: application/json[\r][\n]"
10:40:20.033 [main] DEBUG com.github.dockerjava.zerodep.shaded.org.apache.hc.client5.http.wire -- http-outgoing-1 >> "content-type: application/json[\r][\n]"
10:40:20.033 [main] DEBUG com.github.dockerjava.zerodep.shaded.org.apache.hc.client5.http.wire -- http-outgoing-1 >> "x-tc-sid: f19e918b-ee3a-49e9-843b-bb73ce2bb29f[\r][\n]"
10:40:20.033 [main] DEBUG com.github.dockerjava.zerodep.shaded.org.apache.hc.client5.http.wire -- http-outgoing-1 >> "User-Agent: tc-java/1.19.5[\r][\n]"
10:40:20.033 [main] DEBUG com.github.dockerjava.zerodep.shaded.org.apache.hc.client5.http.wire -- http-outgoing-1 >> "Accept-Encoding: gzip, x-gzip, deflate[\r][\n]"
10:40:20.033 [main] DEBUG com.github.dockerjava.zerodep.shaded.org.apache.hc.client5.http.wire -- http-outgoing-1 >> "Content-Length: 2072[\r][\n]"
10:40:20.033 [main] DEBUG com.github.dockerjava.zerodep.shaded.org.apache.hc.client5.http.wire -- http-outgoing-1 >> "Host: localhost:2375[\r][\n]"
10:40:20.033 [main] DEBUG com.github.dockerjava.zerodep.shaded.org.apache.hc.client5.http.wire -- http-outgoing-1 >> "Connection: keep-alive[\r][\n]"
10:40:20.033 [main] DEBUG com.github.dockerjava.zerodep.shaded.org.apache.hc.client5.http.wire -- http-outgoing-1 >> "[\r][\n]"
10:40:20.034 [main] DEBUG com.github.dockerjava.zerodep.shaded.org.apache.hc.client5.http.wire -- http-outgoing-1 >> "{"Hostname":null,"Domainname":null,"User":null,"AttachStdin":null,"AttachStdout":null,"AttachStderr":null,"PortSpecs":null,"Tty":null,"OpenStdin":null,"StdinOnce":null,"Env":["POSTGRES_USER=postgres","POSTGRES_PASSWORD=password","POSTGRES_DB=test_bestiary"],"Cmd":["postgres","-c","fsync=off"],"Healthcheck":null,"ArgsEscaped":null,"Entrypoint":null,"Image":"postgres:14","Volumes":{},"WorkingDir":null,"MacAddress":null,"OnBuild":null,"NetworkDisabled":null,"ExposedPorts":{"5432/tcp":{}},"StopSignal":null,"StopTimeout":null,"HostConfig":{"Binds":[],"BlkioWeight":null,"BlkioWeightDevice":null,"BlkioDeviceReadBps":null,"BlkioDeviceWriteBps":null,"BlkioDeviceReadIOps":null,"BlkioDeviceWriteIOps":null,"MemorySwappiness":null,"NanoCpus":null,"CapAdd":null,"CapDrop":null,"ContainerIDFile":null,"CpuPeriod":null,"CpuRealtimePeriod":null,"CpuRealtimeRuntime":null,"CpuShares":null,"CpuQuota":null,"CpusetCpus":null,"CpusetMems":null,"Devices":null,"DeviceCgroupRules":null,"DeviceRequests":null,"DiskQuota":null,"Dns":null,"DnsOptions":null,"DnsSearch":null,"ExtraHosts":[],"GroupAdd":null,"IpcMode":null,"Cgroup":null,"Links":[],"LogConfig":null,"LxcConf":null,"Memory":null,"MemorySwap":null,"MemoryReservation":null,"KernelMemory":null,"NetworkMode":null,"OomKillDisable":null,"Init":null,"AutoRemove":null,"OomScoreAdj":null,"PortBindings":{"5432/tcp":[{"HostIp":"","HostPort":""}]},"Privileged":null,"PublishAllPorts":null,"ReadonlyRootfs":null,"RestartPolicy":null,"Ulimits":null,"CpuCount":null,"CpuPercent":null,"IOMaximumIOps":null,"IOMaximumBandwidth":null,"VolumesFrom":[],"Mounts":null,"PidMode":null,"Isolation":null,"SecurityOpt":null,"StorageOpt":null,"CgroupParent":null,"VolumeDriver":null,"ShmSize":null,"PidsLimit":null,"Runtime":null,"Tmpfs":null,"UTSMode":null,"UsernsMode":null,"Sysctls":null,"ConsoleSize":null,"CgroupnsMode":null},"Labels":{"org.testcontainers":"true","org.testcontainers.lang":"java","org.testcontainers.version":"1.19.5","org.testcontainers.sessionId":"f19e918b-ee3a-49e9-843b-bb73ce2bb29f"},"Shell":null,"NetworkingConfig":null}"
10:40:20.053 [main] DEBUG com.github.dockerjava.zerodep.shaded.org.apache.hc.client5.http.wire -- http-outgoing-1 << "HTTP/1.1 201 Created[\r][\n]"
10:40:20.053 [main] DEBUG com.github.dockerjava.zerodep.shaded.org.apache.hc.client5.http.wire -- http-outgoing-1 << "Api-Version: 1.47[\r][\n]"
10:40:20.053 [main] DEBUG com.github.dockerjava.zerodep.shaded.org.apache.hc.client5.http.wire -- http-outgoing-1 << "Content-Type: application/json[\r][\n]"
10:40:20.053 [main] DEBUG com.github.dockerjava.zerodep.shaded.org.apache.hc.client5.http.wire -- http-outgoing-1 << "Date: Sat, 23 Nov 2024 18:40:20 GMT[\r][\n]"
10:40:20.053 [main] DEBUG com.github.dockerjava.zerodep.shaded.org.apache.hc.client5.http.wire -- http-outgoing-1 << "Docker-Experimental: false[\r][\n]"
10:40:20.053 [main] DEBUG com.github.dockerjava.zerodep.shaded.org.apache.hc.client5.http.wire -- http-outgoing-1 << "Ostype: linux[\r][\n]"
10:40:20.053 [main] DEBUG com.github.dockerjava.zerodep.shaded.org.apache.hc.client5.http.wire -- http-outgoing-1 << "Server: Docker/27.2.0 (linux)[\r][\n]"
10:40:20.053 [main] DEBUG com.github.dockerjava.zerodep.shaded.org.apache.hc.client5.http.wire -- http-outgoing-1 << "Transfer-Encoding: chunked[\r][\n]"
10:40:20.053 [main] DEBUG com.github.dockerjava.zerodep.shaded.org.apache.hc.client5.http.wire -- http-outgoing-1 << "[\r][\n]"
10:40:20.053 [main] DEBUG com.github.dockerjava.zerodep.shaded.org.apache.hc.client5.http.headers -- http-outgoing-1 << HTTP/1.1 201 Created
10:40:20.053 [main] DEBUG com.github.dockerjava.zerodep.shaded.org.apache.hc.client5.http.headers -- http-outgoing-1 << Api-Version: 1.47
10:40:20.053 [main] DEBUG com.github.dockerjava.zerodep.shaded.org.apache.hc.client5.http.headers -- http-outgoing-1 << Content-Type: application/json
10:40:20.053 [main] DEBUG com.github.dockerjava.zerodep.shaded.org.apache.hc.client5.http.headers -- http-outgoing-1 << Date: Sat, 23 Nov 2024 18:40:20 GMT
10:40:20.053 [main] DEBUG com.github.dockerjava.zerodep.shaded.org.apache.hc.client5.http.headers -- http-outgoing-1 << Docker-Experimental: false
10:40:20.053 [main] DEBUG com.github.dockerjava.zerodep.shaded.org.apache.hc.client5.http.headers -- http-outgoing-1 << Ostype: linux
10:40:20.053 [main] DEBUG com.github.dockerjava.zerodep.shaded.org.apache.hc.client5.http.headers -- http-outgoing-1 << Server: Docker/27.2.0 (linux)
10:40:20.053 [main] DEBUG com.github.dockerjava.zerodep.shaded.org.apache.hc.client5.http.headers -- http-outgoing-1 << Transfer-Encoding: chunked
10:40:20.053 [main] DEBUG com.github.dockerjava.zerodep.shaded.org.apache.hc.client5.http.impl.classic.MainClientExec -- ex-0000000A: connection can be kept alive for 3 MINUTES
10:40:20.053 [main] DEBUG com.github.dockerjava.zerodep.shaded.org.apache.hc.client5.http.wire -- http-outgoing-1 << "58[\r][\n]"
10:40:20.053 [main] DEBUG com.github.dockerjava.zerodep.shaded.org.apache.hc.client5.http.wire -- http-outgoing-1 << "{"Id":"d99a86fb25d51273a6839aa3b41ef578e724e7ab92da7c181855ac329578a2b8","Warnings":[]}[\n]"
10:40:20.053 [main] DEBUG com.github.dockerjava.zerodep.shaded.org.apache.hc.client5.http.wire -- http-outgoing-1 << "[\r][\n]"
10:40:20.053 [main] DEBUG com.github.dockerjava.zerodep.shaded.org.apache.hc.client5.http.wire -- http-outgoing-1 << "0[\r][\n]"
10:40:20.053 [main] DEBUG com.github.dockerjava.zerodep.shaded.org.apache.hc.client5.http.wire -- http-outgoing-1 << "[\r][\n]"
10:40:20.054 [main] DEBUG com.github.dockerjava.zerodep.shaded.org.apache.hc.client5.http.impl.classic.InternalHttpClient -- ep-00000009: releasing valid endpoint
10:40:20.054 [main] DEBUG com.github.dockerjava.zerodep.shaded.org.apache.hc.client5.http.impl.io.PoolingHttpClientConnectionManager -- ep-00000009: releasing endpoint
10:40:20.054 [main] DEBUG com.github.dockerjava.zerodep.shaded.org.apache.hc.client5.http.impl.io.PoolingHttpClientConnectionManager -- ep-00000009: connection http-outgoing-1 can be kept alive for 3 MINUTES
10:40:20.054 [main] DEBUG com.github.dockerjava.zerodep.shaded.org.apache.hc.client5.http.impl.io.PoolingHttpClientConnectionManager -- ep-00000009: connection released [route: {}->unix://localhost:2375][total available: 1; route allocated: 1 of 2147483647; total allocated: 1 of 2147483647]
10:40:20.054 [main] INFO tc.postgres:14 -- Container postgres:14 is starting: d99a86fb25d51273a6839aa3b41ef578e724e7ab92da7c181855ac329578a2b8
10:40:20.054 [main] DEBUG org.testcontainers.shaded.com.github.dockerjava.core.command.AbstrDockerCmd -- Cmd: d99a86fb25d51273a6839aa3b41ef578e724e7ab92da7c181855ac329578a2b8
10:40:20.054 [main] DEBUG com.github.dockerjava.zerodep.shaded.org.apache.hc.client5.http.impl.classic.InternalHttpClient -- ex-0000000B: preparing request execution
10:40:20.054 [main] DEBUG com.github.dockerjava.zerodep.shaded.org.apache.hc.client5.http.protocol.RequestAddCookies -- Cookie spec selected: strict
10:40:20.054 [main] DEBUG com.github.dockerjava.zerodep.shaded.org.apache.hc.client5.http.protocol.RequestAuthCache -- Auth cache not set in the context
10:40:20.054 [main] DEBUG com.github.dockerjava.zerodep.shaded.org.apache.hc.client5.http.impl.classic.ProtocolExec -- ex-0000000B: target auth state: UNCHALLENGED
10:40:20.054 [main] DEBUG com.github.dockerjava.zerodep.shaded.org.apache.hc.client5.http.impl.classic.ProtocolExec -- ex-0000000B: proxy auth state: UNCHALLENGED
10:40:20.054 [main] DEBUG com.github.dockerjava.zerodep.shaded.org.apache.hc.client5.http.impl.classic.ConnectExec -- ex-0000000B: acquiring connection with route {}->unix://localhost:2375
10:40:20.054 [main] DEBUG com.github.dockerjava.zerodep.shaded.org.apache.hc.client5.http.impl.classic.InternalHttpClient -- ex-0000000B: acquiring endpoint (3 MINUTES)
10:40:20.054 [main] DEBUG com.github.dockerjava.zerodep.shaded.org.apache.hc.client5.http.impl.io.PoolingHttpClientConnectionManager -- ex-0000000B: endpoint lease request (3 MINUTES) [route: {}->unix://localhost:2375][total available: 1; route allocated: 1 of 2147483647; total allocated: 1 of 2147483647]
10:40:20.054 [main] DEBUG com.github.dockerjava.zerodep.shaded.org.apache.hc.client5.http.impl.io.PoolingHttpClientConnectionManager -- ex-0000000B: endpoint leased [route: {}->unix://localhost:2375][total available: 0; route allocated: 1 of 2147483647; total allocated: 1 of 2147483647]
10:40:20.054 [main] DEBUG com.github.dockerjava.zerodep.shaded.org.apache.hc.client5.http.impl.io.PoolingHttpClientConnectionManager -- ex-0000000B: acquired ep-0000000A
10:40:20.054 [main] DEBUG com.github.dockerjava.zerodep.shaded.org.apache.hc.client5.http.impl.classic.InternalHttpClient -- ex-0000000B: acquired endpoint ep-0000000A
10:40:20.054 [main] DEBUG com.github.dockerjava.zerodep.shaded.org.apache.hc.client5.http.impl.classic.MainClientExec -- ex-0000000B: executing POST /v1.32/containers/d99a86fb25d51273a6839aa3b41ef578e724e7ab92da7c181855ac329578a2b8/start HTTP/1.1
10:40:20.054 [main] DEBUG com.github.dockerjava.zerodep.shaded.org.apache.hc.client5.http.impl.classic.InternalHttpClient -- ep-0000000A: start execution ex-0000000B
10:40:20.054 [main] DEBUG com.github.dockerjava.zerodep.shaded.org.apache.hc.client5.http.impl.io.PoolingHttpClientConnectionManager -- ep-0000000A: executing exchange ex-0000000B over http-outgoing-1
10:40:20.054 [main] DEBUG com.github.dockerjava.zerodep.shaded.org.apache.hc.client5.http.headers -- http-outgoing-1 >> POST /v1.32/containers/d99a86fb25d51273a6839aa3b41ef578e724e7ab92da7c181855ac329578a2b8/start HTTP/1.1
10:40:20.054 [main] DEBUG com.github.dockerjava.zerodep.shaded.org.apache.hc.client5.http.headers -- http-outgoing-1 >> accept: application/json
10:40:20.054 [main] DEBUG com.github.dockerjava.zerodep.shaded.org.apache.hc.client5.http.headers -- http-outgoing-1 >> content-type: application/json
10:40:20.054 [main] DEBUG com.github.dockerjava.zerodep.shaded.org.apache.hc.client5.http.headers -- http-outgoing-1 >> x-tc-sid: f19e918b-ee3a-49e9-843b-bb73ce2bb29f
10:40:20.054 [main] DEBUG com.github.dockerjava.zerodep.shaded.org.apache.hc.client5.http.headers -- http-outgoing-1 >> User-Agent: tc-java/1.19.5
10:40:20.054 [main] DEBUG com.github.dockerjava.zerodep.shaded.org.apache.hc.client5.http.headers -- http-outgoing-1 >> Accept-Encoding: gzip, x-gzip, deflate
10:40:20.054 [main] DEBUG com.github.dockerjava.zerodep.shaded.org.apache.hc.client5.http.headers -- http-outgoing-1 >> Host: localhost:2375
10:40:20.054 [main] DEBUG com.github.dockerjava.zerodep.shaded.org.apache.hc.client5.http.headers -- http-outgoing-1 >> Connection: keep-alive
10:40:20.054 [main] DEBUG com.github.dockerjava.zerodep.shaded.org.apache.hc.client5.http.wire -- http-outgoing-1 >> "POST /v1.32/containers/d99a86fb25d51273a6839aa3b41ef578e724e7ab92da7c181855ac329578a2b8/start HTTP/1.1[\r][\n]"
10:40:20.054 [main] DEBUG com.github.dockerjava.zerodep.shaded.org.apache.hc.client5.http.wire -- http-outgoing-1 >> "accept: application/json[\r][\n]"
10:40:20.054 [main] DEBUG com.github.dockerjava.zerodep.shaded.org.apache.hc.client5.http.wire -- http-outgoing-1 >> "content-type: application/json[\r][\n]"
10:40:20.054 [main] DEBUG com.github.dockerjava.zerodep.shaded.org.apache.hc.client5.http.wire -- http-outgoing-1 >> "x-tc-sid: f19e918b-ee3a-49e9-843b-bb73ce2bb29f[\r][\n]"
10:40:20.054 [main] DEBUG com.github.dockerjava.zerodep.shaded.org.apache.hc.client5.http.wire -- http-outgoing-1 >> "User-Agent: tc-java/1.19.5[\r][\n]"
10:40:20.055 [main] DEBUG com.github.dockerjava.zerodep.shaded.org.apache.hc.client5.http.wire -- http-outgoing-1 >> "Accept-Encoding: gzip, x-gzip, deflate[\r][\n]"
10:40:20.055 [main] DEBUG com.github.dockerjava.zerodep.shaded.org.apache.hc.client5.http.wire -- http-outgoing-1 >> "Host: localhost:2375[\r][\n]"
10:40:20.055 [main] DEBUG com.github.dockerjava.zerodep.shaded.org.apache.hc.client5.http.wire -- http-outgoing-1 >> "Connection: keep-alive[\r][\n]"
10:40:20.055 [main] DEBUG com.github.dockerjava.zerodep.shaded.org.apache.hc.client5.http.wire -- http-outgoing-1 >> "[\r][\n]"
10:40:20.145 [main] DEBUG com.github.dockerjava.zerodep.shaded.org.apache.hc.client5.http.wire -- http-outgoing-1 << "HTTP/1.1 204 No Content[\r][\n]"
10:40:20.145 [main] DEBUG com.github.dockerjava.zerodep.shaded.org.apache.hc.client5.http.wire -- http-outgoing-1 << "Api-Version: 1.47[\r][\n]"
10:40:20.145 [main] DEBUG com.github.dockerjava.zerodep.shaded.org.apache.hc.client5.http.wire -- http-outgoing-1 << "Date: Sat, 23 Nov 2024 18:40:20 GMT[\r][\n]"
10:40:20.145 [main] DEBUG com.github.dockerjava.zerodep.shaded.org.apache.hc.client5.http.wire -- http-outgoing-1 << "Docker-Experimental: false[\r][\n]"
10:40:20.145 [main] DEBUG com.github.dockerjava.zerodep.shaded.org.apache.hc.client5.http.wire -- http-outgoing-1 << "Ostype: linux[\r][\n]"
10:40:20.145 [main] DEBUG com.github.dockerjava.zerodep.shaded.org.apache.hc.client5.http.wire -- http-outgoing-1 << "Server: Docker/27.2.0 (linux)[\r][\n]"
10:40:20.145 [main] DEBUG com.github.dockerjava.zerodep.shaded.org.apache.hc.client5.http.wire -- http-outgoing-1 << "[\r][\n]"
10:40:20.145 [main] DEBUG com.github.dockerjava.zerodep.shaded.org.apache.hc.client5.http.headers -- http-outgoing-1 << HTTP/1.1 204 No Content
10:40:20.145 [main] DEBUG com.github.dockerjava.zerodep.shaded.org.apache.hc.client5.http.headers -- http-outgoing-1 << Api-Version: 1.47
10:40:20.145 [main] DEBUG com.github.dockerjava.zerodep.shaded.org.apache.hc.client5.http.headers -- http-outgoing-1 << Date: Sat, 23 Nov 2024 18:40:20 GMT
10:40:20.145 [main] DEBUG com.github.dockerjava.zerodep.shaded.org.apache.hc.client5.http.headers -- http-outgoing-1 << Docker-Experimental: false
10:40:20.145 [main] DEBUG com.github.dockerjava.zerodep.shaded.org.apache.hc.client5.http.headers -- http-outgoing-1 << Ostype: linux
10:40:20.145 [main] DEBUG com.github.dockerjava.zerodep.shaded.org.apache.hc.client5.http.headers -- http-outgoing-1 << Server: Docker/27.2.0 (linux)
10:40:20.145 [main] DEBUG com.github.dockerjava.zerodep.shaded.org.apache.hc.client5.http.impl.classic.MainClientExec -- ex-0000000B: connection can be kept alive for 3 MINUTES
10:40:20.145 [main] DEBUG com.github.dockerjava.zerodep.shaded.org.apache.hc.client5.http.impl.classic.InternalHttpClient -- ep-0000000A: releasing valid endpoint
10:40:20.145 [main] DEBUG com.github.dockerjava.zerodep.shaded.org.apache.hc.client5.http.impl.io.PoolingHttpClientConnectionManager -- ep-0000000A: releasing endpoint
10:40:20.145 [main] DEBUG com.github.dockerjava.zerodep.shaded.org.apache.hc.client5.http.impl.io.PoolingHttpClientConnectionManager -- ep-0000000A: connection http-outgoing-1 can be kept alive for 3 MINUTES
10:40:20.145 [main] DEBUG com.github.dockerjava.zerodep.shaded.org.apache.hc.client5.http.impl.io.PoolingHttpClientConnectionManager -- ep-0000000A: connection released [route: {}->unix://localhost:2375][total available: 1; route allocated: 1 of 2147483647; total allocated: 1 of 2147483647]
10:40:20.146 [main] DEBUG org.testcontainers.shaded.com.github.dockerjava.core.command.AbstrDockerCmd -- Cmd: d99a86fb25d51273a6839aa3b41ef578e724e7ab92da7c181855ac329578a2b8,false
10:40:20.146 [main] DEBUG org.testcontainers.shaded.com.github.dockerjava.core.exec.InspectContainerCmdExec -- GET: DefaultWebTarget{path=[/containers/d99a86fb25d51273a6839aa3b41ef578e724e7ab92da7c181855ac329578a2b8/json], queryParams={}}
10:40:20.146 [main] DEBUG com.github.dockerjava.zerodep.shaded.org.apache.hc.client5.http.impl.classic.InternalHttpClient -- ex-0000000C: preparing request execution
10:40:20.146 [main] DEBUG com.github.dockerjava.zerodep.shaded.org.apache.hc.client5.http.protocol.RequestAddCookies -- Cookie spec selected: strict
10:40:20.146 [main] DEBUG com.github.dockerjava.zerodep.shaded.org.apache.hc.client5.http.protocol.RequestAuthCache -- Auth cache not set in the context
10:40:20.146 [main] DEBUG com.github.dockerjava.zerodep.shaded.org.apache.hc.client5.http.impl.classic.ProtocolExec -- ex-0000000C: target auth state: UNCHALLENGED
10:40:20.146 [main] DEBUG com.github.dockerjava.zerodep.shaded.org.apache.hc.client5.http.impl.classic.ProtocolExec -- ex-0000000C: proxy auth state: UNCHALLENGED
10:40:20.146 [main] DEBUG com.github.dockerjava.zerodep.shaded.org.apache.hc.client5.http.impl.classic.ConnectExec -- ex-0000000C: acquiring connection with route {}->unix://localhost:2375
10:40:20.146 [main] DEBUG com.github.dockerjava.zerodep.shaded.org.apache.hc.client5.http.impl.classic.InternalHttpClient -- ex-0000000C: acquiring endpoint (3 MINUTES)
10:40:20.146 [main] DEBUG com.github.dockerjava.zerodep.shaded.org.apache.hc.client5.http.impl.io.PoolingHttpClientConnectionManager -- ex-0000000C: endpoint lease request (3 MINUTES) [route: {}->unix://localhost:2375][total available: 1; route allocated: 1 of 2147483647; total allocated: 1 of 2147483647]
10:40:20.146 [main] DEBUG com.github.dockerjava.zerodep.shaded.org.apache.hc.client5.http.impl.io.PoolingHttpClientConnectionManager -- ex-0000000C: endpoint leased [route: {}->unix://localhost:2375][total available: 0; route allocated: 1 of 2147483647; total allocated: 1 of 2147483647]
10:40:20.146 [main] DEBUG com.github.dockerjava.zerodep.shaded.org.apache.hc.client5.http.impl.io.PoolingHttpClientConnectionManager -- ex-0000000C: acquired ep-0000000B
10:40:20.146 [main] DEBUG com.github.dockerjava.zerodep.shaded.org.apache.hc.client5.http.impl.classic.InternalHttpClient -- ex-0000000C: acquired endpoint ep-0000000B
10:40:20.146 [main] DEBUG com.github.dockerjava.zerodep.shaded.org.apache.hc.client5.http.impl.classic.MainClientExec -- ex-0000000C: executing GET /v1.32/containers/d99a86fb25d51273a6839aa3b41ef578e724e7ab92da7c181855ac329578a2b8/json HTTP/1.1
10:40:20.146 [main] DEBUG com.github.dockerjava.zerodep.shaded.org.apache.hc.client5.http.impl.classic.InternalHttpClient -- ep-0000000B: start execution ex-0000000C
10:40:20.146 [main] DEBUG com.github.dockerjava.zerodep.shaded.org.apache.hc.client5.http.impl.io.PoolingHttpClientConnectionManager -- ep-0000000B: executing exchange ex-0000000C over http-outgoing-1
10:40:20.146 [main] DEBUG com.github.dockerjava.zerodep.shaded.org.apache.hc.client5.http.headers -- http-outgoing-1 >> GET /v1.32/containers/d99a86fb25d51273a6839aa3b41ef578e724e7ab92da7c181855ac329578a2b8/json HTTP/1.1
10:40:20.146 [main] DEBUG com.github.dockerjava.zerodep.shaded.org.apache.hc.client5.http.headers -- http-outgoing-1 >> accept: application/json
10:40:20.146 [main] DEBUG com.github.dockerjava.zerodep.shaded.org.apache.hc.client5.http.headers -- http-outgoing-1 >> x-tc-sid: f19e918b-ee3a-49e9-843b-bb73ce2bb29f
10:40:20.146 [main] DEBUG com.github.dockerjava.zerodep.shaded.org.apache.hc.client5.http.headers -- http-outgoing-1 >> User-Agent: tc-java/1.19.5
10:40:20.146 [main] DEBUG com.github.dockerjava.zerodep.shaded.org.apache.hc.client5.http.headers -- http-outgoing-1 >> Accept-Encoding: gzip, x-gzip, deflate
10:40:20.146 [main] DEBUG com.github.dockerjava.zerodep.shaded.org.apache.hc.client5.http.headers -- http-outgoing-1 >> Host: localhost:2375
10:40:20.146 [main] DEBUG com.github.dockerjava.zerodep.shaded.org.apache.hc.client5.http.headers -- http-outgoing-1 >> Connection: keep-alive
10:40:20.146 [main] DEBUG com.github.dockerjava.zerodep.shaded.org.apache.hc.client5.http.wire -- http-outgoing-1 >> "GET /v1.32/containers/d99a86fb25d51273a6839aa3b41ef578e724e7ab92da7c181855ac329578a2b8/json HTTP/1.1[\r][\n]"
10:40:20.146 [main] DEBUG com.github.dockerjava.zerodep.shaded.org.apache.hc.client5.http.wire -- http-outgoing-1 >> "accept: application/json[\r][\n]"
10:40:20.146 [main] DEBUG com.github.dockerjava.zerodep.shaded.org.apache.hc.client5.http.wire -- http-outgoing-1 >> "x-tc-sid: f19e918b-ee3a-49e9-843b-bb73ce2bb29f[\r][\n]"
10:40:20.146 [main] DEBUG com.github.dockerjava.zerodep.shaded.org.apache.hc.client5.http.wire -- http-outgoing-1 >> "User-Agent: tc-java/1.19.5[\r][\n]"
10:40:20.146 [main] DEBUG com.github.dockerjava.zerodep.shaded.org.apache.hc.client5.http.wire -- http-outgoing-1 >> "Accept-Encoding: gzip, x-gzip, deflate[\r][\n]"
10:40:20.146 [main] DEBUG com.github.dockerjava.zerodep.shaded.org.apache.hc.client5.http.wire -- http-outgoing-1 >> "Host: localhost:2375[\r][\n]"
10:40:20.146 [main] DEBUG com.github.dockerjava.zerodep.shaded.org.apache.hc.client5.http.wire -- http-outgoing-1 >> "Connection: keep-alive[\r][\n]"
10:40:20.146 [main] DEBUG com.github.dockerjava.zerodep.shaded.org.apache.hc.client5.http.wire -- http-outgoing-1 >> "[\r][\n]"
10:40:20.147 [main] DEBUG com.github.dockerjava.zerodep.shaded.org.apache.hc.client5.http.wire -- http-outgoing-1 << "HTTP/1.1 200 OK[\r][\n]"
10:40:20.147 [main] DEBUG com.github.dockerjava.zerodep.shaded.org.apache.hc.client5.http.wire -- http-outgoing-1 << "Api-Version: 1.47[\r][\n]"
10:40:20.147 [main] DEBUG com.github.dockerjava.zerodep.shaded.org.apache.hc.client5.http.wire -- http-outgoing-1 << "Content-Type: application/json[\r][\n]"
10:40:20.147 [main] DEBUG com.github.dockerjava.zerodep.shaded.org.apache.hc.client5.http.wire -- http-outgoing-1 << "Date: Sat, 23 Nov 2024 18:40:20 GMT[\r][\n]"
10:40:20.147 [main] DEBUG com.github.dockerjava.zerodep.shaded.org.apache.hc.client5.http.wire -- http-outgoing-1 << "Docker-Experimental: false[\r][\n]"
10:40:20.147 [main] DEBUG com.github.dockerjava.zerodep.shaded.org.apache.hc.client5.http.wire -- http-outgoing-1 << "Ostype: linux[\r][\n]"
10:40:20.147 [main] DEBUG com.github.dockerjava.zerodep.shaded.org.apache.hc.client5.http.wire -- http-outgoing-1 << "Server: Docker/27.2.0 (linux)[\r][\n]"
10:40:20.147 [main] DEBUG com.github.dockerjava.zerodep.shaded.org.apache.hc.client5.http.wire -- http-outgoing-1 << "Transfer-Encoding: chunked[\r][\n]"
10:40:20.147 [main] DEBUG com.github.dockerjava.zerodep.shaded.org.apache.hc.client5.http.wire -- http-outgoing-1 << "[\r][\n]"
10:40:20.147 [main] DEBUG com.github.dockerjava.zerodep.shaded.org.apache.hc.client5.http.headers -- http-outgoing-1 << HTTP/1.1 200 OK
10:40:20.147 [main] DEBUG com.github.dockerjava.zerodep.shaded.org.apache.hc.client5.http.headers -- http-outgoing-1 << Api-Version: 1.47
10:40:20.147 [main] DEBUG com.github.dockerjava.zerodep.shaded.org.apache.hc.client5.http.headers -- http-outgoing-1 << Content-Type: application/json
10:40:20.147 [main] DEBUG com.github.dockerjava.zerodep.shaded.org.apache.hc.client5.http.headers -- http-outgoing-1 << Date: Sat, 23 Nov 2024 18:40:20 GMT
10:40:20.147 [main] DEBUG com.github.dockerjava.zerodep.shaded.org.apache.hc.client5.http.headers -- http-outgoing-1 << Docker-Experimental: false
10:40:20.147 [main] DEBUG com.github.dockerjava.zerodep.shaded.org.apache.hc.client5.http.headers -- http-outgoing-1 << Ostype: linux
10:40:20.147 [main] DEBUG com.github.dockerjava.zerodep.shaded.org.apache.hc.client5.http.headers -- http-outgoing-1 << Server: Docker/27.2.0 (linux)
10:40:20.147 [main] DEBUG com.github.dockerjava.zerodep.shaded.org.apache.hc.client5.http.headers -- http-outgoing-1 << Transfer-Encoding: chunked
10:40:20.147 [main] DEBUG com.github.dockerjava.zerodep.shaded.org.apache.hc.client5.http.impl.classic.MainClientExec -- ex-0000000C: connection can be kept alive for 3 MINUTES
10:40:20.148 [main] DEBUG com.github.dockerjava.zerodep.shaded.org.apache.hc.client5.http.wire -- http-outgoing-1 << "1a1c[\r][\n]"
10:40:20.148 [main] DEBUG com.github.dockerjava.zerodep.shaded.org.apache.hc.client5.http.wire -- http-outgoing-1 << "{"Id":"d99a86fb25d51273a6839aa3b41ef578e724e7ab92da7c181855ac329578a2b8","Created":"2024-11-23T18:40:20.037004138Z","Path":"docker-entrypoint.sh","Args":["postgres","-c","fsync=off"],"State":{"Status":"running","Running":true,"Paused":false,"Restarting":false,"OOMKilled":false,"Dead":false,"Pid":2392,"ExitCode":0,"Error":"","StartedAt":"2024-11-23T18:40:20.069470804Z","FinishedAt":"0001-01-01T00:00:00Z"},"Image":"sha256:12d0393194fae27f18bd47235cd2e5891f6d52652d2adc86b185cf802a336823","ResolvConfPath":"/var/lib/docker/containers/d99a86fb25d51273a6839aa3b41ef578e724e7ab92da7c181855ac329578a2b8/resolv.conf","HostnamePath":"/var/lib/docker/containers/d99a86fb25d51273a6839aa3b41ef578e724e7ab92da7c181855ac329578a2b8/hostname","HostsPath":"/var/lib/docker/containers/d99a86fb25d51273a6839aa3b41ef578e724e7ab92da7c181855ac329578a2b8/hosts","LogPath":"/var/lib/docker/containers/d99a86fb25d51273a6839aa3b41ef578e724e7ab92da7c181855ac329578a2b8/d99a86fb25d51273a6839aa3b41ef578e724e7ab92da7c181855ac329578a2b8-json.log","Name":"/quirky_pascal","RestartCount":0,"Driver":"overlay2","Platform":"linux","MountLabel":"","ProcessLabel":"","AppArmorProfile":"","ExecIDs":null,"HostConfig":{"Binds":[],"ContainerIDFile":"","LogConfig":{"Type":"json-file","Config":{}},"NetworkMode":"bridge","PortBindings":{"5432/tcp":[{"HostIp":"0.0.0.0","HostPort":"0"}]},"RestartPolicy":{"Name":"no","MaximumRetryCount":0},"AutoRemove":false,"VolumeDriver":"","VolumesFrom":[],"ConsoleSize":[0,0],"CapAdd":null,"CapDrop":null,"CgroupnsMode":"private","Dns":null,"DnsOptions":null,"DnsSearch":null,"ExtraHosts":[],"GroupAdd":null,"IpcMode":"shareable","Cgroup":"","Links":null,"OomScoreAdj":0,"PidMode":"","Privileged":false,"PublishAllPorts":false,"ReadonlyRootfs":false,"SecurityOpt":null,"UTSMode":"","UsernsMode":"","ShmSize":67108864,"Runtime":"runc","Isolation":"","CpuShares":0,"Memory":0,"NanoCpus":0,"CgroupParent":"","BlkioWeight":0,"BlkioWeightDevice":null,"BlkioDeviceReadBps":null,"BlkioDeviceWriteBps":null,"BlkioDeviceReadIOps":null,"BlkioDeviceWriteIOps":null,"CpuPeriod":0,"CpuQuota":0,"CpuRealtimePeriod":0,"CpuRealtimeRuntime":0,"CpusetCpus":"","CpusetMems":"","Devices":null,"DeviceCgroupRules":null,"DeviceRequests":null,"MemoryReservation":0,"MemorySwap":0,"MemorySwappiness":null,"OomKillDisable":null,"PidsLimit":null,"Ulimits":null,"CpuCount":0,"CpuPercent":0,"IOMaximumIOps":0,"IOMaximumBandwidth":0,"MaskedPaths":["/proc/asound","/proc/acpi","/proc/kcore","/proc/keys","/proc/latency_stats","/proc/timer_list","/proc/timer_stats","/proc/sched_debug","/proc/scsi","/sys/firmware","/sys/devices/virtual/powercap"],"ReadonlyPaths":["/proc/bus","/proc/fs","/proc/irq","/proc/sys","/proc/sysrq-trigger"]},"GraphDriver":{"Data":{"LowerDir":"/var/lib/docker/overlay2/b6849e37a519d0394bd8e766933c0dc989f39b49737cc67e43ca3fd6f5ba076f-init/diff:/var/lib/docker/overlay2/f3afc115bd2803bd6d8ab756329820a4cea567df84206433def5494d9f874ecd/diff:/var/lib/docker/overlay2/ec9eca2fe54c4cf8c682696682ef5171ca0eadb9319084b8b27975e33ea6b94b/diff:/var/lib/docker/overlay2/f53ead16143c84629dd30d86264fa9de88723117092d8716ab5aabc7f1632676/diff:/var/lib/docker/overlay2/0cd2187b18a68ade270664d16eefac6b14da0ae8dfa9fd93b286f673d6a52a63/diff:/var/lib/docker/overlay2/0223142de23992bb5d1038ab101e8a860d8c2f65b526ef3386247aec9d6bd71a/diff:/var/lib/docker/overlay2/1c961e972f9055b4f09d8054f0e40f4514c61baeba63ae616532ec18e8d8386d/diff:/var/lib/docker/overlay2/ebf068793727e1ebab04e6ef1578905dfe15318b0168a3c578d580e3954cdcdb/diff:/var/lib/docker/overlay2/c2154a26379dc64a3c8419fd27da577900c31d3207f4ac20f9449244e2d1ccf5/diff:/var/lib/docker/overlay2/45119b377d35a2fb649619abb46e7773f25bd7f4cf3db6e498a5cce8d07fdb4b/diff:/var/lib/docker/overlay2/b2e2872f014746c08588106cc22c90a089d4cb0e17979c45fe26122dac705016/diff:/var/lib/docker/overlay2/12111dffba3068330cfa7e4f8b50b01e9d101b2aafce9a53d5244358d9699381/diff:/var/lib/docker/overlay2/a6facfdec66b6cb05b128c524cb7545ffcc42ada6e0b85805d0dca7b5fc562b6/diff:/var/lib/docker/overlay2/5bc28f16de5d33a825f241a7344df44c38fdee4b4b92a3c03c12fef9f5b9267f/diff:/var/lib/docker/overlay2/cd8090d3e0694780933209871d8bb89e40539207650cc44d3b0d7d2349f9cf93/diff","MergedDir":"/var/lib/docker/overlay2/b6849e37a519d0394bd8e766933c0dc989f39b49737cc67e43ca3fd6f5ba076f/merged","UpperDir":"/var/lib/docker/overlay2/b6849e37a519d0394bd8e766933c0dc989f39b49737cc67e43ca3fd6f5ba076f/diff","WorkDir":"/var/lib/docker/overlay2/b6849e37a519d0394bd8e766933c0dc989f39b49737cc67e43ca3fd6f5ba076f/work"},"Name":"overlay2"},"Mounts":[{"Type":"volume","Name":"0a9e58d6f28bf41b3a34d5108562d14fa0d632afad7efeabb1dfa5f416ba7189","Source":"/var/lib/docker/volumes/0a9e58d6f28bf41b3a34d5108562d14fa0d632afad7efeabb1dfa5f416ba7189/_data","Destination":"/var/lib/postgresql/data","Driver":"local","Mode":"","RW":true,"Propagation":""}],"Config":{"Hostname":"d99a86fb25d5","Domainname":"","User":"","AttachStdin":false,"AttachStdout":false,"AttachStderr":false,"ExposedPorts":{"5432/tcp":{}},"Tty":false,"OpenStdin":false,"StdinOnce":false,"Env":["POSTGRES_USER=postgres","POSTGRES_PASSWORD=password","POSTGRES_DB=test_bestiary","PATH=/usr/local/sbin:/usr/local/bin:/usr/sbin:/usr/bin:/sbin:/bin:/usr/lib/postgresql/14/bin","GOSU_VERSION=1.17","LANG=en_US.utf8","PG_MAJOR=14","PG_VERSION=14.14-1.pgdg120+1","PGDATA=/var/lib/postgresql/data"],"Cmd":["postgres","-c","fsync=off"],"Image":"postgres:14","Volumes":{"/var/lib/postgresql/data":{}},"WorkingDir":"/","Entrypoint":["docker-entrypoint.sh"],"OnBuild":null,"Labels":{"org.testcontainers":"true","org.testcontainers.lang":"java","org.testcontainers.sessionId":"f19e918b-ee3a-49e9-843b-bb73ce2bb29f","org.testcontainers.version":"1.19.5"},"StopSignal":"SIGINT"},"NetworkSettings":{"Bridge":"","SandboxID":"54ef72816725f936ae9bff6d23d21c1c75d2ee5becf82046d2965885dc57f559","SandboxKey":"/var/run/docker/netns/54ef72816725","Ports":{"5432/tcp":[]},"HairpinMode":false,"LinkLocalIPv6Address":"","LinkLocalIPv6PrefixLen":0,"SecondaryIPAddresses":null,"SecondaryIPv6Addresses":null,"EndpointID":"c339224bc05fc67db627760030d9d8b6e2af0286acfe35223452549bd9f73493","Gateway":"172.17.0.1","GlobalIPv6Address":"","GlobalIPv6PrefixLen":0,"IPAddress":"172.17.0.3","IPPrefixLen":16,"IPv6Gateway":"","MacAddress":"02:42:ac:11:00:03","Networks":{"bridge":{"IPAMConfig":null,"Links":null,"Aliases":null,"MacAddress":"02:42:ac:11:00:03","DriverOpts":null,"NetworkID":"ddedae1ce0c60ac58c2fa8ee43085e48f22ce2e5e8c96b010b3a283fd3000a29","EndpointID":"c339224bc05fc67db627760030d9d8b6e2af0286acfe35223452549bd9f73493","Gateway":"172.17.0.1","IPAddress":"172.17.0.3","IPPrefixLen":16,"IPv6Gateway":"","GlobalIPv6Address":"","GlobalIPv6PrefixLen":0,"DNSNames":null}}}}[\n]"
10:40:20.148 [main] DEBUG com.github.dockerjava.zerodep.shaded.org.apache.hc.client5.http.wire -- http-outgoing-1 << "[\r][\n]"
10:40:20.149 [main] DEBUG com.github.dockerjava.zerodep.shaded.org.apache.hc.client5.http.wire -- http-outgoing-1 << "0[\r][\n]"
10:40:20.149 [main] DEBUG com.github.dockerjava.zerodep.shaded.org.apache.hc.client5.http.wire -- http-outgoing-1 << "[\r][\n]"
10:40:20.149 [main] DEBUG com.github.dockerjava.zerodep.shaded.org.apache.hc.client5.http.impl.classic.InternalHttpClient -- ep-0000000B: releasing valid endpoint
10:40:20.149 [main] DEBUG com.github.dockerjava.zerodep.shaded.org.apache.hc.client5.http.impl.io.PoolingHttpClientConnectionManager -- ep-0000000B: releasing endpoint
10:40:20.149 [main] DEBUG com.github.dockerjava.zerodep.shaded.org.apache.hc.client5.http.impl.io.PoolingHttpClientConnectionManager -- ep-0000000B: connection http-outgoing-1 can be kept alive for 3 MINUTES
10:40:20.149 [main] DEBUG com.github.dockerjava.zerodep.shaded.org.apache.hc.client5.http.impl.io.PoolingHttpClientConnectionManager -- ep-0000000B: connection released [route: {}->unix://localhost:2375][total available: 1; route allocated: 1 of 2147483647; total allocated: 1 of 2147483647]
10:40:20.201 [main] DEBUG org.testcontainers.shaded.com.github.dockerjava.core.command.AbstrDockerCmd -- Cmd: d99a86fb25d51273a6839aa3b41ef578e724e7ab92da7c181855ac329578a2b8,false
10:40:20.202 [main] DEBUG org.testcontainers.shaded.com.github.dockerjava.core.exec.InspectContainerCmdExec -- GET: DefaultWebTarget{path=[/containers/d99a86fb25d51273a6839aa3b41ef578e724e7ab92da7c181855ac329578a2b8/json], queryParams={}}
10:40:20.202 [main] DEBUG com.github.dockerjava.zerodep.shaded.org.apache.hc.client5.http.impl.classic.InternalHttpClient -- ex-0000000D: preparing request execution
10:40:20.202 [main] DEBUG com.github.dockerjava.zerodep.shaded.org.apache.hc.client5.http.protocol.RequestAddCookies -- Cookie spec selected: strict
10:40:20.202 [main] DEBUG com.github.dockerjava.zerodep.shaded.org.apache.hc.client5.http.protocol.RequestAuthCache -- Auth cache not set in the context
10:40:20.202 [main] DEBUG com.github.dockerjava.zerodep.shaded.org.apache.hc.client5.http.impl.classic.ProtocolExec -- ex-0000000D: target auth state: UNCHALLENGED
10:40:20.202 [main] DEBUG com.github.dockerjava.zerodep.shaded.org.apache.hc.client5.http.impl.classic.ProtocolExec -- ex-0000000D: proxy auth state: UNCHALLENGED
10:40:20.202 [main] DEBUG com.github.dockerjava.zerodep.shaded.org.apache.hc.client5.http.impl.classic.ConnectExec -- ex-0000000D: acquiring connection with route {}->unix://localhost:2375
10:40:20.202 [main] DEBUG com.github.dockerjava.zerodep.shaded.org.apache.hc.client5.http.impl.classic.InternalHttpClient -- ex-0000000D: acquiring endpoint (3 MINUTES)
10:40:20.202 [main] DEBUG com.github.dockerjava.zerodep.shaded.org.apache.hc.client5.http.impl.io.PoolingHttpClientConnectionManager -- ex-0000000D: endpoint lease request (3 MINUTES) [route: {}->unix://localhost:2375][total available: 1; route allocated: 1 of 2147483647; total allocated: 1 of 2147483647]
10:40:20.202 [main] DEBUG com.github.dockerjava.zerodep.shaded.org.apache.hc.client5.http.impl.io.PoolingHttpClientConnectionManager -- ex-0000000D: endpoint leased [route: {}->unix://localhost:2375][total available: 0; route allocated: 1 of 2147483647; total allocated: 1 of 2147483647]
10:40:20.202 [main] DEBUG com.github.dockerjava.zerodep.shaded.org.apache.hc.client5.http.impl.io.PoolingHttpClientConnectionManager -- ex-0000000D: acquired ep-0000000C
10:40:20.202 [main] DEBUG com.github.dockerjava.zerodep.shaded.org.apache.hc.client5.http.impl.classic.InternalHttpClient -- ex-0000000D: acquired endpoint ep-0000000C
10:40:20.202 [main] DEBUG com.github.dockerjava.zerodep.shaded.org.apache.hc.client5.http.impl.classic.MainClientExec -- ex-0000000D: executing GET /v1.32/containers/d99a86fb25d51273a6839aa3b41ef578e724e7ab92da7c181855ac329578a2b8/json HTTP/1.1
10:40:20.202 [main] DEBUG com.github.dockerjava.zerodep.shaded.org.apache.hc.client5.http.impl.classic.InternalHttpClient -- ep-0000000C: start execution ex-0000000D
10:40:20.202 [main] DEBUG com.github.dockerjava.zerodep.shaded.org.apache.hc.client5.http.impl.io.PoolingHttpClientConnectionManager -- ep-0000000C: executing exchange ex-0000000D over http-outgoing-1
10:40:20.202 [main] DEBUG com.github.dockerjava.zerodep.shaded.org.apache.hc.client5.http.headers -- http-outgoing-1 >> GET /v1.32/containers/d99a86fb25d51273a6839aa3b41ef578e724e7ab92da7c181855ac329578a2b8/json HTTP/1.1
10:40:20.202 [main] DEBUG com.github.dockerjava.zerodep.shaded.org.apache.hc.client5.http.headers -- http-outgoing-1 >> accept: application/json
10:40:20.202 [main] DEBUG com.github.dockerjava.zerodep.shaded.org.apache.hc.client5.http.headers -- http-outgoing-1 >> x-tc-sid: f19e918b-ee3a-49e9-843b-bb73ce2bb29f
10:40:20.202 [main] DEBUG com.github.dockerjava.zerodep.shaded.org.apache.hc.client5.http.headers -- http-outgoing-1 >> User-Agent: tc-java/1.19.5
10:40:20.202 [main] DEBUG com.github.dockerjava.zerodep.shaded.org.apache.hc.client5.http.headers -- http-outgoing-1 >> Accept-Encoding: gzip, x-gzip, deflate
10:40:20.202 [main] DEBUG com.github.dockerjava.zerodep.shaded.org.apache.hc.client5.http.headers -- http-outgoing-1 >> Host: localhost:2375
10:40:20.202 [main] DEBUG com.github.dockerjava.zerodep.shaded.org.apache.hc.client5.http.headers -- http-outgoing-1 >> Connection: keep-alive
10:40:20.202 [main] DEBUG com.github.dockerjava.zerodep.shaded.org.apache.hc.client5.http.wire -- http-outgoing-1 >> "GET /v1.32/containers/d99a86fb25d51273a6839aa3b41ef578e724e7ab92da7c181855ac329578a2b8/json HTTP/1.1[\r][\n]"
10:40:20.202 [main] DEBUG com.github.dockerjava.zerodep.shaded.org.apache.hc.client5.http.wire -- http-outgoing-1 >> "accept: application/json[\r][\n]"
10:40:20.202 [main] DEBUG com.github.dockerjava.zerodep.shaded.org.apache.hc.client5.http.wire -- http-outgoing-1 >> "x-tc-sid: f19e918b-ee3a-49e9-843b-bb73ce2bb29f[\r][\n]"
10:40:20.202 [main] DEBUG com.github.dockerjava.zerodep.shaded.org.apache.hc.client5.http.wire -- http-outgoing-1 >> "User-Agent: tc-java/1.19.5[\r][\n]"
10:40:20.202 [main] DEBUG com.github.dockerjava.zerodep.shaded.org.apache.hc.client5.http.wire -- http-outgoing-1 >> "Accept-Encoding: gzip, x-gzip, deflate[\r][\n]"
10:40:20.202 [main] DEBUG com.github.dockerjava.zerodep.shaded.org.apache.hc.client5.http.wire -- http-outgoing-1 >> "Host: localhost:2375[\r][\n]"
10:40:20.202 [main] DEBUG com.github.dockerjava.zerodep.shaded.org.apache.hc.client5.http.wire -- http-outgoing-1 >> "Connection: keep-alive[\r][\n]"
10:40:20.202 [main] DEBUG com.github.dockerjava.zerodep.shaded.org.apache.hc.client5.http.wire -- http-outgoing-1 >> "[\r][\n]"
10:40:20.204 [main] DEBUG com.github.dockerjava.zerodep.shaded.org.apache.hc.client5.http.wire -- http-outgoing-1 << "HTTP/1.1 200 OK[\r][\n]"
10:40:20.204 [main] DEBUG com.github.dockerjava.zerodep.shaded.org.apache.hc.client5.http.wire -- http-outgoing-1 << "Api-Version: 1.47[\r][\n]"
10:40:20.204 [main] DEBUG com.github.dockerjava.zerodep.shaded.org.apache.hc.client5.http.wire -- http-outgoing-1 << "Content-Type: application/json[\r][\n]"
10:40:20.204 [main] DEBUG com.github.dockerjava.zerodep.shaded.org.apache.hc.client5.http.wire -- http-outgoing-1 << "Date: Sat, 23 Nov 2024 18:40:20 GMT[\r][\n]"
10:40:20.204 [main] DEBUG com.github.dockerjava.zerodep.shaded.org.apache.hc.client5.http.wire -- http-outgoing-1 << "Docker-Experimental: false[\r][\n]"
10:40:20.204 [main] DEBUG com.github.dockerjava.zerodep.shaded.org.apache.hc.client5.http.wire -- http-outgoing-1 << "Ostype: linux[\r][\n]"
10:40:20.204 [main] DEBUG com.github.dockerjava.zerodep.shaded.org.apache.hc.client5.http.wire -- http-outgoing-1 << "Server: Docker/27.2.0 (linux)[\r][\n]"
10:40:20.204 [main] DEBUG com.github.dockerjava.zerodep.shaded.org.apache.hc.client5.http.wire -- http-outgoing-1 << "Transfer-Encoding: chunked[\r][\n]"
10:40:20.204 [main] DEBUG com.github.dockerjava.zerodep.shaded.org.apache.hc.client5.http.wire -- http-outgoing-1 << "[\r][\n]"
10:40:20.204 [main] DEBUG com.github.dockerjava.zerodep.shaded.org.apache.hc.client5.http.headers -- http-outgoing-1 << HTTP/1.1 200 OK
10:40:20.204 [main] DEBUG com.github.dockerjava.zerodep.shaded.org.apache.hc.client5.http.headers -- http-outgoing-1 << Api-Version: 1.47
10:40:20.204 [main] DEBUG com.github.dockerjava.zerodep.shaded.org.apache.hc.client5.http.headers -- http-outgoing-1 << Content-Type: application/json
10:40:20.204 [main] DEBUG com.github.dockerjava.zerodep.shaded.org.apache.hc.client5.http.headers -- http-outgoing-1 << Date: Sat, 23 Nov 2024 18:40:20 GMT
10:40:20.204 [main] DEBUG com.github.dockerjava.zerodep.shaded.org.apache.hc.client5.http.headers -- http-outgoing-1 << Docker-Experimental: false
10:40:20.204 [main] DEBUG com.github.dockerjava.zerodep.shaded.org.apache.hc.client5.http.headers -- http-outgoing-1 << Ostype: linux
10:40:20.204 [main] DEBUG com.github.dockerjava.zerodep.shaded.org.apache.hc.client5.http.headers -- http-outgoing-1 << Server: Docker/27.2.0 (linux)
10:40:20.204 [main] DEBUG com.github.dockerjava.zerodep.shaded.org.apache.hc.client5.http.headers -- http-outgoing-1 << Transfer-Encoding: chunked
10:40:20.204 [main] DEBUG com.github.dockerjava.zerodep.shaded.org.apache.hc.client5.http.impl.classic.MainClientExec -- ex-0000000D: connection can be kept alive for 3 MINUTES
10:40:20.204 [main] DEBUG com.github.dockerjava.zerodep.shaded.org.apache.hc.client5.http.wire -- http-outgoing-1 << "1a43[\r][\n]"
10:40:20.205 [main] DEBUG com.github.dockerjava.zerodep.shaded.org.apache.hc.client5.http.wire -- http-outgoing-1 << "{"Id":"d99a86fb25d51273a6839aa3b41ef578e724e7ab92da7c181855ac329578a2b8","Created":"2024-11-23T18:40:20.037004138Z","Path":"docker-entrypoint.sh","Args":["postgres","-c","fsync=off"],"State":{"Status":"running","Running":true,"Paused":false,"Restarting":false,"OOMKilled":false,"Dead":false,"Pid":2392,"ExitCode":0,"Error":"","StartedAt":"2024-11-23T18:40:20.069470804Z","FinishedAt":"0001-01-01T00:00:00Z"},"Image":"sha256:12d0393194fae27f18bd47235cd2e5891f6d52652d2adc86b185cf802a336823","ResolvConfPath":"/var/lib/docker/containers/d99a86fb25d51273a6839aa3b41ef578e724e7ab92da7c181855ac329578a2b8/resolv.conf","HostnamePath":"/var/lib/docker/containers/d99a86fb25d51273a6839aa3b41ef578e724e7ab92da7c181855ac329578a2b8/hostname","HostsPath":"/var/lib/docker/containers/d99a86fb25d51273a6839aa3b41ef578e724e7ab92da7c181855ac329578a2b8/hosts","LogPath":"/var/lib/docker/containers/d99a86fb25d51273a6839aa3b41ef578e724e7ab92da7c181855ac329578a2b8/d99a86fb25d51273a6839aa3b41ef578e724e7ab92da7c181855ac329578a2b8-json.log","Name":"/quirky_pascal","RestartCount":0,"Driver":"overlay2","Platform":"linux","MountLabel":"","ProcessLabel":"","AppArmorProfile":"","ExecIDs":null,"HostConfig":{"Binds":[],"ContainerIDFile":"","LogConfig":{"Type":"json-file","Config":{}},"NetworkMode":"bridge","PortBindings":{"5432/tcp":[{"HostIp":"0.0.0.0","HostPort":"0"}]},"RestartPolicy":{"Name":"no","MaximumRetryCount":0},"AutoRemove":false,"VolumeDriver":"","VolumesFrom":[],"ConsoleSize":[0,0],"CapAdd":null,"CapDrop":null,"CgroupnsMode":"private","Dns":null,"DnsOptions":null,"DnsSearch":null,"ExtraHosts":[],"GroupAdd":null,"IpcMode":"shareable","Cgroup":"","Links":null,"OomScoreAdj":0,"PidMode":"","Privileged":false,"PublishAllPorts":false,"ReadonlyRootfs":false,"SecurityOpt":null,"UTSMode":"","UsernsMode":"","ShmSize":67108864,"Runtime":"runc","Isolation":"","CpuShares":0,"Memory":0,"NanoCpus":0,"CgroupParent":"","BlkioWeight":0,"BlkioWeightDevice":null,"BlkioDeviceReadBps":null,"BlkioDeviceWriteBps":null,"BlkioDeviceReadIOps":null,"BlkioDeviceWriteIOps":null,"CpuPeriod":0,"CpuQuota":0,"CpuRealtimePeriod":0,"CpuRealtimeRuntime":0,"CpusetCpus":"","CpusetMems":"","Devices":null,"DeviceCgroupRules":null,"DeviceRequests":null,"MemoryReservation":0,"MemorySwap":0,"MemorySwappiness":null,"OomKillDisable":null,"PidsLimit":null,"Ulimits":null,"CpuCount":0,"CpuPercent":0,"IOMaximumIOps":0,"IOMaximumBandwidth":0,"MaskedPaths":["/proc/asound","/proc/acpi","/proc/kcore","/proc/keys","/proc/latency_stats","/proc/timer_list","/proc/timer_stats","/proc/sched_debug","/proc/scsi","/sys/firmware","/sys/devices/virtual/powercap"],"ReadonlyPaths":["/proc/bus","/proc/fs","/proc/irq","/proc/sys","/proc/sysrq-trigger"]},"GraphDriver":{"Data":{"LowerDir":"/var/lib/docker/overlay2/b6849e37a519d0394bd8e766933c0dc989f39b49737cc67e43ca3fd6f5ba076f-init/diff:/var/lib/docker/overlay2/f3afc115bd2803bd6d8ab756329820a4cea567df84206433def5494d9f874ecd/diff:/var/lib/docker/overlay2/ec9eca2fe54c4cf8c682696682ef5171ca0eadb9319084b8b27975e33ea6b94b/diff:/var/lib/docker/overlay2/f53ead16143c84629dd30d86264fa9de88723117092d8716ab5aabc7f1632676/diff:/var/lib/docker/overlay2/0cd2187b18a68ade270664d16eefac6b14da0ae8dfa9fd93b286f673d6a52a63/diff:/var/lib/docker/overlay2/0223142de23992bb5d1038ab101e8a860d8c2f65b526ef3386247aec9d6bd71a/diff:/var/lib/docker/overlay2/1c961e972f9055b4f09d8054f0e40f4514c61baeba63ae616532ec18e8d8386d/diff:/var/lib/docker/overlay2/ebf068793727e1ebab04e6ef1578905dfe15318b0168a3c578d580e3954cdcdb/diff:/var/lib/docker/overlay2/c2154a26379dc64a3c8419fd27da577900c31d3207f4ac20f9449244e2d1ccf5/diff:/var/lib/docker/overlay2/45119b377d35a2fb649619abb46e7773f25bd7f4cf3db6e498a5cce8d07fdb4b/diff:/var/lib/docker/overlay2/b2e2872f014746c08588106cc22c90a089d4cb0e17979c45fe26122dac705016/diff:/var/lib/docker/overlay2/12111dffba3068330cfa7e4f8b50b01e9d101b2aafce9a53d5244358d9699381/diff:/var/lib/docker/overlay2/a6facfdec66b6cb05b128c524cb7545ffcc42ada6e0b85805d0dca7b5fc562b6/diff:/var/lib/docker/overlay2/5bc28f16de5d33a825f241a7344df44c38fdee4b4b92a3c03c12fef9f5b9267f/diff:/var/lib/docker/overlay2/cd8090d3e0694780933209871d8bb89e40539207650cc44d3b0d7d2349f9cf93/diff","MergedDir":"/var/lib/docker/overlay2/b6849e37a519d0394bd8e766933c0dc989f39b49737cc67e43ca3fd6f5ba076f/merged","UpperDir":"/var/lib/docker/overlay2/b6849e37a519d0394bd8e766933c0dc989f39b49737cc67e43ca3fd6f5ba076f/diff","WorkDir":"/var/lib/docker/overlay2/b6849e37a519d0394bd8e766933c0dc989f39b49737cc67e43ca3fd6f5ba076f/work"},"Name":"overlay2"},"Mounts":[{"Type":"volume","Name":"0a9e58d6f28bf41b3a34d5108562d14fa0d632afad7efeabb1dfa5f416ba7189","Source":"/var/lib/docker/volumes/0a9e58d6f28bf41b3a34d5108562d14fa0d632afad7efeabb1dfa5f416ba7189/_data","Destination":"/var/lib/postgresql/data","Driver":"local","Mode":"","RW":true,"Propagation":""}],"Config":{"Hostname":"d99a86fb25d5","Domainname":"","User":"","AttachStdin":false,"AttachStdout":false,"AttachStderr":false,"ExposedPorts":{"5432/tcp":{}},"Tty":false,"OpenStdin":false,"StdinOnce":false,"Env":["POSTGRES_USER=postgres","POSTGRES_PASSWORD=password","POSTGRES_DB=test_bestiary","PATH=/usr/local/sbin:/usr/local/bin:/usr/sbin:/usr/bin:/sbin:/bin:/usr/lib/postgresql/14/bin","GOSU_VERSION=1.17","LANG=en_US.utf8","PG_MAJOR=14","PG_VERSION=14.14-1.pgdg120+1","PGDATA=/var/lib/postgresql/data"],"Cmd":["postgres","-c","fsync=off"],"Image":"postgres:14","Volumes":{"/var/lib/postgresql/data":{}},"WorkingDir":"/","Entrypoint":["docker-entrypoint.sh"],"OnBuild":null,"Labels":{"org.testcontainers":"true","org.testcontainers.lang":"java","org.testcontainers.sessionId":"f19e918b-ee3a-49e9-843b-bb73ce2bb29f","org.testcontainers.version":"1.19.5"},"StopSignal":"SIGINT"},"NetworkSettings":{"Bridge":"","SandboxID":"54ef72816725f936ae9bff6d23d21c1c75d2ee5becf82046d2965885dc57f559","SandboxKey":"/var/run/docker/netns/54ef72816725","Ports":{"5432/tcp":[{"HostIp":"0.0.0.0","HostPort":"50151"}]},"HairpinMode":false,"LinkLocalIPv6Address":"","LinkLocalIPv6PrefixLen":0,"SecondaryIPAddresses":null,"SecondaryIPv6Addresses":null,"EndpointID":"c339224bc05fc67db627760030d9d8b6e2af0286acfe35223452549bd9f73493","Gateway":"172.17.0.1","GlobalIPv6Address":"","GlobalIPv6PrefixLen":0,"IPAddress":"172.17.0.3","IPPrefixLen":16,"IPv6Gateway":"","MacAddress":"02:42:ac:11:00:03","Networks":{"bridge":{"IPAMConfig":null,"Links":null,"Aliases":null,"MacAddress":"02:42:ac:11:00:03","DriverOpts":null,"NetworkID":"ddedae1ce0c60ac58c2fa8ee43085e48f22ce2e5e8c96b010b3a283fd3000a29","EndpointID":"c339224bc05fc67db627760030d9d8b6e2af0286acfe35223452549bd9f73493","Gateway":"172.17.0.1","IPAddress":"172.17.0.3","IPPrefixLen":16,"IPv6Gateway":"","GlobalIPv6Address":"","GlobalIPv6PrefixLen":0,"DNSNames":null}}}}[\n]"
10:40:20.205 [main] DEBUG com.github.dockerjava.zerodep.shaded.org.apache.hc.client5.http.wire -- http-outgoing-1 << "[\r][\n]"
10:40:20.205 [main] DEBUG com.github.dockerjava.zerodep.shaded.org.apache.hc.client5.http.wire -- http-outgoing-1 << "0[\r][\n]"
10:40:20.205 [main] DEBUG com.github.dockerjava.zerodep.shaded.org.apache.hc.client5.http.wire -- http-outgoing-1 << "[\r][\n]"
10:40:20.206 [main] DEBUG com.github.dockerjava.zerodep.shaded.org.apache.hc.client5.http.impl.classic.InternalHttpClient -- ep-0000000C: releasing valid endpoint
10:40:20.206 [main] DEBUG com.github.dockerjava.zerodep.shaded.org.apache.hc.client5.http.impl.io.PoolingHttpClientConnectionManager -- ep-0000000C: releasing endpoint
10:40:20.206 [main] DEBUG com.github.dockerjava.zerodep.shaded.org.apache.hc.client5.http.impl.io.PoolingHttpClientConnectionManager -- ep-0000000C: connection http-outgoing-1 can be kept alive for 3 MINUTES
10:40:20.206 [main] DEBUG com.github.dockerjava.zerodep.shaded.org.apache.hc.client5.http.impl.io.PoolingHttpClientConnectionManager -- ep-0000000C: connection released [route: {}->unix://localhost:2375][total available: 1; route allocated: 1 of 2147483647; total allocated: 1 of 2147483647]
10:40:20.206 [main] DEBUG org.testcontainers.shaded.com.github.dockerjava.core.command.AbstrDockerCmd -- Cmd: sha256:12d0393194fae27f18bd47235cd2e5891f6d52652d2adc86b185cf802a336823
10:40:20.206 [main] DEBUG com.github.dockerjava.zerodep.shaded.org.apache.hc.client5.http.impl.classic.InternalHttpClient -- ex-0000000E: preparing request execution
10:40:20.206 [main] DEBUG com.github.dockerjava.zerodep.shaded.org.apache.hc.client5.http.protocol.RequestAddCookies -- Cookie spec selected: strict
10:40:20.206 [main] DEBUG com.github.dockerjava.zerodep.shaded.org.apache.hc.client5.http.protocol.RequestAuthCache -- Auth cache not set in the context
10:40:20.206 [main] DEBUG com.github.dockerjava.zerodep.shaded.org.apache.hc.client5.http.impl.classic.ProtocolExec -- ex-0000000E: target auth state: UNCHALLENGED
10:40:20.206 [main] DEBUG com.github.dockerjava.zerodep.shaded.org.apache.hc.client5.http.impl.classic.ProtocolExec -- ex-0000000E: proxy auth state: UNCHALLENGED
10:40:20.206 [main] DEBUG com.github.dockerjava.zerodep.shaded.org.apache.hc.client5.http.impl.classic.ConnectExec -- ex-0000000E: acquiring connection with route {}->unix://localhost:2375
10:40:20.206 [main] DEBUG com.github.dockerjava.zerodep.shaded.org.apache.hc.client5.http.impl.classic.InternalHttpClient -- ex-0000000E: acquiring endpoint (3 MINUTES)
10:40:20.206 [main] DEBUG com.github.dockerjava.zerodep.shaded.org.apache.hc.client5.http.impl.io.PoolingHttpClientConnectionManager -- ex-0000000E: endpoint lease request (3 MINUTES) [route: {}->unix://localhost:2375][total available: 1; route allocated: 1 of 2147483647; total allocated: 1 of 2147483647]
10:40:20.206 [main] DEBUG com.github.dockerjava.zerodep.shaded.org.apache.hc.client5.http.impl.io.PoolingHttpClientConnectionManager -- ex-0000000E: endpoint leased [route: {}->unix://localhost:2375][total available: 0; route allocated: 1 of 2147483647; total allocated: 1 of 2147483647]
10:40:20.207 [main] DEBUG com.github.dockerjava.zerodep.shaded.org.apache.hc.client5.http.impl.io.PoolingHttpClientConnectionManager -- ex-0000000E: acquired ep-0000000D
10:40:20.207 [main] DEBUG com.github.dockerjava.zerodep.shaded.org.apache.hc.client5.http.impl.classic.InternalHttpClient -- ex-0000000E: acquired endpoint ep-0000000D
10:40:20.207 [main] DEBUG com.github.dockerjava.zerodep.shaded.org.apache.hc.client5.http.impl.classic.MainClientExec -- ex-0000000E: executing GET /v1.32/images/sha256:12d0393194fae27f18bd47235cd2e5891f6d52652d2adc86b185cf802a336823/json HTTP/1.1
10:40:20.207 [main] DEBUG com.github.dockerjava.zerodep.shaded.org.apache.hc.client5.http.impl.classic.InternalHttpClient -- ep-0000000D: start execution ex-0000000E
10:40:20.207 [main] DEBUG com.github.dockerjava.zerodep.shaded.org.apache.hc.client5.http.impl.io.PoolingHttpClientConnectionManager -- ep-0000000D: executing exchange ex-0000000E over http-outgoing-1
10:40:20.207 [main] DEBUG com.github.dockerjava.zerodep.shaded.org.apache.hc.client5.http.headers -- http-outgoing-1 >> GET /v1.32/images/sha256:12d0393194fae27f18bd47235cd2e5891f6d52652d2adc86b185cf802a336823/json HTTP/1.1
10:40:20.207 [main] DEBUG com.github.dockerjava.zerodep.shaded.org.apache.hc.client5.http.headers -- http-outgoing-1 >> accept: application/json
10:40:20.207 [main] DEBUG com.github.dockerjava.zerodep.shaded.org.apache.hc.client5.http.headers -- http-outgoing-1 >> x-tc-sid: f19e918b-ee3a-49e9-843b-bb73ce2bb29f
10:40:20.207 [main] DEBUG com.github.dockerjava.zerodep.shaded.org.apache.hc.client5.http.headers -- http-outgoing-1 >> User-Agent: tc-java/1.19.5
10:40:20.207 [main] DEBUG com.github.dockerjava.zerodep.shaded.org.apache.hc.client5.http.headers -- http-outgoing-1 >> Accept-Encoding: gzip, x-gzip, deflate
10:40:20.207 [main] DEBUG com.github.dockerjava.zerodep.shaded.org.apache.hc.client5.http.headers -- http-outgoing-1 >> Host: localhost:2375
10:40:20.207 [main] DEBUG com.github.dockerjava.zerodep.shaded.org.apache.hc.client5.http.headers -- http-outgoing-1 >> Connection: keep-alive
10:40:20.207 [main] DEBUG com.github.dockerjava.zerodep.shaded.org.apache.hc.client5.http.wire -- http-outgoing-1 >> "GET /v1.32/images/sha256:12d0393194fae27f18bd47235cd2e5891f6d52652d2adc86b185cf802a336823/json HTTP/1.1[\r][\n]"
10:40:20.207 [main] DEBUG com.github.dockerjava.zerodep.shaded.org.apache.hc.client5.http.wire -- http-outgoing-1 >> "accept: application/json[\r][\n]"
10:40:20.207 [main] DEBUG com.github.dockerjava.zerodep.shaded.org.apache.hc.client5.http.wire -- http-outgoing-1 >> "x-tc-sid: f19e918b-ee3a-49e9-843b-bb73ce2bb29f[\r][\n]"
10:40:20.207 [main] DEBUG com.github.dockerjava.zerodep.shaded.org.apache.hc.client5.http.wire -- http-outgoing-1 >> "User-Agent: tc-java/1.19.5[\r][\n]"
10:40:20.207 [main] DEBUG com.github.dockerjava.zerodep.shaded.org.apache.hc.client5.http.wire -- http-outgoing-1 >> "Accept-Encoding: gzip, x-gzip, deflate[\r][\n]"
10:40:20.207 [main] DEBUG com.github.dockerjava.zerodep.shaded.org.apache.hc.client5.http.wire -- http-outgoing-1 >> "Host: localhost:2375[\r][\n]"
10:40:20.207 [main] DEBUG com.github.dockerjava.zerodep.shaded.org.apache.hc.client5.http.wire -- http-outgoing-1 >> "Connection: keep-alive[\r][\n]"
10:40:20.207 [main] DEBUG com.github.dockerjava.zerodep.shaded.org.apache.hc.client5.http.wire -- http-outgoing-1 >> "[\r][\n]"
10:40:20.208 [main] DEBUG com.github.dockerjava.zerodep.shaded.org.apache.hc.client5.http.wire -- http-outgoing-1 << "HTTP/1.1 200 OK[\r][\n]"
10:40:20.208 [main] DEBUG com.github.dockerjava.zerodep.shaded.org.apache.hc.client5.http.wire -- http-outgoing-1 << "Api-Version: 1.47[\r][\n]"
10:40:20.208 [main] DEBUG com.github.dockerjava.zerodep.shaded.org.apache.hc.client5.http.wire -- http-outgoing-1 << "Content-Type: application/json[\r][\n]"
10:40:20.208 [main] DEBUG com.github.dockerjava.zerodep.shaded.org.apache.hc.client5.http.wire -- http-outgoing-1 << "Date: Sat, 23 Nov 2024 18:40:20 GMT[\r][\n]"
10:40:20.208 [main] DEBUG com.github.dockerjava.zerodep.shaded.org.apache.hc.client5.http.wire -- http-outgoing-1 << "Docker-Experimental: false[\r][\n]"
10:40:20.208 [main] DEBUG com.github.dockerjava.zerodep.shaded.org.apache.hc.client5.http.wire -- http-outgoing-1 << "Ostype: linux[\r][\n]"
10:40:20.208 [main] DEBUG com.github.dockerjava.zerodep.shaded.org.apache.hc.client5.http.wire -- http-outgoing-1 << "Server: Docker/27.2.0 (linux)[\r][\n]"
10:40:20.208 [main] DEBUG com.github.dockerjava.zerodep.shaded.org.apache.hc.client5.http.wire -- http-outgoing-1 << "Transfer-Encoding: chunked[\r][\n]"
10:40:20.208 [main] DEBUG com.github.dockerjava.zerodep.shaded.org.apache.hc.client5.http.wire -- http-outgoing-1 << "[\r][\n]"
10:40:20.208 [main] DEBUG com.github.dockerjava.zerodep.shaded.org.apache.hc.client5.http.headers -- http-outgoing-1 << HTTP/1.1 200 OK
10:40:20.208 [main] DEBUG com.github.dockerjava.zerodep.shaded.org.apache.hc.client5.http.headers -- http-outgoing-1 << Api-Version: 1.47
10:40:20.208 [main] DEBUG com.github.dockerjava.zerodep.shaded.org.apache.hc.client5.http.headers -- http-outgoing-1 << Content-Type: application/json
10:40:20.208 [main] DEBUG com.github.dockerjava.zerodep.shaded.org.apache.hc.client5.http.headers -- http-outgoing-1 << Date: Sat, 23 Nov 2024 18:40:20 GMT
10:40:20.208 [main] DEBUG com.github.dockerjava.zerodep.shaded.org.apache.hc.client5.http.headers -- http-outgoing-1 << Docker-Experimental: false
10:40:20.208 [main] DEBUG com.github.dockerjava.zerodep.shaded.org.apache.hc.client5.http.headers -- http-outgoing-1 << Ostype: linux
10:40:20.208 [main] DEBUG com.github.dockerjava.zerodep.shaded.org.apache.hc.client5.http.headers -- http-outgoing-1 << Server: Docker/27.2.0 (linux)
10:40:20.208 [main] DEBUG com.github.dockerjava.zerodep.shaded.org.apache.hc.client5.http.headers -- http-outgoing-1 << Transfer-Encoding: chunked
10:40:20.208 [main] DEBUG com.github.dockerjava.zerodep.shaded.org.apache.hc.client5.http.impl.classic.MainClientExec -- ex-0000000E: connection can be kept alive for 3 MINUTES
10:40:20.208 [main] DEBUG com.github.dockerjava.zerodep.shaded.org.apache.hc.client5.http.wire -- http-outgoing-1 << "fc9[\r][\n]"
10:40:20.209 [main] DEBUG com.github.dockerjava.zerodep.shaded.org.apache.hc.client5.http.wire -- http-outgoing-1 << "{"Id":"sha256:12d0393194fae27f18bd47235cd2e5891f6d52652d2adc86b185cf802a336823","RepoTags":["postgres:14"],"RepoDigests":["postgres@sha256:e7d3e4fdcdb4187649d50217c3a8fed20bee215cd19233004c9fb0eaeae5ecf0"],"Parent":"","Comment":"buildkit.dockerfile.v0","Created":"2024-11-14T19:06:51Z","ContainerConfig":{"Hostname":"","Domainname":"","User":"","AttachStdin":false,"AttachStdout":false,"AttachStderr":false,"Tty":false,"OpenStdin":false,"StdinOnce":false,"Env":null,"Cmd":null,"Image":"","Volumes":null,"WorkingDir":"","Entrypoint":null,"OnBuild":null,"Labels":null},"DockerVersion":"","Author":"","Config":{"Hostname":"","Domainname":"","User":"","AttachStdin":false,"AttachStdout":false,"AttachStderr":false,"ExposedPorts":{"5432/tcp":{}},"Tty":false,"OpenStdin":false,"StdinOnce":false,"Env":["PATH=/usr/local/sbin:/usr/local/bin:/usr/sbin:/usr/bin:/sbin:/bin:/usr/lib/postgresql/14/bin","GOSU_VERSION=1.17","LANG=en_US.utf8","PG_MAJOR=14","PG_VERSION=14.14-1.pgdg120+1","PGDATA=/var/lib/postgresql/data"],"Cmd":["postgres"],"ArgsEscaped":true,"Image":"","Volumes":{"/var/lib/postgresql/data":{}},"WorkingDir":"/","Entrypoint":["docker-entrypoint.sh"],"OnBuild":null,"Labels":null,"StopSignal":"SIGINT"},"Architecture":"arm64","Variant":"v8","Os":"linux","Size":444022455,"VirtualSize":444022455,"GraphDriver":{"Data":{"LowerDir":"/var/lib/docker/overlay2/ec9eca2fe54c4cf8c682696682ef5171ca0eadb9319084b8b27975e33ea6b94b/diff:/var/lib/docker/overlay2/f53ead16143c84629dd30d86264fa9de88723117092d8716ab5aabc7f1632676/diff:/var/lib/docker/overlay2/0cd2187b18a68ade270664d16eefac6b14da0ae8dfa9fd93b286f673d6a52a63/diff:/var/lib/docker/overlay2/0223142de23992bb5d1038ab101e8a860d8c2f65b526ef3386247aec9d6bd71a/diff:/var/lib/docker/overlay2/1c961e972f9055b4f09d8054f0e40f4514c61baeba63ae616532ec18e8d8386d/diff:/var/lib/docker/overlay2/ebf068793727e1ebab04e6ef1578905dfe15318b0168a3c578d580e3954cdcdb/diff:/var/lib/docker/overlay2/c2154a26379dc64a3c8419fd27da577900c31d3207f4ac20f9449244e2d1ccf5/diff:/var/lib/docker/overlay2/45119b377d35a2fb649619abb46e7773f25bd7f4cf3db6e498a5cce8d07fdb4b/diff:/var/lib/docker/overlay2/b2e2872f014746c08588106cc22c90a089d4cb0e17979c45fe26122dac705016/diff:/var/lib/docker/overlay2/12111dffba3068330cfa7e4f8b50b01e9d101b2aafce9a53d5244358d9699381/diff:/var/lib/docker/overlay2/a6facfdec66b6cb05b128c524cb7545ffcc42ada6e0b85805d0dca7b5fc562b6/diff:/var/lib/docker/overlay2/5bc28f16de5d33a825f241a7344df44c38fdee4b4b92a3c03c12fef9f5b9267f/diff:/var/lib/docker/overlay2/cd8090d3e0694780933209871d8bb89e40539207650cc44d3b0d7d2349f9cf93/diff","MergedDir":"/var/lib/docker/overlay2/f3afc115bd2803bd6d8ab756329820a4cea567df84206433def5494d9f874ecd/merged","UpperDir":"/var/lib/docker/overlay2/f3afc115bd2803bd6d8ab756329820a4cea567df84206433def5494d9f874ecd/diff","WorkDir":"/var/lib/docker/overlay2/f3afc115bd2803bd6d8ab756329820a4cea567df84206433def5494d9f874ecd/work"},"Name":"overlay2"},"RootFS":{"Type":"layers","Layers":["sha256:077584c0c75a9ed7e709ddf807892e87202ffaed0c3ada73e3ca853b425dc067","sha256:93c0bde242554b4332e00b85f424441062af24c10cf06563dfaa68d194339298","sha256:dfb6d304d606355ea08dee234bf484e5f1c70ed98fee01065518a05d41ba4511","sha256:1a071bbc27af93dd81bcce0281c3c3490c378b8d96b933f31cd556a6874903ed","sha256:b853642313b2c5ba64ceb83067c75694e0e73bd0b93e9cef1173165fb79c7405","sha256:555152033751eb92045f4de3f0dac9313da3779d494f3ce3d5a157bb9e02abf6","sha256:458965471470bbede4966a0f975e4ce5fd5ad322c01fdfda2f2b23392323ce57","sha256:d9392106fa1ebcf4ff1b2e358ee8698f6d1fb0ed167d9cc1fd6836e52a689b87","sha256:fd8745ebe6987d3aa8a8479b333b34c5afe484fa33df15f0563e4b1394d03ceb","sha256:43eac7424f6b6028844da61a8439f3f60bca7f6bd03784a5b41f0e9da976101b","sha256:bc5c56fe8e6648c7531865f44060b2c1300a9cefb290c4b853cab64f1ffe2e54","sha256:5df20f90d530d309e469d42aa0d072e04e2f12617e1da7895896efef4501b84c","sha256:7a81d060ad3db366eb9dd04d12569b1cdb214d29b86bf817cc0b28bc7bb5d8ee","sha256:d97f3d9ec7b989588a75cee5924170d6d24ee46ae5e0c331787dd67fd48b14e4"]},"Metadata":{"LastTagTime":"0001-01-01T00:00:00Z"}}[\n]"
10:40:20.209 [main] DEBUG com.github.dockerjava.zerodep.shaded.org.apache.hc.client5.http.wire -- http-outgoing-1 << "[\r][\n]"
10:40:20.209 [main] DEBUG com.github.dockerjava.zerodep.shaded.org.apache.hc.client5.http.wire -- http-outgoing-1 << "0[\r][\n]"
10:40:20.209 [main] DEBUG com.github.dockerjava.zerodep.shaded.org.apache.hc.client5.http.wire -- http-outgoing-1 << "[\r][\n]"
10:40:20.209 [main] DEBUG com.github.dockerjava.zerodep.shaded.org.apache.hc.client5.http.impl.classic.InternalHttpClient -- ep-0000000D: releasing valid endpoint
10:40:20.209 [main] DEBUG com.github.dockerjava.zerodep.shaded.org.apache.hc.client5.http.impl.io.PoolingHttpClientConnectionManager -- ep-0000000D: releasing endpoint
10:40:20.209 [main] DEBUG com.github.dockerjava.zerodep.shaded.org.apache.hc.client5.http.impl.io.PoolingHttpClientConnectionManager -- ep-0000000D: connection http-outgoing-1 can be kept alive for 3 MINUTES
10:40:20.209 [main] DEBUG com.github.dockerjava.zerodep.shaded.org.apache.hc.client5.http.impl.io.PoolingHttpClientConnectionManager -- ep-0000000D: connection released [route: {}->unix://localhost:2375][total available: 1; route allocated: 1 of 2147483647; total allocated: 1 of 2147483647]
10:40:20.209 [main] DEBUG org.testcontainers.shaded.com.github.dockerjava.core.command.AbstrDockerCmd -- Cmd: 
10:40:20.209 [main] DEBUG com.github.dockerjava.zerodep.shaded.org.apache.hc.client5.http.impl.classic.InternalHttpClient -- ex-0000000F: preparing request execution
10:40:20.209 [main] DEBUG com.github.dockerjava.zerodep.shaded.org.apache.hc.client5.http.protocol.RequestAddCookies -- Cookie spec selected: strict
10:40:20.209 [main] DEBUG com.github.dockerjava.zerodep.shaded.org.apache.hc.client5.http.protocol.RequestAuthCache -- Auth cache not set in the context
10:40:20.209 [main] DEBUG com.github.dockerjava.zerodep.shaded.org.apache.hc.client5.http.impl.classic.ProtocolExec -- ex-0000000F: target auth state: UNCHALLENGED
10:40:20.209 [main] DEBUG com.github.dockerjava.zerodep.shaded.org.apache.hc.client5.http.impl.classic.ProtocolExec -- ex-0000000F: proxy auth state: UNCHALLENGED
10:40:20.209 [main] DEBUG com.github.dockerjava.zerodep.shaded.org.apache.hc.client5.http.impl.classic.ConnectExec -- ex-0000000F: acquiring connection with route {}->unix://localhost:2375
10:40:20.209 [main] DEBUG com.github.dockerjava.zerodep.shaded.org.apache.hc.client5.http.impl.classic.InternalHttpClient -- ex-0000000F: acquiring endpoint (3 MINUTES)
10:40:20.209 [main] DEBUG com.github.dockerjava.zerodep.shaded.org.apache.hc.client5.http.impl.io.PoolingHttpClientConnectionManager -- ex-0000000F: endpoint lease request (3 MINUTES) [route: {}->unix://localhost:2375][total available: 1; route allocated: 1 of 2147483647; total allocated: 1 of 2147483647]
10:40:20.209 [main] DEBUG com.github.dockerjava.zerodep.shaded.org.apache.hc.client5.http.impl.io.PoolingHttpClientConnectionManager -- ex-0000000F: endpoint leased [route: {}->unix://localhost:2375][total available: 0; route allocated: 1 of 2147483647; total allocated: 1 of 2147483647]
10:40:20.209 [main] DEBUG com.github.dockerjava.zerodep.shaded.org.apache.hc.client5.http.impl.io.PoolingHttpClientConnectionManager -- ex-0000000F: acquired ep-0000000E
10:40:20.209 [main] DEBUG com.github.dockerjava.zerodep.shaded.org.apache.hc.client5.http.impl.classic.InternalHttpClient -- ex-0000000F: acquired endpoint ep-0000000E
10:40:20.209 [main] DEBUG com.github.dockerjava.zerodep.shaded.org.apache.hc.client5.http.impl.classic.MainClientExec -- ex-0000000F: executing GET /v1.32/version HTTP/1.1
10:40:20.210 [main] DEBUG com.github.dockerjava.zerodep.shaded.org.apache.hc.client5.http.impl.classic.InternalHttpClient -- ep-0000000E: start execution ex-0000000F
10:40:20.210 [main] DEBUG com.github.dockerjava.zerodep.shaded.org.apache.hc.client5.http.impl.io.PoolingHttpClientConnectionManager -- ep-0000000E: executing exchange ex-0000000F over http-outgoing-1
10:40:20.210 [main] DEBUG com.github.dockerjava.zerodep.shaded.org.apache.hc.client5.http.headers -- http-outgoing-1 >> GET /v1.32/version HTTP/1.1
10:40:20.210 [main] DEBUG com.github.dockerjava.zerodep.shaded.org.apache.hc.client5.http.headers -- http-outgoing-1 >> accept: application/json
10:40:20.210 [main] DEBUG com.github.dockerjava.zerodep.shaded.org.apache.hc.client5.http.headers -- http-outgoing-1 >> x-tc-sid: f19e918b-ee3a-49e9-843b-bb73ce2bb29f
10:40:20.210 [main] DEBUG com.github.dockerjava.zerodep.shaded.org.apache.hc.client5.http.headers -- http-outgoing-1 >> User-Agent: tc-java/1.19.5
10:40:20.210 [main] DEBUG com.github.dockerjava.zerodep.shaded.org.apache.hc.client5.http.headers -- http-outgoing-1 >> Accept-Encoding: gzip, x-gzip, deflate
10:40:20.210 [main] DEBUG com.github.dockerjava.zerodep.shaded.org.apache.hc.client5.http.headers -- http-outgoing-1 >> Host: localhost:2375
10:40:20.210 [main] DEBUG com.github.dockerjava.zerodep.shaded.org.apache.hc.client5.http.headers -- http-outgoing-1 >> Connection: keep-alive
10:40:20.210 [main] DEBUG com.github.dockerjava.zerodep.shaded.org.apache.hc.client5.http.wire -- http-outgoing-1 >> "GET /v1.32/version HTTP/1.1[\r][\n]"
10:40:20.210 [main] DEBUG com.github.dockerjava.zerodep.shaded.org.apache.hc.client5.http.wire -- http-outgoing-1 >> "accept: application/json[\r][\n]"
10:40:20.210 [main] DEBUG com.github.dockerjava.zerodep.shaded.org.apache.hc.client5.http.wire -- http-outgoing-1 >> "x-tc-sid: f19e918b-ee3a-49e9-843b-bb73ce2bb29f[\r][\n]"
10:40:20.210 [main] DEBUG com.github.dockerjava.zerodep.shaded.org.apache.hc.client5.http.wire -- http-outgoing-1 >> "User-Agent: tc-java/1.19.5[\r][\n]"
10:40:20.210 [main] DEBUG com.github.dockerjava.zerodep.shaded.org.apache.hc.client5.http.wire -- http-outgoing-1 >> "Accept-Encoding: gzip, x-gzip, deflate[\r][\n]"
10:40:20.210 [main] DEBUG com.github.dockerjava.zerodep.shaded.org.apache.hc.client5.http.wire -- http-outgoing-1 >> "Host: localhost:2375[\r][\n]"
10:40:20.210 [main] DEBUG com.github.dockerjava.zerodep.shaded.org.apache.hc.client5.http.wire -- http-outgoing-1 >> "Connection: keep-alive[\r][\n]"
10:40:20.210 [main] DEBUG com.github.dockerjava.zerodep.shaded.org.apache.hc.client5.http.wire -- http-outgoing-1 >> "[\r][\n]"
10:40:20.218 [main] DEBUG com.github.dockerjava.zerodep.shaded.org.apache.hc.client5.http.wire -- http-outgoing-1 << "HTTP/1.1 200 OK[\r][\n]"
10:40:20.218 [main] DEBUG com.github.dockerjava.zerodep.shaded.org.apache.hc.client5.http.wire -- http-outgoing-1 << "Api-Version: 1.47[\r][\n]"
10:40:20.218 [main] DEBUG com.github.dockerjava.zerodep.shaded.org.apache.hc.client5.http.wire -- http-outgoing-1 << "Content-Type: application/json[\r][\n]"
10:40:20.218 [main] DEBUG com.github.dockerjava.zerodep.shaded.org.apache.hc.client5.http.wire -- http-outgoing-1 << "Date: Sat, 23 Nov 2024 18:40:20 GMT[\r][\n]"
10:40:20.218 [main] DEBUG com.github.dockerjava.zerodep.shaded.org.apache.hc.client5.http.wire -- http-outgoing-1 << "Docker-Experimental: false[\r][\n]"
10:40:20.218 [main] DEBUG com.github.dockerjava.zerodep.shaded.org.apache.hc.client5.http.wire -- http-outgoing-1 << "Ostype: linux[\r][\n]"
10:40:20.218 [main] DEBUG com.github.dockerjava.zerodep.shaded.org.apache.hc.client5.http.wire -- http-outgoing-1 << "Server: Docker/27.2.0 (linux)[\r][\n]"
10:40:20.219 [main] DEBUG com.github.dockerjava.zerodep.shaded.org.apache.hc.client5.http.wire -- http-outgoing-1 << "Transfer-Encoding: chunked[\r][\n]"
10:40:20.219 [main] DEBUG com.github.dockerjava.zerodep.shaded.org.apache.hc.client5.http.wire -- http-outgoing-1 << "[\r][\n]"
10:40:20.219 [main] DEBUG com.github.dockerjava.zerodep.shaded.org.apache.hc.client5.http.headers -- http-outgoing-1 << HTTP/1.1 200 OK
10:40:20.219 [main] DEBUG com.github.dockerjava.zerodep.shaded.org.apache.hc.client5.http.headers -- http-outgoing-1 << Api-Version: 1.47
10:40:20.219 [main] DEBUG com.github.dockerjava.zerodep.shaded.org.apache.hc.client5.http.headers -- http-outgoing-1 << Content-Type: application/json
10:40:20.219 [main] DEBUG com.github.dockerjava.zerodep.shaded.org.apache.hc.client5.http.headers -- http-outgoing-1 << Date: Sat, 23 Nov 2024 18:40:20 GMT
10:40:20.219 [main] DEBUG com.github.dockerjava.zerodep.shaded.org.apache.hc.client5.http.headers -- http-outgoing-1 << Docker-Experimental: false
10:40:20.219 [main] DEBUG com.github.dockerjava.zerodep.shaded.org.apache.hc.client5.http.headers -- http-outgoing-1 << Ostype: linux
10:40:20.219 [main] DEBUG com.github.dockerjava.zerodep.shaded.org.apache.hc.client5.http.headers -- http-outgoing-1 << Server: Docker/27.2.0 (linux)
10:40:20.219 [main] DEBUG com.github.dockerjava.zerodep.shaded.org.apache.hc.client5.http.headers -- http-outgoing-1 << Transfer-Encoding: chunked
10:40:20.219 [main] DEBUG com.github.dockerjava.zerodep.shaded.org.apache.hc.client5.http.impl.classic.MainClientExec -- ex-0000000F: connection can be kept alive for 3 MINUTES
10:40:20.219 [main] DEBUG com.github.dockerjava.zerodep.shaded.org.apache.hc.client5.http.wire -- http-outgoing-1 << "33b[\r][\n]"
10:40:20.219 [main] DEBUG com.github.dockerjava.zerodep.shaded.org.apache.hc.client5.http.wire -- http-outgoing-1 << "{"Platform":{"Name":"Docker Desktop 4.34.2 (167172)"},"Components":[{"Name":"Engine","Version":"27.2.0","Details":{"ApiVersion":"1.47","Arch":"arm64","BuildTime":"2024-08-27T14:15:41.000000000+00:00","Experimental":"false","GitCommit":"3ab5c7d","GoVersion":"go1.21.13","KernelVersion":"6.10.4-linuxkit","MinAPIVersion":"1.24","Os":"linux"}},{"Name":"containerd","Version":"1.7.20","Details":{"GitCommit":"8fc6bcff51318944179630522a095cc9dbf9f353"}},{"Name":"runc","Version":"1.1.13","Details":{"GitCommit":"v1.1.13-0-g58aa920"}},{"Name":"docker-init","Version":"0.19.0","Details":{"GitCommit":"de40ad0"}}],"Version":"27.2.0","ApiVersion":"1.47","MinAPIVersion":"1.24","GitCommit":"3ab5c7d","GoVersion":"go1.21.13","Os":"linux","Arch":"arm64","KernelVersion":"6.10.4-linuxkit","BuildTime":"2024-08-27T14:15:41.000000000+00:00"}[\n]"
10:40:20.219 [main] DEBUG com.github.dockerjava.zerodep.shaded.org.apache.hc.client5.http.wire -- http-outgoing-1 << "[\r][\n]"
10:40:20.219 [main] DEBUG com.github.dockerjava.zerodep.shaded.org.apache.hc.client5.http.wire -- http-outgoing-1 << "0[\r][\n]"
10:40:20.219 [main] DEBUG com.github.dockerjava.zerodep.shaded.org.apache.hc.client5.http.wire -- http-outgoing-1 << "[\r][\n]"
10:40:20.220 [main] DEBUG com.github.dockerjava.zerodep.shaded.org.apache.hc.client5.http.impl.classic.InternalHttpClient -- ep-0000000E: releasing valid endpoint
10:40:20.220 [main] DEBUG com.github.dockerjava.zerodep.shaded.org.apache.hc.client5.http.impl.io.PoolingHttpClientConnectionManager -- ep-0000000E: releasing endpoint
10:40:20.220 [main] DEBUG com.github.dockerjava.zerodep.shaded.org.apache.hc.client5.http.impl.io.PoolingHttpClientConnectionManager -- ep-0000000E: connection http-outgoing-1 can be kept alive for 3 MINUTES
10:40:20.220 [main] DEBUG com.github.dockerjava.zerodep.shaded.org.apache.hc.client5.http.impl.io.PoolingHttpClientConnectionManager -- ep-0000000E: connection released [route: {}->unix://localhost:2375][total available: 1; route allocated: 1 of 2147483647; total allocated: 1 of 2147483647]
10:40:20.221 [docker-java-stream-1628289923] DEBUG com.github.dockerjava.zerodep.shaded.org.apache.hc.client5.http.impl.classic.InternalHttpClient -- ex-00000010: preparing request execution
10:40:20.221 [docker-java-stream-1628289923] DEBUG com.github.dockerjava.zerodep.shaded.org.apache.hc.client5.http.protocol.RequestAddCookies -- Cookie spec selected: strict
10:40:20.221 [docker-java-stream-1628289923] DEBUG com.github.dockerjava.zerodep.shaded.org.apache.hc.client5.http.protocol.RequestAuthCache -- Auth cache not set in the context
10:40:20.221 [docker-java-stream-1628289923] DEBUG com.github.dockerjava.zerodep.shaded.org.apache.hc.client5.http.impl.classic.ProtocolExec -- ex-00000010: target auth state: UNCHALLENGED
10:40:20.221 [docker-java-stream-1628289923] DEBUG com.github.dockerjava.zerodep.shaded.org.apache.hc.client5.http.impl.classic.ProtocolExec -- ex-00000010: proxy auth state: UNCHALLENGED
10:40:20.221 [docker-java-stream-1628289923] DEBUG com.github.dockerjava.zerodep.shaded.org.apache.hc.client5.http.impl.classic.ConnectExec -- ex-00000010: acquiring connection with route {}->unix://localhost:2375
10:40:20.221 [docker-java-stream-1628289923] DEBUG com.github.dockerjava.zerodep.shaded.org.apache.hc.client5.http.impl.classic.InternalHttpClient -- ex-00000010: acquiring endpoint (3 MINUTES)
10:40:20.221 [docker-java-stream-1628289923] DEBUG com.github.dockerjava.zerodep.shaded.org.apache.hc.client5.http.impl.io.PoolingHttpClientConnectionManager -- ex-00000010: endpoint lease request (3 MINUTES) [route: {}->unix://localhost:2375][total available: 1; route allocated: 1 of 2147483647; total allocated: 1 of 2147483647]
10:40:20.221 [docker-java-stream-1628289923] DEBUG com.github.dockerjava.zerodep.shaded.org.apache.hc.client5.http.impl.io.PoolingHttpClientConnectionManager -- ex-00000010: endpoint leased [route: {}->unix://localhost:2375][total available: 0; route allocated: 1 of 2147483647; total allocated: 1 of 2147483647]
10:40:20.221 [docker-java-stream-1628289923] DEBUG com.github.dockerjava.zerodep.shaded.org.apache.hc.client5.http.impl.io.PoolingHttpClientConnectionManager -- ex-00000010: acquired ep-0000000F
10:40:20.221 [docker-java-stream-1628289923] DEBUG com.github.dockerjava.zerodep.shaded.org.apache.hc.client5.http.impl.classic.InternalHttpClient -- ex-00000010: acquired endpoint ep-0000000F
10:40:20.221 [docker-java-stream-1628289923] DEBUG com.github.dockerjava.zerodep.shaded.org.apache.hc.client5.http.impl.classic.MainClientExec -- ex-00000010: executing GET /v1.32/containers/d99a86fb25d51273a6839aa3b41ef578e724e7ab92da7c181855ac329578a2b8/logs?stdout=true&stderr=true&follow=true&since=0 HTTP/1.1
10:40:20.221 [docker-java-stream-1628289923] DEBUG com.github.dockerjava.zerodep.shaded.org.apache.hc.client5.http.impl.classic.InternalHttpClient -- ep-0000000F: start execution ex-00000010
10:40:20.221 [docker-java-stream-1628289923] DEBUG com.github.dockerjava.zerodep.shaded.org.apache.hc.client5.http.impl.io.PoolingHttpClientConnectionManager -- ep-0000000F: executing exchange ex-00000010 over http-outgoing-1
10:40:20.221 [docker-java-stream-1628289923] DEBUG com.github.dockerjava.zerodep.shaded.org.apache.hc.client5.http.headers -- http-outgoing-1 >> GET /v1.32/containers/d99a86fb25d51273a6839aa3b41ef578e724e7ab92da7c181855ac329578a2b8/logs?stdout=true&stderr=true&follow=true&since=0 HTTP/1.1
10:40:20.221 [docker-java-stream-1628289923] DEBUG com.github.dockerjava.zerodep.shaded.org.apache.hc.client5.http.headers -- http-outgoing-1 >> x-tc-sid: f19e918b-ee3a-49e9-843b-bb73ce2bb29f
10:40:20.221 [docker-java-stream-1628289923] DEBUG com.github.dockerjava.zerodep.shaded.org.apache.hc.client5.http.headers -- http-outgoing-1 >> User-Agent: tc-java/1.19.5
10:40:20.221 [docker-java-stream-1628289923] DEBUG com.github.dockerjava.zerodep.shaded.org.apache.hc.client5.http.headers -- http-outgoing-1 >> Accept-Encoding: gzip, x-gzip, deflate
10:40:20.221 [docker-java-stream-1628289923] DEBUG com.github.dockerjava.zerodep.shaded.org.apache.hc.client5.http.headers -- http-outgoing-1 >> Host: localhost:2375
10:40:20.221 [docker-java-stream-1628289923] DEBUG com.github.dockerjava.zerodep.shaded.org.apache.hc.client5.http.headers -- http-outgoing-1 >> Connection: keep-alive
10:40:20.221 [docker-java-stream-1628289923] DEBUG com.github.dockerjava.zerodep.shaded.org.apache.hc.client5.http.wire -- http-outgoing-1 >> "GET /v1.32/containers/d99a86fb25d51273a6839aa3b41ef578e724e7ab92da7c181855ac329578a2b8/logs?stdout=true&stderr=true&follow=true&since=0 HTTP/1.1[\r][\n]"
10:40:20.221 [docker-java-stream-1628289923] DEBUG com.github.dockerjava.zerodep.shaded.org.apache.hc.client5.http.wire -- http-outgoing-1 >> "x-tc-sid: f19e918b-ee3a-49e9-843b-bb73ce2bb29f[\r][\n]"
10:40:20.221 [docker-java-stream-1628289923] DEBUG com.github.dockerjava.zerodep.shaded.org.apache.hc.client5.http.wire -- http-outgoing-1 >> "User-Agent: tc-java/1.19.5[\r][\n]"
10:40:20.221 [docker-java-stream-1628289923] DEBUG com.github.dockerjava.zerodep.shaded.org.apache.hc.client5.http.wire -- http-outgoing-1 >> "Accept-Encoding: gzip, x-gzip, deflate[\r][\n]"
10:40:20.221 [docker-java-stream-1628289923] DEBUG com.github.dockerjava.zerodep.shaded.org.apache.hc.client5.http.wire -- http-outgoing-1 >> "Host: localhost:2375[\r][\n]"
10:40:20.221 [docker-java-stream-1628289923] DEBUG com.github.dockerjava.zerodep.shaded.org.apache.hc.client5.http.wire -- http-outgoing-1 >> "Connection: keep-alive[\r][\n]"
10:40:20.221 [docker-java-stream-1628289923] DEBUG com.github.dockerjava.zerodep.shaded.org.apache.hc.client5.http.wire -- http-outgoing-1 >> "[\r][\n]"
10:40:20.222 [docker-java-stream-1628289923] DEBUG com.github.dockerjava.zerodep.shaded.org.apache.hc.client5.http.wire -- http-outgoing-1 << "HTTP/1.1 200 OK[\r][\n]"
10:40:20.222 [docker-java-stream-1628289923] DEBUG com.github.dockerjava.zerodep.shaded.org.apache.hc.client5.http.wire -- http-outgoing-1 << "Api-Version: 1.47[\r][\n]"
10:40:20.222 [docker-java-stream-1628289923] DEBUG com.github.dockerjava.zerodep.shaded.org.apache.hc.client5.http.wire -- http-outgoing-1 << "Content-Type: application/vnd.docker.raw-stream[\r][\n]"
10:40:20.222 [docker-java-stream-1628289923] DEBUG com.github.dockerjava.zerodep.shaded.org.apache.hc.client5.http.wire -- http-outgoing-1 << "Date: Sat, 23 Nov 2024 18:40:20 GMT[\r][\n]"
10:40:20.222 [docker-java-stream-1628289923] DEBUG com.github.dockerjava.zerodep.shaded.org.apache.hc.client5.http.wire -- http-outgoing-1 << "Docker-Experimental: false[\r][\n]"
10:40:20.222 [docker-java-stream-1628289923] DEBUG com.github.dockerjava.zerodep.shaded.org.apache.hc.client5.http.wire -- http-outgoing-1 << "Ostype: linux[\r][\n]"
10:40:20.222 [docker-java-stream-1628289923] DEBUG com.github.dockerjava.zerodep.shaded.org.apache.hc.client5.http.wire -- http-outgoing-1 << "Server: Docker/27.2.0 (linux)[\r][\n]"
10:40:20.222 [docker-java-stream-1628289923] DEBUG com.github.dockerjava.zerodep.shaded.org.apache.hc.client5.http.wire -- http-outgoing-1 << "Transfer-Encoding: chunked[\r][\n]"
10:40:20.222 [docker-java-stream-1628289923] DEBUG com.github.dockerjava.zerodep.shaded.org.apache.hc.client5.http.wire -- http-outgoing-1 << "[\r][\n]"
10:40:20.222 [docker-java-stream-1628289923] DEBUG com.github.dockerjava.zerodep.shaded.org.apache.hc.client5.http.headers -- http-outgoing-1 << HTTP/1.1 200 OK
10:40:20.223 [docker-java-stream-1628289923] DEBUG com.github.dockerjava.zerodep.shaded.org.apache.hc.client5.http.headers -- http-outgoing-1 << Api-Version: 1.47
10:40:20.223 [docker-java-stream-1628289923] DEBUG com.github.dockerjava.zerodep.shaded.org.apache.hc.client5.http.headers -- http-outgoing-1 << Content-Type: application/vnd.docker.raw-stream
10:40:20.223 [docker-java-stream-1628289923] DEBUG com.github.dockerjava.zerodep.shaded.org.apache.hc.client5.http.headers -- http-outgoing-1 << Date: Sat, 23 Nov 2024 18:40:20 GMT
10:40:20.223 [docker-java-stream-1628289923] DEBUG com.github.dockerjava.zerodep.shaded.org.apache.hc.client5.http.headers -- http-outgoing-1 << Docker-Experimental: false
10:40:20.223 [docker-java-stream-1628289923] DEBUG com.github.dockerjava.zerodep.shaded.org.apache.hc.client5.http.headers -- http-outgoing-1 << Ostype: linux
10:40:20.223 [docker-java-stream-1628289923] DEBUG com.github.dockerjava.zerodep.shaded.org.apache.hc.client5.http.headers -- http-outgoing-1 << Server: Docker/27.2.0 (linux)
10:40:20.223 [docker-java-stream-1628289923] DEBUG com.github.dockerjava.zerodep.shaded.org.apache.hc.client5.http.headers -- http-outgoing-1 << Transfer-Encoding: chunked
10:40:20.223 [docker-java-stream-1628289923] DEBUG com.github.dockerjava.zerodep.shaded.org.apache.hc.client5.http.impl.classic.MainClientExec -- ex-00000010: connection can be kept alive for 3 MINUTES
10:40:20.223 [docker-java-stream-1628289923] DEBUG com.github.dockerjava.zerodep.shaded.org.apache.hc.client5.http.wire -- http-outgoing-1 << "326[\r][\n]"
10:40:20.223 [docker-java-stream-1628289923] DEBUG com.github.dockerjava.zerodep.shaded.org.apache.hc.client5.http.wire -- http-outgoing-1 << "[0x1][0x0][0x0][0x0][0x0][0x0][0x0]NThe files belonging to this database system will be owned by user "postgres".[\n]"
10:40:20.223 [docker-java-stream-1628289923] DEBUG com.github.dockerjava.zerodep.shaded.org.apache.hc.client5.http.wire -- http-outgoing-1 << "[0x1][0x0][0x0][0x0][0x0][0x0][0x0],This user must also own the server process.[\n]"
10:40:20.223 [docker-java-stream-1628289923] DEBUG com.github.dockerjava.zerodep.shaded.org.apache.hc.client5.http.wire -- http-outgoing-1 << "[0x1][0x0][0x0][0x0][0x0][0x0][0x0][0x1][\n]"
10:40:20.223 [docker-java-stream-1628289923] DEBUG com.github.dockerjava.zerodep.shaded.org.apache.hc.client5.http.wire -- http-outgoing-1 << "[0x1][0x0][0x0][0x0][0x0][0x0][0x0]CThe database cluster will be initialized with locale "en_US.utf8".[\n]"
10:40:20.223 [docker-java-stream-1628289923] DEBUG com.github.dockerjava.zerodep.shaded.org.apache.hc.client5.http.wire -- http-outgoing-1 << "[0x1][0x0][0x0][0x0][0x0][0x0][0x0]BThe default database encoding has accordingly been set to "UTF8".[\n]"
10:40:20.223 [docker-java-stream-1628289923] DEBUG com.github.dockerjava.zerodep.shaded.org.apache.hc.client5.http.wire -- http-outgoing-1 << "[0x1][0x0][0x0][0x0][0x0][0x0][0x0]@The default text search configuration will be set to "english".[\n]"
10:40:20.223 [docker-java-stream-1628289923] DEBUG com.github.dockerjava.zerodep.shaded.org.apache.hc.client5.http.wire -- http-outgoing-1 << "[0x1][0x0][0x0][0x0][0x0][0x0][0x0][0x1][\n]"
10:40:20.223 [docker-java-stream-1628289923] DEBUG com.github.dockerjava.zerodep.shaded.org.apache.hc.client5.http.wire -- http-outgoing-1 << "[0x1][0x0][0x0][0x0][0x0][0x0][0x0]"Data page checksums are disabled.[\n]"
10:40:20.223 [docker-java-stream-1628289923] DEBUG com.github.dockerjava.zerodep.shaded.org.apache.hc.client5.http.wire -- http-outgoing-1 << "[0x1][0x0][0x0][0x0][0x0][0x0][0x0][0x1][\n]"
10:40:20.223 [docker-java-stream-1628289923] DEBUG com.github.dockerjava.zerodep.shaded.org.apache.hc.client5.http.wire -- http-outgoing-1 << "[0x1][0x0][0x0][0x0][0x0][0x0][0x0]Ifixing permissions on existing directory /var/lib/postgresql/data ... ok[\n]"
10:40:20.223 [docker-java-stream-1628289923] DEBUG com.github.dockerjava.zerodep.shaded.org.apache.hc.client5.http.wire -- http-outgoing-1 << "[0x1][0x0][0x0][0x0][0x0][0x0][0x0][0x1f]creating subdirectories ... ok[\n]"
10:40:20.223 [docker-java-stream-1628289923] DEBUG com.github.dockerjava.zerodep.shaded.org.apache.hc.client5.http.wire -- http-outgoing-1 << "[0x1][0x0][0x0][0x0][0x0][0x0][0x0]9selecting dynamic shared memory implementation ... posix[\n]"
10:40:20.223 [docker-java-stream-1628289923] DEBUG com.github.dockerjava.zerodep.shaded.org.apache.hc.client5.http.wire -- http-outgoing-1 << "[0x1][0x0][0x0][0x0][0x0][0x0][0x0]*selecting default max_connections ... 100[\n]"
10:40:20.223 [docker-java-stream-1628289923] DEBUG com.github.dockerjava.zerodep.shaded.org.apache.hc.client5.http.wire -- http-outgoing-1 << "[0x1][0x0][0x0][0x0][0x0][0x0][0x0]+selecting default shared_buffers ... 128MB[\n]"
10:40:20.223 [docker-java-stream-1628289923] DEBUG com.github.dockerjava.zerodep.shaded.org.apache.hc.client5.http.wire -- http-outgoing-1 << "[0x1][0x0][0x0][0x0][0x0][0x0][0x0](selecting default time zone ... Etc/UTC[\n]"
10:40:20.223 [docker-java-stream-1628289923] DEBUG com.github.dockerjava.zerodep.shaded.org.apache.hc.client5.http.wire -- http-outgoing-1 << "[0x1][0x0][0x0][0x0][0x0][0x0][0x0]$creating configuration files ... ok[\n]"
10:40:20.223 [docker-java-stream-1628289923] DEBUG com.github.dockerjava.zerodep.shaded.org.apache.hc.client5.http.wire -- http-outgoing-1 << "[\r][\n]"
10:40:20.223 [main] DEBUG org.testcontainers.containers.output.WaitingConsumer -- STDOUT: This user must also own the server process.
10:40:20.223 [main] DEBUG org.testcontainers.containers.output.WaitingConsumer -- STDOUT: creating configuration files ... ok
10:40:20.223 [main] DEBUG org.testcontainers.containers.output.WaitingConsumer -- STDOUT: selecting default time zone ... Etc/UTC
10:40:20.223 [main] DEBUG org.testcontainers.containers.output.WaitingConsumer -- STDOUT: selecting default shared_buffers ... 128MB
10:40:20.223 [main] DEBUG org.testcontainers.containers.output.WaitingConsumer -- STDOUT: selecting default max_connections ... 100
10:40:20.223 [main] DEBUG org.testcontainers.containers.output.WaitingConsumer -- STDOUT: selecting dynamic shared memory implementation ... posix
10:40:20.223 [main] DEBUG org.testcontainers.containers.output.WaitingConsumer -- STDOUT: creating subdirectories ... ok
10:40:20.223 [main] DEBUG org.testcontainers.containers.output.WaitingConsumer -- STDOUT: fixing permissions on existing directory /var/lib/postgresql/data ... ok
10:40:20.223 [main] DEBUG org.testcontainers.containers.output.WaitingConsumer -- STDOUT: 
10:40:20.223 [main] DEBUG org.testcontainers.containers.output.WaitingConsumer -- STDOUT: Data page checksums are disabled.
10:40:20.223 [main] DEBUG org.testcontainers.containers.output.WaitingConsumer -- STDOUT: 
10:40:20.223 [main] DEBUG org.testcontainers.containers.output.WaitingConsumer -- STDOUT: The default text search configuration will be set to "english".
10:40:20.223 [main] DEBUG org.testcontainers.containers.output.WaitingConsumer -- STDOUT: The default database encoding has accordingly been set to "UTF8".
10:40:20.223 [main] DEBUG org.testcontainers.containers.output.WaitingConsumer -- STDOUT: The database cluster will be initialized with locale "en_US.utf8".
10:40:20.223 [main] DEBUG org.testcontainers.containers.output.WaitingConsumer -- STDOUT: 
10:40:20.223 [main] DEBUG org.testcontainers.containers.output.WaitingConsumer -- STDOUT: The files belonging to this database system will be owned by user "postgres".
10:40:20.254 [docker-java-stream-1628289923] DEBUG com.github.dockerjava.zerodep.shaded.org.apache.hc.client5.http.wire -- http-outgoing-1 << "28[\r][\n]"
10:40:20.254 [docker-java-stream-1628289923] DEBUG com.github.dockerjava.zerodep.shaded.org.apache.hc.client5.http.wire -- http-outgoing-1 << "[0x1][0x0][0x0][0x0][0x0][0x0][0x0] running bootstrap script ... ok[\n]"
10:40:20.254 [docker-java-stream-1628289923] DEBUG com.github.dockerjava.zerodep.shaded.org.apache.hc.client5.http.wire -- http-outgoing-1 << "[\r][\n]"
10:40:20.254 [main] DEBUG org.testcontainers.containers.output.WaitingConsumer -- STDOUT: running bootstrap script ... ok
10:40:20.459 [docker-java-stream-1628289923] DEBUG com.github.dockerjava.zerodep.shaded.org.apache.hc.client5.http.wire -- http-outgoing-1 << "38[\r][\n]"
10:40:20.460 [docker-java-stream-1628289923] DEBUG com.github.dockerjava.zerodep.shaded.org.apache.hc.client5.http.wire -- http-outgoing-1 << "[0x1][0x0][0x0][0x0][0x0][0x0][0x0]0performing post-bootstrap initialization ... ok[\n]"
10:40:20.460 [docker-java-stream-1628289923] DEBUG com.github.dockerjava.zerodep.shaded.org.apache.hc.client5.http.wire -- http-outgoing-1 << "[\r][\n]"
10:40:20.460 [main] DEBUG org.testcontainers.containers.output.WaitingConsumer -- STDOUT: performing post-bootstrap initialization ... ok
10:40:20.515 [docker-java-stream-1628289923] DEBUG com.github.dockerjava.zerodep.shaded.org.apache.hc.client5.http.wire -- http-outgoing-1 << "1a7[\r][\n]"
10:40:20.515 [docker-java-stream-1628289923] DEBUG com.github.dockerjava.zerodep.shaded.org.apache.hc.client5.http.wire -- http-outgoing-1 << "[0x1][0x0][0x0][0x0][0x0][0x0][0x0][0x1c]syncing data to disk ... ok[\n]"
10:40:20.515 [docker-java-stream-1628289923] DEBUG com.github.dockerjava.zerodep.shaded.org.apache.hc.client5.http.wire -- http-outgoing-1 << "[0x1][0x0][0x0][0x0][0x0][0x0][0x0][0x1][\n]"
10:40:20.515 [docker-java-stream-1628289923] DEBUG com.github.dockerjava.zerodep.shaded.org.apache.hc.client5.http.wire -- http-outgoing-1 << "[0x1][0x0][0x0][0x0][0x0][0x0][0x0][0x1][\n]"
10:40:20.515 [docker-java-stream-1628289923] DEBUG com.github.dockerjava.zerodep.shaded.org.apache.hc.client5.http.wire -- http-outgoing-1 << "[0x1][0x0][0x0][0x0][0x0][0x0][0x0]6Success. You can now start the database server using:[\n]"
10:40:20.515 [docker-java-stream-1628289923] DEBUG com.github.dockerjava.zerodep.shaded.org.apache.hc.client5.http.wire -- http-outgoing-1 << "[0x1][0x0][0x0][0x0][0x0][0x0][0x0][0x1][\n]"
10:40:20.515 [docker-java-stream-1628289923] DEBUG com.github.dockerjava.zerodep.shaded.org.apache.hc.client5.http.wire -- http-outgoing-1 << "[0x1][0x0][0x0][0x0][0x0][0x0][0x0]8    pg_ctl -D /var/lib/postgresql/data -l logfile start[\n]"
10:40:20.515 [docker-java-stream-1628289923] DEBUG com.github.dockerjava.zerodep.shaded.org.apache.hc.client5.http.wire -- http-outgoing-1 << "[0x1][0x0][0x0][0x0][0x0][0x0][0x0][0x1][\n]"
10:40:20.515 [docker-java-stream-1628289923] DEBUG com.github.dockerjava.zerodep.shaded.org.apache.hc.client5.http.wire -- http-outgoing-1 << "[0x2][0x0][0x0][0x0][0x0][0x0][0x0]Ginitdb: warning: enabling "trust" authentication for local connections[\n]"
10:40:20.515 [docker-java-stream-1628289923] DEBUG com.github.dockerjava.zerodep.shaded.org.apache.hc.client5.http.wire -- http-outgoing-1 << "[0x2][0x0][0x0][0x0][0x0][0x0][0x0]FYou can change this by editing pg_hba.conf or using the option -A, or[\n]"
10:40:20.515 [docker-java-stream-1628289923] DEBUG com.github.dockerjava.zerodep.shaded.org.apache.hc.client5.http.wire -- http-outgoing-1 << "[0x2][0x0][0x0][0x0][0x0][0x0][0x0]<--auth-local and --auth-host, the next time you run initdb.[\n]"
10:40:20.515 [docker-java-stream-1628289923] DEBUG com.github.dockerjava.zerodep.shaded.org.apache.hc.client5.http.wire -- http-outgoing-1 << "[\r][\n]"
10:40:20.515 [main] DEBUG org.testcontainers.containers.output.WaitingConsumer -- STDOUT: syncing data to disk ... ok
10:40:20.516 [main] DEBUG org.testcontainers.containers.output.WaitingConsumer -- STDOUT:     pg_ctl -D /var/lib/postgresql/data -l logfile start
10:40:20.516 [main] DEBUG org.testcontainers.containers.output.WaitingConsumer -- STDERR: --auth-local and --auth-host, the next time you run initdb.
10:40:20.516 [main] DEBUG org.testcontainers.containers.output.WaitingConsumer -- STDERR: You can change this by editing pg_hba.conf or using the option -A, or
10:40:20.516 [main] DEBUG org.testcontainers.containers.output.WaitingConsumer -- STDERR: initdb: warning: enabling "trust" authentication for local connections
10:40:20.516 [main] DEBUG org.testcontainers.containers.output.WaitingConsumer -- STDOUT: 
10:40:20.516 [main] DEBUG org.testcontainers.containers.output.WaitingConsumer -- STDOUT: 
10:40:20.516 [main] DEBUG org.testcontainers.containers.output.WaitingConsumer -- STDOUT: Success. You can now start the database server using:
10:40:20.516 [main] DEBUG org.testcontainers.containers.output.WaitingConsumer -- STDOUT: 
10:40:20.516 [main] DEBUG org.testcontainers.containers.output.WaitingConsumer -- STDOUT: 
10:40:20.537 [docker-java-stream-1628289923] DEBUG com.github.dockerjava.zerodep.shaded.org.apache.hc.client5.http.wire -- http-outgoing-1 << "13f[\r][\n]"
10:40:20.537 [docker-java-stream-1628289923] DEBUG com.github.dockerjava.zerodep.shaded.org.apache.hc.client5.http.wire -- http-outgoing-1 << "[0x1][0x0][0x0][0x0][0x0][0x0][0x0][0xffffffcb]waiting for server to start....2024-11-23 18:40:20.535 UTC [46] LOG:  starting PostgreSQL 14.14 (Debian 14.14-1.pgdg120+1) on aarch64-unknown-linux-gnu, compiled by gcc (Debian 12.2.0-14) 12.2.0, 64-bit[\n]"
10:40:20.537 [docker-java-stream-1628289923] DEBUG com.github.dockerjava.zerodep.shaded.org.apache.hc.client5.http.wire -- http-outgoing-1 << "[0x1][0x0][0x0][0x0][0x0][0x0][0x0]d2024-11-23 18:40:20.535 UTC [46] LOG:  listening on Unix socket "/var/run/postgresql/.s.PGSQL.5432"[\n]"
10:40:20.537 [docker-java-stream-1628289923] DEBUG com.github.dockerjava.zerodep.shaded.org.apache.hc.client5.http.wire -- http-outgoing-1 << "[\r][\n]"
10:40:20.537 [main] DEBUG org.testcontainers.containers.output.WaitingConsumer -- STDOUT: waiting for server to start....2024-11-23 18:40:20.535 UTC [46] LOG:  starting PostgreSQL 14.14 (Debian 14.14-1.pgdg120+1) on aarch64-unknown-linux-gnu, compiled by gcc (Debian 12.2.0-14) 12.2.0, 64-bit
10:40:20.537 [main] DEBUG org.testcontainers.containers.output.WaitingConsumer -- STDOUT: 2024-11-23 18:40:20.535 UTC [46] LOG:  listening on Unix socket "/var/run/postgresql/.s.PGSQL.5432"
10:40:20.537 [docker-java-stream-1628289923] DEBUG com.github.dockerjava.zerodep.shaded.org.apache.hc.client5.http.wire -- http-outgoing-1 << "68[\r][\n]"
10:40:20.537 [docker-java-stream-1628289923] DEBUG com.github.dockerjava.zerodep.shaded.org.apache.hc.client5.http.wire -- http-outgoing-1 << "[0x1][0x0][0x0][0x0][0x0][0x0][0x0]`2024-11-23 18:40:20.536 UTC [47] LOG:  database system was shut down at 2024-11-23 18:40:20 UTC[\n]"
10:40:20.537 [docker-java-stream-1628289923] DEBUG com.github.dockerjava.zerodep.shaded.org.apache.hc.client5.http.wire -- http-outgoing-1 << "[\r][\n]"
10:40:20.539 [docker-java-stream-1628289923] DEBUG com.github.dockerjava.zerodep.shaded.org.apache.hc.client5.http.wire -- http-outgoing-1 << "5e[\r][\n]"
10:40:20.539 [docker-java-stream-1628289923] DEBUG com.github.dockerjava.zerodep.shaded.org.apache.hc.client5.http.wire -- http-outgoing-1 << "[0x1][0x0][0x0][0x0][0x0][0x0][0x0]V2024-11-23 18:40:20.538 UTC [46] LOG:  database system is ready to accept connections[\n]"
10:40:20.539 [docker-java-stream-1628289923] DEBUG com.github.dockerjava.zerodep.shaded.org.apache.hc.client5.http.wire -- http-outgoing-1 << "[\r][\n]"
10:40:20.550 [main] DEBUG org.testcontainers.containers.output.WaitingConsumer -- STDOUT: 2024-11-23 18:40:20.538 UTC [46] LOG:  database system is ready to accept connections
10:40:20.550 [main] DEBUG org.testcontainers.containers.output.WaitingConsumer -- STDOUT: 2024-11-23 18:40:20.536 UTC [47] LOG:  database system was shut down at 2024-11-23 18:40:20 UTC
10:40:20.628 [docker-java-stream-1628289923] DEBUG com.github.dockerjava.zerodep.shaded.org.apache.hc.client5.http.wire -- http-outgoing-1 << "25[\r][\n]"
10:40:20.628 [docker-java-stream-1628289923] DEBUG com.github.dockerjava.zerodep.shaded.org.apache.hc.client5.http.wire -- http-outgoing-1 << "[0x1][0x0][0x0][0x0][0x0][0x0][0x0][0x6] done[\n]"
10:40:20.628 [docker-java-stream-1628289923] DEBUG com.github.dockerjava.zerodep.shaded.org.apache.hc.client5.http.wire -- http-outgoing-1 << "[0x1][0x0][0x0][0x0][0x0][0x0][0x0][0xf]server started[\n]"
10:40:20.628 [docker-java-stream-1628289923] DEBUG com.github.dockerjava.zerodep.shaded.org.apache.hc.client5.http.wire -- http-outgoing-1 << "[\r][\n]"
10:40:20.629 [main] DEBUG org.testcontainers.containers.output.WaitingConsumer -- STDOUT: server started
10:40:20.629 [main] DEBUG org.testcontainers.containers.output.WaitingConsumer -- STDOUT:  done
10:40:20.672 [docker-java-stream-1628289923] DEBUG com.github.dockerjava.zerodep.shaded.org.apache.hc.client5.http.wire -- http-outgoing-1 << "18[\r][\n]"
10:40:20.672 [docker-java-stream-1628289923] DEBUG com.github.dockerjava.zerodep.shaded.org.apache.hc.client5.http.wire -- http-outgoing-1 << "[0x1][0x0][0x0][0x0][0x0][0x0][0x0][0x10]CREATE DATABASE[\n]"
10:40:20.672 [docker-java-stream-1628289923] DEBUG com.github.dockerjava.zerodep.shaded.org.apache.hc.client5.http.wire -- http-outgoing-1 << "[\r][\n]"
10:40:20.673 [main] DEBUG org.testcontainers.containers.output.WaitingConsumer -- STDOUT: CREATE DATABASE
10:40:20.673 [docker-java-stream-1628289923] DEBUG com.github.dockerjava.zerodep.shaded.org.apache.hc.client5.http.wire -- http-outgoing-1 << "9[\r][\n]"
10:40:20.673 [docker-java-stream-1628289923] DEBUG com.github.dockerjava.zerodep.shaded.org.apache.hc.client5.http.wire -- http-outgoing-1 << "[0x1][0x0][0x0][0x0][0x0][0x0][0x0][0x1][\n]"
10:40:20.673 [docker-java-stream-1628289923] DEBUG com.github.dockerjava.zerodep.shaded.org.apache.hc.client5.http.wire -- http-outgoing-1 << "[\r][\n]"
10:40:20.673 [docker-java-stream-1628289923] DEBUG com.github.dockerjava.zerodep.shaded.org.apache.hc.client5.http.wire -- http-outgoing-1 << "66[\r][\n]"
10:40:20.673 [docker-java-stream-1628289923] DEBUG com.github.dockerjava.zerodep.shaded.org.apache.hc.client5.http.wire -- http-outgoing-1 << "[0x1][0x0][0x0][0x0][0x0][0x0][0x0][0x1][\n]"
10:40:20.673 [docker-java-stream-1628289923] DEBUG com.github.dockerjava.zerodep.shaded.org.apache.hc.client5.http.wire -- http-outgoing-1 << "[0x1][0x0][0x0][0x0][0x0][0x0][0x0]L/usr/local/bin/docker-entrypoint.sh: ignoring /docker-entrypoint-initdb.d/*[\n]"
10:40:20.673 [docker-java-stream-1628289923] DEBUG com.github.dockerjava.zerodep.shaded.org.apache.hc.client5.http.wire -- http-outgoing-1 << "[0x1][0x0][0x0][0x0][0x0][0x0][0x0][0x1][\n]"
10:40:20.673 [docker-java-stream-1628289923] DEBUG com.github.dockerjava.zerodep.shaded.org.apache.hc.client5.http.wire -- http-outgoing-1 << "[\r][\n]"
10:40:20.673 [docker-java-stream-1628289923] DEBUG com.github.dockerjava.zerodep.shaded.org.apache.hc.client5.http.wire -- http-outgoing-1 << "c1[\r][\n]"
10:40:20.673 [docker-java-stream-1628289923] DEBUG com.github.dockerjava.zerodep.shaded.org.apache.hc.client5.http.wire -- http-outgoing-1 << "[0x1][0x0][0x0][0x0][0x0][0x0][0x0]iwaiting for server to shut down....2024-11-23 18:40:20.672 UTC [46] LOG:  received fast shutdown request[\n]"
10:40:20.673 [docker-java-stream-1628289923] DEBUG com.github.dockerjava.zerodep.shaded.org.apache.hc.client5.http.wire -- http-outgoing-1 << "[0x1][0x0][0x0][0x0][0x0][0x0][0x0]H2024-11-23 18:40:20.672 UTC [46] LOG:  aborting any active transactions[\n]"
10:40:20.673 [docker-java-stream-1628289923] DEBUG com.github.dockerjava.zerodep.shaded.org.apache.hc.client5.http.wire -- http-outgoing-1 << "[\r][\n]"
10:40:20.674 [docker-java-stream-1628289923] DEBUG com.github.dockerjava.zerodep.shaded.org.apache.hc.client5.http.wire -- http-outgoing-1 << "be[\r][\n]"
10:40:20.674 [docker-java-stream-1628289923] DEBUG com.github.dockerjava.zerodep.shaded.org.apache.hc.client5.http.wire -- http-outgoing-1 << "[0x1][0x0][0x0][0x0][0x0][0x0][0x0]y2024-11-23 18:40:20.673 UTC [46] LOG:  background worker "logical replication launcher" (PID 53) exited with exit code 1[\n]"
10:40:20.674 [docker-java-stream-1628289923] DEBUG com.github.dockerjava.zerodep.shaded.org.apache.hc.client5.http.wire -- http-outgoing-1 << "[0x1][0x0][0x0][0x0][0x0][0x0][0x0]52024-11-23 18:40:20.673 UTC [48] LOG:  shutting down[\n]"
10:40:20.674 [docker-java-stream-1628289923] DEBUG com.github.dockerjava.zerodep.shaded.org.apache.hc.client5.http.wire -- http-outgoing-1 << "[\r][\n]"
10:40:20.676 [docker-java-stream-1628289923] DEBUG com.github.dockerjava.zerodep.shaded.org.apache.hc.client5.http.wire -- http-outgoing-1 << "4c[\r][\n]"
10:40:20.676 [docker-java-stream-1628289923] DEBUG com.github.dockerjava.zerodep.shaded.org.apache.hc.client5.http.wire -- http-outgoing-1 << "[0x1][0x0][0x0][0x0][0x0][0x0][0x0]D2024-11-23 18:40:20.675 UTC [46] LOG:  database system is shut down[\n]"
10:40:20.676 [docker-java-stream-1628289923] DEBUG com.github.dockerjava.zerodep.shaded.org.apache.hc.client5.http.wire -- http-outgoing-1 << "[\r][\n]"
10:40:20.686 [main] DEBUG org.testcontainers.containers.output.WaitingConsumer -- STDOUT: 2024-11-23 18:40:20.675 UTC [46] LOG:  database system is shut down
10:40:20.686 [main] DEBUG org.testcontainers.containers.output.WaitingConsumer -- STDOUT: 2024-11-23 18:40:20.673 UTC [48] LOG:  shutting down
10:40:20.686 [main] DEBUG org.testcontainers.containers.output.WaitingConsumer -- STDOUT: 2024-11-23 18:40:20.673 UTC [46] LOG:  background worker "logical replication launcher" (PID 53) exited with exit code 1
10:40:20.686 [main] DEBUG org.testcontainers.containers.output.WaitingConsumer -- STDOUT: 2024-11-23 18:40:20.672 UTC [46] LOG:  aborting any active transactions
10:40:20.686 [main] DEBUG org.testcontainers.containers.output.WaitingConsumer -- STDOUT: waiting for server to shut down....2024-11-23 18:40:20.672 UTC [46] LOG:  received fast shutdown request
10:40:20.686 [main] DEBUG org.testcontainers.containers.output.WaitingConsumer -- STDOUT: 
10:40:20.686 [main] DEBUG org.testcontainers.containers.output.WaitingConsumer -- STDOUT: /usr/local/bin/docker-entrypoint.sh: ignoring /docker-entrypoint-initdb.d/*
10:40:20.686 [main] DEBUG org.testcontainers.containers.output.WaitingConsumer -- STDOUT: 
10:40:20.686 [main] DEBUG org.testcontainers.containers.output.WaitingConsumer -- STDOUT: 
10:40:20.778 [docker-java-stream-1628289923] DEBUG com.github.dockerjava.zerodep.shaded.org.apache.hc.client5.http.wire -- http-outgoing-1 << "25[\r][\n]"
10:40:20.779 [docker-java-stream-1628289923] DEBUG com.github.dockerjava.zerodep.shaded.org.apache.hc.client5.http.wire -- http-outgoing-1 << "[0x1][0x0][0x0][0x0][0x0][0x0][0x0][0x6] done[\n]"
10:40:20.779 [docker-java-stream-1628289923] DEBUG com.github.dockerjava.zerodep.shaded.org.apache.hc.client5.http.wire -- http-outgoing-1 << "[0x1][0x0][0x0][0x0][0x0][0x0][0x0][0xf]server stopped[\n]"
10:40:20.779 [docker-java-stream-1628289923] DEBUG com.github.dockerjava.zerodep.shaded.org.apache.hc.client5.http.wire -- http-outgoing-1 << "[\r][\n]"
10:40:20.779 [main] DEBUG org.testcontainers.containers.output.WaitingConsumer -- STDOUT:  done
10:40:20.779 [docker-java-stream-1628289923] DEBUG com.github.dockerjava.zerodep.shaded.org.apache.hc.client5.http.wire -- http-outgoing-1 << "50[\r][\n]"
10:40:20.779 [docker-java-stream-1628289923] DEBUG com.github.dockerjava.zerodep.shaded.org.apache.hc.client5.http.wire -- http-outgoing-1 << "[0x1][0x0][0x0][0x0][0x0][0x0][0x0][0x1][\n]"
10:40:20.779 [docker-java-stream-1628289923] DEBUG com.github.dockerjava.zerodep.shaded.org.apache.hc.client5.http.wire -- http-outgoing-1 << "[0x1][0x0][0x0][0x0][0x0][0x0][0x0]6PostgreSQL init process complete; ready for start up.[\n]"
10:40:20.779 [docker-java-stream-1628289923] DEBUG com.github.dockerjava.zerodep.shaded.org.apache.hc.client5.http.wire -- http-outgoing-1 << "[0x1][0x0][0x0][0x0][0x0][0x0][0x0][0x1][\n]"
10:40:20.779 [docker-java-stream-1628289923] DEBUG com.github.dockerjava.zerodep.shaded.org.apache.hc.client5.http.wire -- http-outgoing-1 << "[\r][\n]"
10:40:20.779 [main] DEBUG org.testcontainers.containers.output.WaitingConsumer -- STDOUT: server stopped
10:40:20.779 [main] DEBUG org.testcontainers.containers.output.WaitingConsumer -- STDOUT: 
10:40:20.779 [main] DEBUG org.testcontainers.containers.output.WaitingConsumer -- STDOUT: PostgreSQL init process complete; ready for start up.
10:40:20.780 [main] DEBUG org.testcontainers.containers.output.WaitingConsumer -- STDOUT: 
10:40:20.791 [docker-java-stream-1628289923] DEBUG com.github.dockerjava.zerodep.shaded.org.apache.hc.client5.http.wire -- http-outgoing-1 << "b3[\r][\n]"
10:40:20.792 [docker-java-stream-1628289923] DEBUG com.github.dockerjava.zerodep.shaded.org.apache.hc.client5.http.wire -- http-outgoing-1 << "[0x2][0x0][0x0][0x0][0x0][0x0][0x0][0xffffffab]2024-11-23 18:40:20.790 UTC [1] LOG:  starting PostgreSQL 14.14 (Debian 14.14-1.pgdg120+1) on aarch64-unknown-linux-gnu, compiled by gcc (Debian 12.2.0-14) 12.2.0, 64-bit[\n]"
10:40:20.792 [docker-java-stream-1628289923] DEBUG com.github.dockerjava.zerodep.shaded.org.apache.hc.client5.http.wire -- http-outgoing-1 << "[\r][\n]"
10:40:20.792 [docker-java-stream-1628289923] DEBUG com.github.dockerjava.zerodep.shaded.org.apache.hc.client5.http.wire -- http-outgoing-1 << "120[\r][\n]"
10:40:20.792 [docker-java-stream-1628289923] DEBUG com.github.dockerjava.zerodep.shaded.org.apache.hc.client5.http.wire -- http-outgoing-1 << "[0x2][0x0][0x0][0x0][0x0][0x0][0x0]U2024-11-23 18:40:20.791 UTC [1] LOG:  listening on IPv4 address "0.0.0.0", port 5432[\n]"
10:40:20.792 [docker-java-stream-1628289923] DEBUG com.github.dockerjava.zerodep.shaded.org.apache.hc.client5.http.wire -- http-outgoing-1 << "[0x2][0x0][0x0][0x0][0x0][0x0][0x0]P2024-11-23 18:40:20.791 UTC [1] LOG:  listening on IPv6 address "::", port 5432[\n]"
10:40:20.792 [docker-java-stream-1628289923] DEBUG com.github.dockerjava.zerodep.shaded.org.apache.hc.client5.http.wire -- http-outgoing-1 << "[0x2][0x0][0x0][0x0][0x0][0x0][0x0]c2024-11-23 18:40:20.791 UTC [1] LOG:  listening on Unix socket "/var/run/postgresql/.s.PGSQL.5432"[\n]"
10:40:20.792 [docker-java-stream-1628289923] DEBUG com.github.dockerjava.zerodep.shaded.org.apache.hc.client5.http.wire -- http-outgoing-1 << "[\r][\n]"
10:40:20.792 [main] DEBUG org.testcontainers.containers.output.WaitingConsumer -- STDERR: 2024-11-23 18:40:20.791 UTC [1] LOG:  listening on Unix socket "/var/run/postgresql/.s.PGSQL.5432"
10:40:20.792 [main] DEBUG org.testcontainers.containers.output.WaitingConsumer -- STDERR: 2024-11-23 18:40:20.791 UTC [1] LOG:  listening on IPv6 address "::", port 5432
10:40:20.792 [main] DEBUG org.testcontainers.containers.output.WaitingConsumer -- STDERR: 2024-11-23 18:40:20.791 UTC [1] LOG:  listening on IPv4 address "0.0.0.0", port 5432
10:40:20.792 [main] DEBUG org.testcontainers.containers.output.WaitingConsumer -- STDERR: 2024-11-23 18:40:20.790 UTC [1] LOG:  starting PostgreSQL 14.14 (Debian 14.14-1.pgdg120+1) on aarch64-unknown-linux-gnu, compiled by gcc (Debian 12.2.0-14) 12.2.0, 64-bit
10:40:20.793 [docker-java-stream-1628289923] DEBUG com.github.dockerjava.zerodep.shaded.org.apache.hc.client5.http.wire -- http-outgoing-1 << "68[\r][\n]"
10:40:20.793 [docker-java-stream-1628289923] DEBUG com.github.dockerjava.zerodep.shaded.org.apache.hc.client5.http.wire -- http-outgoing-1 << "[0x2][0x0][0x0][0x0][0x0][0x0][0x0]`2024-11-23 18:40:20.792 UTC [61] LOG:  database system was shut down at 2024-11-23 18:40:20 UTC[\n]"
10:40:20.793 [docker-java-stream-1628289923] DEBUG com.github.dockerjava.zerodep.shaded.org.apache.hc.client5.http.wire -- http-outgoing-1 << "[\r][\n]"
10:40:20.795 [docker-java-stream-1628289923] DEBUG com.github.dockerjava.zerodep.shaded.org.apache.hc.client5.http.wire -- http-outgoing-1 << "5d[\r][\n]"
10:40:20.795 [docker-java-stream-1628289923] DEBUG com.github.dockerjava.zerodep.shaded.org.apache.hc.client5.http.wire -- http-outgoing-1 << "[0x2][0x0][0x0][0x0][0x0][0x0][0x0]U2024-11-23 18:40:20.794 UTC [1] LOG:  database system is ready to accept connections[\n]"
10:40:20.795 [docker-java-stream-1628289923] DEBUG com.github.dockerjava.zerodep.shaded.org.apache.hc.client5.http.wire -- http-outgoing-1 << "[\r][\n]"
10:40:20.804 [main] DEBUG org.testcontainers.containers.output.WaitingConsumer -- STDERR: 2024-11-23 18:40:20.794 UTC [1] LOG:  database system is ready to accept connections
10:40:20.804 [main] DEBUG com.github.dockerjava.zerodep.shaded.org.apache.hc.client5.http.impl.classic.InternalHttpClient -- ep-0000000F: cancel
10:40:20.804 [main] DEBUG com.github.dockerjava.zerodep.shaded.org.apache.hc.client5.http.impl.io.DefaultManagedHttpClientConnection -- http-outgoing-1: close connection IMMEDIATE
10:40:20.804 [docker-java-stream-1628289923] DEBUG com.github.dockerjava.zerodep.shaded.org.apache.hc.client5.http.wire -- http-outgoing-1 << "[read] I/O error: null"
10:40:20.804 [main] DEBUG com.github.dockerjava.zerodep.shaded.org.apache.hc.client5.http.impl.classic.InternalHttpClient -- ep-0000000F: endpoint closed
10:40:20.804 [main] DEBUG com.github.dockerjava.zerodep.shaded.org.apache.hc.client5.http.impl.classic.InternalHttpClient -- ep-0000000F: discarding endpoint
10:40:20.804 [main] DEBUG com.github.dockerjava.zerodep.shaded.org.apache.hc.client5.http.impl.io.PoolingHttpClientConnectionManager -- ep-0000000F: releasing endpoint
10:40:20.804 [main] DEBUG com.github.dockerjava.zerodep.shaded.org.apache.hc.client5.http.impl.io.PoolingHttpClientConnectionManager -- ep-0000000F: connection is not kept alive
10:40:20.804 [docker-java-stream-1628289923] DEBUG com.github.dockerjava.zerodep.shaded.org.apache.hc.client5.http.wire -- http-outgoing-1 << "[read] I/O error: null"
10:40:20.804 [main] DEBUG com.github.dockerjava.zerodep.shaded.org.apache.hc.client5.http.impl.io.PoolingHttpClientConnectionManager -- ep-0000000F: connection released [route: {}->unix://localhost:2375][total available: 0; route allocated: 0 of 2147483647; total allocated: 0 of 2147483647]
10:40:20.805 [main] INFO tc.postgres:14 -- Container postgres:14 started in PT0.774491S
10:40:20.804 [docker-java-stream-1628289923] DEBUG com.github.dockerjava.zerodep.ApacheDockerHttpClientImpl$ApacheResponse -- Failed to close the response
java.nio.channels.ClosedChannelException: null
	at java.base/sun.nio.ch.SocketChannelImpl.ensureOpenAndConnected(SocketChannelImpl.java:222)
	at java.base/sun.nio.ch.SocketChannelImpl.blockingRead(SocketChannelImpl.java:1306)
	at java.base/sun.nio.ch.SocketInputStream.read(SocketInputStream.java:70)
	at com.github.dockerjava.zerodep.shaded.org.apache.hc.client5.http.impl.io.LoggingInputStream.read(LoggingInputStream.java:81)
	at com.github.dockerjava.zerodep.shaded.org.apache.hc.core5.http.impl.io.SessionInputBufferImpl.fillBuffer(SessionInputBufferImpl.java:149)
	at com.github.dockerjava.zerodep.shaded.org.apache.hc.core5.http.impl.io.SessionInputBufferImpl.readLine(SessionInputBufferImpl.java:280)
	at com.github.dockerjava.zerodep.shaded.org.apache.hc.core5.http.impl.io.ChunkedInputStream.getChunkSize(ChunkedInputStream.java:261)
	at com.github.dockerjava.zerodep.shaded.org.apache.hc.core5.http.impl.io.ChunkedInputStream.nextChunk(ChunkedInputStream.java:222)
	at com.github.dockerjava.zerodep.shaded.org.apache.hc.core5.http.impl.io.ChunkedInputStream.read(ChunkedInputStream.java:147)
	at com.github.dockerjava.zerodep.shaded.org.apache.hc.core5.http.impl.io.ChunkedInputStream.close(ChunkedInputStream.java:314)
	at com.github.dockerjava.zerodep.shaded.org.apache.hc.core5.io.Closer.close(Closer.java:48)
	at com.github.dockerjava.zerodep.shaded.org.apache.hc.core5.http.impl.io.IncomingHttpEntity.close(IncomingHttpEntity.java:111)
	at com.github.dockerjava.zerodep.shaded.org.apache.hc.core5.http.io.entity.HttpEntityWrapper.close(HttpEntityWrapper.java:120)
	at com.github.dockerjava.zerodep.shaded.org.apache.hc.core5.io.Closer.close(Closer.java:48)
	at com.github.dockerjava.zerodep.shaded.org.apache.hc.core5.http.message.BasicClassicHttpResponse.close(BasicClassicHttpResponse.java:93)
	at com.github.dockerjava.zerodep.shaded.org.apache.hc.client5.http.impl.classic.CloseableHttpResponse.close(CloseableHttpResponse.java:200)
	at com.github.dockerjava.zerodep.ApacheDockerHttpClientImpl$ApacheResponse.close(ApacheDockerHttpClientImpl.java:256)
	at org.testcontainers.shaded.com.github.dockerjava.core.DefaultInvocationBuilder.lambda$executeAndStream$1(DefaultInvocationBuilder.java:277)
	at java.base/java.lang.Thread.run(Thread.java:1583)
10:40:20.805 [main] INFO tc.postgres:14 -- Container is started (JDBC URL: jdbc:postgresql://localhost:50151/test_bestiary?loggerLevel=OFF)
10:40:20.807 [main] DEBUG org.testcontainers.utility.PrefixingImageNameSubstitutor -- No prefix is configured
10:40:20.807 [main] DEBUG org.testcontainers.utility.ImageNameSubstitutor -- Did not find a substitute image for postgres:14 (using image substitutor: DefaultImageNameSubstitutor (composite of 'ConfigurationFileImageNameSubstitutor' and 'PrefixingImageNameSubstitutor'))
10:40:20.807 [main] DEBUG org.testcontainers.images.AbstractImagePullPolicy -- Using locally available and not pulling image: postgres:14
10:40:20.807 [main] DEBUG tc.postgres:14 -- Starting container: postgres:14
10:40:20.807 [main] DEBUG tc.postgres:14 -- Trying to start container: postgres:14 (attempt 1/1)
10:40:20.807 [main] DEBUG tc.postgres:14 -- Starting container: postgres:14
10:40:20.807 [main] INFO tc.postgres:14 -- Creating container for image: postgres:14
10:40:20.807 [main] DEBUG org.testcontainers.utility.RegistryAuthLocator -- Looking up auth config for image: postgres:14 at registry: https://index.docker.io/v1/
10:40:20.807 [main] DEBUG org.testcontainers.utility.RegistryAuthLocator -- No matching Auth Configs - falling back to defaultAuthConfig [null]
10:40:20.807 [main] DEBUG org.testcontainers.dockerclient.AuthDelegatingDockerClientConfig -- Effective auth config [null]
10:40:20.808 [main] DEBUG org.testcontainers.shaded.com.github.dockerjava.core.command.AbstrDockerCmd -- Cmd: org.testcontainers.shaded.com.github.dockerjava.core.command.CreateContainerCmdImpl@698fee9a[aliases=<null>,argsEscaped=<null>,attachStderr=<null>,attachStdin=<null>,attachStdout=<null>,authConfig=<null>,cmd={postgres,-c,fsync=off},domainName=<null>,entrypoint=<null>,env={POSTGRES_USER=postgres,POSTGRES_PASSWORD=password,POSTGRES_DB=test_bestiary},exposedPorts=ExposedPorts(exposedPorts=[5432/tcp]),healthcheck=<null>,hostConfig=HostConfig(binds=[], blkioWeight=null, blkioWeightDevice=null, blkioDeviceReadBps=null, blkioDeviceWriteBps=null, blkioDeviceReadIOps=null, blkioDeviceWriteIOps=null, memorySwappiness=null, nanoCPUs=null, capAdd=null, capDrop=null, containerIDFile=null, cpuPeriod=null, cpuRealtimePeriod=null, cpuRealtimeRuntime=null, cpuShares=null, cpuQuota=null, cpusetCpus=null, cpusetMems=null, devices=null, deviceCgroupRules=null, deviceRequests=null, diskQuota=null, dns=null, dnsOptions=null, dnsSearch=null, extraHosts=[], groupAdd=null, ipcMode=null, cgroup=null, links=[], logConfig=LogConfig(type=null, config=null), lxcConf=null, memory=null, memorySwap=null, memoryReservation=null, kernelMemory=null, networkMode=null, oomKillDisable=null, init=null, autoRemove=null, oomScoreAdj=null, portBindings={5432/tcp=[Lcom.github.dockerjava.api.model.Ports$Binding;@181b8c4b}, privileged=null, publishAllPorts=null, readonlyRootfs=null, restartPolicy=null, ulimits=null, cpuCount=null, cpuPercent=null, ioMaximumIOps=null, ioMaximumBandwidth=null, volumesFrom=[], mounts=null, pidMode=null, isolation=null, securityOpts=null, storageOpt=null, cgroupParent=null, volumeDriver=null, shmSize=null, pidsLimit=null, runtime=null, tmpFs=null, utSMode=null, usernsMode=null, sysctls=null, consoleSize=null, cgroupnsMode=null),hostName=<null>,image=postgres:14,ipv4Address=<null>,ipv6Address=<null>,labels={org.testcontainers=true, org.testcontainers.lang=java, org.testcontainers.version=1.19.5, org.testcontainers.sessionId=f19e918b-ee3a-49e9-843b-bb73ce2bb29f},macAddress=<null>,name=<null>,networkDisabled=<null>,networkingConfig=<null>,onBuild=<null>,platform=<null>,portSpecs=<null>,shell=<null>,stdInOnce=<null>,stdinOpen=<null>,stopSignal=<null>,stopTimeout=<null>,tty=<null>,user=<null>,volumes=Volumes(volumes=[]),workingDir=<null>]
10:40:20.810 [main] DEBUG com.github.dockerjava.zerodep.shaded.org.apache.hc.client5.http.impl.classic.InternalHttpClient -- ex-00000011: preparing request execution
10:40:20.810 [main] DEBUG com.github.dockerjava.zerodep.shaded.org.apache.hc.client5.http.protocol.RequestAddCookies -- Cookie spec selected: strict
10:40:20.810 [main] DEBUG com.github.dockerjava.zerodep.shaded.org.apache.hc.client5.http.protocol.RequestAuthCache -- Auth cache not set in the context
10:40:20.810 [main] DEBUG com.github.dockerjava.zerodep.shaded.org.apache.hc.client5.http.impl.classic.ProtocolExec -- ex-00000011: target auth state: UNCHALLENGED
10:40:20.810 [main] DEBUG com.github.dockerjava.zerodep.shaded.org.apache.hc.client5.http.impl.classic.ProtocolExec -- ex-00000011: proxy auth state: UNCHALLENGED
10:40:20.810 [main] DEBUG com.github.dockerjava.zerodep.shaded.org.apache.hc.client5.http.impl.classic.ConnectExec -- ex-00000011: acquiring connection with route {}->unix://localhost:2375
10:40:20.810 [main] DEBUG com.github.dockerjava.zerodep.shaded.org.apache.hc.client5.http.impl.classic.InternalHttpClient -- ex-00000011: acquiring endpoint (3 MINUTES)
10:40:20.810 [main] DEBUG com.github.dockerjava.zerodep.shaded.org.apache.hc.client5.http.impl.io.PoolingHttpClientConnectionManager -- ex-00000011: endpoint lease request (3 MINUTES) [route: {}->unix://localhost:2375][total available: 0; route allocated: 0 of 2147483647; total allocated: 0 of 2147483647]
10:40:20.810 [main] DEBUG com.github.dockerjava.zerodep.shaded.org.apache.hc.client5.http.impl.io.PoolingHttpClientConnectionManager -- ex-00000011: endpoint leased [route: {}->unix://localhost:2375][total available: 0; route allocated: 1 of 2147483647; total allocated: 1 of 2147483647]
10:40:20.810 [main] DEBUG com.github.dockerjava.zerodep.shaded.org.apache.hc.client5.http.impl.io.PoolingHttpClientConnectionManager -- ex-00000011: acquired ep-00000010
10:40:20.810 [main] DEBUG com.github.dockerjava.zerodep.shaded.org.apache.hc.client5.http.impl.classic.InternalHttpClient -- ex-00000011: acquired endpoint ep-00000010
10:40:20.811 [main] DEBUG com.github.dockerjava.zerodep.shaded.org.apache.hc.client5.http.impl.classic.ConnectExec -- ex-00000011: opening connection {}->unix://localhost:2375
10:40:20.811 [main] DEBUG com.github.dockerjava.zerodep.shaded.org.apache.hc.client5.http.impl.classic.InternalHttpClient -- ep-00000010: connecting endpoint (3 MINUTES)
10:40:20.811 [main] DEBUG com.github.dockerjava.zerodep.shaded.org.apache.hc.client5.http.impl.io.PoolingHttpClientConnectionManager -- ep-00000010: connecting endpoint to unix://localhost:2375 (3 MINUTES)
10:40:20.811 [main] DEBUG com.github.dockerjava.zerodep.shaded.org.apache.hc.client5.http.impl.io.DefaultHttpClientConnectionOperator -- http-outgoing-2: connecting to localhost/127.0.0.1:2375
10:40:20.811 [main] DEBUG com.github.dockerjava.zerodep.shaded.org.apache.hc.client5.http.impl.io.DefaultHttpClientConnectionOperator -- http-outgoing-2: connection established /Users/shane/.docker/run/docker.sock<->/Users/shane/.docker/run/docker.sock
10:40:20.811 [main] DEBUG com.github.dockerjava.zerodep.shaded.org.apache.hc.client5.http.impl.io.PoolingHttpClientConnectionManager -- ep-00000010: connected http-outgoing-2
10:40:20.811 [main] DEBUG com.github.dockerjava.zerodep.shaded.org.apache.hc.client5.http.impl.classic.InternalHttpClient -- ep-00000010: endpoint connected
10:40:20.812 [main] DEBUG com.github.dockerjava.zerodep.shaded.org.apache.hc.client5.http.impl.classic.MainClientExec -- ex-00000011: executing POST /v1.32/containers/create HTTP/1.1
10:40:20.812 [main] DEBUG com.github.dockerjava.zerodep.shaded.org.apache.hc.client5.http.impl.classic.InternalHttpClient -- ep-00000010: start execution ex-00000011
10:40:20.812 [main] DEBUG com.github.dockerjava.zerodep.shaded.org.apache.hc.client5.http.impl.io.PoolingHttpClientConnectionManager -- ep-00000010: executing exchange ex-00000011 over http-outgoing-2
10:40:20.812 [main] DEBUG com.github.dockerjava.zerodep.shaded.org.apache.hc.client5.http.headers -- http-outgoing-2 >> POST /v1.32/containers/create HTTP/1.1
10:40:20.812 [main] DEBUG com.github.dockerjava.zerodep.shaded.org.apache.hc.client5.http.headers -- http-outgoing-2 >> accept: application/json
10:40:20.812 [main] DEBUG com.github.dockerjava.zerodep.shaded.org.apache.hc.client5.http.headers -- http-outgoing-2 >> content-type: application/json
10:40:20.812 [main] DEBUG com.github.dockerjava.zerodep.shaded.org.apache.hc.client5.http.headers -- http-outgoing-2 >> x-tc-sid: f19e918b-ee3a-49e9-843b-bb73ce2bb29f
10:40:20.812 [main] DEBUG com.github.dockerjava.zerodep.shaded.org.apache.hc.client5.http.headers -- http-outgoing-2 >> User-Agent: tc-java/1.19.5
10:40:20.812 [main] DEBUG com.github.dockerjava.zerodep.shaded.org.apache.hc.client5.http.headers -- http-outgoing-2 >> Accept-Encoding: gzip, x-gzip, deflate
10:40:20.812 [main] DEBUG com.github.dockerjava.zerodep.shaded.org.apache.hc.client5.http.headers -- http-outgoing-2 >> Content-Length: 2072
10:40:20.812 [main] DEBUG com.github.dockerjava.zerodep.shaded.org.apache.hc.client5.http.headers -- http-outgoing-2 >> Host: localhost:2375
10:40:20.812 [main] DEBUG com.github.dockerjava.zerodep.shaded.org.apache.hc.client5.http.headers -- http-outgoing-2 >> Connection: keep-alive
10:40:20.812 [main] DEBUG com.github.dockerjava.zerodep.shaded.org.apache.hc.client5.http.wire -- http-outgoing-2 >> "POST /v1.32/containers/create HTTP/1.1[\r][\n]"
10:40:20.812 [main] DEBUG com.github.dockerjava.zerodep.shaded.org.apache.hc.client5.http.wire -- http-outgoing-2 >> "accept: application/json[\r][\n]"
10:40:20.812 [main] DEBUG com.github.dockerjava.zerodep.shaded.org.apache.hc.client5.http.wire -- http-outgoing-2 >> "content-type: application/json[\r][\n]"
10:40:20.812 [main] DEBUG com.github.dockerjava.zerodep.shaded.org.apache.hc.client5.http.wire -- http-outgoing-2 >> "x-tc-sid: f19e918b-ee3a-49e9-843b-bb73ce2bb29f[\r][\n]"
10:40:20.812 [main] DEBUG com.github.dockerjava.zerodep.shaded.org.apache.hc.client5.http.wire -- http-outgoing-2 >> "User-Agent: tc-java/1.19.5[\r][\n]"
10:40:20.812 [main] DEBUG com.github.dockerjava.zerodep.shaded.org.apache.hc.client5.http.wire -- http-outgoing-2 >> "Accept-Encoding: gzip, x-gzip, deflate[\r][\n]"
10:40:20.812 [main] DEBUG com.github.dockerjava.zerodep.shaded.org.apache.hc.client5.http.wire -- http-outgoing-2 >> "Content-Length: 2072[\r][\n]"
10:40:20.812 [main] DEBUG com.github.dockerjava.zerodep.shaded.org.apache.hc.client5.http.wire -- http-outgoing-2 >> "Host: localhost:2375[\r][\n]"
10:40:20.812 [main] DEBUG com.github.dockerjava.zerodep.shaded.org.apache.hc.client5.http.wire -- http-outgoing-2 >> "Connection: keep-alive[\r][\n]"
10:40:20.812 [main] DEBUG com.github.dockerjava.zerodep.shaded.org.apache.hc.client5.http.wire -- http-outgoing-2 >> "[\r][\n]"
10:40:20.812 [main] DEBUG com.github.dockerjava.zerodep.shaded.org.apache.hc.client5.http.wire -- http-outgoing-2 >> "{"Hostname":null,"Domainname":null,"User":null,"AttachStdin":null,"AttachStdout":null,"AttachStderr":null,"PortSpecs":null,"Tty":null,"OpenStdin":null,"StdinOnce":null,"Env":["POSTGRES_USER=postgres","POSTGRES_PASSWORD=password","POSTGRES_DB=test_bestiary"],"Cmd":["postgres","-c","fsync=off"],"Healthcheck":null,"ArgsEscaped":null,"Entrypoint":null,"Image":"postgres:14","Volumes":{},"WorkingDir":null,"MacAddress":null,"OnBuild":null,"NetworkDisabled":null,"ExposedPorts":{"5432/tcp":{}},"StopSignal":null,"StopTimeout":null,"HostConfig":{"Binds":[],"BlkioWeight":null,"BlkioWeightDevice":null,"BlkioDeviceReadBps":null,"BlkioDeviceWriteBps":null,"BlkioDeviceReadIOps":null,"BlkioDeviceWriteIOps":null,"MemorySwappiness":null,"NanoCpus":null,"CapAdd":null,"CapDrop":null,"ContainerIDFile":null,"CpuPeriod":null,"CpuRealtimePeriod":null,"CpuRealtimeRuntime":null,"CpuShares":null,"CpuQuota":null,"CpusetCpus":null,"CpusetMems":null,"Devices":null,"DeviceCgroupRules":null,"DeviceRequests":null,"DiskQuota":null,"Dns":null,"DnsOptions":null,"DnsSearch":null,"ExtraHosts":[],"GroupAdd":null,"IpcMode":null,"Cgroup":null,"Links":[],"LogConfig":null,"LxcConf":null,"Memory":null,"MemorySwap":null,"MemoryReservation":null,"KernelMemory":null,"NetworkMode":null,"OomKillDisable":null,"Init":null,"AutoRemove":null,"OomScoreAdj":null,"PortBindings":{"5432/tcp":[{"HostIp":"","HostPort":""}]},"Privileged":null,"PublishAllPorts":null,"ReadonlyRootfs":null,"RestartPolicy":null,"Ulimits":null,"CpuCount":null,"CpuPercent":null,"IOMaximumIOps":null,"IOMaximumBandwidth":null,"VolumesFrom":[],"Mounts":null,"PidMode":null,"Isolation":null,"SecurityOpt":null,"StorageOpt":null,"CgroupParent":null,"VolumeDriver":null,"ShmSize":null,"PidsLimit":null,"Runtime":null,"Tmpfs":null,"UTSMode":null,"UsernsMode":null,"Sysctls":null,"ConsoleSize":null,"CgroupnsMode":null},"Labels":{"org.testcontainers":"true","org.testcontainers.lang":"java","org.testcontainers.version":"1.19.5","org.testcontainers.sessionId":"f19e918b-ee3a-49e9-843b-bb73ce2bb29f"},"Shell":null,"NetworkingConfig":null}"
10:40:20.839 [main] DEBUG com.github.dockerjava.zerodep.shaded.org.apache.hc.client5.http.wire -- http-outgoing-2 << "HTTP/1.1 201 Created[\r][\n]"
10:40:20.840 [main] DEBUG com.github.dockerjava.zerodep.shaded.org.apache.hc.client5.http.wire -- http-outgoing-2 << "Api-Version: 1.47[\r][\n]"
10:40:20.840 [main] DEBUG com.github.dockerjava.zerodep.shaded.org.apache.hc.client5.http.wire -- http-outgoing-2 << "Content-Type: application/json[\r][\n]"
10:40:20.840 [main] DEBUG com.github.dockerjava.zerodep.shaded.org.apache.hc.client5.http.wire -- http-outgoing-2 << "Date: Sat, 23 Nov 2024 18:40:20 GMT[\r][\n]"
10:40:20.840 [main] DEBUG com.github.dockerjava.zerodep.shaded.org.apache.hc.client5.http.wire -- http-outgoing-2 << "Docker-Experimental: false[\r][\n]"
10:40:20.840 [main] DEBUG com.github.dockerjava.zerodep.shaded.org.apache.hc.client5.http.wire -- http-outgoing-2 << "Ostype: linux[\r][\n]"
10:40:20.840 [main] DEBUG com.github.dockerjava.zerodep.shaded.org.apache.hc.client5.http.wire -- http-outgoing-2 << "Server: Docker/27.2.0 (linux)[\r][\n]"
10:40:20.840 [main] DEBUG com.github.dockerjava.zerodep.shaded.org.apache.hc.client5.http.wire -- http-outgoing-2 << "Transfer-Encoding: chunked[\r][\n]"
10:40:20.840 [main] DEBUG com.github.dockerjava.zerodep.shaded.org.apache.hc.client5.http.wire -- http-outgoing-2 << "[\r][\n]"
10:40:20.840 [main] DEBUG com.github.dockerjava.zerodep.shaded.org.apache.hc.client5.http.headers -- http-outgoing-2 << HTTP/1.1 201 Created
10:40:20.840 [main] DEBUG com.github.dockerjava.zerodep.shaded.org.apache.hc.client5.http.headers -- http-outgoing-2 << Api-Version: 1.47
10:40:20.840 [main] DEBUG com.github.dockerjava.zerodep.shaded.org.apache.hc.client5.http.headers -- http-outgoing-2 << Content-Type: application/json
10:40:20.840 [main] DEBUG com.github.dockerjava.zerodep.shaded.org.apache.hc.client5.http.headers -- http-outgoing-2 << Date: Sat, 23 Nov 2024 18:40:20 GMT
10:40:20.840 [main] DEBUG com.github.dockerjava.zerodep.shaded.org.apache.hc.client5.http.headers -- http-outgoing-2 << Docker-Experimental: false
10:40:20.840 [main] DEBUG com.github.dockerjava.zerodep.shaded.org.apache.hc.client5.http.headers -- http-outgoing-2 << Ostype: linux
10:40:20.840 [main] DEBUG com.github.dockerjava.zerodep.shaded.org.apache.hc.client5.http.headers -- http-outgoing-2 << Server: Docker/27.2.0 (linux)
10:40:20.840 [main] DEBUG com.github.dockerjava.zerodep.shaded.org.apache.hc.client5.http.headers -- http-outgoing-2 << Transfer-Encoding: chunked
10:40:20.840 [main] DEBUG com.github.dockerjava.zerodep.shaded.org.apache.hc.client5.http.impl.classic.MainClientExec -- ex-00000011: connection can be kept alive for 3 MINUTES
10:40:20.840 [main] DEBUG com.github.dockerjava.zerodep.shaded.org.apache.hc.client5.http.wire -- http-outgoing-2 << "58[\r][\n]"
10:40:20.840 [main] DEBUG com.github.dockerjava.zerodep.shaded.org.apache.hc.client5.http.wire -- http-outgoing-2 << "{"Id":"e9021687ccb9ae37517c7e65b9eee4168fcf9d52e6385a1110799315d6a5aa76","Warnings":[]}[\n]"
10:40:20.840 [main] DEBUG com.github.dockerjava.zerodep.shaded.org.apache.hc.client5.http.wire -- http-outgoing-2 << "[\r][\n]"
10:40:20.840 [main] DEBUG com.github.dockerjava.zerodep.shaded.org.apache.hc.client5.http.wire -- http-outgoing-2 << "0[\r][\n]"
10:40:20.840 [main] DEBUG com.github.dockerjava.zerodep.shaded.org.apache.hc.client5.http.wire -- http-outgoing-2 << "[\r][\n]"
10:40:20.840 [main] DEBUG com.github.dockerjava.zerodep.shaded.org.apache.hc.client5.http.impl.classic.InternalHttpClient -- ep-00000010: releasing valid endpoint
10:40:20.840 [main] DEBUG com.github.dockerjava.zerodep.shaded.org.apache.hc.client5.http.impl.io.PoolingHttpClientConnectionManager -- ep-00000010: releasing endpoint
10:40:20.840 [main] DEBUG com.github.dockerjava.zerodep.shaded.org.apache.hc.client5.http.impl.io.PoolingHttpClientConnectionManager -- ep-00000010: connection http-outgoing-2 can be kept alive for 3 MINUTES
10:40:20.840 [main] DEBUG com.github.dockerjava.zerodep.shaded.org.apache.hc.client5.http.impl.io.PoolingHttpClientConnectionManager -- ep-00000010: connection released [route: {}->unix://localhost:2375][total available: 1; route allocated: 1 of 2147483647; total allocated: 1 of 2147483647]
10:40:20.840 [main] INFO tc.postgres:14 -- Container postgres:14 is starting: e9021687ccb9ae37517c7e65b9eee4168fcf9d52e6385a1110799315d6a5aa76
10:40:20.840 [main] DEBUG org.testcontainers.shaded.com.github.dockerjava.core.command.AbstrDockerCmd -- Cmd: e9021687ccb9ae37517c7e65b9eee4168fcf9d52e6385a1110799315d6a5aa76
10:40:20.840 [main] DEBUG com.github.dockerjava.zerodep.shaded.org.apache.hc.client5.http.impl.classic.InternalHttpClient -- ex-00000012: preparing request execution
10:40:20.840 [main] DEBUG com.github.dockerjava.zerodep.shaded.org.apache.hc.client5.http.protocol.RequestAddCookies -- Cookie spec selected: strict
10:40:20.840 [main] DEBUG com.github.dockerjava.zerodep.shaded.org.apache.hc.client5.http.protocol.RequestAuthCache -- Auth cache not set in the context
10:40:20.840 [main] DEBUG com.github.dockerjava.zerodep.shaded.org.apache.hc.client5.http.impl.classic.ProtocolExec -- ex-00000012: target auth state: UNCHALLENGED
10:40:20.841 [main] DEBUG com.github.dockerjava.zerodep.shaded.org.apache.hc.client5.http.impl.classic.ProtocolExec -- ex-00000012: proxy auth state: UNCHALLENGED
10:40:20.841 [main] DEBUG com.github.dockerjava.zerodep.shaded.org.apache.hc.client5.http.impl.classic.ConnectExec -- ex-00000012: acquiring connection with route {}->unix://localhost:2375
10:40:20.841 [main] DEBUG com.github.dockerjava.zerodep.shaded.org.apache.hc.client5.http.impl.classic.InternalHttpClient -- ex-00000012: acquiring endpoint (3 MINUTES)
10:40:20.841 [main] DEBUG com.github.dockerjava.zerodep.shaded.org.apache.hc.client5.http.impl.io.PoolingHttpClientConnectionManager -- ex-00000012: endpoint lease request (3 MINUTES) [route: {}->unix://localhost:2375][total available: 1; route allocated: 1 of 2147483647; total allocated: 1 of 2147483647]
10:40:20.841 [main] DEBUG com.github.dockerjava.zerodep.shaded.org.apache.hc.client5.http.impl.io.PoolingHttpClientConnectionManager -- ex-00000012: endpoint leased [route: {}->unix://localhost:2375][total available: 0; route allocated: 1 of 2147483647; total allocated: 1 of 2147483647]
10:40:20.841 [main] DEBUG com.github.dockerjava.zerodep.shaded.org.apache.hc.client5.http.impl.io.PoolingHttpClientConnectionManager -- ex-00000012: acquired ep-00000011
10:40:20.841 [main] DEBUG com.github.dockerjava.zerodep.shaded.org.apache.hc.client5.http.impl.classic.InternalHttpClient -- ex-00000012: acquired endpoint ep-00000011
10:40:20.841 [main] DEBUG com.github.dockerjava.zerodep.shaded.org.apache.hc.client5.http.impl.classic.MainClientExec -- ex-00000012: executing POST /v1.32/containers/e9021687ccb9ae37517c7e65b9eee4168fcf9d52e6385a1110799315d6a5aa76/start HTTP/1.1
10:40:20.841 [main] DEBUG com.github.dockerjava.zerodep.shaded.org.apache.hc.client5.http.impl.classic.InternalHttpClient -- ep-00000011: start execution ex-00000012
10:40:20.841 [main] DEBUG com.github.dockerjava.zerodep.shaded.org.apache.hc.client5.http.impl.io.PoolingHttpClientConnectionManager -- ep-00000011: executing exchange ex-00000012 over http-outgoing-2
10:40:20.841 [main] DEBUG com.github.dockerjava.zerodep.shaded.org.apache.hc.client5.http.headers -- http-outgoing-2 >> POST /v1.32/containers/e9021687ccb9ae37517c7e65b9eee4168fcf9d52e6385a1110799315d6a5aa76/start HTTP/1.1
10:40:20.841 [main] DEBUG com.github.dockerjava.zerodep.shaded.org.apache.hc.client5.http.headers -- http-outgoing-2 >> accept: application/json
10:40:20.841 [main] DEBUG com.github.dockerjava.zerodep.shaded.org.apache.hc.client5.http.headers -- http-outgoing-2 >> content-type: application/json
10:40:20.841 [main] DEBUG com.github.dockerjava.zerodep.shaded.org.apache.hc.client5.http.headers -- http-outgoing-2 >> x-tc-sid: f19e918b-ee3a-49e9-843b-bb73ce2bb29f
10:40:20.841 [main] DEBUG com.github.dockerjava.zerodep.shaded.org.apache.hc.client5.http.headers -- http-outgoing-2 >> User-Agent: tc-java/1.19.5
10:40:20.841 [main] DEBUG com.github.dockerjava.zerodep.shaded.org.apache.hc.client5.http.headers -- http-outgoing-2 >> Accept-Encoding: gzip, x-gzip, deflate
10:40:20.841 [main] DEBUG com.github.dockerjava.zerodep.shaded.org.apache.hc.client5.http.headers -- http-outgoing-2 >> Host: localhost:2375
10:40:20.841 [main] DEBUG com.github.dockerjava.zerodep.shaded.org.apache.hc.client5.http.headers -- http-outgoing-2 >> Connection: keep-alive
10:40:20.841 [main] DEBUG com.github.dockerjava.zerodep.shaded.org.apache.hc.client5.http.wire -- http-outgoing-2 >> "POST /v1.32/containers/e9021687ccb9ae37517c7e65b9eee4168fcf9d52e6385a1110799315d6a5aa76/start HTTP/1.1[\r][\n]"
10:40:20.841 [main] DEBUG com.github.dockerjava.zerodep.shaded.org.apache.hc.client5.http.wire -- http-outgoing-2 >> "accept: application/json[\r][\n]"
10:40:20.841 [main] DEBUG com.github.dockerjava.zerodep.shaded.org.apache.hc.client5.http.wire -- http-outgoing-2 >> "content-type: application/json[\r][\n]"
10:40:20.841 [main] DEBUG com.github.dockerjava.zerodep.shaded.org.apache.hc.client5.http.wire -- http-outgoing-2 >> "x-tc-sid: f19e918b-ee3a-49e9-843b-bb73ce2bb29f[\r][\n]"
10:40:20.841 [main] DEBUG com.github.dockerjava.zerodep.shaded.org.apache.hc.client5.http.wire -- http-outgoing-2 >> "User-Agent: tc-java/1.19.5[\r][\n]"
10:40:20.841 [main] DEBUG com.github.dockerjava.zerodep.shaded.org.apache.hc.client5.http.wire -- http-outgoing-2 >> "Accept-Encoding: gzip, x-gzip, deflate[\r][\n]"
10:40:20.841 [main] DEBUG com.github.dockerjava.zerodep.shaded.org.apache.hc.client5.http.wire -- http-outgoing-2 >> "Host: localhost:2375[\r][\n]"
10:40:20.841 [main] DEBUG com.github.dockerjava.zerodep.shaded.org.apache.hc.client5.http.wire -- http-outgoing-2 >> "Connection: keep-alive[\r][\n]"
10:40:20.841 [main] DEBUG com.github.dockerjava.zerodep.shaded.org.apache.hc.client5.http.wire -- http-outgoing-2 >> "[\r][\n]"
10:40:20.928 [main] DEBUG com.github.dockerjava.zerodep.shaded.org.apache.hc.client5.http.wire -- http-outgoing-2 << "HTTP/1.1 204 No Content[\r][\n]"
10:40:20.928 [main] DEBUG com.github.dockerjava.zerodep.shaded.org.apache.hc.client5.http.wire -- http-outgoing-2 << "Api-Version: 1.47[\r][\n]"
10:40:20.929 [main] DEBUG com.github.dockerjava.zerodep.shaded.org.apache.hc.client5.http.wire -- http-outgoing-2 << "Date: Sat, 23 Nov 2024 18:40:20 GMT[\r][\n]"
10:40:20.929 [main] DEBUG com.github.dockerjava.zerodep.shaded.org.apache.hc.client5.http.wire -- http-outgoing-2 << "Docker-Experimental: false[\r][\n]"
10:40:20.929 [main] DEBUG com.github.dockerjava.zerodep.shaded.org.apache.hc.client5.http.wire -- http-outgoing-2 << "Ostype: linux[\r][\n]"
10:40:20.929 [main] DEBUG com.github.dockerjava.zerodep.shaded.org.apache.hc.client5.http.wire -- http-outgoing-2 << "Server: Docker/27.2.0 (linux)[\r][\n]"
10:40:20.929 [main] DEBUG com.github.dockerjava.zerodep.shaded.org.apache.hc.client5.http.wire -- http-outgoing-2 << "[\r][\n]"
10:40:20.929 [main] DEBUG com.github.dockerjava.zerodep.shaded.org.apache.hc.client5.http.headers -- http-outgoing-2 << HTTP/1.1 204 No Content
10:40:20.929 [main] DEBUG com.github.dockerjava.zerodep.shaded.org.apache.hc.client5.http.headers -- http-outgoing-2 << Api-Version: 1.47
10:40:20.929 [main] DEBUG com.github.dockerjava.zerodep.shaded.org.apache.hc.client5.http.headers -- http-outgoing-2 << Date: Sat, 23 Nov 2024 18:40:20 GMT
10:40:20.929 [main] DEBUG com.github.dockerjava.zerodep.shaded.org.apache.hc.client5.http.headers -- http-outgoing-2 << Docker-Experimental: false
10:40:20.929 [main] DEBUG com.github.dockerjava.zerodep.shaded.org.apache.hc.client5.http.headers -- http-outgoing-2 << Ostype: linux
10:40:20.929 [main] DEBUG com.github.dockerjava.zerodep.shaded.org.apache.hc.client5.http.headers -- http-outgoing-2 << Server: Docker/27.2.0 (linux)
10:40:20.929 [main] DEBUG com.github.dockerjava.zerodep.shaded.org.apache.hc.client5.http.impl.classic.MainClientExec -- ex-00000012: connection can be kept alive for 3 MINUTES
10:40:20.929 [main] DEBUG com.github.dockerjava.zerodep.shaded.org.apache.hc.client5.http.impl.classic.InternalHttpClient -- ep-00000011: releasing valid endpoint
10:40:20.929 [main] DEBUG com.github.dockerjava.zerodep.shaded.org.apache.hc.client5.http.impl.io.PoolingHttpClientConnectionManager -- ep-00000011: releasing endpoint
10:40:20.929 [main] DEBUG com.github.dockerjava.zerodep.shaded.org.apache.hc.client5.http.impl.io.PoolingHttpClientConnectionManager -- ep-00000011: connection http-outgoing-2 can be kept alive for 3 MINUTES
10:40:20.929 [main] DEBUG com.github.dockerjava.zerodep.shaded.org.apache.hc.client5.http.impl.io.PoolingHttpClientConnectionManager -- ep-00000011: connection released [route: {}->unix://localhost:2375][total available: 1; route allocated: 1 of 2147483647; total allocated: 1 of 2147483647]
10:40:20.929 [main] DEBUG org.testcontainers.shaded.com.github.dockerjava.core.command.AbstrDockerCmd -- Cmd: e9021687ccb9ae37517c7e65b9eee4168fcf9d52e6385a1110799315d6a5aa76,false
10:40:20.929 [main] DEBUG org.testcontainers.shaded.com.github.dockerjava.core.exec.InspectContainerCmdExec -- GET: DefaultWebTarget{path=[/containers/e9021687ccb9ae37517c7e65b9eee4168fcf9d52e6385a1110799315d6a5aa76/json], queryParams={}}
10:40:20.930 [main] DEBUG com.github.dockerjava.zerodep.shaded.org.apache.hc.client5.http.impl.classic.InternalHttpClient -- ex-00000013: preparing request execution
10:40:20.930 [main] DEBUG com.github.dockerjava.zerodep.shaded.org.apache.hc.client5.http.protocol.RequestAddCookies -- Cookie spec selected: strict
10:40:20.930 [main] DEBUG com.github.dockerjava.zerodep.shaded.org.apache.hc.client5.http.protocol.RequestAuthCache -- Auth cache not set in the context
10:40:20.930 [main] DEBUG com.github.dockerjava.zerodep.shaded.org.apache.hc.client5.http.impl.classic.ProtocolExec -- ex-00000013: target auth state: UNCHALLENGED
10:40:20.930 [main] DEBUG com.github.dockerjava.zerodep.shaded.org.apache.hc.client5.http.impl.classic.ProtocolExec -- ex-00000013: proxy auth state: UNCHALLENGED
10:40:20.930 [main] DEBUG com.github.dockerjava.zerodep.shaded.org.apache.hc.client5.http.impl.classic.ConnectExec -- ex-00000013: acquiring connection with route {}->unix://localhost:2375
10:40:20.930 [main] DEBUG com.github.dockerjava.zerodep.shaded.org.apache.hc.client5.http.impl.classic.InternalHttpClient -- ex-00000013: acquiring endpoint (3 MINUTES)
10:40:20.930 [main] DEBUG com.github.dockerjava.zerodep.shaded.org.apache.hc.client5.http.impl.io.PoolingHttpClientConnectionManager -- ex-00000013: endpoint lease request (3 MINUTES) [route: {}->unix://localhost:2375][total available: 1; route allocated: 1 of 2147483647; total allocated: 1 of 2147483647]
10:40:20.930 [main] DEBUG com.github.dockerjava.zerodep.shaded.org.apache.hc.client5.http.impl.io.PoolingHttpClientConnectionManager -- ex-00000013: endpoint leased [route: {}->unix://localhost:2375][total available: 0; route allocated: 1 of 2147483647; total allocated: 1 of 2147483647]
10:40:20.930 [main] DEBUG com.github.dockerjava.zerodep.shaded.org.apache.hc.client5.http.impl.io.PoolingHttpClientConnectionManager -- ex-00000013: acquired ep-00000012
10:40:20.930 [main] DEBUG com.github.dockerjava.zerodep.shaded.org.apache.hc.client5.http.impl.classic.InternalHttpClient -- ex-00000013: acquired endpoint ep-00000012
10:40:20.930 [main] DEBUG com.github.dockerjava.zerodep.shaded.org.apache.hc.client5.http.impl.classic.MainClientExec -- ex-00000013: executing GET /v1.32/containers/e9021687ccb9ae37517c7e65b9eee4168fcf9d52e6385a1110799315d6a5aa76/json HTTP/1.1
10:40:20.930 [main] DEBUG com.github.dockerjava.zerodep.shaded.org.apache.hc.client5.http.impl.classic.InternalHttpClient -- ep-00000012: start execution ex-00000013
10:40:20.930 [main] DEBUG com.github.dockerjava.zerodep.shaded.org.apache.hc.client5.http.impl.io.PoolingHttpClientConnectionManager -- ep-00000012: executing exchange ex-00000013 over http-outgoing-2
10:40:20.930 [main] DEBUG com.github.dockerjava.zerodep.shaded.org.apache.hc.client5.http.headers -- http-outgoing-2 >> GET /v1.32/containers/e9021687ccb9ae37517c7e65b9eee4168fcf9d52e6385a1110799315d6a5aa76/json HTTP/1.1
10:40:20.930 [main] DEBUG com.github.dockerjava.zerodep.shaded.org.apache.hc.client5.http.headers -- http-outgoing-2 >> accept: application/json
10:40:20.930 [main] DEBUG com.github.dockerjava.zerodep.shaded.org.apache.hc.client5.http.headers -- http-outgoing-2 >> x-tc-sid: f19e918b-ee3a-49e9-843b-bb73ce2bb29f
10:40:20.930 [main] DEBUG com.github.dockerjava.zerodep.shaded.org.apache.hc.client5.http.headers -- http-outgoing-2 >> User-Agent: tc-java/1.19.5
10:40:20.930 [main] DEBUG com.github.dockerjava.zerodep.shaded.org.apache.hc.client5.http.headers -- http-outgoing-2 >> Accept-Encoding: gzip, x-gzip, deflate
10:40:20.930 [main] DEBUG com.github.dockerjava.zerodep.shaded.org.apache.hc.client5.http.headers -- http-outgoing-2 >> Host: localhost:2375
10:40:20.930 [main] DEBUG com.github.dockerjava.zerodep.shaded.org.apache.hc.client5.http.headers -- http-outgoing-2 >> Connection: keep-alive
10:40:20.930 [main] DEBUG com.github.dockerjava.zerodep.shaded.org.apache.hc.client5.http.wire -- http-outgoing-2 >> "GET /v1.32/containers/e9021687ccb9ae37517c7e65b9eee4168fcf9d52e6385a1110799315d6a5aa76/json HTTP/1.1[\r][\n]"
10:40:20.930 [main] DEBUG com.github.dockerjava.zerodep.shaded.org.apache.hc.client5.http.wire -- http-outgoing-2 >> "accept: application/json[\r][\n]"
10:40:20.930 [main] DEBUG com.github.dockerjava.zerodep.shaded.org.apache.hc.client5.http.wire -- http-outgoing-2 >> "x-tc-sid: f19e918b-ee3a-49e9-843b-bb73ce2bb29f[\r][\n]"
10:40:20.930 [main] DEBUG com.github.dockerjava.zerodep.shaded.org.apache.hc.client5.http.wire -- http-outgoing-2 >> "User-Agent: tc-java/1.19.5[\r][\n]"
10:40:20.930 [main] DEBUG com.github.dockerjava.zerodep.shaded.org.apache.hc.client5.http.wire -- http-outgoing-2 >> "Accept-Encoding: gzip, x-gzip, deflate[\r][\n]"
10:40:20.930 [main] DEBUG com.github.dockerjava.zerodep.shaded.org.apache.hc.client5.http.wire -- http-outgoing-2 >> "Host: localhost:2375[\r][\n]"
10:40:20.930 [main] DEBUG com.github.dockerjava.zerodep.shaded.org.apache.hc.client5.http.wire -- http-outgoing-2 >> "Connection: keep-alive[\r][\n]"
10:40:20.930 [main] DEBUG com.github.dockerjava.zerodep.shaded.org.apache.hc.client5.http.wire -- http-outgoing-2 >> "[\r][\n]"
10:40:20.932 [main] DEBUG com.github.dockerjava.zerodep.shaded.org.apache.hc.client5.http.wire -- http-outgoing-2 << "HTTP/1.1 200 OK[\r][\n]"
10:40:20.932 [main] DEBUG com.github.dockerjava.zerodep.shaded.org.apache.hc.client5.http.wire -- http-outgoing-2 << "Api-Version: 1.47[\r][\n]"
10:40:20.932 [main] DEBUG com.github.dockerjava.zerodep.shaded.org.apache.hc.client5.http.wire -- http-outgoing-2 << "Content-Type: application/json[\r][\n]"
10:40:20.932 [main] DEBUG com.github.dockerjava.zerodep.shaded.org.apache.hc.client5.http.wire -- http-outgoing-2 << "Date: Sat, 23 Nov 2024 18:40:20 GMT[\r][\n]"
10:40:20.932 [main] DEBUG com.github.dockerjava.zerodep.shaded.org.apache.hc.client5.http.wire -- http-outgoing-2 << "Docker-Experimental: false[\r][\n]"
10:40:20.932 [main] DEBUG com.github.dockerjava.zerodep.shaded.org.apache.hc.client5.http.wire -- http-outgoing-2 << "Ostype: linux[\r][\n]"
10:40:20.932 [main] DEBUG com.github.dockerjava.zerodep.shaded.org.apache.hc.client5.http.wire -- http-outgoing-2 << "Server: Docker/27.2.0 (linux)[\r][\n]"
10:40:20.932 [main] DEBUG com.github.dockerjava.zerodep.shaded.org.apache.hc.client5.http.wire -- http-outgoing-2 << "Transfer-Encoding: chunked[\r][\n]"
10:40:20.932 [main] DEBUG com.github.dockerjava.zerodep.shaded.org.apache.hc.client5.http.wire -- http-outgoing-2 << "[\r][\n]"
10:40:20.932 [main] DEBUG com.github.dockerjava.zerodep.shaded.org.apache.hc.client5.http.headers -- http-outgoing-2 << HTTP/1.1 200 OK
10:40:20.932 [main] DEBUG com.github.dockerjava.zerodep.shaded.org.apache.hc.client5.http.headers -- http-outgoing-2 << Api-Version: 1.47
10:40:20.932 [main] DEBUG com.github.dockerjava.zerodep.shaded.org.apache.hc.client5.http.headers -- http-outgoing-2 << Content-Type: application/json
10:40:20.932 [main] DEBUG com.github.dockerjava.zerodep.shaded.org.apache.hc.client5.http.headers -- http-outgoing-2 << Date: Sat, 23 Nov 2024 18:40:20 GMT
10:40:20.932 [main] DEBUG com.github.dockerjava.zerodep.shaded.org.apache.hc.client5.http.headers -- http-outgoing-2 << Docker-Experimental: false
10:40:20.932 [main] DEBUG com.github.dockerjava.zerodep.shaded.org.apache.hc.client5.http.headers -- http-outgoing-2 << Ostype: linux
10:40:20.932 [main] DEBUG com.github.dockerjava.zerodep.shaded.org.apache.hc.client5.http.headers -- http-outgoing-2 << Server: Docker/27.2.0 (linux)
10:40:20.932 [main] DEBUG com.github.dockerjava.zerodep.shaded.org.apache.hc.client5.http.headers -- http-outgoing-2 << Transfer-Encoding: chunked
10:40:20.932 [main] DEBUG com.github.dockerjava.zerodep.shaded.org.apache.hc.client5.http.impl.classic.MainClientExec -- ex-00000013: connection can be kept alive for 3 MINUTES
10:40:20.932 [main] DEBUG com.github.dockerjava.zerodep.shaded.org.apache.hc.client5.http.wire -- http-outgoing-2 << "1a48[\r][\n]"
10:40:20.932 [main] DEBUG com.github.dockerjava.zerodep.shaded.org.apache.hc.client5.http.wire -- http-outgoing-2 << "{"Id":"e9021687ccb9ae37517c7e65b9eee4168fcf9d52e6385a1110799315d6a5aa76","Created":"2024-11-23T18:40:20.815819346Z","Path":"docker-entrypoint.sh","Args":["postgres","-c","fsync=off"],"State":{"Status":"running","Running":true,"Paused":false,"Restarting":false,"OOMKilled":false,"Dead":false,"Pid":2516,"ExitCode":0,"Error":"","StartedAt":"2024-11-23T18:40:20.855122346Z","FinishedAt":"0001-01-01T00:00:00Z"},"Image":"sha256:12d0393194fae27f18bd47235cd2e5891f6d52652d2adc86b185cf802a336823","ResolvConfPath":"/var/lib/docker/containers/e9021687ccb9ae37517c7e65b9eee4168fcf9d52e6385a1110799315d6a5aa76/resolv.conf","HostnamePath":"/var/lib/docker/containers/e9021687ccb9ae37517c7e65b9eee4168fcf9d52e6385a1110799315d6a5aa76/hostname","HostsPath":"/var/lib/docker/containers/e9021687ccb9ae37517c7e65b9eee4168fcf9d52e6385a1110799315d6a5aa76/hosts","LogPath":"/var/lib/docker/containers/e9021687ccb9ae37517c7e65b9eee4168fcf9d52e6385a1110799315d6a5aa76/e9021687ccb9ae37517c7e65b9eee4168fcf9d52e6385a1110799315d6a5aa76-json.log","Name":"/xenodochial_mendel","RestartCount":0,"Driver":"overlay2","Platform":"linux","MountLabel":"","ProcessLabel":"","AppArmorProfile":"","ExecIDs":null,"HostConfig":{"Binds":[],"ContainerIDFile":"","LogConfig":{"Type":"json-file","Config":{}},"NetworkMode":"bridge","PortBindings":{"5432/tcp":[{"HostIp":"0.0.0.0","HostPort":"0"}]},"RestartPolicy":{"Name":"no","MaximumRetryCount":0},"AutoRemove":false,"VolumeDriver":"","VolumesFrom":[],"ConsoleSize":[0,0],"CapAdd":null,"CapDrop":null,"CgroupnsMode":"private","Dns":null,"DnsOptions":null,"DnsSearch":null,"ExtraHosts":[],"GroupAdd":null,"IpcMode":"shareable","Cgroup":"","Links":null,"OomScoreAdj":0,"PidMode":"","Privileged":false,"PublishAllPorts":false,"ReadonlyRootfs":false,"SecurityOpt":null,"UTSMode":"","UsernsMode":"","ShmSize":67108864,"Runtime":"runc","Isolation":"","CpuShares":0,"Memory":0,"NanoCpus":0,"CgroupParent":"","BlkioWeight":0,"BlkioWeightDevice":null,"BlkioDeviceReadBps":null,"BlkioDeviceWriteBps":null,"BlkioDeviceReadIOps":null,"BlkioDeviceWriteIOps":null,"CpuPeriod":0,"CpuQuota":0,"CpuRealtimePeriod":0,"CpuRealtimeRuntime":0,"CpusetCpus":"","CpusetMems":"","Devices":null,"DeviceCgroupRules":null,"DeviceRequests":null,"MemoryReservation":0,"MemorySwap":0,"MemorySwappiness":null,"OomKillDisable":null,"PidsLimit":null,"Ulimits":null,"CpuCount":0,"CpuPercent":0,"IOMaximumIOps":0,"IOMaximumBandwidth":0,"MaskedPaths":["/proc/asound","/proc/acpi","/proc/kcore","/proc/keys","/proc/latency_stats","/proc/timer_list","/proc/timer_stats","/proc/sched_debug","/proc/scsi","/sys/firmware","/sys/devices/virtual/powercap"],"ReadonlyPaths":["/proc/bus","/proc/fs","/proc/irq","/proc/sys","/proc/sysrq-trigger"]},"GraphDriver":{"Data":{"LowerDir":"/var/lib/docker/overlay2/3660b57289ef47502b86a05ba98387d129b36f88dc844c39fb73ad7811883fa6-init/diff:/var/lib/docker/overlay2/f3afc115bd2803bd6d8ab756329820a4cea567df84206433def5494d9f874ecd/diff:/var/lib/docker/overlay2/ec9eca2fe54c4cf8c682696682ef5171ca0eadb9319084b8b27975e33ea6b94b/diff:/var/lib/docker/overlay2/f53ead16143c84629dd30d86264fa9de88723117092d8716ab5aabc7f1632676/diff:/var/lib/docker/overlay2/0cd2187b18a68ade270664d16eefac6b14da0ae8dfa9fd93b286f673d6a52a63/diff:/var/lib/docker/overlay2/0223142de23992bb5d1038ab101e8a860d8c2f65b526ef3386247aec9d6bd71a/diff:/var/lib/docker/overlay2/1c961e972f9055b4f09d8054f0e40f4514c61baeba63ae616532ec18e8d8386d/diff:/var/lib/docker/overlay2/ebf068793727e1ebab04e6ef1578905dfe15318b0168a3c578d580e3954cdcdb/diff:/var/lib/docker/overlay2/c2154a26379dc64a3c8419fd27da577900c31d3207f4ac20f9449244e2d1ccf5/diff:/var/lib/docker/overlay2/45119b377d35a2fb649619abb46e7773f25bd7f4cf3db6e498a5cce8d07fdb4b/diff:/var/lib/docker/overlay2/b2e2872f014746c08588106cc22c90a089d4cb0e17979c45fe26122dac705016/diff:/var/lib/docker/overlay2/12111dffba3068330cfa7e4f8b50b01e9d101b2aafce9a53d5244358d9699381/diff:/var/lib/docker/overlay2/a6facfdec66b6cb05b128c524cb7545ffcc42ada6e0b85805d0dca7b5fc562b6/diff:/var/lib/docker/overlay2/5bc28f16de5d33a825f241a7344df44c38fdee4b4b92a3c03c12fef9f5b9267f/diff:/var/lib/docker/overlay2/cd8090d3e0694780933209871d8bb89e40539207650cc44d3b0d7d2349f9cf93/diff","MergedDir":"/var/lib/docker/overlay2/3660b57289ef47502b86a05ba98387d129b36f88dc844c39fb73ad7811883fa6/merged","UpperDir":"/var/lib/docker/overlay2/3660b57289ef47502b86a05ba98387d129b36f88dc844c39fb73ad7811883fa6/diff","WorkDir":"/var/lib/docker/overlay2/3660b57289ef47502b86a05ba98387d129b36f88dc844c39fb73ad7811883fa6/work"},"Name":"overlay2"},"Mounts":[{"Type":"volume","Name":"2b3407188a32ee1ebf9cad3aeabfd4e29943bb89a4720a87d7eaf640158dda9a","Source":"/var/lib/docker/volumes/2b3407188a32ee1ebf9cad3aeabfd4e29943bb89a4720a87d7eaf640158dda9a/_data","Destination":"/var/lib/postgresql/data","Driver":"local","Mode":"","RW":true,"Propagation":""}],"Config":{"Hostname":"e9021687ccb9","Domainname":"","User":"","AttachStdin":false,"AttachStdout":false,"AttachStderr":false,"ExposedPorts":{"5432/tcp":{}},"Tty":false,"OpenStdin":false,"StdinOnce":false,"Env":["POSTGRES_USER=postgres","POSTGRES_PASSWORD=password","POSTGRES_DB=test_bestiary","PATH=/usr/local/sbin:/usr/local/bin:/usr/sbin:/usr/bin:/sbin:/bin:/usr/lib/postgresql/14/bin","GOSU_VERSION=1.17","LANG=en_US.utf8","PG_MAJOR=14","PG_VERSION=14.14-1.pgdg120+1","PGDATA=/var/lib/postgresql/data"],"Cmd":["postgres","-c","fsync=off"],"Image":"postgres:14","Volumes":{"/var/lib/postgresql/data":{}},"WorkingDir":"/","Entrypoint":["docker-entrypoint.sh"],"OnBuild":null,"Labels":{"org.testcontainers":"true","org.testcontainers.lang":"java","org.testcontainers.sessionId":"f19e918b-ee3a-49e9-843b-bb73ce2bb29f","org.testcontainers.version":"1.19.5"},"StopSignal":"SIGINT"},"NetworkSettings":{"Bridge":"","SandboxID":"d77f3efada077ba3696cc520ae18a490688db1d9343c3be0393696eee4c7b935","SandboxKey":"/var/run/docker/netns/d77f3efada07","Ports":{"5432/tcp":[{"HostIp":"0.0.0.0","HostPort":"50152"}]},"HairpinMode":false,"LinkLocalIPv6Address":"","LinkLocalIPv6PrefixLen":0,"SecondaryIPAddresses":null,"SecondaryIPv6Addresses":null,"EndpointID":"693708f41144acac4a1c66af04a556915e87d018a610cbbc7cbd04336764fff7","Gateway":"172.17.0.1","GlobalIPv6Address":"","GlobalIPv6PrefixLen":0,"IPAddress":"172.17.0.4","IPPrefixLen":16,"IPv6Gateway":"","MacAddress":"02:42:ac:11:00:04","Networks":{"bridge":{"IPAMConfig":null,"Links":null,"Aliases":null,"MacAddress":"02:42:ac:11:00:04","DriverOpts":null,"NetworkID":"ddedae1ce0c60ac58c2fa8ee43085e48f22ce2e5e8c96b010b3a283fd3000a29","EndpointID":"693708f41144acac4a1c66af04a556915e87d018a610cbbc7cbd04336764fff7","Gateway":"172.17.0.1","IPAddress":"172.17.0.4","IPPrefixLen":16,"IPv6Gateway":"","GlobalIPv6Address":"","GlobalIPv6PrefixLen":0,"DNSNames":null}}}}[\n]"
10:40:20.932 [main] DEBUG com.github.dockerjava.zerodep.shaded.org.apache.hc.client5.http.wire -- http-outgoing-2 << "[\r][\n]"
10:40:20.932 [main] DEBUG com.github.dockerjava.zerodep.shaded.org.apache.hc.client5.http.wire -- http-outgoing-2 << "0[\r][\n]"
10:40:20.932 [main] DEBUG com.github.dockerjava.zerodep.shaded.org.apache.hc.client5.http.wire -- http-outgoing-2 << "[\r][\n]"
10:40:20.933 [main] DEBUG com.github.dockerjava.zerodep.shaded.org.apache.hc.client5.http.impl.classic.InternalHttpClient -- ep-00000012: releasing valid endpoint
10:40:20.933 [main] DEBUG com.github.dockerjava.zerodep.shaded.org.apache.hc.client5.http.impl.io.PoolingHttpClientConnectionManager -- ep-00000012: releasing endpoint
10:40:20.933 [main] DEBUG com.github.dockerjava.zerodep.shaded.org.apache.hc.client5.http.impl.io.PoolingHttpClientConnectionManager -- ep-00000012: connection http-outgoing-2 can be kept alive for 3 MINUTES
10:40:20.933 [main] DEBUG com.github.dockerjava.zerodep.shaded.org.apache.hc.client5.http.impl.io.PoolingHttpClientConnectionManager -- ep-00000012: connection released [route: {}->unix://localhost:2375][total available: 1; route allocated: 1 of 2147483647; total allocated: 1 of 2147483647]
10:40:20.933 [main] DEBUG org.testcontainers.shaded.com.github.dockerjava.core.command.AbstrDockerCmd -- Cmd: sha256:12d0393194fae27f18bd47235cd2e5891f6d52652d2adc86b185cf802a336823
10:40:20.933 [main] DEBUG com.github.dockerjava.zerodep.shaded.org.apache.hc.client5.http.impl.classic.InternalHttpClient -- ex-00000014: preparing request execution
10:40:20.933 [main] DEBUG com.github.dockerjava.zerodep.shaded.org.apache.hc.client5.http.protocol.RequestAddCookies -- Cookie spec selected: strict
10:40:20.933 [main] DEBUG com.github.dockerjava.zerodep.shaded.org.apache.hc.client5.http.protocol.RequestAuthCache -- Auth cache not set in the context
10:40:20.933 [main] DEBUG com.github.dockerjava.zerodep.shaded.org.apache.hc.client5.http.impl.classic.ProtocolExec -- ex-00000014: target auth state: UNCHALLENGED
10:40:20.933 [main] DEBUG com.github.dockerjava.zerodep.shaded.org.apache.hc.client5.http.impl.classic.ProtocolExec -- ex-00000014: proxy auth state: UNCHALLENGED
10:40:20.933 [main] DEBUG com.github.dockerjava.zerodep.shaded.org.apache.hc.client5.http.impl.classic.ConnectExec -- ex-00000014: acquiring connection with route {}->unix://localhost:2375
10:40:20.933 [main] DEBUG com.github.dockerjava.zerodep.shaded.org.apache.hc.client5.http.impl.classic.InternalHttpClient -- ex-00000014: acquiring endpoint (3 MINUTES)
10:40:20.933 [main] DEBUG com.github.dockerjava.zerodep.shaded.org.apache.hc.client5.http.impl.io.PoolingHttpClientConnectionManager -- ex-00000014: endpoint lease request (3 MINUTES) [route: {}->unix://localhost:2375][total available: 1; route allocated: 1 of 2147483647; total allocated: 1 of 2147483647]
10:40:20.934 [main] DEBUG com.github.dockerjava.zerodep.shaded.org.apache.hc.client5.http.impl.io.PoolingHttpClientConnectionManager -- ex-00000014: endpoint leased [route: {}->unix://localhost:2375][total available: 0; route allocated: 1 of 2147483647; total allocated: 1 of 2147483647]
10:40:20.934 [main] DEBUG com.github.dockerjava.zerodep.shaded.org.apache.hc.client5.http.impl.io.PoolingHttpClientConnectionManager -- ex-00000014: acquired ep-00000013
10:40:20.934 [main] DEBUG com.github.dockerjava.zerodep.shaded.org.apache.hc.client5.http.impl.classic.InternalHttpClient -- ex-00000014: acquired endpoint ep-00000013
10:40:20.934 [main] DEBUG com.github.dockerjava.zerodep.shaded.org.apache.hc.client5.http.impl.classic.MainClientExec -- ex-00000014: executing GET /v1.32/images/sha256:12d0393194fae27f18bd47235cd2e5891f6d52652d2adc86b185cf802a336823/json HTTP/1.1
10:40:20.934 [main] DEBUG com.github.dockerjava.zerodep.shaded.org.apache.hc.client5.http.impl.classic.InternalHttpClient -- ep-00000013: start execution ex-00000014
10:40:20.934 [main] DEBUG com.github.dockerjava.zerodep.shaded.org.apache.hc.client5.http.impl.io.PoolingHttpClientConnectionManager -- ep-00000013: executing exchange ex-00000014 over http-outgoing-2
10:40:20.934 [main] DEBUG com.github.dockerjava.zerodep.shaded.org.apache.hc.client5.http.headers -- http-outgoing-2 >> GET /v1.32/images/sha256:12d0393194fae27f18bd47235cd2e5891f6d52652d2adc86b185cf802a336823/json HTTP/1.1
10:40:20.934 [main] DEBUG com.github.dockerjava.zerodep.shaded.org.apache.hc.client5.http.headers -- http-outgoing-2 >> accept: application/json
10:40:20.934 [main] DEBUG com.github.dockerjava.zerodep.shaded.org.apache.hc.client5.http.headers -- http-outgoing-2 >> x-tc-sid: f19e918b-ee3a-49e9-843b-bb73ce2bb29f
10:40:20.934 [main] DEBUG com.github.dockerjava.zerodep.shaded.org.apache.hc.client5.http.headers -- http-outgoing-2 >> User-Agent: tc-java/1.19.5
10:40:20.934 [main] DEBUG com.github.dockerjava.zerodep.shaded.org.apache.hc.client5.http.headers -- http-outgoing-2 >> Accept-Encoding: gzip, x-gzip, deflate
10:40:20.934 [main] DEBUG com.github.dockerjava.zerodep.shaded.org.apache.hc.client5.http.headers -- http-outgoing-2 >> Host: localhost:2375
10:40:20.934 [main] DEBUG com.github.dockerjava.zerodep.shaded.org.apache.hc.client5.http.headers -- http-outgoing-2 >> Connection: keep-alive
10:40:20.934 [main] DEBUG com.github.dockerjava.zerodep.shaded.org.apache.hc.client5.http.wire -- http-outgoing-2 >> "GET /v1.32/images/sha256:12d0393194fae27f18bd47235cd2e5891f6d52652d2adc86b185cf802a336823/json HTTP/1.1[\r][\n]"
10:40:20.934 [main] DEBUG com.github.dockerjava.zerodep.shaded.org.apache.hc.client5.http.wire -- http-outgoing-2 >> "accept: application/json[\r][\n]"
10:40:20.934 [main] DEBUG com.github.dockerjava.zerodep.shaded.org.apache.hc.client5.http.wire -- http-outgoing-2 >> "x-tc-sid: f19e918b-ee3a-49e9-843b-bb73ce2bb29f[\r][\n]"
10:40:20.934 [main] DEBUG com.github.dockerjava.zerodep.shaded.org.apache.hc.client5.http.wire -- http-outgoing-2 >> "User-Agent: tc-java/1.19.5[\r][\n]"
10:40:20.934 [main] DEBUG com.github.dockerjava.zerodep.shaded.org.apache.hc.client5.http.wire -- http-outgoing-2 >> "Accept-Encoding: gzip, x-gzip, deflate[\r][\n]"
10:40:20.934 [main] DEBUG com.github.dockerjava.zerodep.shaded.org.apache.hc.client5.http.wire -- http-outgoing-2 >> "Host: localhost:2375[\r][\n]"
10:40:20.934 [main] DEBUG com.github.dockerjava.zerodep.shaded.org.apache.hc.client5.http.wire -- http-outgoing-2 >> "Connection: keep-alive[\r][\n]"
10:40:20.934 [main] DEBUG com.github.dockerjava.zerodep.shaded.org.apache.hc.client5.http.wire -- http-outgoing-2 >> "[\r][\n]"
10:40:20.935 [main] DEBUG com.github.dockerjava.zerodep.shaded.org.apache.hc.client5.http.wire -- http-outgoing-2 << "HTTP/1.1 200 OK[\r][\n]"
10:40:20.935 [main] DEBUG com.github.dockerjava.zerodep.shaded.org.apache.hc.client5.http.wire -- http-outgoing-2 << "Api-Version: 1.47[\r][\n]"
10:40:20.935 [main] DEBUG com.github.dockerjava.zerodep.shaded.org.apache.hc.client5.http.wire -- http-outgoing-2 << "Content-Type: application/json[\r][\n]"
10:40:20.935 [main] DEBUG com.github.dockerjava.zerodep.shaded.org.apache.hc.client5.http.wire -- http-outgoing-2 << "Date: Sat, 23 Nov 2024 18:40:20 GMT[\r][\n]"
10:40:20.935 [main] DEBUG com.github.dockerjava.zerodep.shaded.org.apache.hc.client5.http.wire -- http-outgoing-2 << "Docker-Experimental: false[\r][\n]"
10:40:20.935 [main] DEBUG com.github.dockerjava.zerodep.shaded.org.apache.hc.client5.http.wire -- http-outgoing-2 << "Ostype: linux[\r][\n]"
10:40:20.935 [main] DEBUG com.github.dockerjava.zerodep.shaded.org.apache.hc.client5.http.wire -- http-outgoing-2 << "Server: Docker/27.2.0 (linux)[\r][\n]"
10:40:20.935 [main] DEBUG com.github.dockerjava.zerodep.shaded.org.apache.hc.client5.http.wire -- http-outgoing-2 << "Transfer-Encoding: chunked[\r][\n]"
10:40:20.935 [main] DEBUG com.github.dockerjava.zerodep.shaded.org.apache.hc.client5.http.wire -- http-outgoing-2 << "[\r][\n]"
10:40:20.935 [main] DEBUG com.github.dockerjava.zerodep.shaded.org.apache.hc.client5.http.headers -- http-outgoing-2 << HTTP/1.1 200 OK
10:40:20.935 [main] DEBUG com.github.dockerjava.zerodep.shaded.org.apache.hc.client5.http.headers -- http-outgoing-2 << Api-Version: 1.47
10:40:20.935 [main] DEBUG com.github.dockerjava.zerodep.shaded.org.apache.hc.client5.http.headers -- http-outgoing-2 << Content-Type: application/json
10:40:20.935 [main] DEBUG com.github.dockerjava.zerodep.shaded.org.apache.hc.client5.http.headers -- http-outgoing-2 << Date: Sat, 23 Nov 2024 18:40:20 GMT
10:40:20.935 [main] DEBUG com.github.dockerjava.zerodep.shaded.org.apache.hc.client5.http.headers -- http-outgoing-2 << Docker-Experimental: false
10:40:20.935 [main] DEBUG com.github.dockerjava.zerodep.shaded.org.apache.hc.client5.http.headers -- http-outgoing-2 << Ostype: linux
10:40:20.935 [main] DEBUG com.github.dockerjava.zerodep.shaded.org.apache.hc.client5.http.headers -- http-outgoing-2 << Server: Docker/27.2.0 (linux)
10:40:20.935 [main] DEBUG com.github.dockerjava.zerodep.shaded.org.apache.hc.client5.http.headers -- http-outgoing-2 << Transfer-Encoding: chunked
10:40:20.935 [main] DEBUG com.github.dockerjava.zerodep.shaded.org.apache.hc.client5.http.impl.classic.MainClientExec -- ex-00000014: connection can be kept alive for 3 MINUTES
10:40:20.935 [main] DEBUG com.github.dockerjava.zerodep.shaded.org.apache.hc.client5.http.wire -- http-outgoing-2 << "fc9[\r][\n]"
10:40:20.935 [main] DEBUG com.github.dockerjava.zerodep.shaded.org.apache.hc.client5.http.wire -- http-outgoing-2 << "{"Id":"sha256:12d0393194fae27f18bd47235cd2e5891f6d52652d2adc86b185cf802a336823","RepoTags":["postgres:14"],"RepoDigests":["postgres@sha256:e7d3e4fdcdb4187649d50217c3a8fed20bee215cd19233004c9fb0eaeae5ecf0"],"Parent":"","Comment":"buildkit.dockerfile.v0","Created":"2024-11-14T19:06:51Z","ContainerConfig":{"Hostname":"","Domainname":"","User":"","AttachStdin":false,"AttachStdout":false,"AttachStderr":false,"Tty":false,"OpenStdin":false,"StdinOnce":false,"Env":null,"Cmd":null,"Image":"","Volumes":null,"WorkingDir":"","Entrypoint":null,"OnBuild":null,"Labels":null},"DockerVersion":"","Author":"","Config":{"Hostname":"","Domainname":"","User":"","AttachStdin":false,"AttachStdout":false,"AttachStderr":false,"ExposedPorts":{"5432/tcp":{}},"Tty":false,"OpenStdin":false,"StdinOnce":false,"Env":["PATH=/usr/local/sbin:/usr/local/bin:/usr/sbin:/usr/bin:/sbin:/bin:/usr/lib/postgresql/14/bin","GOSU_VERSION=1.17","LANG=en_US.utf8","PG_MAJOR=14","PG_VERSION=14.14-1.pgdg120+1","PGDATA=/var/lib/postgresql/data"],"Cmd":["postgres"],"ArgsEscaped":true,"Image":"","Volumes":{"/var/lib/postgresql/data":{}},"WorkingDir":"/","Entrypoint":["docker-entrypoint.sh"],"OnBuild":null,"Labels":null,"StopSignal":"SIGINT"},"Architecture":"arm64","Variant":"v8","Os":"linux","Size":444022455,"VirtualSize":444022455,"GraphDriver":{"Data":{"LowerDir":"/var/lib/docker/overlay2/ec9eca2fe54c4cf8c682696682ef5171ca0eadb9319084b8b27975e33ea6b94b/diff:/var/lib/docker/overlay2/f53ead16143c84629dd30d86264fa9de88723117092d8716ab5aabc7f1632676/diff:/var/lib/docker/overlay2/0cd2187b18a68ade270664d16eefac6b14da0ae8dfa9fd93b286f673d6a52a63/diff:/var/lib/docker/overlay2/0223142de23992bb5d1038ab101e8a860d8c2f65b526ef3386247aec9d6bd71a/diff:/var/lib/docker/overlay2/1c961e972f9055b4f09d8054f0e40f4514c61baeba63ae616532ec18e8d8386d/diff:/var/lib/docker/overlay2/ebf068793727e1ebab04e6ef1578905dfe15318b0168a3c578d580e3954cdcdb/diff:/var/lib/docker/overlay2/c2154a26379dc64a3c8419fd27da577900c31d3207f4ac20f9449244e2d1ccf5/diff:/var/lib/docker/overlay2/45119b377d35a2fb649619abb46e7773f25bd7f4cf3db6e498a5cce8d07fdb4b/diff:/var/lib/docker/overlay2/b2e2872f014746c08588106cc22c90a089d4cb0e17979c45fe26122dac705016/diff:/var/lib/docker/overlay2/12111dffba3068330cfa7e4f8b50b01e9d101b2aafce9a53d5244358d9699381/diff:/var/lib/docker/overlay2/a6facfdec66b6cb05b128c524cb7545ffcc42ada6e0b85805d0dca7b5fc562b6/diff:/var/lib/docker/overlay2/5bc28f16de5d33a825f241a7344df44c38fdee4b4b92a3c03c12fef9f5b9267f/diff:/var/lib/docker/overlay2/cd8090d3e0694780933209871d8bb89e40539207650cc44d3b0d7d2349f9cf93/diff","MergedDir":"/var/lib/docker/overlay2/f3afc115bd2803bd6d8ab756329820a4cea567df84206433def5494d9f874ecd/merged","UpperDir":"/var/lib/docker/overlay2/f3afc115bd2803bd6d8ab756329820a4cea567df84206433def5494d9f874ecd/diff","WorkDir":"/var/lib/docker/overlay2/f3afc115bd2803bd6d8ab756329820a4cea567df84206433def5494d9f874ecd/work"},"Name":"overlay2"},"RootFS":{"Type":"layers","Layers":["sha256:077584c0c75a9ed7e709ddf807892e87202ffaed0c3ada73e3ca853b425dc067","sha256:93c0bde242554b4332e00b85f424441062af24c10cf06563dfaa68d194339298","sha256:dfb6d304d606355ea08dee234bf484e5f1c70ed98fee01065518a05d41ba4511","sha256:1a071bbc27af93dd81bcce0281c3c3490c378b8d96b933f31cd556a6874903ed","sha256:b853642313b2c5ba64ceb83067c75694e0e73bd0b93e9cef1173165fb79c7405","sha256:555152033751eb92045f4de3f0dac9313da3779d494f3ce3d5a157bb9e02abf6","sha256:458965471470bbede4966a0f975e4ce5fd5ad322c01fdfda2f2b23392323ce57","sha256:d9392106fa1ebcf4ff1b2e358ee8698f6d1fb0ed167d9cc1fd6836e52a689b87","sha256:fd8745ebe6987d3aa8a8479b333b34c5afe484fa33df15f0563e4b1394d03ceb","sha256:43eac7424f6b6028844da61a8439f3f60bca7f6bd03784a5b41f0e9da976101b","sha256:bc5c56fe8e6648c7531865f44060b2c1300a9cefb290c4b853cab64f1ffe2e54","sha256:5df20f90d530d309e469d42aa0d072e04e2f12617e1da7895896efef4501b84c","sha256:7a81d060ad3db366eb9dd04d12569b1cdb214d29b86bf817cc0b28bc7bb5d8ee","sha256:d97f3d9ec7b989588a75cee5924170d6d24ee46ae5e0c331787dd67fd48b14e4"]},"Metadata":{"LastTagTime":"0001-01-01T00:00:00Z"}}[\n]"
10:40:20.935 [main] DEBUG com.github.dockerjava.zerodep.shaded.org.apache.hc.client5.http.wire -- http-outgoing-2 << "[\r][\n]"
10:40:20.935 [main] DEBUG com.github.dockerjava.zerodep.shaded.org.apache.hc.client5.http.wire -- http-outgoing-2 << "0[\r][\n]"
10:40:20.935 [main] DEBUG com.github.dockerjava.zerodep.shaded.org.apache.hc.client5.http.wire -- http-outgoing-2 << "[\r][\n]"
10:40:20.936 [main] DEBUG com.github.dockerjava.zerodep.shaded.org.apache.hc.client5.http.impl.classic.InternalHttpClient -- ep-00000013: releasing valid endpoint
10:40:20.936 [main] DEBUG com.github.dockerjava.zerodep.shaded.org.apache.hc.client5.http.impl.io.PoolingHttpClientConnectionManager -- ep-00000013: releasing endpoint
10:40:20.936 [main] DEBUG com.github.dockerjava.zerodep.shaded.org.apache.hc.client5.http.impl.io.PoolingHttpClientConnectionManager -- ep-00000013: connection http-outgoing-2 can be kept alive for 3 MINUTES
10:40:20.936 [main] DEBUG com.github.dockerjava.zerodep.shaded.org.apache.hc.client5.http.impl.io.PoolingHttpClientConnectionManager -- ep-00000013: connection released [route: {}->unix://localhost:2375][total available: 1; route allocated: 1 of 2147483647; total allocated: 1 of 2147483647]
10:40:20.936 [main] DEBUG org.testcontainers.shaded.com.github.dockerjava.core.command.AbstrDockerCmd -- Cmd: 
10:40:20.936 [main] DEBUG com.github.dockerjava.zerodep.shaded.org.apache.hc.client5.http.impl.classic.InternalHttpClient -- ex-00000015: preparing request execution
10:40:20.936 [main] DEBUG com.github.dockerjava.zerodep.shaded.org.apache.hc.client5.http.protocol.RequestAddCookies -- Cookie spec selected: strict
10:40:20.936 [main] DEBUG com.github.dockerjava.zerodep.shaded.org.apache.hc.client5.http.protocol.RequestAuthCache -- Auth cache not set in the context
10:40:20.936 [main] DEBUG com.github.dockerjava.zerodep.shaded.org.apache.hc.client5.http.impl.classic.ProtocolExec -- ex-00000015: target auth state: UNCHALLENGED
10:40:20.936 [main] DEBUG com.github.dockerjava.zerodep.shaded.org.apache.hc.client5.http.impl.classic.ProtocolExec -- ex-00000015: proxy auth state: UNCHALLENGED
10:40:20.936 [main] DEBUG com.github.dockerjava.zerodep.shaded.org.apache.hc.client5.http.impl.classic.ConnectExec -- ex-00000015: acquiring connection with route {}->unix://localhost:2375
10:40:20.936 [main] DEBUG com.github.dockerjava.zerodep.shaded.org.apache.hc.client5.http.impl.classic.InternalHttpClient -- ex-00000015: acquiring endpoint (3 MINUTES)
10:40:20.936 [main] DEBUG com.github.dockerjava.zerodep.shaded.org.apache.hc.client5.http.impl.io.PoolingHttpClientConnectionManager -- ex-00000015: endpoint lease request (3 MINUTES) [route: {}->unix://localhost:2375][total available: 1; route allocated: 1 of 2147483647; total allocated: 1 of 2147483647]
10:40:20.936 [main] DEBUG com.github.dockerjava.zerodep.shaded.org.apache.hc.client5.http.impl.io.PoolingHttpClientConnectionManager -- ex-00000015: endpoint leased [route: {}->unix://localhost:2375][total available: 0; route allocated: 1 of 2147483647; total allocated: 1 of 2147483647]
10:40:20.936 [main] DEBUG com.github.dockerjava.zerodep.shaded.org.apache.hc.client5.http.impl.io.PoolingHttpClientConnectionManager -- ex-00000015: acquired ep-00000014
10:40:20.936 [main] DEBUG com.github.dockerjava.zerodep.shaded.org.apache.hc.client5.http.impl.classic.InternalHttpClient -- ex-00000015: acquired endpoint ep-00000014
10:40:20.936 [main] DEBUG com.github.dockerjava.zerodep.shaded.org.apache.hc.client5.http.impl.classic.MainClientExec -- ex-00000015: executing GET /v1.32/version HTTP/1.1
10:40:20.936 [main] DEBUG com.github.dockerjava.zerodep.shaded.org.apache.hc.client5.http.impl.classic.InternalHttpClient -- ep-00000014: start execution ex-00000015
10:40:20.936 [main] DEBUG com.github.dockerjava.zerodep.shaded.org.apache.hc.client5.http.impl.io.PoolingHttpClientConnectionManager -- ep-00000014: executing exchange ex-00000015 over http-outgoing-2
10:40:20.936 [main] DEBUG com.github.dockerjava.zerodep.shaded.org.apache.hc.client5.http.headers -- http-outgoing-2 >> GET /v1.32/version HTTP/1.1
10:40:20.936 [main] DEBUG com.github.dockerjava.zerodep.shaded.org.apache.hc.client5.http.headers -- http-outgoing-2 >> accept: application/json
10:40:20.936 [main] DEBUG com.github.dockerjava.zerodep.shaded.org.apache.hc.client5.http.headers -- http-outgoing-2 >> x-tc-sid: f19e918b-ee3a-49e9-843b-bb73ce2bb29f
10:40:20.936 [main] DEBUG com.github.dockerjava.zerodep.shaded.org.apache.hc.client5.http.headers -- http-outgoing-2 >> User-Agent: tc-java/1.19.5
10:40:20.936 [main] DEBUG com.github.dockerjava.zerodep.shaded.org.apache.hc.client5.http.headers -- http-outgoing-2 >> Accept-Encoding: gzip, x-gzip, deflate
10:40:20.936 [main] DEBUG com.github.dockerjava.zerodep.shaded.org.apache.hc.client5.http.headers -- http-outgoing-2 >> Host: localhost:2375
10:40:20.936 [main] DEBUG com.github.dockerjava.zerodep.shaded.org.apache.hc.client5.http.headers -- http-outgoing-2 >> Connection: keep-alive
10:40:20.936 [main] DEBUG com.github.dockerjava.zerodep.shaded.org.apache.hc.client5.http.wire -- http-outgoing-2 >> "GET /v1.32/version HTTP/1.1[\r][\n]"
10:40:20.936 [main] DEBUG com.github.dockerjava.zerodep.shaded.org.apache.hc.client5.http.wire -- http-outgoing-2 >> "accept: application/json[\r][\n]"
10:40:20.936 [main] DEBUG com.github.dockerjava.zerodep.shaded.org.apache.hc.client5.http.wire -- http-outgoing-2 >> "x-tc-sid: f19e918b-ee3a-49e9-843b-bb73ce2bb29f[\r][\n]"
10:40:20.936 [main] DEBUG com.github.dockerjava.zerodep.shaded.org.apache.hc.client5.http.wire -- http-outgoing-2 >> "User-Agent: tc-java/1.19.5[\r][\n]"
10:40:20.936 [main] DEBUG com.github.dockerjava.zerodep.shaded.org.apache.hc.client5.http.wire -- http-outgoing-2 >> "Accept-Encoding: gzip, x-gzip, deflate[\r][\n]"
10:40:20.936 [main] DEBUG com.github.dockerjava.zerodep.shaded.org.apache.hc.client5.http.wire -- http-outgoing-2 >> "Host: localhost:2375[\r][\n]"
10:40:20.936 [main] DEBUG com.github.dockerjava.zerodep.shaded.org.apache.hc.client5.http.wire -- http-outgoing-2 >> "Connection: keep-alive[\r][\n]"
10:40:20.936 [main] DEBUG com.github.dockerjava.zerodep.shaded.org.apache.hc.client5.http.wire -- http-outgoing-2 >> "[\r][\n]"
10:40:20.943 [main] DEBUG com.github.dockerjava.zerodep.shaded.org.apache.hc.client5.http.wire -- http-outgoing-2 << "HTTP/1.1 200 OK[\r][\n]"
10:40:20.943 [main] DEBUG com.github.dockerjava.zerodep.shaded.org.apache.hc.client5.http.wire -- http-outgoing-2 << "Api-Version: 1.47[\r][\n]"
10:40:20.943 [main] DEBUG com.github.dockerjava.zerodep.shaded.org.apache.hc.client5.http.wire -- http-outgoing-2 << "Content-Type: application/json[\r][\n]"
10:40:20.943 [main] DEBUG com.github.dockerjava.zerodep.shaded.org.apache.hc.client5.http.wire -- http-outgoing-2 << "Date: Sat, 23 Nov 2024 18:40:20 GMT[\r][\n]"
10:40:20.943 [main] DEBUG com.github.dockerjava.zerodep.shaded.org.apache.hc.client5.http.wire -- http-outgoing-2 << "Docker-Experimental: false[\r][\n]"
10:40:20.943 [main] DEBUG com.github.dockerjava.zerodep.shaded.org.apache.hc.client5.http.wire -- http-outgoing-2 << "Ostype: linux[\r][\n]"
10:40:20.943 [main] DEBUG com.github.dockerjava.zerodep.shaded.org.apache.hc.client5.http.wire -- http-outgoing-2 << "Server: Docker/27.2.0 (linux)[\r][\n]"
10:40:20.943 [main] DEBUG com.github.dockerjava.zerodep.shaded.org.apache.hc.client5.http.wire -- http-outgoing-2 << "Transfer-Encoding: chunked[\r][\n]"
10:40:20.943 [main] DEBUG com.github.dockerjava.zerodep.shaded.org.apache.hc.client5.http.wire -- http-outgoing-2 << "[\r][\n]"
10:40:20.943 [main] DEBUG com.github.dockerjava.zerodep.shaded.org.apache.hc.client5.http.headers -- http-outgoing-2 << HTTP/1.1 200 OK
10:40:20.943 [main] DEBUG com.github.dockerjava.zerodep.shaded.org.apache.hc.client5.http.headers -- http-outgoing-2 << Api-Version: 1.47
10:40:20.943 [main] DEBUG com.github.dockerjava.zerodep.shaded.org.apache.hc.client5.http.headers -- http-outgoing-2 << Content-Type: application/json
10:40:20.943 [main] DEBUG com.github.dockerjava.zerodep.shaded.org.apache.hc.client5.http.headers -- http-outgoing-2 << Date: Sat, 23 Nov 2024 18:40:20 GMT
10:40:20.943 [main] DEBUG com.github.dockerjava.zerodep.shaded.org.apache.hc.client5.http.headers -- http-outgoing-2 << Docker-Experimental: false
10:40:20.943 [main] DEBUG com.github.dockerjava.zerodep.shaded.org.apache.hc.client5.http.headers -- http-outgoing-2 << Ostype: linux
10:40:20.943 [main] DEBUG com.github.dockerjava.zerodep.shaded.org.apache.hc.client5.http.headers -- http-outgoing-2 << Server: Docker/27.2.0 (linux)
10:40:20.943 [main] DEBUG com.github.dockerjava.zerodep.shaded.org.apache.hc.client5.http.headers -- http-outgoing-2 << Transfer-Encoding: chunked
10:40:20.943 [main] DEBUG com.github.dockerjava.zerodep.shaded.org.apache.hc.client5.http.impl.classic.MainClientExec -- ex-00000015: connection can be kept alive for 3 MINUTES
10:40:20.943 [main] DEBUG com.github.dockerjava.zerodep.shaded.org.apache.hc.client5.http.wire -- http-outgoing-2 << "33b[\r][\n]"
10:40:20.943 [main] DEBUG com.github.dockerjava.zerodep.shaded.org.apache.hc.client5.http.wire -- http-outgoing-2 << "{"Platform":{"Name":"Docker Desktop 4.34.2 (167172)"},"Components":[{"Name":"Engine","Version":"27.2.0","Details":{"ApiVersion":"1.47","Arch":"arm64","BuildTime":"2024-08-27T14:15:41.000000000+00:00","Experimental":"false","GitCommit":"3ab5c7d","GoVersion":"go1.21.13","KernelVersion":"6.10.4-linuxkit","MinAPIVersion":"1.24","Os":"linux"}},{"Name":"containerd","Version":"1.7.20","Details":{"GitCommit":"8fc6bcff51318944179630522a095cc9dbf9f353"}},{"Name":"runc","Version":"1.1.13","Details":{"GitCommit":"v1.1.13-0-g58aa920"}},{"Name":"docker-init","Version":"0.19.0","Details":{"GitCommit":"de40ad0"}}],"Version":"27.2.0","ApiVersion":"1.47","MinAPIVersion":"1.24","GitCommit":"3ab5c7d","GoVersion":"go1.21.13","Os":"linux","Arch":"arm64","KernelVersion":"6.10.4-linuxkit","BuildTime":"2024-08-27T14:15:41.000000000+00:00"}[\n]"
10:40:20.943 [main] DEBUG com.github.dockerjava.zerodep.shaded.org.apache.hc.client5.http.wire -- http-outgoing-2 << "[\r][\n]"
10:40:20.943 [main] DEBUG com.github.dockerjava.zerodep.shaded.org.apache.hc.client5.http.wire -- http-outgoing-2 << "0[\r][\n]"
10:40:20.943 [main] DEBUG com.github.dockerjava.zerodep.shaded.org.apache.hc.client5.http.wire -- http-outgoing-2 << "[\r][\n]"
10:40:20.943 [main] DEBUG com.github.dockerjava.zerodep.shaded.org.apache.hc.client5.http.impl.classic.InternalHttpClient -- ep-00000014: releasing valid endpoint
10:40:20.944 [main] DEBUG com.github.dockerjava.zerodep.shaded.org.apache.hc.client5.http.impl.io.PoolingHttpClientConnectionManager -- ep-00000014: releasing endpoint
10:40:20.944 [main] DEBUG com.github.dockerjava.zerodep.shaded.org.apache.hc.client5.http.impl.io.PoolingHttpClientConnectionManager -- ep-00000014: connection http-outgoing-2 can be kept alive for 3 MINUTES
10:40:20.944 [main] DEBUG com.github.dockerjava.zerodep.shaded.org.apache.hc.client5.http.impl.io.PoolingHttpClientConnectionManager -- ep-00000014: connection released [route: {}->unix://localhost:2375][total available: 1; route allocated: 1 of 2147483647; total allocated: 1 of 2147483647]
10:40:20.944 [docker-java-stream-178181167] DEBUG com.github.dockerjava.zerodep.shaded.org.apache.hc.client5.http.impl.classic.InternalHttpClient -- ex-00000016: preparing request execution
10:40:20.944 [docker-java-stream-178181167] DEBUG com.github.dockerjava.zerodep.shaded.org.apache.hc.client5.http.protocol.RequestAddCookies -- Cookie spec selected: strict
10:40:20.944 [docker-java-stream-178181167] DEBUG com.github.dockerjava.zerodep.shaded.org.apache.hc.client5.http.protocol.RequestAuthCache -- Auth cache not set in the context
10:40:20.944 [docker-java-stream-178181167] DEBUG com.github.dockerjava.zerodep.shaded.org.apache.hc.client5.http.impl.classic.ProtocolExec -- ex-00000016: target auth state: UNCHALLENGED
10:40:20.944 [docker-java-stream-178181167] DEBUG com.github.dockerjava.zerodep.shaded.org.apache.hc.client5.http.impl.classic.ProtocolExec -- ex-00000016: proxy auth state: UNCHALLENGED
10:40:20.944 [docker-java-stream-178181167] DEBUG com.github.dockerjava.zerodep.shaded.org.apache.hc.client5.http.impl.classic.ConnectExec -- ex-00000016: acquiring connection with route {}->unix://localhost:2375
10:40:20.944 [docker-java-stream-178181167] DEBUG com.github.dockerjava.zerodep.shaded.org.apache.hc.client5.http.impl.classic.InternalHttpClient -- ex-00000016: acquiring endpoint (3 MINUTES)
10:40:20.944 [docker-java-stream-178181167] DEBUG com.github.dockerjava.zerodep.shaded.org.apache.hc.client5.http.impl.io.PoolingHttpClientConnectionManager -- ex-00000016: endpoint lease request (3 MINUTES) [route: {}->unix://localhost:2375][total available: 1; route allocated: 1 of 2147483647; total allocated: 1 of 2147483647]
10:40:20.944 [docker-java-stream-178181167] DEBUG com.github.dockerjava.zerodep.shaded.org.apache.hc.client5.http.impl.io.PoolingHttpClientConnectionManager -- ex-00000016: endpoint leased [route: {}->unix://localhost:2375][total available: 0; route allocated: 1 of 2147483647; total allocated: 1 of 2147483647]
10:40:20.944 [docker-java-stream-178181167] DEBUG com.github.dockerjava.zerodep.shaded.org.apache.hc.client5.http.impl.io.PoolingHttpClientConnectionManager -- ex-00000016: acquired ep-00000015
10:40:20.944 [docker-java-stream-178181167] DEBUG com.github.dockerjava.zerodep.shaded.org.apache.hc.client5.http.impl.classic.InternalHttpClient -- ex-00000016: acquired endpoint ep-00000015
10:40:20.944 [docker-java-stream-178181167] DEBUG com.github.dockerjava.zerodep.shaded.org.apache.hc.client5.http.impl.classic.MainClientExec -- ex-00000016: executing GET /v1.32/containers/e9021687ccb9ae37517c7e65b9eee4168fcf9d52e6385a1110799315d6a5aa76/logs?stdout=true&stderr=true&follow=true&since=0 HTTP/1.1
10:40:20.944 [docker-java-stream-178181167] DEBUG com.github.dockerjava.zerodep.shaded.org.apache.hc.client5.http.impl.classic.InternalHttpClient -- ep-00000015: start execution ex-00000016
10:40:20.944 [docker-java-stream-178181167] DEBUG com.github.dockerjava.zerodep.shaded.org.apache.hc.client5.http.impl.io.PoolingHttpClientConnectionManager -- ep-00000015: executing exchange ex-00000016 over http-outgoing-2
10:40:20.945 [docker-java-stream-178181167] DEBUG com.github.dockerjava.zerodep.shaded.org.apache.hc.client5.http.headers -- http-outgoing-2 >> GET /v1.32/containers/e9021687ccb9ae37517c7e65b9eee4168fcf9d52e6385a1110799315d6a5aa76/logs?stdout=true&stderr=true&follow=true&since=0 HTTP/1.1
10:40:20.945 [docker-java-stream-178181167] DEBUG com.github.dockerjava.zerodep.shaded.org.apache.hc.client5.http.headers -- http-outgoing-2 >> x-tc-sid: f19e918b-ee3a-49e9-843b-bb73ce2bb29f
10:40:20.945 [docker-java-stream-178181167] DEBUG com.github.dockerjava.zerodep.shaded.org.apache.hc.client5.http.headers -- http-outgoing-2 >> User-Agent: tc-java/1.19.5
10:40:20.945 [docker-java-stream-178181167] DEBUG com.github.dockerjava.zerodep.shaded.org.apache.hc.client5.http.headers -- http-outgoing-2 >> Accept-Encoding: gzip, x-gzip, deflate
10:40:20.945 [docker-java-stream-178181167] DEBUG com.github.dockerjava.zerodep.shaded.org.apache.hc.client5.http.headers -- http-outgoing-2 >> Host: localhost:2375
10:40:20.945 [docker-java-stream-178181167] DEBUG com.github.dockerjava.zerodep.shaded.org.apache.hc.client5.http.headers -- http-outgoing-2 >> Connection: keep-alive
10:40:20.945 [docker-java-stream-178181167] DEBUG com.github.dockerjava.zerodep.shaded.org.apache.hc.client5.http.wire -- http-outgoing-2 >> "GET /v1.32/containers/e9021687ccb9ae37517c7e65b9eee4168fcf9d52e6385a1110799315d6a5aa76/logs?stdout=true&stderr=true&follow=true&since=0 HTTP/1.1[\r][\n]"
10:40:20.945 [docker-java-stream-178181167] DEBUG com.github.dockerjava.zerodep.shaded.org.apache.hc.client5.http.wire -- http-outgoing-2 >> "x-tc-sid: f19e918b-ee3a-49e9-843b-bb73ce2bb29f[\r][\n]"
10:40:20.945 [docker-java-stream-178181167] DEBUG com.github.dockerjava.zerodep.shaded.org.apache.hc.client5.http.wire -- http-outgoing-2 >> "User-Agent: tc-java/1.19.5[\r][\n]"
10:40:20.945 [docker-java-stream-178181167] DEBUG com.github.dockerjava.zerodep.shaded.org.apache.hc.client5.http.wire -- http-outgoing-2 >> "Accept-Encoding: gzip, x-gzip, deflate[\r][\n]"
10:40:20.945 [docker-java-stream-178181167] DEBUG com.github.dockerjava.zerodep.shaded.org.apache.hc.client5.http.wire -- http-outgoing-2 >> "Host: localhost:2375[\r][\n]"
10:40:20.945 [docker-java-stream-178181167] DEBUG com.github.dockerjava.zerodep.shaded.org.apache.hc.client5.http.wire -- http-outgoing-2 >> "Connection: keep-alive[\r][\n]"
10:40:20.945 [docker-java-stream-178181167] DEBUG com.github.dockerjava.zerodep.shaded.org.apache.hc.client5.http.wire -- http-outgoing-2 >> "[\r][\n]"
10:40:20.946 [docker-java-stream-178181167] DEBUG com.github.dockerjava.zerodep.shaded.org.apache.hc.client5.http.wire -- http-outgoing-2 << "HTTP/1.1 200 OK[\r][\n]"
10:40:20.946 [docker-java-stream-178181167] DEBUG com.github.dockerjava.zerodep.shaded.org.apache.hc.client5.http.wire -- http-outgoing-2 << "Api-Version: 1.47[\r][\n]"
10:40:20.946 [docker-java-stream-178181167] DEBUG com.github.dockerjava.zerodep.shaded.org.apache.hc.client5.http.wire -- http-outgoing-2 << "Content-Type: application/vnd.docker.raw-stream[\r][\n]"
10:40:20.946 [docker-java-stream-178181167] DEBUG com.github.dockerjava.zerodep.shaded.org.apache.hc.client5.http.wire -- http-outgoing-2 << "Date: Sat, 23 Nov 2024 18:40:20 GMT[\r][\n]"
10:40:20.946 [docker-java-stream-178181167] DEBUG com.github.dockerjava.zerodep.shaded.org.apache.hc.client5.http.wire -- http-outgoing-2 << "Docker-Experimental: false[\r][\n]"
10:40:20.946 [docker-java-stream-178181167] DEBUG com.github.dockerjava.zerodep.shaded.org.apache.hc.client5.http.wire -- http-outgoing-2 << "Ostype: linux[\r][\n]"
10:40:20.946 [docker-java-stream-178181167] DEBUG com.github.dockerjava.zerodep.shaded.org.apache.hc.client5.http.wire -- http-outgoing-2 << "Server: Docker/27.2.0 (linux)[\r][\n]"
10:40:20.946 [docker-java-stream-178181167] DEBUG com.github.dockerjava.zerodep.shaded.org.apache.hc.client5.http.wire -- http-outgoing-2 << "Transfer-Encoding: chunked[\r][\n]"
10:40:20.946 [docker-java-stream-178181167] DEBUG com.github.dockerjava.zerodep.shaded.org.apache.hc.client5.http.wire -- http-outgoing-2 << "[\r][\n]"
10:40:20.946 [docker-java-stream-178181167] DEBUG com.github.dockerjava.zerodep.shaded.org.apache.hc.client5.http.headers -- http-outgoing-2 << HTTP/1.1 200 OK
10:40:20.946 [docker-java-stream-178181167] DEBUG com.github.dockerjava.zerodep.shaded.org.apache.hc.client5.http.headers -- http-outgoing-2 << Api-Version: 1.47
10:40:20.946 [docker-java-stream-178181167] DEBUG com.github.dockerjava.zerodep.shaded.org.apache.hc.client5.http.headers -- http-outgoing-2 << Content-Type: application/vnd.docker.raw-stream
10:40:20.946 [docker-java-stream-178181167] DEBUG com.github.dockerjava.zerodep.shaded.org.apache.hc.client5.http.headers -- http-outgoing-2 << Date: Sat, 23 Nov 2024 18:40:20 GMT
10:40:20.946 [docker-java-stream-178181167] DEBUG com.github.dockerjava.zerodep.shaded.org.apache.hc.client5.http.headers -- http-outgoing-2 << Docker-Experimental: false
10:40:20.946 [docker-java-stream-178181167] DEBUG com.github.dockerjava.zerodep.shaded.org.apache.hc.client5.http.headers -- http-outgoing-2 << Ostype: linux
10:40:20.946 [docker-java-stream-178181167] DEBUG com.github.dockerjava.zerodep.shaded.org.apache.hc.client5.http.headers -- http-outgoing-2 << Server: Docker/27.2.0 (linux)
10:40:20.946 [docker-java-stream-178181167] DEBUG com.github.dockerjava.zerodep.shaded.org.apache.hc.client5.http.headers -- http-outgoing-2 << Transfer-Encoding: chunked
10:40:20.946 [docker-java-stream-178181167] DEBUG com.github.dockerjava.zerodep.shaded.org.apache.hc.client5.http.impl.classic.MainClientExec -- ex-00000016: connection can be kept alive for 3 MINUTES
10:40:20.949 [docker-java-stream-178181167] DEBUG com.github.dockerjava.zerodep.shaded.org.apache.hc.client5.http.wire -- http-outgoing-2 << "265[\r][\n]"
10:40:20.949 [docker-java-stream-178181167] DEBUG com.github.dockerjava.zerodep.shaded.org.apache.hc.client5.http.wire -- http-outgoing-2 << "[0x1][0x0][0x0][0x0][0x0][0x0][0x0]NThe files belonging to this database system will be owned by user "postgres".[\n]"
10:40:20.949 [docker-java-stream-178181167] DEBUG com.github.dockerjava.zerodep.shaded.org.apache.hc.client5.http.wire -- http-outgoing-2 << "[0x1][0x0][0x0][0x0][0x0][0x0][0x0],This user must also own the server process.[\n]"
10:40:20.949 [docker-java-stream-178181167] DEBUG com.github.dockerjava.zerodep.shaded.org.apache.hc.client5.http.wire -- http-outgoing-2 << "[0x1][0x0][0x0][0x0][0x0][0x0][0x0][0x1][\n]"
10:40:20.949 [docker-java-stream-178181167] DEBUG com.github.dockerjava.zerodep.shaded.org.apache.hc.client5.http.wire -- http-outgoing-2 << "[0x1][0x0][0x0][0x0][0x0][0x0][0x0]CThe database cluster will be initialized with locale "en_US.utf8".[\n]"
10:40:20.949 [docker-java-stream-178181167] DEBUG com.github.dockerjava.zerodep.shaded.org.apache.hc.client5.http.wire -- http-outgoing-2 << "[0x1][0x0][0x0][0x0][0x0][0x0][0x0]BThe default database encoding has accordingly been set to "UTF8".[\n]"
10:40:20.949 [docker-java-stream-178181167] DEBUG com.github.dockerjava.zerodep.shaded.org.apache.hc.client5.http.wire -- http-outgoing-2 << "[0x1][0x0][0x0][0x0][0x0][0x0][0x0]@The default text search configuration will be set to "english".[\n]"
10:40:20.949 [docker-java-stream-178181167] DEBUG com.github.dockerjava.zerodep.shaded.org.apache.hc.client5.http.wire -- http-outgoing-2 << "[0x1][0x0][0x0][0x0][0x0][0x0][0x0][0x1][\n]"
10:40:20.949 [docker-java-stream-178181167] DEBUG com.github.dockerjava.zerodep.shaded.org.apache.hc.client5.http.wire -- http-outgoing-2 << "[0x1][0x0][0x0][0x0][0x0][0x0][0x0]"Data page checksums are disabled.[\n]"
10:40:20.949 [docker-java-stream-178181167] DEBUG com.github.dockerjava.zerodep.shaded.org.apache.hc.client5.http.wire -- http-outgoing-2 << "[0x1][0x0][0x0][0x0][0x0][0x0][0x0][0x1][\n]"
10:40:20.949 [docker-java-stream-178181167] DEBUG com.github.dockerjava.zerodep.shaded.org.apache.hc.client5.http.wire -- http-outgoing-2 << "[0x1][0x0][0x0][0x0][0x0][0x0][0x0]Ifixing permissions on existing directory /var/lib/postgresql/data ... ok[\n]"
10:40:20.949 [docker-java-stream-178181167] DEBUG com.github.dockerjava.zerodep.shaded.org.apache.hc.client5.http.wire -- http-outgoing-2 << "[0x1][0x0][0x0][0x0][0x0][0x0][0x0][0x1f]creating subdirectories ... ok[\n]"
10:40:20.949 [docker-java-stream-178181167] DEBUG com.github.dockerjava.zerodep.shaded.org.apache.hc.client5.http.wire -- http-outgoing-2 << "[0x1][0x0][0x0][0x0][0x0][0x0][0x0]9selecting dynamic shared memory implementation ... posix[\n]"
10:40:20.949 [docker-java-stream-178181167] DEBUG com.github.dockerjava.zerodep.shaded.org.apache.hc.client5.http.wire -- http-outgoing-2 << "[\r][\n]"
10:40:20.949 [main] DEBUG org.testcontainers.containers.output.WaitingConsumer -- STDOUT: This user must also own the server process.
10:40:20.949 [main] DEBUG org.testcontainers.containers.output.WaitingConsumer -- STDOUT: fixing permissions on existing directory /var/lib/postgresql/data ... ok
10:40:20.949 [main] DEBUG org.testcontainers.containers.output.WaitingConsumer -- STDOUT: selecting dynamic shared memory implementation ... posix
10:40:20.950 [main] DEBUG org.testcontainers.containers.output.WaitingConsumer -- STDOUT: creating subdirectories ... ok
10:40:20.950 [main] DEBUG org.testcontainers.containers.output.WaitingConsumer -- STDOUT: 
10:40:20.950 [main] DEBUG org.testcontainers.containers.output.WaitingConsumer -- STDOUT: Data page checksums are disabled.
10:40:20.950 [main] DEBUG org.testcontainers.containers.output.WaitingConsumer -- STDOUT: 
10:40:20.950 [main] DEBUG org.testcontainers.containers.output.WaitingConsumer -- STDOUT: The default text search configuration will be set to "english".
10:40:20.950 [main] DEBUG org.testcontainers.containers.output.WaitingConsumer -- STDOUT: The default database encoding has accordingly been set to "UTF8".
10:40:20.950 [main] DEBUG org.testcontainers.containers.output.WaitingConsumer -- STDOUT: The database cluster will be initialized with locale "en_US.utf8".
10:40:20.950 [main] DEBUG org.testcontainers.containers.output.WaitingConsumer -- STDOUT: 
10:40:20.950 [main] DEBUG org.testcontainers.containers.output.WaitingConsumer -- STDOUT: The files belonging to this database system will be owned by user "postgres".
10:40:20.957 [docker-java-stream-178181167] DEBUG com.github.dockerjava.zerodep.shaded.org.apache.hc.client5.http.wire -- http-outgoing-2 << "32[\r][\n]"
10:40:20.957 [docker-java-stream-178181167] DEBUG com.github.dockerjava.zerodep.shaded.org.apache.hc.client5.http.wire -- http-outgoing-2 << "[0x1][0x0][0x0][0x0][0x0][0x0][0x0]*selecting default max_connections ... 100[\n]"
10:40:20.957 [docker-java-stream-178181167] DEBUG com.github.dockerjava.zerodep.shaded.org.apache.hc.client5.http.wire -- http-outgoing-2 << "[\r][\n]"
10:40:20.962 [main] DEBUG org.testcontainers.containers.output.WaitingConsumer -- STDOUT: selecting default max_connections ... 100
10:40:20.966 [docker-java-stream-178181167] DEBUG com.github.dockerjava.zerodep.shaded.org.apache.hc.client5.http.wire -- http-outgoing-2 << "33[\r][\n]"
10:40:20.966 [docker-java-stream-178181167] DEBUG com.github.dockerjava.zerodep.shaded.org.apache.hc.client5.http.wire -- http-outgoing-2 << "[0x1][0x0][0x0][0x0][0x0][0x0][0x0]+selecting default shared_buffers ... 128MB[\n]"
10:40:20.966 [docker-java-stream-178181167] DEBUG com.github.dockerjava.zerodep.shaded.org.apache.hc.client5.http.wire -- http-outgoing-2 << "[\r][\n]"
10:40:20.971 [docker-java-stream-178181167] DEBUG com.github.dockerjava.zerodep.shaded.org.apache.hc.client5.http.wire -- http-outgoing-2 << "30[\r][\n]"
10:40:20.971 [docker-java-stream-178181167] DEBUG com.github.dockerjava.zerodep.shaded.org.apache.hc.client5.http.wire -- http-outgoing-2 << "[0x1][0x0][0x0][0x0][0x0][0x0][0x0](selecting default time zone ... Etc/UTC[\n]"
10:40:20.971 [docker-java-stream-178181167] DEBUG com.github.dockerjava.zerodep.shaded.org.apache.hc.client5.http.wire -- http-outgoing-2 << "[\r][\n]"
10:40:20.971 [docker-java-stream-178181167] DEBUG com.github.dockerjava.zerodep.shaded.org.apache.hc.client5.http.wire -- http-outgoing-2 << "2c[\r][\n]"
10:40:20.971 [docker-java-stream-178181167] DEBUG com.github.dockerjava.zerodep.shaded.org.apache.hc.client5.http.wire -- http-outgoing-2 << "[0x1][0x0][0x0][0x0][0x0][0x0][0x0]$creating configuration files ... ok[\n]"
10:40:20.971 [docker-java-stream-178181167] DEBUG com.github.dockerjava.zerodep.shaded.org.apache.hc.client5.http.wire -- http-outgoing-2 << "[\r][\n]"
10:40:20.975 [main] DEBUG org.testcontainers.containers.output.WaitingConsumer -- STDOUT: creating configuration files ... ok
10:40:20.975 [main] DEBUG org.testcontainers.containers.output.WaitingConsumer -- STDOUT: selecting default time zone ... Etc/UTC
10:40:20.975 [main] DEBUG org.testcontainers.containers.output.WaitingConsumer -- STDOUT: selecting default shared_buffers ... 128MB
10:40:21.040 [docker-java-stream-178181167] DEBUG com.github.dockerjava.zerodep.shaded.org.apache.hc.client5.http.wire -- http-outgoing-2 << "28[\r][\n]"
10:40:21.040 [docker-java-stream-178181167] DEBUG com.github.dockerjava.zerodep.shaded.org.apache.hc.client5.http.wire -- http-outgoing-2 << "[0x1][0x0][0x0][0x0][0x0][0x0][0x0] running bootstrap script ... ok[\n]"
10:40:21.040 [docker-java-stream-178181167] DEBUG com.github.dockerjava.zerodep.shaded.org.apache.hc.client5.http.wire -- http-outgoing-2 << "[\r][\n]"
10:40:21.040 [main] DEBUG org.testcontainers.containers.output.WaitingConsumer -- STDOUT: running bootstrap script ... ok
10:40:21.250 [docker-java-stream-178181167] DEBUG com.github.dockerjava.zerodep.shaded.org.apache.hc.client5.http.wire -- http-outgoing-2 << "38[\r][\n]"
10:40:21.251 [docker-java-stream-178181167] DEBUG com.github.dockerjava.zerodep.shaded.org.apache.hc.client5.http.wire -- http-outgoing-2 << "[0x1][0x0][0x0][0x0][0x0][0x0][0x0]0performing post-bootstrap initialization ... ok[\n]"
10:40:21.251 [docker-java-stream-178181167] DEBUG com.github.dockerjava.zerodep.shaded.org.apache.hc.client5.http.wire -- http-outgoing-2 << "[\r][\n]"
10:40:21.251 [main] DEBUG org.testcontainers.containers.output.WaitingConsumer -- STDOUT: performing post-bootstrap initialization ... ok
10:40:21.305 [docker-java-stream-178181167] DEBUG com.github.dockerjava.zerodep.shaded.org.apache.hc.client5.http.wire -- http-outgoing-2 << "1a7[\r][\n]"
10:40:21.305 [docker-java-stream-178181167] DEBUG com.github.dockerjava.zerodep.shaded.org.apache.hc.client5.http.wire -- http-outgoing-2 << "[0x2][0x0][0x0][0x0][0x0][0x0][0x0]Ginitdb: warning: enabling "trust" authentication for local connections[\n]"
10:40:21.305 [docker-java-stream-178181167] DEBUG com.github.dockerjava.zerodep.shaded.org.apache.hc.client5.http.wire -- http-outgoing-2 << "[0x2][0x0][0x0][0x0][0x0][0x0][0x0]FYou can change this by editing pg_hba.conf or using the option -A, or[\n]"
10:40:21.306 [docker-java-stream-178181167] DEBUG com.github.dockerjava.zerodep.shaded.org.apache.hc.client5.http.wire -- http-outgoing-2 << "[0x2][0x0][0x0][0x0][0x0][0x0][0x0]<--auth-local and --auth-host, the next time you run initdb.[\n]"
10:40:21.306 [docker-java-stream-178181167] DEBUG com.github.dockerjava.zerodep.shaded.org.apache.hc.client5.http.wire -- http-outgoing-2 << "[0x1][0x0][0x0][0x0][0x0][0x0][0x0][0x1c]syncing data to disk ... ok[\n]"
10:40:21.306 [docker-java-stream-178181167] DEBUG com.github.dockerjava.zerodep.shaded.org.apache.hc.client5.http.wire -- http-outgoing-2 << "[0x1][0x0][0x0][0x0][0x0][0x0][0x0][0x1][\n]"
10:40:21.306 [docker-java-stream-178181167] DEBUG com.github.dockerjava.zerodep.shaded.org.apache.hc.client5.http.wire -- http-outgoing-2 << "[0x1][0x0][0x0][0x0][0x0][0x0][0x0][0x1][\n]"
10:40:21.306 [docker-java-stream-178181167] DEBUG com.github.dockerjava.zerodep.shaded.org.apache.hc.client5.http.wire -- http-outgoing-2 << "[0x1][0x0][0x0][0x0][0x0][0x0][0x0]6Success. You can now start the database server using:[\n]"
10:40:21.306 [docker-java-stream-178181167] DEBUG com.github.dockerjava.zerodep.shaded.org.apache.hc.client5.http.wire -- http-outgoing-2 << "[0x1][0x0][0x0][0x0][0x0][0x0][0x0][0x1][\n]"
10:40:21.306 [docker-java-stream-178181167] DEBUG com.github.dockerjava.zerodep.shaded.org.apache.hc.client5.http.wire -- http-outgoing-2 << "[0x1][0x0][0x0][0x0][0x0][0x0][0x0]8    pg_ctl -D /var/lib/postgresql/data -l logfile start[\n]"
10:40:21.306 [docker-java-stream-178181167] DEBUG com.github.dockerjava.zerodep.shaded.org.apache.hc.client5.http.wire -- http-outgoing-2 << "[0x1][0x0][0x0][0x0][0x0][0x0][0x0][0x1][\n]"
10:40:21.306 [docker-java-stream-178181167] DEBUG com.github.dockerjava.zerodep.shaded.org.apache.hc.client5.http.wire -- http-outgoing-2 << "[\r][\n]"
10:40:21.306 [main] DEBUG org.testcontainers.containers.output.WaitingConsumer -- STDERR: initdb: warning: enabling "trust" authentication for local connections
10:40:21.306 [main] DEBUG org.testcontainers.containers.output.WaitingConsumer -- STDOUT:     pg_ctl -D /var/lib/postgresql/data -l logfile start
10:40:21.306 [main] DEBUG org.testcontainers.containers.output.WaitingConsumer -- STDOUT: 
10:40:21.306 [main] DEBUG org.testcontainers.containers.output.WaitingConsumer -- STDOUT: 
10:40:21.306 [main] DEBUG org.testcontainers.containers.output.WaitingConsumer -- STDOUT: Success. You can now start the database server using:
10:40:21.306 [main] DEBUG org.testcontainers.containers.output.WaitingConsumer -- STDOUT: 
10:40:21.306 [main] DEBUG org.testcontainers.containers.output.WaitingConsumer -- STDOUT: 
10:40:21.307 [main] DEBUG org.testcontainers.containers.output.WaitingConsumer -- STDOUT: syncing data to disk ... ok
10:40:21.307 [main] DEBUG org.testcontainers.containers.output.WaitingConsumer -- STDERR: --auth-local and --auth-host, the next time you run initdb.
10:40:21.307 [main] DEBUG org.testcontainers.containers.output.WaitingConsumer -- STDERR: You can change this by editing pg_hba.conf or using the option -A, or
10:40:21.327 [docker-java-stream-178181167] DEBUG com.github.dockerjava.zerodep.shaded.org.apache.hc.client5.http.wire -- http-outgoing-2 << "13f[\r][\n]"
10:40:21.327 [docker-java-stream-178181167] DEBUG com.github.dockerjava.zerodep.shaded.org.apache.hc.client5.http.wire -- http-outgoing-2 << "[0x1][0x0][0x0][0x0][0x0][0x0][0x0][0xffffffcb]waiting for server to start....2024-11-23 18:40:21.326 UTC [48] LOG:  starting PostgreSQL 14.14 (Debian 14.14-1.pgdg120+1) on aarch64-unknown-linux-gnu, compiled by gcc (Debian 12.2.0-14) 12.2.0, 64-bit[\n]"
10:40:21.327 [docker-java-stream-178181167] DEBUG com.github.dockerjava.zerodep.shaded.org.apache.hc.client5.http.wire -- http-outgoing-2 << "[0x1][0x0][0x0][0x0][0x0][0x0][0x0]d2024-11-23 18:40:21.326 UTC [48] LOG:  listening on Unix socket "/var/run/postgresql/.s.PGSQL.5432"[\n]"
10:40:21.327 [docker-java-stream-178181167] DEBUG com.github.dockerjava.zerodep.shaded.org.apache.hc.client5.http.wire -- http-outgoing-2 << "[\r][\n]"
10:40:21.327 [main] DEBUG org.testcontainers.containers.output.WaitingConsumer -- STDOUT: waiting for server to start....2024-11-23 18:40:21.326 UTC [48] LOG:  starting PostgreSQL 14.14 (Debian 14.14-1.pgdg120+1) on aarch64-unknown-linux-gnu, compiled by gcc (Debian 12.2.0-14) 12.2.0, 64-bit
10:40:21.327 [docker-java-stream-178181167] DEBUG com.github.dockerjava.zerodep.shaded.org.apache.hc.client5.http.wire -- http-outgoing-2 << "68[\r][\n]"
10:40:21.327 [main] DEBUG org.testcontainers.containers.output.WaitingConsumer -- STDOUT: 2024-11-23 18:40:21.326 UTC [48] LOG:  listening on Unix socket "/var/run/postgresql/.s.PGSQL.5432"
10:40:21.327 [docker-java-stream-178181167] DEBUG com.github.dockerjava.zerodep.shaded.org.apache.hc.client5.http.wire -- http-outgoing-2 << "[0x1][0x0][0x0][0x0][0x0][0x0][0x0]`2024-11-23 18:40:21.326 UTC [49] LOG:  database system was shut down at 2024-11-23 18:40:21 UTC[\n]"
10:40:21.328 [docker-java-stream-178181167] DEBUG com.github.dockerjava.zerodep.shaded.org.apache.hc.client5.http.wire -- http-outgoing-2 << "[\r][\n]"
10:40:21.329 [docker-java-stream-178181167] DEBUG com.github.dockerjava.zerodep.shaded.org.apache.hc.client5.http.wire -- http-outgoing-2 << "5e[\r][\n]"
10:40:21.329 [docker-java-stream-178181167] DEBUG com.github.dockerjava.zerodep.shaded.org.apache.hc.client5.http.wire -- http-outgoing-2 << "[0x1][0x0][0x0][0x0][0x0][0x0][0x0]V2024-11-23 18:40:21.328 UTC [48] LOG:  database system is ready to accept connections[\n]"
10:40:21.329 [docker-java-stream-178181167] DEBUG com.github.dockerjava.zerodep.shaded.org.apache.hc.client5.http.wire -- http-outgoing-2 << "[\r][\n]"
10:40:21.340 [main] DEBUG org.testcontainers.containers.output.WaitingConsumer -- STDOUT: 2024-11-23 18:40:21.328 UTC [48] LOG:  database system is ready to accept connections
10:40:21.340 [main] DEBUG org.testcontainers.containers.output.WaitingConsumer -- STDOUT: 2024-11-23 18:40:21.326 UTC [49] LOG:  database system was shut down at 2024-11-23 18:40:21 UTC
10:40:21.423 [docker-java-stream-178181167] DEBUG com.github.dockerjava.zerodep.shaded.org.apache.hc.client5.http.wire -- http-outgoing-2 << "25[\r][\n]"
10:40:21.424 [docker-java-stream-178181167] DEBUG com.github.dockerjava.zerodep.shaded.org.apache.hc.client5.http.wire -- http-outgoing-2 << "[0x1][0x0][0x0][0x0][0x0][0x0][0x0][0x6] done[\n]"
10:40:21.424 [docker-java-stream-178181167] DEBUG com.github.dockerjava.zerodep.shaded.org.apache.hc.client5.http.wire -- http-outgoing-2 << "[0x1][0x0][0x0][0x0][0x0][0x0][0x0][0xf]server started[\n]"
10:40:21.424 [docker-java-stream-178181167] DEBUG com.github.dockerjava.zerodep.shaded.org.apache.hc.client5.http.wire -- http-outgoing-2 << "[\r][\n]"
10:40:21.424 [main] DEBUG org.testcontainers.containers.output.WaitingConsumer -- STDOUT: server started
10:40:21.424 [main] DEBUG org.testcontainers.containers.output.WaitingConsumer -- STDOUT:  done
10:40:21.469 [docker-java-stream-178181167] DEBUG com.github.dockerjava.zerodep.shaded.org.apache.hc.client5.http.wire -- http-outgoing-2 << "18[\r][\n]"
10:40:21.469 [docker-java-stream-178181167] DEBUG com.github.dockerjava.zerodep.shaded.org.apache.hc.client5.http.wire -- http-outgoing-2 << "[0x1][0x0][0x0][0x0][0x0][0x0][0x0][0x10]CREATE DATABASE[\n]"
10:40:21.469 [docker-java-stream-178181167] DEBUG com.github.dockerjava.zerodep.shaded.org.apache.hc.client5.http.wire -- http-outgoing-2 << "[\r][\n]"
10:40:21.469 [main] DEBUG org.testcontainers.containers.output.WaitingConsumer -- STDOUT: CREATE DATABASE
10:40:21.469 [docker-java-stream-178181167] DEBUG com.github.dockerjava.zerodep.shaded.org.apache.hc.client5.http.wire -- http-outgoing-2 << "6f[\r][\n]"
10:40:21.469 [docker-java-stream-178181167] DEBUG com.github.dockerjava.zerodep.shaded.org.apache.hc.client5.http.wire -- http-outgoing-2 << "[0x1][0x0][0x0][0x0][0x0][0x0][0x0][0x1][\n]"
10:40:21.469 [docker-java-stream-178181167] DEBUG com.github.dockerjava.zerodep.shaded.org.apache.hc.client5.http.wire -- http-outgoing-2 << "[0x1][0x0][0x0][0x0][0x0][0x0][0x0][0x1][\n]"
10:40:21.469 [docker-java-stream-178181167] DEBUG com.github.dockerjava.zerodep.shaded.org.apache.hc.client5.http.wire -- http-outgoing-2 << "[0x1][0x0][0x0][0x0][0x0][0x0][0x0]L/usr/local/bin/docker-entrypoint.sh: ignoring /docker-entrypoint-initdb.d/*[\n]"
10:40:21.469 [docker-java-stream-178181167] DEBUG com.github.dockerjava.zerodep.shaded.org.apache.hc.client5.http.wire -- http-outgoing-2 << "[0x1][0x0][0x0][0x0][0x0][0x0][0x0][0x1][\n]"
10:40:21.469 [docker-java-stream-178181167] DEBUG com.github.dockerjava.zerodep.shaded.org.apache.hc.client5.http.wire -- http-outgoing-2 << "[\r][\n]"
10:40:21.469 [main] DEBUG org.testcontainers.containers.output.WaitingConsumer -- STDOUT: 
10:40:21.469 [main] DEBUG org.testcontainers.containers.output.WaitingConsumer -- STDOUT: 
10:40:21.469 [main] DEBUG org.testcontainers.containers.output.WaitingConsumer -- STDOUT: /usr/local/bin/docker-entrypoint.sh: ignoring /docker-entrypoint-initdb.d/*
10:40:21.469 [main] DEBUG org.testcontainers.containers.output.WaitingConsumer -- STDOUT: 
10:40:21.470 [docker-java-stream-178181167] DEBUG com.github.dockerjava.zerodep.shaded.org.apache.hc.client5.http.wire -- http-outgoing-2 << "c1[\r][\n]"
10:40:21.470 [docker-java-stream-178181167] DEBUG com.github.dockerjava.zerodep.shaded.org.apache.hc.client5.http.wire -- http-outgoing-2 << "[0x1][0x0][0x0][0x0][0x0][0x0][0x0]iwaiting for server to shut down....2024-11-23 18:40:21.468 UTC [48] LOG:  received fast shutdown request[\n]"
10:40:21.470 [docker-java-stream-178181167] DEBUG com.github.dockerjava.zerodep.shaded.org.apache.hc.client5.http.wire -- http-outgoing-2 << "[0x1][0x0][0x0][0x0][0x0][0x0][0x0]H2024-11-23 18:40:21.468 UTC [48] LOG:  aborting any active transactions[\n]"
10:40:21.470 [docker-java-stream-178181167] DEBUG com.github.dockerjava.zerodep.shaded.org.apache.hc.client5.http.wire -- http-outgoing-2 << "[\r][\n]"
10:40:21.470 [docker-java-stream-178181167] DEBUG com.github.dockerjava.zerodep.shaded.org.apache.hc.client5.http.wire -- http-outgoing-2 << "81[\r][\n]"
10:40:21.470 [docker-java-stream-178181167] DEBUG com.github.dockerjava.zerodep.shaded.org.apache.hc.client5.http.wire -- http-outgoing-2 << "[0x1][0x0][0x0][0x0][0x0][0x0][0x0]y2024-11-23 18:40:21.469 UTC [48] LOG:  background worker "logical replication launcher" (PID 55) exited with exit code 1[\n]"
10:40:21.470 [docker-java-stream-178181167] DEBUG com.github.dockerjava.zerodep.shaded.org.apache.hc.client5.http.wire -- http-outgoing-2 << "[\r][\n]"
10:40:21.471 [docker-java-stream-178181167] DEBUG com.github.dockerjava.zerodep.shaded.org.apache.hc.client5.http.wire -- http-outgoing-2 << "3d[\r][\n]"
10:40:21.471 [docker-java-stream-178181167] DEBUG com.github.dockerjava.zerodep.shaded.org.apache.hc.client5.http.wire -- http-outgoing-2 << "[0x1][0x0][0x0][0x0][0x0][0x0][0x0]52024-11-23 18:40:21.470 UTC [50] LOG:  shutting down[\n]"
10:40:21.471 [docker-java-stream-178181167] DEBUG com.github.dockerjava.zerodep.shaded.org.apache.hc.client5.http.wire -- http-outgoing-2 << "[\r][\n]"
10:40:21.473 [docker-java-stream-178181167] DEBUG com.github.dockerjava.zerodep.shaded.org.apache.hc.client5.http.wire -- http-outgoing-2 << "4c[\r][\n]"
10:40:21.473 [docker-java-stream-178181167] DEBUG com.github.dockerjava.zerodep.shaded.org.apache.hc.client5.http.wire -- http-outgoing-2 << "[0x1][0x0][0x0][0x0][0x0][0x0][0x0]D2024-11-23 18:40:21.472 UTC [48] LOG:  database system is shut down[\n]"
10:40:21.473 [docker-java-stream-178181167] DEBUG com.github.dockerjava.zerodep.shaded.org.apache.hc.client5.http.wire -- http-outgoing-2 << "[\r][\n]"
10:40:21.481 [main] DEBUG org.testcontainers.containers.output.WaitingConsumer -- STDOUT: 2024-11-23 18:40:21.472 UTC [48] LOG:  database system is shut down
10:40:21.481 [main] DEBUG org.testcontainers.containers.output.WaitingConsumer -- STDOUT: 2024-11-23 18:40:21.470 UTC [50] LOG:  shutting down
10:40:21.481 [main] DEBUG org.testcontainers.containers.output.WaitingConsumer -- STDOUT: 2024-11-23 18:40:21.469 UTC [48] LOG:  background worker "logical replication launcher" (PID 55) exited with exit code 1
10:40:21.481 [main] DEBUG org.testcontainers.containers.output.WaitingConsumer -- STDOUT: 2024-11-23 18:40:21.468 UTC [48] LOG:  aborting any active transactions
10:40:21.481 [main] DEBUG org.testcontainers.containers.output.WaitingConsumer -- STDOUT: waiting for server to shut down....2024-11-23 18:40:21.468 UTC [48] LOG:  received fast shutdown request
10:40:21.571 [docker-java-stream-178181167] DEBUG com.github.dockerjava.zerodep.shaded.org.apache.hc.client5.http.wire -- http-outgoing-2 << "25[\r][\n]"
10:40:21.572 [docker-java-stream-178181167] DEBUG com.github.dockerjava.zerodep.shaded.org.apache.hc.client5.http.wire -- http-outgoing-2 << "[0x1][0x0][0x0][0x0][0x0][0x0][0x0][0x6] done[\n]"
10:40:21.572 [docker-java-stream-178181167] DEBUG com.github.dockerjava.zerodep.shaded.org.apache.hc.client5.http.wire -- http-outgoing-2 << "[0x1][0x0][0x0][0x0][0x0][0x0][0x0][0xf]server stopped[\n]"
10:40:21.572 [docker-java-stream-178181167] DEBUG com.github.dockerjava.zerodep.shaded.org.apache.hc.client5.http.wire -- http-outgoing-2 << "[\r][\n]"
10:40:21.572 [main] DEBUG org.testcontainers.containers.output.WaitingConsumer -- STDOUT: server stopped
10:40:21.572 [docker-java-stream-178181167] DEBUG com.github.dockerjava.zerodep.shaded.org.apache.hc.client5.http.wire -- http-outgoing-2 << "50[\r][\n]"
10:40:21.572 [docker-java-stream-178181167] DEBUG com.github.dockerjava.zerodep.shaded.org.apache.hc.client5.http.wire -- http-outgoing-2 << "[0x1][0x0][0x0][0x0][0x0][0x0][0x0][0x1][\n]"
10:40:21.572 [docker-java-stream-178181167] DEBUG com.github.dockerjava.zerodep.shaded.org.apache.hc.client5.http.wire -- http-outgoing-2 << "[0x1][0x0][0x0][0x0][0x0][0x0][0x0]6PostgreSQL init process complete; ready for start up.[\n]"
10:40:21.572 [docker-java-stream-178181167] DEBUG com.github.dockerjava.zerodep.shaded.org.apache.hc.client5.http.wire -- http-outgoing-2 << "[0x1][0x0][0x0][0x0][0x0][0x0][0x0][0x1][\n]"
10:40:21.572 [docker-java-stream-178181167] DEBUG com.github.dockerjava.zerodep.shaded.org.apache.hc.client5.http.wire -- http-outgoing-2 << "[\r][\n]"
10:40:21.572 [main] DEBUG org.testcontainers.containers.output.WaitingConsumer -- STDOUT:  done
10:40:21.572 [main] DEBUG org.testcontainers.containers.output.WaitingConsumer -- STDOUT: 
10:40:21.572 [main] DEBUG org.testcontainers.containers.output.WaitingConsumer -- STDOUT: PostgreSQL init process complete; ready for start up.
10:40:21.572 [main] DEBUG org.testcontainers.containers.output.WaitingConsumer -- STDOUT: 
10:40:21.584 [docker-java-stream-178181167] DEBUG com.github.dockerjava.zerodep.shaded.org.apache.hc.client5.http.wire -- http-outgoing-2 << "b3[\r][\n]"
10:40:21.584 [docker-java-stream-178181167] DEBUG com.github.dockerjava.zerodep.shaded.org.apache.hc.client5.http.wire -- http-outgoing-2 << "[0x2][0x0][0x0][0x0][0x0][0x0][0x0][0xffffffab]2024-11-23 18:40:21.583 UTC [1] LOG:  starting PostgreSQL 14.14 (Debian 14.14-1.pgdg120+1) on aarch64-unknown-linux-gnu, compiled by gcc (Debian 12.2.0-14) 12.2.0, 64-bit[\n]"
10:40:21.585 [docker-java-stream-178181167] DEBUG com.github.dockerjava.zerodep.shaded.org.apache.hc.client5.http.wire -- http-outgoing-2 << "[\r][\n]"
10:40:21.585 [main] DEBUG org.testcontainers.containers.output.WaitingConsumer -- STDERR: 2024-11-23 18:40:21.583 UTC [1] LOG:  starting PostgreSQL 14.14 (Debian 14.14-1.pgdg120+1) on aarch64-unknown-linux-gnu, compiled by gcc (Debian 12.2.0-14) 12.2.0, 64-bit
10:40:21.585 [docker-java-stream-178181167] DEBUG com.github.dockerjava.zerodep.shaded.org.apache.hc.client5.http.wire -- http-outgoing-2 << "b5[\r][\n]"
10:40:21.585 [docker-java-stream-178181167] DEBUG com.github.dockerjava.zerodep.shaded.org.apache.hc.client5.http.wire -- http-outgoing-2 << "[0x2][0x0][0x0][0x0][0x0][0x0][0x0]U2024-11-23 18:40:21.583 UTC [1] LOG:  listening on IPv4 address "0.0.0.0", port 5432[\n]"
10:40:21.585 [docker-java-stream-178181167] DEBUG com.github.dockerjava.zerodep.shaded.org.apache.hc.client5.http.wire -- http-outgoing-2 << "[0x2][0x0][0x0][0x0][0x0][0x0][0x0]P2024-11-23 18:40:21.583 UTC [1] LOG:  listening on IPv6 address "::", port 5432[\n]"
10:40:21.585 [docker-java-stream-178181167] DEBUG com.github.dockerjava.zerodep.shaded.org.apache.hc.client5.http.wire -- http-outgoing-2 << "[\r][\n]"
10:40:21.585 [docker-java-stream-178181167] DEBUG com.github.dockerjava.zerodep.shaded.org.apache.hc.client5.http.wire -- http-outgoing-2 << "6b[\r][\n]"
10:40:21.585 [docker-java-stream-178181167] DEBUG com.github.dockerjava.zerodep.shaded.org.apache.hc.client5.http.wire -- http-outgoing-2 << "[0x2][0x0][0x0][0x0][0x0][0x0][0x0]c2024-11-23 18:40:21.583 UTC [1] LOG:  listening on Unix socket "/var/run/postgresql/.s.PGSQL.5432"[\n]"
10:40:21.585 [docker-java-stream-178181167] DEBUG com.github.dockerjava.zerodep.shaded.org.apache.hc.client5.http.wire -- http-outgoing-2 << "[\r][\n]"
10:40:21.585 [docker-java-stream-178181167] DEBUG com.github.dockerjava.zerodep.shaded.org.apache.hc.client5.http.wire -- http-outgoing-2 << "68[\r][\n]"
10:40:21.585 [docker-java-stream-178181167] DEBUG com.github.dockerjava.zerodep.shaded.org.apache.hc.client5.http.wire -- http-outgoing-2 << "[0x2][0x0][0x0][0x0][0x0][0x0][0x0]`2024-11-23 18:40:21.584 UTC [63] LOG:  database system was shut down at 2024-11-23 18:40:21 UTC[\n]"
10:40:21.585 [docker-java-stream-178181167] DEBUG com.github.dockerjava.zerodep.shaded.org.apache.hc.client5.http.wire -- http-outgoing-2 << "[\r][\n]"
10:40:21.587 [docker-java-stream-178181167] DEBUG com.github.dockerjava.zerodep.shaded.org.apache.hc.client5.http.wire -- http-outgoing-2 << "5d[\r][\n]"
10:40:21.587 [docker-java-stream-178181167] DEBUG com.github.dockerjava.zerodep.shaded.org.apache.hc.client5.http.wire -- http-outgoing-2 << "[0x2][0x0][0x0][0x0][0x0][0x0][0x0]U2024-11-23 18:40:21.586 UTC [1] LOG:  database system is ready to accept connections[\n]"
10:40:21.587 [docker-java-stream-178181167] DEBUG com.github.dockerjava.zerodep.shaded.org.apache.hc.client5.http.wire -- http-outgoing-2 << "[\r][\n]"
10:40:21.597 [main] DEBUG org.testcontainers.containers.output.WaitingConsumer -- STDERR: 2024-11-23 18:40:21.586 UTC [1] LOG:  database system is ready to accept connections
10:40:21.598 [main] DEBUG com.github.dockerjava.zerodep.shaded.org.apache.hc.client5.http.impl.classic.InternalHttpClient -- ep-00000015: cancel
10:40:21.598 [main] DEBUG com.github.dockerjava.zerodep.shaded.org.apache.hc.client5.http.impl.io.DefaultManagedHttpClientConnection -- http-outgoing-2: close connection IMMEDIATE
10:40:21.598 [docker-java-stream-178181167] DEBUG com.github.dockerjava.zerodep.shaded.org.apache.hc.client5.http.wire -- http-outgoing-2 << "[read] I/O error: null"
10:40:21.598 [main] DEBUG com.github.dockerjava.zerodep.shaded.org.apache.hc.client5.http.impl.classic.InternalHttpClient -- ep-00000015: endpoint closed
10:40:21.598 [main] DEBUG com.github.dockerjava.zerodep.shaded.org.apache.hc.client5.http.impl.classic.InternalHttpClient -- ep-00000015: discarding endpoint
10:40:21.598 [docker-java-stream-178181167] DEBUG com.github.dockerjava.zerodep.shaded.org.apache.hc.client5.http.wire -- http-outgoing-2 << "[read] I/O error: null"
10:40:21.598 [main] DEBUG com.github.dockerjava.zerodep.shaded.org.apache.hc.client5.http.impl.io.PoolingHttpClientConnectionManager -- ep-00000015: releasing endpoint
10:40:21.598 [main] DEBUG com.github.dockerjava.zerodep.shaded.org.apache.hc.client5.http.impl.io.PoolingHttpClientConnectionManager -- ep-00000015: connection is not kept alive
10:40:21.598 [main] DEBUG com.github.dockerjava.zerodep.shaded.org.apache.hc.client5.http.impl.io.PoolingHttpClientConnectionManager -- ep-00000015: connection released [route: {}->unix://localhost:2375][total available: 0; route allocated: 0 of 2147483647; total allocated: 0 of 2147483647]
10:40:21.598 [main] INFO tc.postgres:14 -- Container postgres:14 started in PT0.79074S
10:40:21.598 [docker-java-stream-178181167] DEBUG com.github.dockerjava.zerodep.ApacheDockerHttpClientImpl$ApacheResponse -- Failed to close the response
java.nio.channels.ClosedChannelException: null
	at java.base/sun.nio.ch.SocketChannelImpl.ensureOpenAndConnected(SocketChannelImpl.java:222)
	at java.base/sun.nio.ch.SocketChannelImpl.blockingRead(SocketChannelImpl.java:1306)
	at java.base/sun.nio.ch.SocketInputStream.read(SocketInputStream.java:70)
	at com.github.dockerjava.zerodep.shaded.org.apache.hc.client5.http.impl.io.LoggingInputStream.read(LoggingInputStream.java:81)
	at com.github.dockerjava.zerodep.shaded.org.apache.hc.core5.http.impl.io.SessionInputBufferImpl.fillBuffer(SessionInputBufferImpl.java:149)
	at com.github.dockerjava.zerodep.shaded.org.apache.hc.core5.http.impl.io.SessionInputBufferImpl.readLine(SessionInputBufferImpl.java:280)
	at com.github.dockerjava.zerodep.shaded.org.apache.hc.core5.http.impl.io.ChunkedInputStream.getChunkSize(ChunkedInputStream.java:261)
	at com.github.dockerjava.zerodep.shaded.org.apache.hc.core5.http.impl.io.ChunkedInputStream.nextChunk(ChunkedInputStream.java:222)
	at com.github.dockerjava.zerodep.shaded.org.apache.hc.core5.http.impl.io.ChunkedInputStream.read(ChunkedInputStream.java:147)
	at com.github.dockerjava.zerodep.shaded.org.apache.hc.core5.http.impl.io.ChunkedInputStream.close(ChunkedInputStream.java:314)
	at com.github.dockerjava.zerodep.shaded.org.apache.hc.core5.io.Closer.close(Closer.java:48)
	at com.github.dockerjava.zerodep.shaded.org.apache.hc.core5.http.impl.io.IncomingHttpEntity.close(IncomingHttpEntity.java:111)
	at com.github.dockerjava.zerodep.shaded.org.apache.hc.core5.http.io.entity.HttpEntityWrapper.close(HttpEntityWrapper.java:120)
	at com.github.dockerjava.zerodep.shaded.org.apache.hc.core5.io.Closer.close(Closer.java:48)
	at com.github.dockerjava.zerodep.shaded.org.apache.hc.core5.http.message.BasicClassicHttpResponse.close(BasicClassicHttpResponse.java:93)
	at com.github.dockerjava.zerodep.shaded.org.apache.hc.client5.http.impl.classic.CloseableHttpResponse.close(CloseableHttpResponse.java:200)
	at com.github.dockerjava.zerodep.ApacheDockerHttpClientImpl$ApacheResponse.close(ApacheDockerHttpClientImpl.java:256)
	at org.testcontainers.shaded.com.github.dockerjava.core.DefaultInvocationBuilder.lambda$executeAndStream$1(DefaultInvocationBuilder.java:277)
	at java.base/java.lang.Thread.run(Thread.java:1583)
10:40:21.598 [main] INFO tc.postgres:14 -- Container is started (JDBC URL: jdbc:postgresql://localhost:50152/test_bestiary?loggerLevel=OFF)
]]></system-out>
  </testcase>
  <testcase name="testGetAllMonsters" classname="com.witcher.bestiary.MonsterResourceIntegrationTest" time="0.001">
    <error message="environment" type="java.lang.NullPointerException"><![CDATA[java.lang.NullPointerException: environment
	at java.base/java.util.Objects.requireNonNull(Objects.java:259)
	at io.dropwizard.testing.DropwizardTestSupport.getEnvironment(DropwizardTestSupport.java:349)
	at io.dropwizard.testing.DropwizardTestSupport.getObjectMapper(DropwizardTestSupport.java:353)
	at io.dropwizard.testing.junit5.DropwizardAppExtension.getObjectMapper(DropwizardAppExtension.java:233)
	at io.dropwizard.testing.junit5.DropwizardAppExtension.clientBuilder(DropwizardAppExtension.java:275)
	at io.dropwizard.testing.junit5.DropwizardAppExtension.client(DropwizardAppExtension.java:262)
	at com.witcher.bestiary.MonsterResourceIntegrationTest.testGetAllMonsters(MonsterResourceIntegrationTest.java:99)
	at java.base/java.lang.reflect.Method.invoke(Method.java:580)
	at java.base/java.util.ArrayList.forEach(ArrayList.java:1596)
	at java.base/java.util.ArrayList.forEach(ArrayList.java:1596)
]]></error>
  </testcase>
  <testcase name="testUpdateMonster" classname="com.witcher.bestiary.MonsterResourceIntegrationTest" time="0.001">
    <error message="environment" type="java.lang.NullPointerException"><![CDATA[java.lang.NullPointerException: environment
	at java.base/java.util.Objects.requireNonNull(Objects.java:259)
	at io.dropwizard.testing.DropwizardTestSupport.getEnvironment(DropwizardTestSupport.java:349)
	at io.dropwizard.testing.DropwizardTestSupport.getObjectMapper(DropwizardTestSupport.java:353)
	at io.dropwizard.testing.junit5.DropwizardAppExtension.getObjectMapper(DropwizardAppExtension.java:233)
	at io.dropwizard.testing.junit5.DropwizardAppExtension.clientBuilder(DropwizardAppExtension.java:275)
	at io.dropwizard.testing.junit5.DropwizardAppExtension.client(DropwizardAppExtension.java:262)
	at com.witcher.bestiary.MonsterResourceIntegrationTest.testUpdateMonster(MonsterResourceIntegrationTest.java:113)
	at java.base/java.lang.reflect.Method.invoke(Method.java:580)
	at java.base/java.util.ArrayList.forEach(ArrayList.java:1596)
	at java.base/java.util.ArrayList.forEach(ArrayList.java:1596)
]]></error>
  </testcase>
  <testcase name="testDeleteMonster" classname="com.witcher.bestiary.MonsterResourceIntegrationTest" time="0.001">
    <error message="environment" type="java.lang.NullPointerException"><![CDATA[java.lang.NullPointerException: environment
	at java.base/java.util.Objects.requireNonNull(Objects.java:259)
	at io.dropwizard.testing.DropwizardTestSupport.getEnvironment(DropwizardTestSupport.java:349)
	at io.dropwizard.testing.DropwizardTestSupport.getObjectMapper(DropwizardTestSupport.java:353)
	at io.dropwizard.testing.junit5.DropwizardAppExtension.getObjectMapper(DropwizardAppExtension.java:233)
	at io.dropwizard.testing.junit5.DropwizardAppExtension.clientBuilder(DropwizardAppExtension.java:275)
	at io.dropwizard.testing.junit5.DropwizardAppExtension.client(DropwizardAppExtension.java:262)
	at com.witcher.bestiary.MonsterResourceIntegrationTest.testDeleteMonster(MonsterResourceIntegrationTest.java:123)
	at java.base/java.lang.reflect.Method.invoke(Method.java:580)
	at java.base/java.util.ArrayList.forEach(ArrayList.java:1596)
	at java.base/java.util.ArrayList.forEach(ArrayList.java:1596)
]]></error>
  </testcase>
</testsuite>