<?xml version="1.0" encoding="UTF-8"?>
<testsuite xmlns:xsi="http://www.w3.org/2001/XMLSchema-instance" xsi:noNamespaceSchemaLocation="https://maven.apache.org/surefire/maven-surefire-plugin/xsd/surefire-test-report-3.0.xsd" version="3.0" name="com.witcher.bestiary.MonsterResourceTest" time="0.01" tests="1" errors="1" skipped="0" failures="0">
  <properties>
    <property name="java.specification.version" value="21"/>
    <property name="sun.jnu.encoding" value="UTF-8"/>
    <property name="java.class.path" value="/Users/shane/repo/witcher-beastiary/witcher-bestiary/witcher-bestiary/target/test-classes:/Users/shane/repo/witcher-beastiary/witcher-bestiary/witcher-bestiary/target/classes:/Users/shane/.m2/repository/org/liquibase/liquibase-core/4.30.0/liquibase-core-4.30.0.jar:/Users/shane/.m2/repository/com/opencsv/opencsv/5.9/opencsv-5.9.jar:/Users/shane/.m2/repository/org/yaml/snakeyaml/2.3/snakeyaml-2.3.jar:/Users/shane/.m2/repository/javax/xml/bind/jaxb-api/2.3.1/jaxb-api-2.3.1.jar:/Users/shane/.m2/repository/org/apache/commons/commons-collections4/4.4/commons-collections4-4.4.jar:/Users/shane/.m2/repository/org/apache/commons/commons-text/1.12.0/commons-text-1.12.0.jar:/Users/shane/.m2/repository/org/apache/commons/commons-lang3/3.17.0/commons-lang3-3.17.0.jar:/Users/shane/.m2/repository/commons-io/commons-io/2.17.0/commons-io-2.17.0.jar:/Users/shane/.m2/repository/io/dropwizard/dropwizard-core/4.0.10/dropwizard-core-4.0.10.jar:/Users/shane/.m2/repository/io/dropwizard/dropwizard-util/4.0.10/dropwizard-util-4.0.10.jar:/Users/shane/.m2/repository/io/dropwizard/dropwizard-jackson/4.0.10/dropwizard-jackson-4.0.10.jar:/Users/shane/.m2/repository/com/google/guava/guava/33.3.1-jre/guava-33.3.1-jre.jar:/Users/shane/.m2/repository/com/google/guava/failureaccess/1.0.2/failureaccess-1.0.2.jar:/Users/shane/.m2/repository/com/google/guava/listenablefuture/9999.0-empty-to-avoid-conflict-with-guava/listenablefuture-9999.0-empty-to-avoid-conflict-with-guava.jar:/Users/shane/.m2/repository/com/google/j2objc/j2objc-annotations/3.0.0/j2objc-annotations-3.0.0.jar:/Users/shane/.m2/repository/com/github/ben-manes/caffeine/caffeine/3.1.8/caffeine-3.1.8.jar:/Users/shane/.m2/repository/com/fasterxml/jackson/datatype/jackson-datatype-guava/2.17.2/jackson-datatype-guava-2.17.2.jar:/Users/shane/.m2/repository/com/fasterxml/jackson/datatype/jackson-datatype-jsr310/2.17.2/jackson-datatype-jsr310-2.17.2.jar:/Users/shane/.m2/repository/com/fasterxml/jackson/datatype/jackson-datatype-jdk8/2.17.2/jackson-datatype-jdk8-2.17.2.jar:/Users/shane/.m2/repository/com/fasterxml/jackson/module/jackson-module-parameter-names/2.17.2/jackson-module-parameter-names-2.17.2.jar:/Users/shane/.m2/repository/com/fasterxml/jackson/module/jackson-module-blackbird/2.17.2/jackson-module-blackbird-2.17.2.jar:/Users/shane/.m2/repository/io/dropwizard/dropwizard-validation/4.0.10/dropwizard-validation-4.0.10.jar:/Users/shane/.m2/repository/org/glassfish/jakarta.el/4.0.2/jakarta.el-4.0.2.jar:/Users/shane/.m2/repository/io/dropwizard/dropwizard-configuration/4.0.10/dropwizard-configuration-4.0.10.jar:/Users/shane/.m2/repository/com/fasterxml/jackson/dataformat/jackson-dataformat-yaml/2.17.2/jackson-dataformat-yaml-2.17.2.jar:/Users/shane/.m2/repository/io/dropwizard/dropwizard-logging/4.0.10/dropwizard-logging-4.0.10.jar:/Users/shane/.m2/repository/io/dropwizard/metrics/metrics-logback/4.2.28/metrics-logback-4.2.28.jar:/Users/shane/.m2/repository/org/slf4j/jul-to-slf4j/2.0.16/jul-to-slf4j-2.0.16.jar:/Users/shane/.m2/repository/ch/qos/logback/logback-core/1.4.14/logback-core-1.4.14.jar:/Users/shane/.m2/repository/com/google/errorprone/error_prone_annotations/2.31.0/error_prone_annotations-2.31.0.jar:/Users/shane/.m2/repository/io/dropwizard/logback/logback-throttling-appender/1.4.2/logback-throttling-appender-1.4.2.jar:/Users/shane/.m2/repository/org/slf4j/log4j-over-slf4j/2.0.16/log4j-over-slf4j-2.0.16.jar:/Users/shane/.m2/repository/org/slf4j/jcl-over-slf4j/2.0.16/jcl-over-slf4j-2.0.16.jar:/Users/shane/.m2/repository/io/dropwizard/dropwizard-metrics/4.0.10/dropwizard-metrics-4.0.10.jar:/Users/shane/.m2/repository/io/dropwizard/dropwizard-jersey/4.0.10/dropwizard-jersey-4.0.10.jar:/Users/shane/.m2/repository/org/glassfish/jersey/ext/jersey-metainf-services/3.0.16/jersey-metainf-services-3.0.16.jar:/Users/shane/.m2/repository/org/glassfish/jersey/inject/jersey-hk2/3.0.16/jersey-hk2-3.0.16.jar:/Users/shane/.m2/repository/org/glassfish/hk2/hk2-locator/3.0.6/hk2-locator-3.0.6.jar:/Users/shane/.m2/repository/org/javassist/javassist/3.30.2-GA/javassist-3.30.2-GA.jar:/Users/shane/.m2/repository/io/dropwizard/metrics/metrics-jersey3/4.2.28/metrics-jersey3-4.2.28.jar:/Users/shane/.m2/repository/jakarta/annotation/jakarta.annotation-api/2.0.0/jakarta.annotation-api-2.0.0.jar:/Users/shane/.m2/repository/org/glassfish/hk2/hk2-api/3.0.6/hk2-api-3.0.6.jar:/Users/shane/.m2/repository/org/glassfish/hk2/hk2-utils/3.0.6/hk2-utils-3.0.6.jar:/Users/shane/.m2/repository/org/glassfish/hk2/external/aopalliance-repackaged/3.0.6/aopalliance-repackaged-3.0.6.jar:/Users/shane/.m2/repository/org/glassfish/jersey/containers/jersey-container-servlet/3.0.16/jersey-container-servlet-3.0.16.jar:/Users/shane/.m2/repository/org/eclipse/jetty/jetty-io/11.0.24/jetty-io-11.0.24.jar:/Users/shane/.m2/repository/io/dropwizard/dropwizard-servlets/4.0.10/dropwizard-servlets-4.0.10.jar:/Users/shane/.m2/repository/io/dropwizard/dropwizard-jetty/4.0.10/dropwizard-jetty-4.0.10.jar:/Users/shane/.m2/repository/org/eclipse/jetty/jetty-servlets/11.0.24/jetty-servlets-11.0.24.jar:/Users/shane/.m2/repository/org/eclipse/jetty/jetty-http/11.0.24/jetty-http-11.0.24.jar:/Users/shane/.m2/repository/io/dropwizard/dropwizard-lifecycle/4.0.10/dropwizard-lifecycle-4.0.10.jar:/Users/shane/.m2/repository/io/dropwizard/dropwizard-health/4.0.10/dropwizard-health-4.0.10.jar:/Users/shane/.m2/repository/io/dropwizard/metrics/metrics-core/4.2.28/metrics-core-4.2.28.jar:/Users/shane/.m2/repository/io/dropwizard/metrics/metrics-jetty11/4.2.28/metrics-jetty11-4.2.28.jar:/Users/shane/.m2/repository/io/dropwizard/metrics/metrics-annotation/4.2.28/metrics-annotation-4.2.28.jar:/Users/shane/.m2/repository/io/dropwizard/metrics/metrics-jvm/4.2.28/metrics-jvm-4.2.28.jar:/Users/shane/.m2/repository/io/dropwizard/metrics/metrics-jmx/4.2.28/metrics-jmx-4.2.28.jar:/Users/shane/.m2/repository/io/dropwizard/metrics/metrics-jakarta-servlets/4.2.28/metrics-jakarta-servlets-4.2.28.jar:/Users/shane/.m2/repository/io/dropwizard/metrics/metrics-json/4.2.28/metrics-json-4.2.28.jar:/Users/shane/.m2/repository/com/helger/profiler/1.1.1/profiler-1.1.1.jar:/Users/shane/.m2/repository/io/dropwizard/metrics/metrics-healthchecks/4.2.28/metrics-healthchecks-4.2.28.jar:/Users/shane/.m2/repository/io/dropwizard/dropwizard-request-logging/4.0.10/dropwizard-request-logging-4.0.10.jar:/Users/shane/.m2/repository/ch/qos/logback/logback-access/1.4.14/logback-access-1.4.14.jar:/Users/shane/.m2/repository/ch/qos/logback/logback-classic/1.4.14/logback-classic-1.4.14.jar:/Users/shane/.m2/repository/com/fasterxml/jackson/core/jackson-annotations/2.17.2/jackson-annotations-2.17.2.jar:/Users/shane/.m2/repository/com/fasterxml/jackson/core/jackson-databind/2.17.2/jackson-databind-2.17.2.jar:/Users/shane/.m2/repository/org/checkerframework/checker-qual/3.48.1/checker-qual-3.48.1.jar:/Users/shane/.m2/repository/jakarta/servlet/jakarta.servlet-api/5.0.0/jakarta.servlet-api-5.0.0.jar:/Users/shane/.m2/repository/jakarta/validation/jakarta.validation-api/3.0.2/jakarta.validation-api-3.0.2.jar:/Users/shane/.m2/repository/net/sourceforge/argparse4j/argparse4j/0.9.0/argparse4j-0.9.0.jar:/Users/shane/.m2/repository/org/eclipse/jetty/jetty-security/11.0.24/jetty-security-11.0.24.jar:/Users/shane/.m2/repository/org/eclipse/jetty/jetty-server/11.0.24/jetty-server-11.0.24.jar:/Users/shane/.m2/repository/org/eclipse/jetty/jetty-servlet/11.0.24/jetty-servlet-11.0.24.jar:/Users/shane/.m2/repository/org/eclipse/jetty/jetty-util/11.0.24/jetty-util-11.0.24.jar:/Users/shane/.m2/repository/org/eclipse/jetty/toolchain/setuid/jetty-setuid-java/1.0.4/jetty-setuid-java-1.0.4.jar:/Users/shane/.m2/repository/jakarta/inject/jakarta.inject-api/2.0.1.MR/jakarta.inject-api-2.0.1.MR.jar:/Users/shane/.m2/repository/org/glassfish/jersey/core/jersey-common/3.0.16/jersey-common-3.0.16.jar:/Users/shane/.m2/repository/org/glassfish/hk2/osgi-resource-locator/1.0.3/osgi-resource-locator-1.0.3.jar:/Users/shane/.m2/repository/org/glassfish/jersey/ext/jersey-bean-validation/3.0.16/jersey-bean-validation-3.0.16.jar:/Users/shane/.m2/repository/io/dropwizard/dropwizard-jdbi3/4.0.10/dropwizard-jdbi3-4.0.10.jar:/Users/shane/.m2/repository/io/dropwizard/dropwizard-db/4.0.10/dropwizard-db-4.0.10.jar:/Users/shane/.m2/repository/org/apache/tomcat/tomcat-jdbc/10.1.31/tomcat-jdbc-10.1.31.jar:/Users/shane/.m2/repository/org/apache/tomcat/tomcat-juli/10.1.31/tomcat-juli-10.1.31.jar:/Users/shane/.m2/repository/org/jdbi/jdbi3-core/3.46.0/jdbi3-core-3.46.0.jar:/Users/shane/.m2/repository/io/leangen/geantyref/geantyref/2.0.0/geantyref-2.0.0.jar:/Users/shane/.m2/repository/org/jdbi/jdbi3-sqlobject/3.46.0/jdbi3-sqlobject-3.46.0.jar:/Users/shane/.m2/repository/org/jdbi/jdbi3-guava/3.46.0/jdbi3-guava-3.46.0.jar:/Users/shane/.m2/repository/io/dropwizard/metrics/metrics-jdbi3/4.2.28/metrics-jdbi3-4.2.28.jar:/Users/shane/.m2/repository/org/hibernate/validator/hibernate-validator/8.0.1.Final/hibernate-validator-8.0.1.Final.jar:/Users/shane/.m2/repository/org/jboss/logging/jboss-logging/3.4.3.Final/jboss-logging-3.4.3.Final.jar:/Users/shane/.m2/repository/com/fasterxml/classmate/1.5.1/classmate-1.5.1.jar:/Users/shane/.m2/repository/jakarta/el/jakarta.el-api/5.0.1/jakarta.el-api-5.0.1.jar:/Users/shane/.m2/repository/org/postgresql/postgresql/42.6.0/postgresql-42.6.0.jar:/Users/shane/.m2/repository/com/fasterxml/jackson/dataformat/jackson-dataformat-xml/2.18.0/jackson-dataformat-xml-2.18.0.jar:/Users/shane/.m2/repository/com/fasterxml/jackson/core/jackson-core/2.18.0/jackson-core-2.18.0.jar:/Users/shane/.m2/repository/org/codehaus/woodstox/stax2-api/4.2.2/stax2-api-4.2.2.jar:/Users/shane/.m2/repository/com/fasterxml/woodstox/woodstox-core/7.0.0/woodstox-core-7.0.0.jar:/Users/shane/.m2/repository/org/junit/jupiter/junit-jupiter-engine/5.10.0/junit-jupiter-engine-5.10.0.jar:/Users/shane/.m2/repository/org/junit/platform/junit-platform-engine/1.10.0/junit-platform-engine-1.10.0.jar:/Users/shane/.m2/repository/org/apiguardian/apiguardian-api/1.1.2/apiguardian-api-1.1.2.jar:/Users/shane/.m2/repository/org/assertj/assertj-core/3.24.2/assertj-core-3.24.2.jar:/Users/shane/.m2/repository/net/bytebuddy/byte-buddy/1.12.21/byte-buddy-1.12.21.jar:/Users/shane/.m2/repository/org/junit/platform/junit-platform-launcher/1.10.0/junit-platform-launcher-1.10.0.jar:/Users/shane/.m2/repository/jakarta/ws/rs/jakarta.ws.rs-api/3.1.0/jakarta.ws.rs-api-3.1.0.jar:/Users/shane/.m2/repository/org/junit/jupiter/junit-jupiter-api/5.10.0/junit-jupiter-api-5.10.0.jar:/Users/shane/.m2/repository/org/opentest4j/opentest4j/1.3.0/opentest4j-1.3.0.jar:/Users/shane/.m2/repository/org/junit/platform/junit-platform-commons/1.10.0/junit-platform-commons-1.10.0.jar:/Users/shane/.m2/repository/org/mockito/mockito-core/5.6.0/mockito-core-5.6.0.jar:/Users/shane/.m2/repository/net/bytebuddy/byte-buddy-agent/1.14.8/byte-buddy-agent-1.14.8.jar:/Users/shane/.m2/repository/org/objenesis/objenesis/3.3/objenesis-3.3.jar:/Users/shane/.m2/repository/org/mockito/mockito-junit-jupiter/5.6.0/mockito-junit-jupiter-5.6.0.jar:/Users/shane/.m2/repository/io/dropwizard/dropwizard-testing/4.0.10/dropwizard-testing-4.0.10.jar:/Users/shane/.m2/repository/com/fasterxml/jackson/jakarta/rs/jackson-jakarta-rs-json-provider/2.17.2/jackson-jakarta-rs-json-provider-2.17.2.jar:/Users/shane/.m2/repository/com/fasterxml/jackson/jakarta/rs/jackson-jakarta-rs-base/2.17.2/jackson-jakarta-rs-base-2.17.2.jar:/Users/shane/.m2/repository/com/fasterxml/jackson/module/jackson-module-jakarta-xmlbind-annotations/2.17.2/jackson-module-jakarta-xmlbind-annotations-2.17.2.jar:/Users/shane/.m2/repository/org/glassfish/jersey/containers/jersey-container-servlet-core/3.0.16/jersey-container-servlet-core-3.0.16.jar:/Users/shane/.m2/repository/org/glassfish/jersey/connectors/jersey-apache5-connector/3.0.16/jersey-apache5-connector-3.0.16.jar:/Users/shane/.m2/repository/org/apache/httpcomponents/client5/httpclient5/5.4/httpclient5-5.4.jar:/Users/shane/.m2/repository/org/apache/httpcomponents/core5/httpcore5-h2/5.3/httpcore5-h2-5.3.jar:/Users/shane/.m2/repository/org/apache/httpcomponents/core5/httpcore5/5.3/httpcore5-5.3.jar:/Users/shane/.m2/repository/org/glassfish/jersey/core/jersey-client/3.0.16/jersey-client-3.0.16.jar:/Users/shane/.m2/repository/org/glassfish/jersey/core/jersey-server/3.0.16/jersey-server-3.0.16.jar:/Users/shane/.m2/repository/org/glassfish/jersey/test-framework/jersey-test-framework-core/3.0.16/jersey-test-framework-core-3.0.16.jar:/Users/shane/.m2/repository/org/glassfish/jersey/media/jersey-media-jaxb/3.0.16/jersey-media-jaxb-3.0.16.jar:/Users/shane/.m2/repository/org/junit/jupiter/junit-jupiter/5.11.0/junit-jupiter-5.11.0.jar:/Users/shane/.m2/repository/org/junit/jupiter/junit-jupiter-params/5.11.0/junit-jupiter-params-5.11.0.jar:/Users/shane/.m2/repository/org/hamcrest/hamcrest/3.0/hamcrest-3.0.jar:/Users/shane/.m2/repository/org/glassfish/jersey/test-framework/providers/jersey-test-framework-provider-inmemory/3.0.16/jersey-test-framework-provider-inmemory-3.0.16.jar:/Users/shane/.m2/repository/jakarta/activation/jakarta.activation-api/2.0.1/jakarta.activation-api-2.0.1.jar:/Users/shane/.m2/repository/jakarta/xml/bind/jakarta.xml.bind-api/3.0.1/jakarta.xml.bind-api-3.0.1.jar:/Users/shane/.m2/repository/com/sun/activation/jakarta.activation/2.0.1/jakarta.activation-2.0.1.jar:/Users/shane/.m2/repository/org/testcontainers/postgresql/1.20.3/postgresql-1.20.3.jar:/Users/shane/.m2/repository/org/testcontainers/jdbc/1.20.3/jdbc-1.20.3.jar:/Users/shane/.m2/repository/org/testcontainers/database-commons/1.20.3/database-commons-1.20.3.jar:/Users/shane/.m2/repository/com/redis/testcontainers-redis/2.2.2/testcontainers-redis-2.2.2.jar:/Users/shane/.m2/repository/org/testcontainers/testcontainers/1.19.5/testcontainers-1.19.5.jar:/Users/shane/.m2/repository/junit/junit/4.13.2/junit-4.13.2.jar:/Users/shane/.m2/repository/org/hamcrest/hamcrest-core/1.3/hamcrest-core-1.3.jar:/Users/shane/.m2/repository/org/apache/commons/commons-compress/1.24.0/commons-compress-1.24.0.jar:/Users/shane/.m2/repository/org/rnorth/duct-tape/duct-tape/1.0.8/duct-tape-1.0.8.jar:/Users/shane/.m2/repository/org/jetbrains/annotations/17.0.0/annotations-17.0.0.jar:/Users/shane/.m2/repository/com/github/docker-java/docker-java-api/3.3.4/docker-java-api-3.3.4.jar:/Users/shane/.m2/repository/com/github/docker-java/docker-java-transport-zerodep/3.3.4/docker-java-transport-zerodep-3.3.4.jar:/Users/shane/.m2/repository/com/github/docker-java/docker-java-transport/3.3.4/docker-java-transport-3.3.4.jar:/Users/shane/.m2/repository/net/java/dev/jna/jna/5.13.0/jna-5.13.0.jar:/Users/shane/.m2/repository/com/redis/testcontainers-redis-common/2.2.2/testcontainers-redis-common-2.2.2.jar:/Users/shane/.m2/repository/org/testcontainers/azure/1.20.3/azure-1.20.3.jar:/Users/shane/.m2/repository/org/slf4j/slf4j-api/2.0.9/slf4j-api-2.0.9.jar:/Users/shane/.m2/repository/org/slf4j/slf4j-simple/2.0.9/slf4j-simple-2.0.9.jar:"/>
    <property name="java.vm.vendor" value="Amazon.com Inc."/>
    <property name="sun.arch.data.model" value="64"/>
    <property name="java.vendor.url" value="https://aws.amazon.com/corretto/"/>
    <property name="user.timezone" value="America/Los_Angeles"/>
    <property name="os.name" value="Mac OS X"/>
    <property name="java.vm.specification.version" value="21"/>
    <property name="sun.java.launcher" value="SUN_STANDARD"/>
    <property name="user.country" value="US"/>
    <property name="sun.boot.library.path" value="/Users/shane/.sdkman/candidates/java/21.0.5-amzn/lib"/>
    <property name="sun.java.command" value="/Users/shane/repo/witcher-beastiary/witcher-bestiary/witcher-bestiary/target/surefire/surefirebooter-20241115205216094_3.jar /Users/shane/repo/witcher-beastiary/witcher-bestiary/witcher-bestiary/target/surefire 2024-11-15T20-52-16_030-jvmRun1 surefire-20241115205216094_1tmp surefire_0-20241115205216094_2tmp"/>
    <property name="jdk.debug" value="release"/>
    <property name="surefire.test.class.path" value="/Users/shane/repo/witcher-beastiary/witcher-bestiary/witcher-bestiary/target/test-classes:/Users/shane/repo/witcher-beastiary/witcher-bestiary/witcher-bestiary/target/classes:/Users/shane/.m2/repository/org/liquibase/liquibase-core/4.30.0/liquibase-core-4.30.0.jar:/Users/shane/.m2/repository/com/opencsv/opencsv/5.9/opencsv-5.9.jar:/Users/shane/.m2/repository/org/yaml/snakeyaml/2.3/snakeyaml-2.3.jar:/Users/shane/.m2/repository/javax/xml/bind/jaxb-api/2.3.1/jaxb-api-2.3.1.jar:/Users/shane/.m2/repository/org/apache/commons/commons-collections4/4.4/commons-collections4-4.4.jar:/Users/shane/.m2/repository/org/apache/commons/commons-text/1.12.0/commons-text-1.12.0.jar:/Users/shane/.m2/repository/org/apache/commons/commons-lang3/3.17.0/commons-lang3-3.17.0.jar:/Users/shane/.m2/repository/commons-io/commons-io/2.17.0/commons-io-2.17.0.jar:/Users/shane/.m2/repository/io/dropwizard/dropwizard-core/4.0.10/dropwizard-core-4.0.10.jar:/Users/shane/.m2/repository/io/dropwizard/dropwizard-util/4.0.10/dropwizard-util-4.0.10.jar:/Users/shane/.m2/repository/io/dropwizard/dropwizard-jackson/4.0.10/dropwizard-jackson-4.0.10.jar:/Users/shane/.m2/repository/com/google/guava/guava/33.3.1-jre/guava-33.3.1-jre.jar:/Users/shane/.m2/repository/com/google/guava/failureaccess/1.0.2/failureaccess-1.0.2.jar:/Users/shane/.m2/repository/com/google/guava/listenablefuture/9999.0-empty-to-avoid-conflict-with-guava/listenablefuture-9999.0-empty-to-avoid-conflict-with-guava.jar:/Users/shane/.m2/repository/com/google/j2objc/j2objc-annotations/3.0.0/j2objc-annotations-3.0.0.jar:/Users/shane/.m2/repository/com/github/ben-manes/caffeine/caffeine/3.1.8/caffeine-3.1.8.jar:/Users/shane/.m2/repository/com/fasterxml/jackson/datatype/jackson-datatype-guava/2.17.2/jackson-datatype-guava-2.17.2.jar:/Users/shane/.m2/repository/com/fasterxml/jackson/datatype/jackson-datatype-jsr310/2.17.2/jackson-datatype-jsr310-2.17.2.jar:/Users/shane/.m2/repository/com/fasterxml/jackson/datatype/jackson-datatype-jdk8/2.17.2/jackson-datatype-jdk8-2.17.2.jar:/Users/shane/.m2/repository/com/fasterxml/jackson/module/jackson-module-parameter-names/2.17.2/jackson-module-parameter-names-2.17.2.jar:/Users/shane/.m2/repository/com/fasterxml/jackson/module/jackson-module-blackbird/2.17.2/jackson-module-blackbird-2.17.2.jar:/Users/shane/.m2/repository/io/dropwizard/dropwizard-validation/4.0.10/dropwizard-validation-4.0.10.jar:/Users/shane/.m2/repository/org/glassfish/jakarta.el/4.0.2/jakarta.el-4.0.2.jar:/Users/shane/.m2/repository/io/dropwizard/dropwizard-configuration/4.0.10/dropwizard-configuration-4.0.10.jar:/Users/shane/.m2/repository/com/fasterxml/jackson/dataformat/jackson-dataformat-yaml/2.17.2/jackson-dataformat-yaml-2.17.2.jar:/Users/shane/.m2/repository/io/dropwizard/dropwizard-logging/4.0.10/dropwizard-logging-4.0.10.jar:/Users/shane/.m2/repository/io/dropwizard/metrics/metrics-logback/4.2.28/metrics-logback-4.2.28.jar:/Users/shane/.m2/repository/org/slf4j/jul-to-slf4j/2.0.16/jul-to-slf4j-2.0.16.jar:/Users/shane/.m2/repository/ch/qos/logback/logback-core/1.4.14/logback-core-1.4.14.jar:/Users/shane/.m2/repository/com/google/errorprone/error_prone_annotations/2.31.0/error_prone_annotations-2.31.0.jar:/Users/shane/.m2/repository/io/dropwizard/logback/logback-throttling-appender/1.4.2/logback-throttling-appender-1.4.2.jar:/Users/shane/.m2/repository/org/slf4j/log4j-over-slf4j/2.0.16/log4j-over-slf4j-2.0.16.jar:/Users/shane/.m2/repository/org/slf4j/jcl-over-slf4j/2.0.16/jcl-over-slf4j-2.0.16.jar:/Users/shane/.m2/repository/io/dropwizard/dropwizard-metrics/4.0.10/dropwizard-metrics-4.0.10.jar:/Users/shane/.m2/repository/io/dropwizard/dropwizard-jersey/4.0.10/dropwizard-jersey-4.0.10.jar:/Users/shane/.m2/repository/org/glassfish/jersey/ext/jersey-metainf-services/3.0.16/jersey-metainf-services-3.0.16.jar:/Users/shane/.m2/repository/org/glassfish/jersey/inject/jersey-hk2/3.0.16/jersey-hk2-3.0.16.jar:/Users/shane/.m2/repository/org/glassfish/hk2/hk2-locator/3.0.6/hk2-locator-3.0.6.jar:/Users/shane/.m2/repository/org/javassist/javassist/3.30.2-GA/javassist-3.30.2-GA.jar:/Users/shane/.m2/repository/io/dropwizard/metrics/metrics-jersey3/4.2.28/metrics-jersey3-4.2.28.jar:/Users/shane/.m2/repository/jakarta/annotation/jakarta.annotation-api/2.0.0/jakarta.annotation-api-2.0.0.jar:/Users/shane/.m2/repository/org/glassfish/hk2/hk2-api/3.0.6/hk2-api-3.0.6.jar:/Users/shane/.m2/repository/org/glassfish/hk2/hk2-utils/3.0.6/hk2-utils-3.0.6.jar:/Users/shane/.m2/repository/org/glassfish/hk2/external/aopalliance-repackaged/3.0.6/aopalliance-repackaged-3.0.6.jar:/Users/shane/.m2/repository/org/glassfish/jersey/containers/jersey-container-servlet/3.0.16/jersey-container-servlet-3.0.16.jar:/Users/shane/.m2/repository/org/eclipse/jetty/jetty-io/11.0.24/jetty-io-11.0.24.jar:/Users/shane/.m2/repository/io/dropwizard/dropwizard-servlets/4.0.10/dropwizard-servlets-4.0.10.jar:/Users/shane/.m2/repository/io/dropwizard/dropwizard-jetty/4.0.10/dropwizard-jetty-4.0.10.jar:/Users/shane/.m2/repository/org/eclipse/jetty/jetty-servlets/11.0.24/jetty-servlets-11.0.24.jar:/Users/shane/.m2/repository/org/eclipse/jetty/jetty-http/11.0.24/jetty-http-11.0.24.jar:/Users/shane/.m2/repository/io/dropwizard/dropwizard-lifecycle/4.0.10/dropwizard-lifecycle-4.0.10.jar:/Users/shane/.m2/repository/io/dropwizard/dropwizard-health/4.0.10/dropwizard-health-4.0.10.jar:/Users/shane/.m2/repository/io/dropwizard/metrics/metrics-core/4.2.28/metrics-core-4.2.28.jar:/Users/shane/.m2/repository/io/dropwizard/metrics/metrics-jetty11/4.2.28/metrics-jetty11-4.2.28.jar:/Users/shane/.m2/repository/io/dropwizard/metrics/metrics-annotation/4.2.28/metrics-annotation-4.2.28.jar:/Users/shane/.m2/repository/io/dropwizard/metrics/metrics-jvm/4.2.28/metrics-jvm-4.2.28.jar:/Users/shane/.m2/repository/io/dropwizard/metrics/metrics-jmx/4.2.28/metrics-jmx-4.2.28.jar:/Users/shane/.m2/repository/io/dropwizard/metrics/metrics-jakarta-servlets/4.2.28/metrics-jakarta-servlets-4.2.28.jar:/Users/shane/.m2/repository/io/dropwizard/metrics/metrics-json/4.2.28/metrics-json-4.2.28.jar:/Users/shane/.m2/repository/com/helger/profiler/1.1.1/profiler-1.1.1.jar:/Users/shane/.m2/repository/io/dropwizard/metrics/metrics-healthchecks/4.2.28/metrics-healthchecks-4.2.28.jar:/Users/shane/.m2/repository/io/dropwizard/dropwizard-request-logging/4.0.10/dropwizard-request-logging-4.0.10.jar:/Users/shane/.m2/repository/ch/qos/logback/logback-access/1.4.14/logback-access-1.4.14.jar:/Users/shane/.m2/repository/ch/qos/logback/logback-classic/1.4.14/logback-classic-1.4.14.jar:/Users/shane/.m2/repository/com/fasterxml/jackson/core/jackson-annotations/2.17.2/jackson-annotations-2.17.2.jar:/Users/shane/.m2/repository/com/fasterxml/jackson/core/jackson-databind/2.17.2/jackson-databind-2.17.2.jar:/Users/shane/.m2/repository/org/checkerframework/checker-qual/3.48.1/checker-qual-3.48.1.jar:/Users/shane/.m2/repository/jakarta/servlet/jakarta.servlet-api/5.0.0/jakarta.servlet-api-5.0.0.jar:/Users/shane/.m2/repository/jakarta/validation/jakarta.validation-api/3.0.2/jakarta.validation-api-3.0.2.jar:/Users/shane/.m2/repository/net/sourceforge/argparse4j/argparse4j/0.9.0/argparse4j-0.9.0.jar:/Users/shane/.m2/repository/org/eclipse/jetty/jetty-security/11.0.24/jetty-security-11.0.24.jar:/Users/shane/.m2/repository/org/eclipse/jetty/jetty-server/11.0.24/jetty-server-11.0.24.jar:/Users/shane/.m2/repository/org/eclipse/jetty/jetty-servlet/11.0.24/jetty-servlet-11.0.24.jar:/Users/shane/.m2/repository/org/eclipse/jetty/jetty-util/11.0.24/jetty-util-11.0.24.jar:/Users/shane/.m2/repository/org/eclipse/jetty/toolchain/setuid/jetty-setuid-java/1.0.4/jetty-setuid-java-1.0.4.jar:/Users/shane/.m2/repository/jakarta/inject/jakarta.inject-api/2.0.1.MR/jakarta.inject-api-2.0.1.MR.jar:/Users/shane/.m2/repository/org/glassfish/jersey/core/jersey-common/3.0.16/jersey-common-3.0.16.jar:/Users/shane/.m2/repository/org/glassfish/hk2/osgi-resource-locator/1.0.3/osgi-resource-locator-1.0.3.jar:/Users/shane/.m2/repository/org/glassfish/jersey/ext/jersey-bean-validation/3.0.16/jersey-bean-validation-3.0.16.jar:/Users/shane/.m2/repository/io/dropwizard/dropwizard-jdbi3/4.0.10/dropwizard-jdbi3-4.0.10.jar:/Users/shane/.m2/repository/io/dropwizard/dropwizard-db/4.0.10/dropwizard-db-4.0.10.jar:/Users/shane/.m2/repository/org/apache/tomcat/tomcat-jdbc/10.1.31/tomcat-jdbc-10.1.31.jar:/Users/shane/.m2/repository/org/apache/tomcat/tomcat-juli/10.1.31/tomcat-juli-10.1.31.jar:/Users/shane/.m2/repository/org/jdbi/jdbi3-core/3.46.0/jdbi3-core-3.46.0.jar:/Users/shane/.m2/repository/io/leangen/geantyref/geantyref/2.0.0/geantyref-2.0.0.jar:/Users/shane/.m2/repository/org/jdbi/jdbi3-sqlobject/3.46.0/jdbi3-sqlobject-3.46.0.jar:/Users/shane/.m2/repository/org/jdbi/jdbi3-guava/3.46.0/jdbi3-guava-3.46.0.jar:/Users/shane/.m2/repository/io/dropwizard/metrics/metrics-jdbi3/4.2.28/metrics-jdbi3-4.2.28.jar:/Users/shane/.m2/repository/org/hibernate/validator/hibernate-validator/8.0.1.Final/hibernate-validator-8.0.1.Final.jar:/Users/shane/.m2/repository/org/jboss/logging/jboss-logging/3.4.3.Final/jboss-logging-3.4.3.Final.jar:/Users/shane/.m2/repository/com/fasterxml/classmate/1.5.1/classmate-1.5.1.jar:/Users/shane/.m2/repository/jakarta/el/jakarta.el-api/5.0.1/jakarta.el-api-5.0.1.jar:/Users/shane/.m2/repository/org/postgresql/postgresql/42.6.0/postgresql-42.6.0.jar:/Users/shane/.m2/repository/com/fasterxml/jackson/dataformat/jackson-dataformat-xml/2.18.0/jackson-dataformat-xml-2.18.0.jar:/Users/shane/.m2/repository/com/fasterxml/jackson/core/jackson-core/2.18.0/jackson-core-2.18.0.jar:/Users/shane/.m2/repository/org/codehaus/woodstox/stax2-api/4.2.2/stax2-api-4.2.2.jar:/Users/shane/.m2/repository/com/fasterxml/woodstox/woodstox-core/7.0.0/woodstox-core-7.0.0.jar:/Users/shane/.m2/repository/org/junit/jupiter/junit-jupiter-engine/5.10.0/junit-jupiter-engine-5.10.0.jar:/Users/shane/.m2/repository/org/junit/platform/junit-platform-engine/1.10.0/junit-platform-engine-1.10.0.jar:/Users/shane/.m2/repository/org/apiguardian/apiguardian-api/1.1.2/apiguardian-api-1.1.2.jar:/Users/shane/.m2/repository/org/assertj/assertj-core/3.24.2/assertj-core-3.24.2.jar:/Users/shane/.m2/repository/net/bytebuddy/byte-buddy/1.12.21/byte-buddy-1.12.21.jar:/Users/shane/.m2/repository/org/junit/platform/junit-platform-launcher/1.10.0/junit-platform-launcher-1.10.0.jar:/Users/shane/.m2/repository/jakarta/ws/rs/jakarta.ws.rs-api/3.1.0/jakarta.ws.rs-api-3.1.0.jar:/Users/shane/.m2/repository/org/junit/jupiter/junit-jupiter-api/5.10.0/junit-jupiter-api-5.10.0.jar:/Users/shane/.m2/repository/org/opentest4j/opentest4j/1.3.0/opentest4j-1.3.0.jar:/Users/shane/.m2/repository/org/junit/platform/junit-platform-commons/1.10.0/junit-platform-commons-1.10.0.jar:/Users/shane/.m2/repository/org/mockito/mockito-core/5.6.0/mockito-core-5.6.0.jar:/Users/shane/.m2/repository/net/bytebuddy/byte-buddy-agent/1.14.8/byte-buddy-agent-1.14.8.jar:/Users/shane/.m2/repository/org/objenesis/objenesis/3.3/objenesis-3.3.jar:/Users/shane/.m2/repository/org/mockito/mockito-junit-jupiter/5.6.0/mockito-junit-jupiter-5.6.0.jar:/Users/shane/.m2/repository/io/dropwizard/dropwizard-testing/4.0.10/dropwizard-testing-4.0.10.jar:/Users/shane/.m2/repository/com/fasterxml/jackson/jakarta/rs/jackson-jakarta-rs-json-provider/2.17.2/jackson-jakarta-rs-json-provider-2.17.2.jar:/Users/shane/.m2/repository/com/fasterxml/jackson/jakarta/rs/jackson-jakarta-rs-base/2.17.2/jackson-jakarta-rs-base-2.17.2.jar:/Users/shane/.m2/repository/com/fasterxml/jackson/module/jackson-module-jakarta-xmlbind-annotations/2.17.2/jackson-module-jakarta-xmlbind-annotations-2.17.2.jar:/Users/shane/.m2/repository/org/glassfish/jersey/containers/jersey-container-servlet-core/3.0.16/jersey-container-servlet-core-3.0.16.jar:/Users/shane/.m2/repository/org/glassfish/jersey/connectors/jersey-apache5-connector/3.0.16/jersey-apache5-connector-3.0.16.jar:/Users/shane/.m2/repository/org/apache/httpcomponents/client5/httpclient5/5.4/httpclient5-5.4.jar:/Users/shane/.m2/repository/org/apache/httpcomponents/core5/httpcore5-h2/5.3/httpcore5-h2-5.3.jar:/Users/shane/.m2/repository/org/apache/httpcomponents/core5/httpcore5/5.3/httpcore5-5.3.jar:/Users/shane/.m2/repository/org/glassfish/jersey/core/jersey-client/3.0.16/jersey-client-3.0.16.jar:/Users/shane/.m2/repository/org/glassfish/jersey/core/jersey-server/3.0.16/jersey-server-3.0.16.jar:/Users/shane/.m2/repository/org/glassfish/jersey/test-framework/jersey-test-framework-core/3.0.16/jersey-test-framework-core-3.0.16.jar:/Users/shane/.m2/repository/org/glassfish/jersey/media/jersey-media-jaxb/3.0.16/jersey-media-jaxb-3.0.16.jar:/Users/shane/.m2/repository/org/junit/jupiter/junit-jupiter/5.11.0/junit-jupiter-5.11.0.jar:/Users/shane/.m2/repository/org/junit/jupiter/junit-jupiter-params/5.11.0/junit-jupiter-params-5.11.0.jar:/Users/shane/.m2/repository/org/hamcrest/hamcrest/3.0/hamcrest-3.0.jar:/Users/shane/.m2/repository/org/glassfish/jersey/test-framework/providers/jersey-test-framework-provider-inmemory/3.0.16/jersey-test-framework-provider-inmemory-3.0.16.jar:/Users/shane/.m2/repository/jakarta/activation/jakarta.activation-api/2.0.1/jakarta.activation-api-2.0.1.jar:/Users/shane/.m2/repository/jakarta/xml/bind/jakarta.xml.bind-api/3.0.1/jakarta.xml.bind-api-3.0.1.jar:/Users/shane/.m2/repository/com/sun/activation/jakarta.activation/2.0.1/jakarta.activation-2.0.1.jar:/Users/shane/.m2/repository/org/testcontainers/postgresql/1.20.3/postgresql-1.20.3.jar:/Users/shane/.m2/repository/org/testcontainers/jdbc/1.20.3/jdbc-1.20.3.jar:/Users/shane/.m2/repository/org/testcontainers/database-commons/1.20.3/database-commons-1.20.3.jar:/Users/shane/.m2/repository/com/redis/testcontainers-redis/2.2.2/testcontainers-redis-2.2.2.jar:/Users/shane/.m2/repository/org/testcontainers/testcontainers/1.19.5/testcontainers-1.19.5.jar:/Users/shane/.m2/repository/junit/junit/4.13.2/junit-4.13.2.jar:/Users/shane/.m2/repository/org/hamcrest/hamcrest-core/1.3/hamcrest-core-1.3.jar:/Users/shane/.m2/repository/org/apache/commons/commons-compress/1.24.0/commons-compress-1.24.0.jar:/Users/shane/.m2/repository/org/rnorth/duct-tape/duct-tape/1.0.8/duct-tape-1.0.8.jar:/Users/shane/.m2/repository/org/jetbrains/annotations/17.0.0/annotations-17.0.0.jar:/Users/shane/.m2/repository/com/github/docker-java/docker-java-api/3.3.4/docker-java-api-3.3.4.jar:/Users/shane/.m2/repository/com/github/docker-java/docker-java-transport-zerodep/3.3.4/docker-java-transport-zerodep-3.3.4.jar:/Users/shane/.m2/repository/com/github/docker-java/docker-java-transport/3.3.4/docker-java-transport-3.3.4.jar:/Users/shane/.m2/repository/net/java/dev/jna/jna/5.13.0/jna-5.13.0.jar:/Users/shane/.m2/repository/com/redis/testcontainers-redis-common/2.2.2/testcontainers-redis-common-2.2.2.jar:/Users/shane/.m2/repository/org/testcontainers/azure/1.20.3/azure-1.20.3.jar:/Users/shane/.m2/repository/org/slf4j/slf4j-api/2.0.9/slf4j-api-2.0.9.jar:/Users/shane/.m2/repository/org/slf4j/slf4j-simple/2.0.9/slf4j-simple-2.0.9.jar:"/>
    <property name="sun.cpu.endian" value="little"/>
    <property name="user.home" value="/Users/shane"/>
    <property name="user.language" value="en"/>
    <property name="java.specification.vendor" value="Oracle Corporation"/>
    <property name="java.version.date" value="2024-10-15"/>
    <property name="java.home" value="/Users/shane/.sdkman/candidates/java/21.0.5-amzn"/>
    <property name="file.separator" value="/"/>
    <property name="basedir" value="/Users/shane/repo/witcher-beastiary/witcher-bestiary/witcher-bestiary"/>
    <property name="java.vm.compressedOopsMode" value="Zero based"/>
    <property name="line.separator" value="&#10;"/>
    <property name="java.vm.specification.vendor" value="Oracle Corporation"/>
    <property name="java.specification.name" value="Java Platform API Specification"/>
    <property name="apple.awt.application.name" value="ForkedBooter"/>
    <property name="surefire.real.class.path" value="/Users/shane/repo/witcher-beastiary/witcher-bestiary/witcher-bestiary/target/surefire/surefirebooter-20241115205216094_3.jar"/>
    <property name="sun.management.compiler" value="HotSpot 64-Bit Tiered Compilers"/>
    <property name="java.runtime.version" value="21.0.5+11-LTS"/>
    <property name="user.name" value="shane"/>
    <property name="stdout.encoding" value="UTF-8"/>
    <property name="path.separator" value=":"/>
    <property name="os.version" value="15.1"/>
    <property name="java.runtime.name" value="OpenJDK Runtime Environment"/>
    <property name="file.encoding" value="UTF-8"/>
    <property name="java.vm.name" value="OpenJDK 64-Bit Server VM"/>
    <property name="java.vendor.version" value="Corretto-21.0.5.11.1"/>
    <property name="localRepository" value="/Users/shane/.m2/repository"/>
    <property name="java.vendor.url.bug" value="https://github.com/corretto/corretto-21/issues/"/>
    <property name="java.io.tmpdir" value="/var/folders/j5/0k6z25bx10j13546ttz4y1f40000gn/T/"/>
    <property name="idea.version" value="2024.2.3"/>
    <property name="java.version" value="21.0.5"/>
    <property name="user.dir" value="/Users/shane/repo/witcher-beastiary/witcher-bestiary/witcher-bestiary"/>
    <property name="os.arch" value="aarch64"/>
    <property name="java.vm.specification.name" value="Java Virtual Machine Specification"/>
    <property name="native.encoding" value="UTF-8"/>
    <property name="java.library.path" value="/Users/shane/Library/Java/Extensions:/Library/Java/Extensions:/Network/Library/Java/Extensions:/System/Library/Java/Extensions:/usr/lib/java:."/>
    <property name="java.vm.info" value="mixed mode, sharing"/>
    <property name="stderr.encoding" value="UTF-8"/>
    <property name="java.vendor" value="Amazon.com Inc."/>
    <property name="java.vm.version" value="21.0.5+11-LTS"/>
    <property name="sun.io.unicode.encoding" value="UnicodeBig"/>
    <property name="java.class.version" value="65.0"/>
  </properties>
  <testcase name="" classname="com.witcher.bestiary.MonsterResourceTest" time="0.01">
    <error type="java.lang.ExceptionInInitializerError"><![CDATA[java.lang.ExceptionInInitializerError
	at java.base/jdk.internal.misc.Unsafe.ensureClassInitialized0(Native Method)
	at java.base/jdk.internal.misc.Unsafe.ensureClassInitialized(Unsafe.java:1160)
	at java.base/java.lang.reflect.Field.acquireOverrideFieldAccessor(Field.java:1200)
	at java.base/java.lang.reflect.Field.getOverrideFieldAccessor(Field.java:1169)
	at java.base/java.lang.reflect.Field.get(Field.java:444)
	at java.base/java.util.stream.ForEachOps$ForEachOp$OfRef.accept(ForEachOps.java:184)
	at java.base/java.util.ArrayList.forEach(ArrayList.java:1596)
	at java.base/java.util.stream.SortedOps$RefSortingSink.end(SortedOps.java:395)
	at java.base/java.util.stream.Sink$ChainedReference.end(Sink.java:261)
	at java.base/java.util.stream.AbstractPipeline.copyInto(AbstractPipeline.java:510)
	at java.base/java.util.stream.AbstractPipeline.wrapAndCopyInto(AbstractPipeline.java:499)
	at java.base/java.util.stream.ForEachOps$ForEachOp.evaluateSequential(ForEachOps.java:151)
	at java.base/java.util.stream.ForEachOps$ForEachOp$OfRef.evaluateSequential(ForEachOps.java:174)
	at java.base/java.util.stream.AbstractPipeline.evaluate(AbstractPipeline.java:234)
	at java.base/java.util.stream.ReferencePipeline.forEach(ReferencePipeline.java:596)
	at java.base/java.util.ArrayList.forEach(ArrayList.java:1596)
Caused by: org.mockito.exceptions.base.MockitoException: 
Mockito cannot mock this class: class com.witcher.bestiary.service.MonsterService.

If you're not sure why you're getting this error, please open an issue on GitHub.


Java               : 21
JVM vendor name    : Amazon.com Inc.
JVM vendor version : 21.0.5+11-LTS
JVM name           : OpenJDK 64-Bit Server VM
JVM version        : 21.0.5+11-LTS
JVM info           : mixed mode, sharing
OS name            : Mac OS X
OS version         : 15.1


You are seeing this disclaimer because Mockito is configured to create inlined mocks.
You can learn about inline mocks and their limitations under item #39 of the Mockito class javadoc.

Underlying exception : org.mockito.exceptions.base.MockitoException: Could not modify all classes [class com.witcher.bestiary.service.MonsterService, class java.lang.Object]
	at com.witcher.bestiary.MonsterResourceTest.<clinit>(MonsterResourceTest.java:35)
	... 16 more
Caused by: org.mockito.exceptions.base.MockitoException: Could not modify all classes [class com.witcher.bestiary.service.MonsterService, class java.lang.Object]
	at net.bytebuddy.TypeCache.findOrInsert(TypeCache.java:168)
	at net.bytebuddy.TypeCache$WithInlineExpunction.findOrInsert(TypeCache.java:399)
	at net.bytebuddy.TypeCache.findOrInsert(TypeCache.java:190)
	at net.bytebuddy.TypeCache$WithInlineExpunction.findOrInsert(TypeCache.java:410)
	... 17 more
Caused by: java.lang.IllegalStateException: 
Byte Buddy could not instrument all classes within the mock's type hierarchy

This problem should never occur for javac-compiled classes. This problem has been observed for classes that are:
 - Compiled by older versions of scalac
 - Classes that are part of the Android distribution
	at org.mockito.internal.creation.bytebuddy.InlineBytecodeGenerator.triggerRetransformation(InlineBytecodeGenerator.java:285)
	at org.mockito.internal.creation.bytebuddy.InlineBytecodeGenerator.mockClass(InlineBytecodeGenerator.java:218)
	at org.mockito.internal.creation.bytebuddy.TypeCachingBytecodeGenerator.lambda$mockClass$0(TypeCachingBytecodeGenerator.java:78)
	at net.bytebuddy.TypeCache.findOrInsert(TypeCache.java:168)
	at net.bytebuddy.TypeCache$WithInlineExpunction.findOrInsert(TypeCache.java:399)
	at net.bytebuddy.TypeCache.findOrInsert(TypeCache.java:190)
	at net.bytebuddy.TypeCache$WithInlineExpunction.findOrInsert(TypeCache.java:410)
	at org.mockito.internal.creation.bytebuddy.TypeCachingBytecodeGenerator.mockClass(TypeCachingBytecodeGenerator.java:75)
	at org.mockito.internal.creation.bytebuddy.InlineDelegateByteBuddyMockMaker.createMockType(InlineDelegateByteBuddyMockMaker.java:396)
	at org.mockito.internal.creation.bytebuddy.InlineDelegateByteBuddyMockMaker.doCreateMock(InlineDelegateByteBuddyMockMaker.java:355)
	at org.mockito.internal.creation.bytebuddy.InlineDelegateByteBuddyMockMaker.createMock(InlineDelegateByteBuddyMockMaker.java:334)
	at org.mockito.internal.creation.bytebuddy.InlineByteBuddyMockMaker.createMock(InlineByteBuddyMockMaker.java:56)
	at org.mockito.internal.util.MockUtil.createMock(MockUtil.java:99)
	at org.mockito.internal.MockitoCore.mock(MockitoCore.java:88)
	at org.mockito.Mockito.mock(Mockito.java:2101)
	at org.mockito.Mockito.mock(Mockito.java:2016)
	... 17 more
Caused by: java.lang.IllegalArgumentException: Java 21 (65) is not supported by the current version of Byte Buddy which officially supports Java 20 (64) - update Byte Buddy or set net.bytebuddy.experimental as a VM property
	at net.bytebuddy.utility.OpenedClassReader.of(OpenedClassReader.java:96)
	at net.bytebuddy.dynamic.scaffold.TypeWriter$Default$ForInlining.create(TypeWriter.java:4011)
	at net.bytebuddy.dynamic.scaffold.TypeWriter$Default.make(TypeWriter.java:2224)
	at net.bytebuddy.dynamic.DynamicType$Builder$AbstractBase$UsingTypeWriter.make(DynamicType.java:4050)
	at net.bytebuddy.dynamic.DynamicType$Builder$AbstractBase.make(DynamicType.java:3734)
	at org.mockito.internal.creation.bytebuddy.InlineBytecodeGenerator.transform(InlineBytecodeGenerator.java:402)
	at java.instrument/java.lang.instrument.ClassFileTransformer.transform(ClassFileTransformer.java:244)
	at java.instrument/sun.instrument.TransformerManager.transform(TransformerManager.java:188)
	at java.instrument/sun.instrument.InstrumentationImpl.transform(InstrumentationImpl.java:610)
	at java.instrument/sun.instrument.InstrumentationImpl.retransformClasses0(Native Method)
	at java.instrument/sun.instrument.InstrumentationImpl.retransformClasses(InstrumentationImpl.java:225)
	at org.mockito.internal.creation.bytebuddy.InlineBytecodeGenerator.triggerRetransformation(InlineBytecodeGenerator.java:281)
	... 32 more
]]></error>
    <system-out><![CDATA[20:52:16.461 [main] DEBUG org.testcontainers.utility.TestcontainersConfiguration -- Testcontainers configuration overrides will be loaded from file:/Users/shane/.testcontainers.properties
20:52:16.464 [main] INFO org.testcontainers.images.PullPolicy -- Image pull policy will be performed by: DefaultPullPolicy()
20:52:16.465 [main] INFO org.testcontainers.utility.ImageNameSubstitutor -- Image name substitution will be performed by: DefaultImageNameSubstitutor (composite of 'ConfigurationFileImageNameSubstitutor' and 'PrefixingImageNameSubstitutor')
20:52:16.582 [main] DEBUG org.jboss.logging -- Logging Provider: org.jboss.logging.Slf4jLoggerProvider
20:52:16.583 [main] INFO org.hibernate.validator.internal.util.Version -- HV000001: Hibernate Validator 8.0.1.Final
20:52:16.588 [main] DEBUG org.hibernate.validator.internal.engine.AbstractConfigurationImpl -- Adding value extractor io.dropwizard.validation.valuehandling.GuavaOptionalValueExtractor@7966baa7
20:52:16.588 [main] DEBUG org.hibernate.validator.internal.engine.AbstractConfigurationImpl -- Setting custom ConstraintValidatorFactory of type io.dropwizard.jersey.validation.MutableValidatorFactory
20:52:16.588 [main] DEBUG org.hibernate.validator.internal.engine.AbstractConfigurationImpl -- Setting custom ParameterNameProvider of type io.dropwizard.jersey.validation.JerseyParameterNameProvider
20:52:16.589 [main] DEBUG org.hibernate.validator.internal.engine.AbstractConfigurationImpl -- Adding value extractor io.dropwizard.jersey.validation.NonEmptyStringParamValueExtractor@4566d049
20:52:16.589 [main] DEBUG org.hibernate.validator.internal.engine.AbstractConfigurationImpl -- Adding value extractor io.dropwizard.jersey.validation.ParamValueExtractor@7f6f61c8
20:52:16.590 [main] DEBUG org.hibernate.validator.internal.xml.config.ValidationXmlParser -- Trying to load META-INF/validation.xml for XML based Validator configuration.
20:52:16.591 [main] DEBUG org.hibernate.validator.internal.xml.config.ResourceLoaderHelper -- Trying to load META-INF/validation.xml via TCCL
20:52:16.591 [main] DEBUG org.hibernate.validator.internal.xml.config.ResourceLoaderHelper -- Trying to load META-INF/validation.xml via Hibernate Validator's class loader
20:52:16.591 [main] DEBUG org.hibernate.validator.internal.xml.config.ValidationXmlParser -- No META-INF/validation.xml found. Using annotation based configuration only.
20:52:16.593 [main] DEBUG org.hibernate.validator.internal.engine.resolver.TraversableResolvers -- Cannot find jakarta.persistence.Persistence on classpath. Assuming non JPA 2 environment. All properties will per default be traversable.
20:52:16.602 [main] DEBUG org.hibernate.validator.messageinterpolation.ResourceBundleMessageInterpolator -- Loaded expression factory via original TCCL
20:52:16.635 [main] DEBUG org.hibernate.validator.internal.engine.ValidatorFactoryConfigurationHelper -- HV000252: Using org.hibernate.validator.internal.engine.DefaultPropertyNodeNameProvider as property node name provider.
20:52:16.637 [main] DEBUG org.hibernate.validator.internal.engine.ValidatorFactoryConfigurationHelper -- HV000234: Using org.hibernate.validator.messageinterpolation.ResourceBundleMessageInterpolator as ValidatorFactory-scoped message interpolator.
20:52:16.637 [main] DEBUG org.hibernate.validator.internal.engine.ValidatorFactoryConfigurationHelper -- HV000234: Using org.hibernate.validator.internal.engine.resolver.TraverseAllTraversableResolver as ValidatorFactory-scoped traversable resolver.
20:52:16.637 [main] DEBUG org.hibernate.validator.internal.engine.ValidatorFactoryConfigurationHelper -- HV000234: Using org.hibernate.validator.internal.util.ExecutableParameterNameProvider as ValidatorFactory-scoped parameter name provider.
20:52:16.637 [main] DEBUG org.hibernate.validator.internal.engine.ValidatorFactoryConfigurationHelper -- HV000234: Using org.hibernate.validator.internal.engine.DefaultClockProvider as ValidatorFactory-scoped clock provider.
20:52:16.637 [main] DEBUG org.hibernate.validator.internal.engine.ValidatorFactoryConfigurationHelper -- HV000234: Using org.hibernate.validator.internal.engine.scripting.DefaultScriptEvaluatorFactory as ValidatorFactory-scoped script evaluator factory.
]]></system-out>
    <system-err><![CDATA[SLF4J: Class path contains multiple SLF4J providers.
SLF4J: Found provider [ch.qos.logback.classic.spi.LogbackServiceProvider@76505305]
SLF4J: Found provider [org.slf4j.simple.SimpleServiceProvider@14cd1699]
SLF4J: See https://www.slf4j.org/codes.html#multiple_bindings for an explanation.
SLF4J: Actual provider is of type [ch.qos.logback.classic.spi.LogbackServiceProvider@76505305]
WARNING: A Java agent has been loaded dynamically (/Users/shane/.m2/repository/net/bytebuddy/byte-buddy-agent/1.14.8/byte-buddy-agent-1.14.8.jar)
WARNING: If a serviceability tool is in use, please run with -XX:+EnableDynamicAgentLoading to hide this warning
WARNING: If a serviceability tool is not in use, please run with -Djdk.instrument.traceUsage for more information
WARNING: Dynamic loading of agents will be disallowed by default in a future release
]]></system-err>
  </testcase>
</testsuite>